2025-08-19 07:42:22,120 - PopulateAtomsDeps - INFO - Logging to file: logs/populate_atoms_20250819_074222.log
2025-08-19 07:42:22,121 - PopulateAtomsDeps - INFO - Starting populate_atomsdeps_grouped_rust.py with parameters:
2025-08-19 07:42:22,121 - PopulateAtomsDeps - INFO -   repo_id: 3231
2025-08-19 07:42:22,121 - PopulateAtomsDeps - INFO -   json_path: /var/www/html/rust-atomizer/3231.json
2025-08-19 07:42:22,121 - PopulateAtomsDeps - INFO -   user_id: 460176
2025-08-19 07:42:22,121 - PopulateAtomsDeps - INFO -   JSON file exists: True
2025-08-19 07:42:22,121 - PopulateAtomsDeps - INFO -   JSON file size: 31140 bytes
2025-08-19 07:42:22,121 - PopulateAtomsDeps - INFO -   JSON file modified: 2025-08-19 07:42:21.610533
2025-08-19 07:42:22,122 - PopulateAtomsDeps - INFO - Identified 1 folders containing Rust files
2025-08-19 07:42:22,122 - PopulateAtomsDeps - INFO - Populating folder structure with 1 folders as molecules for repo 3231
2025-08-19 07:42:22,122 - PopulateAtomsDeps - INFO - All folders to create (including parents): []
2025-08-19 07:42:22,123 - PopulateAtomsDeps - INFO - Adding 1 new file molecules in batch
2025-08-19 07:42:22,129 - PopulateAtomsDeps - INFO - Successfully populated 1 folder and file molecules for repo 3231
2025-08-19 07:42:22,131 - PopulateAtomsDeps - INFO - !!!!!Code ID 65458: filename='scalartest.rs', folder_id=None, folder_path='None'
2025-08-19 07:42:22,131 - PopulateAtomsDeps - INFO - Retrieved 1 codes from database
2025-08-19 07:42:22,132 - PopulateAtomsDeps - INFO - Nb of Codes: 1
2025-08-19 07:42:22,132 - PopulateAtomsDeps - INFO - Found 25 atoms for scalartest.rs
2025-08-19 07:42:22,132 - PopulateAtomsDeps - INFO - Summary: Found atoms for 1 out of 1 files
2025-08-19 07:42:22,133 - PopulateAtomsDeps - INFO - Populating atoms for scalartest.rs and code_id 65458
2025-08-19 07:42:22,144 - PopulateAtomsDeps - INFO - Inserted 25 atoms for file scalartest.rs
2025-08-19 07:42:22,145 - PopulateAtomsDeps - INFO - Processing 25 dependencies in batch
2025-08-19 07:42:22,212 - PopulateAtomsDeps - INFO - Inserting 25 new dependencies
2025-08-19 07:42:22,218 - PopulateAtomsDeps - INFO - Setting code_id for file molecules in repo 3231
2025-08-19 07:42:22,220 - PopulateAtomsDeps - INFO - Found 1 file molecules with code_id=0 to update
2025-08-19 07:42:22,220 - PopulateAtomsDeps - INFO - Found 0 file molecules with specific code_ids
2025-08-19 07:42:22,221 - PopulateAtomsDeps - INFO - Found code_id mappings for 1 files
2025-08-19 07:42:22,225 - PopulateAtomsDeps - INFO - Successfully updated code_id for 1 file molecules
2025-08-19 07:42:22,227 - PopulateAtomsDeps - INFO - Reading atomizer log file: logs/atomizer_3231_20250819_074213.log
2025-08-19 07:42:22,227 - PopulateAtomsDeps - INFO - Successfully read 775 characters from atomizer log
2025-08-19 07:42:22,232 - PopulateAtomsDeps - INFO - Inserted combined logs to atomizerlogs table for repo_id 3231
2025-08-19 07:42:22,232 - PopulateAtomsDeps - INFO - Successfully completed populate_atomsdeps_grouped_rust.py for repo_id 3231
2025-08-19 07:42:22,232 - PopulateAtomsDeps - INFO - Processing completed for JSON file: /var/www/html/rust-atomizer/3231.json
