2025-08-01 08:57:17,224 - PopulateAtomsDeps - INFO - Logging to file: logs/populate_atoms_20250801_085717.log
2025-08-01 08:57:17,224 - PopulateAtomsDeps - INFO - Starting populate_atomsdeps_grouped_rust.py with parameters:
2025-08-01 08:57:17,224 - PopulateAtomsDeps - INFO -   repo_id: 3154
2025-08-01 08:57:17,224 - PopulateAtomsDeps - INFO -   json_path: /var/www/html/rust-atomizer/3154.json
2025-08-01 08:57:17,224 - PopulateAtomsDeps - INFO -   user_id: 460176
2025-08-01 08:57:17,224 - PopulateAtomsDeps - INFO -   JSON file exists: True
2025-08-01 08:57:17,225 - PopulateAtomsDeps - INFO -   JSON file size: 794966 bytes
2025-08-01 08:57:17,225 - PopulateAtomsDeps - INFO -   JSON file modified: 2025-08-01 08:57:16.569470
2025-08-01 08:57:17,240 - PopulateAtomsDeps - INFO - Identified 19 folders containing Rust files
2025-08-01 08:57:17,240 - PopulateAtomsDeps - INFO - Populating folder structure with 19 folders as molecules for repo 3154
2025-08-01 08:57:17,267 - PopulateAtomsDeps - INFO - All folders to create (including parents): ['x25519-dalek', 'curve25519-dalek-derive', 'ed25519-dalek', 'curve25519-dalek', 'curve25519-dalek-derive/tests', 'curve25519-dalek/src', 'x25519-dalek/benches', 'ed25519-dalek/src', 'x25519-dalek/tests', 'curve25519-dalek-derive/src', 'x25519-dalek/src', 'ed25519-dalek/benches', 'ed25519-dalek/tests', 'curve25519-dalek/benches', 'curve25519-dalek/src/edwards', 'curve25519-dalek/src/backend', 'curve25519-dalek/src/backend/vector', 'curve25519-dalek/src/backend/serial', 'curve25519-dalek/src/backend/serial/curve_models', 'curve25519-dalek/src/backend/vector/avx2', 'curve25519-dalek/src/backend/vector/scalar_mul', 'curve25519-dalek/src/backend/serial/u64', 'curve25519-dalek/src/backend/serial/scalar_mul']
2025-08-01 08:57:17,312 - PopulateAtomsDeps - INFO - Successfully populated 69 folder and file molecules for repo 3154
2025-08-01 08:57:17,337 - PopulateAtomsDeps - INFO - Nb of Codes: 77
2025-08-01 08:57:17,344 - PopulateAtomsDeps - INFO - Found 16 atoms for curve25519-dalek-derive/tests/tests.rs
2025-08-01 08:57:17,344 - PopulateAtomsDeps - INFO - Found 11 atoms for curve25519-dalek-derive/src/lib.rs
2025-08-01 08:57:17,344 - PopulateAtomsDeps - INFO - Found 7 atoms for x25519-dalek/tests/x25519_tests.rs
2025-08-01 08:57:17,344 - PopulateAtomsDeps - INFO - Found 2 atoms for x25519-dalek/benches/x25519.rs
2025-08-01 08:57:17,345 - PopulateAtomsDeps - WARNING - No atoms found for filename: x25519-dalek/src/lib.rs
2025-08-01 08:57:17,346 - PopulateAtomsDeps - INFO - Found 23 atoms for x25519-dalek/src/x25519.rs
2025-08-01 08:57:17,346 - PopulateAtomsDeps - INFO - Found 25 atoms for curve25519-dalek/benches/dalek_benchmarks.rs
2025-08-01 08:57:17,346 - PopulateAtomsDeps - INFO - Found 19 atoms for curve25519-dalek/src/backend/vector/avx2/edwards.rs
2025-08-01 08:57:17,346 - PopulateAtomsDeps - INFO - Found 22 atoms for curve25519-dalek/src/backend/vector/avx2/field.rs
2025-08-01 08:57:17,347 - PopulateAtomsDeps - WARNING - No atoms found for filename: curve25519-dalek/src/backend/vector/avx2/constants.rs
2025-08-01 08:57:17,347 - PopulateAtomsDeps - WARNING - No atoms found for filename: curve25519-dalek/src/backend/vector/avx2/mod.rs
2025-08-01 08:57:17,348 - PopulateAtomsDeps - WARNING - No atoms found for filename: curve25519-dalek/src/backend/vector/ifma/edwards.rs
2025-08-01 08:57:17,348 - PopulateAtomsDeps - WARNING - No atoms found for filename: curve25519-dalek/src/backend/vector/ifma/field.rs
2025-08-01 08:57:17,348 - PopulateAtomsDeps - WARNING - No atoms found for filename: curve25519-dalek/src/backend/vector/ifma/constants.rs
2025-08-01 08:57:17,349 - PopulateAtomsDeps - WARNING - No atoms found for filename: curve25519-dalek/src/backend/vector/ifma/mod.rs
2025-08-01 08:57:17,349 - PopulateAtomsDeps - INFO - Found 4 atoms for curve25519-dalek/src/backend/vector/scalar_mul/precomputed_straus.rs
2025-08-01 08:57:17,349 - PopulateAtomsDeps - INFO - Found 1 atoms for curve25519-dalek/src/backend/vector/scalar_mul/pippenger.rs
2025-08-01 08:57:17,349 - PopulateAtomsDeps - INFO - Found 2 atoms for curve25519-dalek/src/backend/vector/scalar_mul/straus.rs
2025-08-01 08:57:17,350 - PopulateAtomsDeps - INFO - Found 1 atoms for curve25519-dalek/src/backend/vector/scalar_mul/variable_base.rs
2025-08-01 08:57:17,350 - PopulateAtomsDeps - WARNING - No atoms found for filename: curve25519-dalek/src/backend/vector/scalar_mul/mod.rs
2025-08-01 08:57:17,350 - PopulateAtomsDeps - INFO - Found 1 atoms for curve25519-dalek/src/backend/vector/scalar_mul/vartime_double_base.rs
2025-08-01 08:57:17,351 - PopulateAtomsDeps - INFO - Found 9 atoms for curve25519-dalek/src/backend/vector/packed_simd.rs
2025-08-01 08:57:17,351 - PopulateAtomsDeps - WARNING - No atoms found for filename: curve25519-dalek/src/backend/vector/mod.rs
2025-08-01 08:57:17,351 - PopulateAtomsDeps - INFO - Found 12 atoms for curve25519-dalek/src/backend/mod.rs
2025-08-01 08:57:17,351 - PopulateAtomsDeps - INFO - Found 26 atoms for curve25519-dalek/src/backend/serial/curve_models/mod.rs
2025-08-01 08:57:17,352 - PopulateAtomsDeps - INFO - Found 4 atoms for curve25519-dalek/src/backend/serial/scalar_mul/precomputed_straus.rs
2025-08-01 08:57:17,352 - PopulateAtomsDeps - INFO - Found 2 atoms for curve25519-dalek/src/backend/serial/scalar_mul/pippenger.rs
2025-08-01 08:57:17,352 - PopulateAtomsDeps - INFO - Found 2 atoms for curve25519-dalek/src/backend/serial/scalar_mul/straus.rs
2025-08-01 08:57:17,352 - PopulateAtomsDeps - INFO - Found 1 atoms for curve25519-dalek/src/backend/serial/scalar_mul/variable_base.rs
2025-08-01 08:57:17,353 - PopulateAtomsDeps - WARNING - No atoms found for filename: curve25519-dalek/src/backend/serial/scalar_mul/mod.rs
2025-08-01 08:57:17,353 - PopulateAtomsDeps - INFO - Found 1 atoms for curve25519-dalek/src/backend/serial/scalar_mul/vartime_double_base.rs
2025-08-01 08:57:17,353 - PopulateAtomsDeps - WARNING - No atoms found for filename: curve25519-dalek/src/backend/serial/fiat_u32/field.rs
2025-08-01 08:57:17,354 - PopulateAtomsDeps - WARNING - No atoms found for filename: curve25519-dalek/src/backend/serial/fiat_u32/mod.rs
2025-08-01 08:57:17,354 - PopulateAtomsDeps - WARNING - No atoms found for filename: curve25519-dalek/src/backend/serial/u32/scalar.rs
2025-08-01 08:57:17,354 - PopulateAtomsDeps - WARNING - No atoms found for filename: curve25519-dalek/src/backend/serial/u32/field.rs
2025-08-01 08:57:17,355 - PopulateAtomsDeps - WARNING - No atoms found for filename: curve25519-dalek/src/backend/serial/u32/constants.rs
2025-08-01 08:57:17,355 - PopulateAtomsDeps - WARNING - No atoms found for filename: curve25519-dalek/src/backend/serial/u32/mod.rs
2025-08-01 08:57:17,355 - PopulateAtomsDeps - WARNING - No atoms found for filename: curve25519-dalek/src/backend/serial/fiat_u64/field.rs
2025-08-01 08:57:17,356 - PopulateAtomsDeps - WARNING - No atoms found for filename: curve25519-dalek/src/backend/serial/fiat_u64/mod.rs
2025-08-01 08:57:17,356 - PopulateAtomsDeps - WARNING - No atoms found for filename: curve25519-dalek/src/backend/serial/mod.rs
2025-08-01 08:57:17,356 - PopulateAtomsDeps - INFO - Found 20 atoms for curve25519-dalek/src/backend/serial/u64/scalar_verus.rs
2025-08-01 08:57:17,357 - PopulateAtomsDeps - INFO - Found 11 atoms for curve25519-dalek/src/backend/serial/u64/field_verus.rs
2025-08-01 08:57:17,357 - PopulateAtomsDeps - INFO - Found 1 atoms for curve25519-dalek/src/backend/serial/u64/common_verus.rs
2025-08-01 08:57:17,357 - PopulateAtomsDeps - INFO - Found 30 atoms for curve25519-dalek/src/backend/serial/u64/scalar.rs
2025-08-01 08:57:17,357 - PopulateAtomsDeps - INFO - Found 22 atoms for curve25519-dalek/src/backend/serial/u64/field.rs
2025-08-01 08:57:17,358 - PopulateAtomsDeps - WARNING - No atoms found for filename: curve25519-dalek/src/backend/serial/u64/constants.rs
2025-08-01 08:57:17,358 - PopulateAtomsDeps - WARNING - No atoms found for filename: curve25519-dalek/src/backend/serial/u64/mod.rs
2025-08-01 08:57:17,358 - PopulateAtomsDeps - INFO - Found 36 atoms for curve25519-dalek/src/montgomery.rs
2025-08-01 08:57:17,359 - PopulateAtomsDeps - INFO - Found 101 atoms for curve25519-dalek/src/edwards.rs
2025-08-01 08:57:17,359 - PopulateAtomsDeps - INFO - Found 78 atoms for curve25519-dalek/src/scalar.rs
2025-08-01 08:57:17,359 - PopulateAtomsDeps - WARNING - No atoms found for filename: curve25519-dalek/src/macros.rs
2025-08-01 08:57:17,360 - PopulateAtomsDeps - INFO - Found 26 atoms for curve25519-dalek/src/field.rs
2025-08-01 08:57:17,360 - PopulateAtomsDeps - INFO - Found 70 atoms for curve25519-dalek/src/ristretto.rs
2025-08-01 08:57:17,360 - PopulateAtomsDeps - WARNING - No atoms found for filename: curve25519-dalek/src/diagnostics.rs
2025-08-01 08:57:17,360 - PopulateAtomsDeps - WARNING - No atoms found for filename: curve25519-dalek/src/lib.rs
2025-08-01 08:57:17,361 - PopulateAtomsDeps - INFO - Found 8 atoms for curve25519-dalek/src/constants.rs
2025-08-01 08:57:17,361 - PopulateAtomsDeps - INFO - Found 10 atoms for curve25519-dalek/src/traits.rs
2025-08-01 08:57:17,361 - PopulateAtomsDeps - INFO - Found 8 atoms for curve25519-dalek/src/window.rs
2025-08-01 08:57:17,362 - PopulateAtomsDeps - INFO - Found 11 atoms for curve25519-dalek/src/edwards/affine.rs
2025-08-01 08:57:17,362 - PopulateAtomsDeps - INFO - Found 5 atoms for curve25519-dalek/build.rs
2025-08-01 08:57:17,362 - PopulateAtomsDeps - INFO - Found 6 atoms for ed25519-dalek/tests/ed25519.rs
2025-08-01 08:57:17,362 - PopulateAtomsDeps - INFO - Found 5 atoms for ed25519-dalek/tests/validation_criteria.rs
2025-08-01 08:57:17,363 - PopulateAtomsDeps - WARNING - No atoms found for filename: ed25519-dalek/tests/pkcs8.rs
2025-08-01 08:57:17,363 - PopulateAtomsDeps - INFO - Found 1 atoms for ed25519-dalek/tests/x25519.rs
2025-08-01 08:57:17,363 - PopulateAtomsDeps - INFO - Found 6 atoms for ed25519-dalek/benches/ed25519_benchmarks.rs
2025-08-01 08:57:17,364 - PopulateAtomsDeps - INFO - Found 23 atoms for ed25519-dalek/src/verifying.rs
2025-08-01 08:57:17,364 - PopulateAtomsDeps - WARNING - No atoms found for filename: ed25519-dalek/src/batch.rs
2025-08-01 08:57:17,364 - PopulateAtomsDeps - INFO - Found 13 atoms for ed25519-dalek/src/hazmat.rs
2025-08-01 08:57:17,364 - PopulateAtomsDeps - INFO - Found 6 atoms for ed25519-dalek/src/signature.rs
2025-08-01 08:57:17,365 - PopulateAtomsDeps - INFO - Found 2 atoms for ed25519-dalek/src/errors.rs
2025-08-01 08:57:17,365 - PopulateAtomsDeps - WARNING - No atoms found for filename: ed25519-dalek/src/batch/strobe.rs
2025-08-01 08:57:17,365 - PopulateAtomsDeps - WARNING - No atoms found for filename: ed25519-dalek/src/batch/transcript.rs
2025-08-01 08:57:17,366 - PopulateAtomsDeps - WARNING - No atoms found for filename: ed25519-dalek/src/verifying/stream.rs
2025-08-01 08:57:17,366 - PopulateAtomsDeps - INFO - Found 26 atoms for ed25519-dalek/src/signing.rs
2025-08-01 08:57:17,366 - PopulateAtomsDeps - WARNING - No atoms found for filename: ed25519-dalek/src/context.rs
2025-08-01 08:57:17,367 - PopulateAtomsDeps - WARNING - No atoms found for filename: ed25519-dalek/src/lib.rs
2025-08-01 08:57:17,367 - PopulateAtomsDeps - WARNING - No atoms found for filename: ed25519-dalek/src/constants.rs
2025-08-01 08:57:17,367 - PopulateAtomsDeps - INFO - Summary: Found atoms for 45 out of 77 files
2025-08-01 08:57:17,367 - PopulateAtomsDeps - INFO - Populating atoms for curve25519-dalek-derive/tests/tests.rs and code_id 52194
2025-08-01 08:57:17,370 - PopulateAtomsDeps - INFO - Populating atoms for curve25519-dalek-derive/src/lib.rs and code_id 52198
2025-08-01 08:57:17,371 - PopulateAtomsDeps - INFO - Populating atoms for x25519-dalek/tests/x25519_tests.rs and code_id 52206
2025-08-01 08:57:17,372 - PopulateAtomsDeps - INFO - Populating atoms for x25519-dalek/benches/x25519.rs and code_id 52207
2025-08-01 08:57:17,373 - PopulateAtomsDeps - INFO - Populating atoms for x25519-dalek/src/x25519.rs and code_id 52211
2025-08-01 08:57:17,375 - PopulateAtomsDeps - INFO - Populating atoms for curve25519-dalek/benches/dalek_benchmarks.rs and code_id 52222
2025-08-01 08:57:17,377 - PopulateAtomsDeps - INFO - Populating atoms for curve25519-dalek/src/backend/vector/avx2/edwards.rs and code_id 52226
2025-08-01 08:57:17,379 - PopulateAtomsDeps - INFO - Populating atoms for curve25519-dalek/src/backend/vector/avx2/field.rs and code_id 52227
2025-08-01 08:57:17,381 - PopulateAtomsDeps - INFO - Populating atoms for curve25519-dalek/src/backend/vector/scalar_mul/precomputed_straus.rs and code_id 52234
2025-08-01 08:57:17,382 - PopulateAtomsDeps - INFO - Populating atoms for curve25519-dalek/src/backend/vector/scalar_mul/pippenger.rs and code_id 52235
2025-08-01 08:57:17,382 - PopulateAtomsDeps - INFO - Populating atoms for curve25519-dalek/src/backend/vector/scalar_mul/straus.rs and code_id 52236
2025-08-01 08:57:17,383 - PopulateAtomsDeps - INFO - Populating atoms for curve25519-dalek/src/backend/vector/scalar_mul/variable_base.rs and code_id 52237
2025-08-01 08:57:17,384 - PopulateAtomsDeps - INFO - Populating atoms for curve25519-dalek/src/backend/vector/scalar_mul/vartime_double_base.rs and code_id 52239
2025-08-01 08:57:17,384 - PopulateAtomsDeps - INFO - Populating atoms for curve25519-dalek/src/backend/vector/packed_simd.rs and code_id 52240
2025-08-01 08:57:17,386 - PopulateAtomsDeps - INFO - Populating atoms for curve25519-dalek/src/backend/mod.rs and code_id 52242
2025-08-01 08:57:17,387 - PopulateAtomsDeps - INFO - Populating atoms for curve25519-dalek/src/backend/serial/curve_models/mod.rs and code_id 52243
2025-08-01 08:57:17,388 - PopulateAtomsDeps - INFO - Populating atoms for curve25519-dalek/src/backend/serial/scalar_mul/precomputed_straus.rs and code_id 52244
2025-08-01 08:57:17,389 - PopulateAtomsDeps - INFO - Populating atoms for curve25519-dalek/src/backend/serial/scalar_mul/pippenger.rs and code_id 52245
2025-08-01 08:57:17,390 - PopulateAtomsDeps - INFO - Populating atoms for curve25519-dalek/src/backend/serial/scalar_mul/straus.rs and code_id 52246
2025-08-01 08:57:17,391 - PopulateAtomsDeps - INFO - Populating atoms for curve25519-dalek/src/backend/serial/scalar_mul/variable_base.rs and code_id 52247
2025-08-01 08:57:17,391 - PopulateAtomsDeps - INFO - Populating atoms for curve25519-dalek/src/backend/serial/scalar_mul/vartime_double_base.rs and code_id 52249
2025-08-01 08:57:17,392 - PopulateAtomsDeps - INFO - Populating atoms for curve25519-dalek/src/backend/serial/u64/scalar_verus.rs and code_id 52259
2025-08-01 08:57:17,394 - PopulateAtomsDeps - INFO - Populating atoms for curve25519-dalek/src/backend/serial/u64/field_verus.rs and code_id 52260
2025-08-01 08:57:17,395 - PopulateAtomsDeps - INFO - Populating atoms for curve25519-dalek/src/backend/serial/u64/common_verus.rs and code_id 52261
2025-08-01 08:57:17,396 - PopulateAtomsDeps - INFO - Populating atoms for curve25519-dalek/src/backend/serial/u64/scalar.rs and code_id 52262
2025-08-01 08:57:17,398 - PopulateAtomsDeps - INFO - Populating atoms for curve25519-dalek/src/backend/serial/u64/field.rs and code_id 52263
2025-08-01 08:57:17,400 - PopulateAtomsDeps - INFO - Populating atoms for curve25519-dalek/src/montgomery.rs and code_id 52266
2025-08-01 08:57:17,403 - PopulateAtomsDeps - INFO - Populating atoms for curve25519-dalek/src/edwards.rs and code_id 52267
2025-08-01 08:57:17,407 - PopulateAtomsDeps - INFO - Populating atoms for curve25519-dalek/src/scalar.rs and code_id 52268
2025-08-01 08:57:17,411 - PopulateAtomsDeps - INFO - Populating atoms for curve25519-dalek/src/field.rs and code_id 52270
2025-08-01 08:57:17,413 - PopulateAtomsDeps - INFO - Populating atoms for curve25519-dalek/src/ristretto.rs and code_id 52271
2025-08-01 08:57:17,417 - PopulateAtomsDeps - INFO - Populating atoms for curve25519-dalek/src/constants.rs and code_id 52274
2025-08-01 08:57:17,418 - PopulateAtomsDeps - INFO - Populating atoms for curve25519-dalek/src/traits.rs and code_id 52275
2025-08-01 08:57:17,419 - PopulateAtomsDeps - INFO - Populating atoms for curve25519-dalek/src/window.rs and code_id 52276
2025-08-01 08:57:17,420 - PopulateAtomsDeps - INFO - Populating atoms for curve25519-dalek/src/edwards/affine.rs and code_id 52277
2025-08-01 08:57:17,422 - PopulateAtomsDeps - INFO - Populating atoms for curve25519-dalek/build.rs and code_id 52278
2025-08-01 08:57:17,423 - PopulateAtomsDeps - INFO - Populating atoms for ed25519-dalek/tests/ed25519.rs and code_id 52285
2025-08-01 08:57:17,424 - PopulateAtomsDeps - INFO - Populating atoms for ed25519-dalek/tests/validation_criteria.rs and code_id 52286
2025-08-01 08:57:17,424 - PopulateAtomsDeps - INFO - Populating atoms for ed25519-dalek/tests/x25519.rs and code_id 52291
2025-08-01 08:57:17,425 - PopulateAtomsDeps - INFO - Populating atoms for ed25519-dalek/benches/ed25519_benchmarks.rs and code_id 52292
2025-08-01 08:57:17,426 - PopulateAtomsDeps - INFO - Populating atoms for ed25519-dalek/src/verifying.rs and code_id 52296
2025-08-01 08:57:17,428 - PopulateAtomsDeps - INFO - Populating atoms for ed25519-dalek/src/hazmat.rs and code_id 52298
2025-08-01 08:57:17,429 - PopulateAtomsDeps - INFO - Populating atoms for ed25519-dalek/src/signature.rs and code_id 52299
2025-08-01 08:57:17,430 - PopulateAtomsDeps - INFO - Populating atoms for ed25519-dalek/src/errors.rs and code_id 52300
2025-08-01 08:57:17,431 - PopulateAtomsDeps - INFO - Populating atoms for ed25519-dalek/src/signing.rs and code_id 52304
2025-08-01 08:57:17,432 - PopulateAtomsDeps - INFO - Processing 8 dependencies in batch
2025-08-01 08:57:17,485 - PopulateAtomsDeps - INFO - All dependencies already exist in the database
2025-08-01 08:57:17,486 - PopulateAtomsDeps - INFO - Processing 12 dependencies in batch
2025-08-01 08:57:17,535 - PopulateAtomsDeps - INFO - All dependencies already exist in the database
2025-08-01 08:57:17,535 - PopulateAtomsDeps - INFO - Processing 9 dependencies in batch
2025-08-01 08:57:17,585 - PopulateAtomsDeps - INFO - All dependencies already exist in the database
2025-08-01 08:57:17,586 - PopulateAtomsDeps - INFO - Processing 4 dependencies in batch
2025-08-01 08:57:17,645 - PopulateAtomsDeps - INFO - All dependencies already exist in the database
2025-08-01 08:57:17,645 - PopulateAtomsDeps - INFO - Processing 18 dependencies in batch
2025-08-01 08:57:17,702 - PopulateAtomsDeps - INFO - All dependencies already exist in the database
2025-08-01 08:57:17,703 - PopulateAtomsDeps - INFO - Processing 66 dependencies in batch
2025-08-01 08:57:17,766 - PopulateAtomsDeps - INFO - All dependencies already exist in the database
2025-08-01 08:57:17,767 - PopulateAtomsDeps - INFO - Processing 29 dependencies in batch
2025-08-01 08:57:17,820 - PopulateAtomsDeps - INFO - All dependencies already exist in the database
2025-08-01 08:57:17,822 - PopulateAtomsDeps - INFO - Processing 31 dependencies in batch
2025-08-01 08:57:17,876 - PopulateAtomsDeps - INFO - All dependencies already exist in the database
2025-08-01 08:57:17,876 - PopulateAtomsDeps - INFO - Processing 4 dependencies in batch
2025-08-01 08:57:17,924 - PopulateAtomsDeps - INFO - All dependencies already exist in the database
2025-08-01 08:57:17,925 - PopulateAtomsDeps - INFO - Processing 3 dependencies in batch
2025-08-01 08:57:17,973 - PopulateAtomsDeps - INFO - All dependencies already exist in the database
2025-08-01 08:57:17,974 - PopulateAtomsDeps - INFO - Processing 6 dependencies in batch
2025-08-01 08:57:18,024 - PopulateAtomsDeps - INFO - All dependencies already exist in the database
2025-08-01 08:57:18,024 - PopulateAtomsDeps - INFO - Processing 4 dependencies in batch
2025-08-01 08:57:18,079 - PopulateAtomsDeps - INFO - All dependencies already exist in the database
2025-08-01 08:57:18,080 - PopulateAtomsDeps - INFO - Processing 6 dependencies in batch
2025-08-01 08:57:18,147 - PopulateAtomsDeps - INFO - All dependencies already exist in the database
2025-08-01 08:57:18,147 - PopulateAtomsDeps - INFO - Processing 2 dependencies in batch
2025-08-01 08:57:18,230 - PopulateAtomsDeps - INFO - All dependencies already exist in the database
2025-08-01 08:57:18,230 - PopulateAtomsDeps - INFO - Processing 26 dependencies in batch
2025-08-01 08:57:18,325 - PopulateAtomsDeps - INFO - All dependencies already exist in the database
2025-08-01 08:57:18,326 - PopulateAtomsDeps - INFO - Processing 12 dependencies in batch
2025-08-01 08:57:18,404 - PopulateAtomsDeps - INFO - All dependencies already exist in the database
2025-08-01 08:57:18,404 - PopulateAtomsDeps - INFO - Processing 7 dependencies in batch
2025-08-01 08:57:18,483 - PopulateAtomsDeps - INFO - All dependencies already exist in the database
2025-08-01 08:57:18,483 - PopulateAtomsDeps - INFO - Processing 7 dependencies in batch
2025-08-01 08:57:18,571 - PopulateAtomsDeps - INFO - All dependencies already exist in the database
2025-08-01 08:57:18,571 - PopulateAtomsDeps - INFO - Processing 8 dependencies in batch
2025-08-01 08:57:18,624 - PopulateAtomsDeps - INFO - All dependencies already exist in the database
2025-08-01 08:57:18,625 - PopulateAtomsDeps - INFO - Processing 5 dependencies in batch
2025-08-01 08:57:18,677 - PopulateAtomsDeps - INFO - All dependencies already exist in the database
2025-08-01 08:57:18,677 - PopulateAtomsDeps - INFO - Processing 9 dependencies in batch
2025-08-01 08:57:18,740 - PopulateAtomsDeps - INFO - All dependencies already exist in the database
2025-08-01 08:57:18,741 - PopulateAtomsDeps - INFO - Processing 22 dependencies in batch
2025-08-01 08:57:18,811 - PopulateAtomsDeps - INFO - All dependencies already exist in the database
2025-08-01 08:57:18,812 - PopulateAtomsDeps - INFO - Processing 6 dependencies in batch
2025-08-01 08:57:18,862 - PopulateAtomsDeps - INFO - All dependencies already exist in the database
2025-08-01 08:57:18,863 - PopulateAtomsDeps - INFO - Processing 29 dependencies in batch
2025-08-01 08:57:18,919 - PopulateAtomsDeps - INFO - All dependencies already exist in the database
2025-08-01 08:57:18,919 - PopulateAtomsDeps - INFO - Processing 6 dependencies in batch
2025-08-01 08:57:18,971 - PopulateAtomsDeps - INFO - All dependencies already exist in the database
2025-08-01 08:57:18,971 - PopulateAtomsDeps - INFO - Processing 61 dependencies in batch
2025-08-01 08:57:19,040 - PopulateAtomsDeps - INFO - All dependencies already exist in the database
2025-08-01 08:57:19,043 - PopulateAtomsDeps - INFO - Processing 174 dependencies in batch
2025-08-01 08:57:19,137 - PopulateAtomsDeps - INFO - All dependencies already exist in the database
2025-08-01 08:57:19,138 - PopulateAtomsDeps - INFO - Processing 101 dependencies in batch
2025-08-01 08:57:19,206 - PopulateAtomsDeps - INFO - All dependencies already exist in the database
2025-08-01 08:57:19,207 - PopulateAtomsDeps - INFO - Processing 45 dependencies in batch
2025-08-01 08:57:19,270 - PopulateAtomsDeps - INFO - All dependencies already exist in the database
2025-08-01 08:57:19,272 - PopulateAtomsDeps - INFO - Processing 118 dependencies in batch
2025-08-01 08:57:19,394 - PopulateAtomsDeps - INFO - All dependencies already exist in the database
2025-08-01 08:57:19,395 - PopulateAtomsDeps - INFO - Processing 14 dependencies in batch
2025-08-01 08:57:19,511 - PopulateAtomsDeps - INFO - All dependencies already exist in the database
2025-08-01 08:57:19,512 - PopulateAtomsDeps - INFO - Processing 4 dependencies in batch
2025-08-01 08:57:19,649 - PopulateAtomsDeps - INFO - All dependencies already exist in the database
2025-08-01 08:57:19,649 - PopulateAtomsDeps - INFO - Processing 12 dependencies in batch
2025-08-01 08:57:19,738 - PopulateAtomsDeps - INFO - All dependencies already exist in the database
2025-08-01 08:57:19,738 - PopulateAtomsDeps - INFO - Processing 12 dependencies in batch
2025-08-01 08:57:19,799 - PopulateAtomsDeps - INFO - All dependencies already exist in the database
2025-08-01 08:57:19,799 - PopulateAtomsDeps - INFO - Processing 3 dependencies in batch
2025-08-01 08:57:19,858 - PopulateAtomsDeps - INFO - All dependencies already exist in the database
2025-08-01 08:57:19,858 - PopulateAtomsDeps - INFO - Processing 27 dependencies in batch
2025-08-01 08:57:19,919 - PopulateAtomsDeps - INFO - All dependencies already exist in the database
2025-08-01 08:57:19,919 - PopulateAtomsDeps - INFO - Processing 8 dependencies in batch
2025-08-01 08:57:19,994 - PopulateAtomsDeps - INFO - All dependencies already exist in the database
2025-08-01 08:57:19,995 - PopulateAtomsDeps - INFO - Processing 14 dependencies in batch
2025-08-01 08:57:20,091 - PopulateAtomsDeps - INFO - All dependencies already exist in the database
2025-08-01 08:57:20,092 - PopulateAtomsDeps - INFO - Processing 11 dependencies in batch
2025-08-01 08:57:20,160 - PopulateAtomsDeps - INFO - All dependencies already exist in the database
2025-08-01 08:57:20,161 - PopulateAtomsDeps - INFO - Processing 28 dependencies in batch
2025-08-01 08:57:20,222 - PopulateAtomsDeps - INFO - All dependencies already exist in the database
2025-08-01 08:57:20,222 - PopulateAtomsDeps - INFO - Processing 19 dependencies in batch
2025-08-01 08:57:20,300 - PopulateAtomsDeps - INFO - All dependencies already exist in the database
2025-08-01 08:57:20,300 - PopulateAtomsDeps - INFO - Processing 5 dependencies in batch
2025-08-01 08:57:20,351 - PopulateAtomsDeps - INFO - All dependencies already exist in the database
2025-08-01 08:57:20,352 - PopulateAtomsDeps - INFO - Processing 25 dependencies in batch
2025-08-01 08:57:20,411 - PopulateAtomsDeps - INFO - All dependencies already exist in the database
2025-08-01 08:57:20,412 - PopulateAtomsDeps - INFO - Setting code_id for file molecules in repo 3154
2025-08-01 08:57:20,418 - PopulateAtomsDeps - INFO - Found 1 file molecules with code_id=0 to update
2025-08-01 08:57:20,418 - PopulateAtomsDeps - INFO - Found 45 file molecules with specific code_ids
2025-08-01 08:57:20,426 - PopulateAtomsDeps - WARNING - No child atoms found for file ID 309027 (file: curve25519-dalek/src/backend/serial/u64/field_lemmas.rs)
2025-08-01 08:57:20,430 - PopulateAtomsDeps - INFO - No file-to-code_id mappings found
2025-08-01 08:57:20,432 - PopulateAtomsDeps - INFO - Reading atomizer log file: logs/atomizer_3154_20250801_085624.log
2025-08-01 08:57:20,432 - PopulateAtomsDeps - INFO - Successfully read 600 characters from atomizer log
2025-08-01 08:57:20,447 - PopulateAtomsDeps - INFO - Inserted combined logs to atomizerlogs table for repo_id 3154
2025-08-01 08:57:20,447 - PopulateAtomsDeps - INFO - Successfully completed populate_atomsdeps_grouped_rust.py for repo_id 3154
2025-08-01 08:57:20,447 - PopulateAtomsDeps - INFO - Processing completed for JSON file: /var/www/html/rust-atomizer/3154.json
