2025-08-18 09:28:03,440 - PopulateAtomsDeps - INFO - Logging to file: logs/populate_atoms_20250818_092803.log
2025-08-18 09:28:03,440 - PopulateAtomsDeps - INFO - Starting populate_atomsdeps_grouped_rust.py with parameters:
2025-08-18 09:28:03,440 - PopulateAtomsDeps - INFO -   repo_id: 3213
2025-08-18 09:28:03,440 - PopulateAtomsDeps - INFO -   json_path: /var/www/html/rust-atomizer/curve25519-dalek.json
2025-08-18 09:28:03,440 - PopulateAtomsDeps - INFO -   user_id: 460176
2025-08-18 09:28:03,440 - PopulateAtomsDeps - INFO -   JSON file exists: True
2025-08-18 09:28:03,440 - PopulateAtomsDeps - INFO -   JSON file size: 703358 bytes
2025-08-18 09:28:03,441 - PopulateAtomsDeps - INFO -   JSON file modified: 2025-08-18 09:09:31.272197
2025-08-18 09:28:03,472 - PopulateAtomsDeps - INFO - Identified 7 folders containing Rust files
2025-08-18 09:28:03,473 - PopulateAtomsDeps - INFO - Populating folder structure with 7 folders as molecules for repo 3213
2025-08-18 09:28:03,495 - PopulateAtomsDeps - INFO - All folders to create (including parents): ['src', 'src/backend', 'src/edwards', 'src/backend/serial', 'src/backend/serial/scalar_mul', 'src/backend/serial/curve_models', 'src/backend/serial/u64']
2025-08-18 09:28:03,573 - PopulateAtomsDeps - INFO - Adding 24 new file molecules in batch
2025-08-18 09:28:03,593 - PopulateAtomsDeps - INFO - Successfully populated 31 folder and file molecules for repo 3213
2025-08-18 09:28:03,601 - PopulateAtomsDeps - INFO - Retrieved 0 codes from database
2025-08-18 09:28:03,605 - PopulateAtomsDeps - INFO - Nb of Codes: 0
2025-08-18 09:28:03,622 - PopulateAtomsDeps - INFO - Summary: Found atoms for 0 out of 0 files
2025-08-18 09:28:03,624 - PopulateAtomsDeps - INFO - Setting code_id for file molecules in repo 3213
2025-08-18 09:28:03,636 - PopulateAtomsDeps - INFO - Found 24 file molecules with code_id=0 to update
2025-08-18 09:28:03,636 - PopulateAtomsDeps - INFO - Found 0 file molecules with specific code_ids
2025-08-18 09:28:03,639 - PopulateAtomsDeps - WARNING - No child atoms found for file ID 358726 (file: src/backend/serial/u64/scalar_lemmas.rs)
2025-08-18 09:28:03,642 - PopulateAtomsDeps - WARNING - No child atoms found for file ID 358727 (file: src/backend/serial/u64/field_verus.rs)
2025-08-18 09:28:03,647 - PopulateAtomsDeps - WARNING - No child atoms found for file ID 358728 (file: src/backend/serial/u64/scalar.rs)
2025-08-18 09:28:03,649 - PopulateAtomsDeps - WARNING - No child atoms found for file ID 358729 (file: src/backend/serial/u64/common_verus.rs)
2025-08-18 09:28:03,651 - PopulateAtomsDeps - WARNING - No child atoms found for file ID 358730 (file: src/backend/serial/u64/field_lemmas.rs)
2025-08-18 09:28:03,653 - PopulateAtomsDeps - WARNING - No child atoms found for file ID 358731 (file: src/backend/serial/u64/field.rs)
2025-08-18 09:28:03,655 - PopulateAtomsDeps - WARNING - No child atoms found for file ID 358732 (file: src/backend/serial/u64/subtle_assumes.rs)
2025-08-18 09:28:03,656 - PopulateAtomsDeps - WARNING - No child atoms found for file ID 358733 (file: src/backend/serial/u64/scalar_specs.rs)
2025-08-18 09:28:03,658 - PopulateAtomsDeps - WARNING - No child atoms found for file ID 358734 (file: src/backend/serial/scalar_mul/vartime_double_base.rs)
2025-08-18 09:28:03,660 - PopulateAtomsDeps - WARNING - No child atoms found for file ID 358735 (file: src/backend/serial/scalar_mul/pippenger.rs)
2025-08-18 09:28:03,662 - PopulateAtomsDeps - WARNING - No child atoms found for file ID 358736 (file: src/backend/serial/scalar_mul/straus.rs)
2025-08-18 09:28:03,664 - PopulateAtomsDeps - WARNING - No child atoms found for file ID 358737 (file: src/backend/serial/scalar_mul/variable_base.rs)
2025-08-18 09:28:03,666 - PopulateAtomsDeps - WARNING - No child atoms found for file ID 358738 (file: src/backend/serial/scalar_mul/precomputed_straus.rs)
2025-08-18 09:28:03,667 - PopulateAtomsDeps - WARNING - No child atoms found for file ID 358739 (file: src/backend/serial/curve_models/mod.rs)
2025-08-18 09:28:03,669 - PopulateAtomsDeps - WARNING - No child atoms found for file ID 358740 (file: src/window.rs)
2025-08-18 09:28:03,670 - PopulateAtomsDeps - WARNING - No child atoms found for file ID 358741 (file: src/ristretto.rs)
2025-08-18 09:28:03,672 - PopulateAtomsDeps - WARNING - No child atoms found for file ID 358742 (file: src/field.rs)
2025-08-18 09:28:03,674 - PopulateAtomsDeps - WARNING - No child atoms found for file ID 358743 (file: src/edwards.rs)
2025-08-18 09:28:03,675 - PopulateAtomsDeps - WARNING - No child atoms found for file ID 358744 (file: src/scalar.rs)
2025-08-18 09:28:03,677 - PopulateAtomsDeps - WARNING - No child atoms found for file ID 358745 (file: src/montgomery.rs)
2025-08-18 09:28:03,678 - PopulateAtomsDeps - WARNING - No child atoms found for file ID 358746 (file: src/traits.rs)
2025-08-18 09:28:03,695 - PopulateAtomsDeps - WARNING - No child atoms found for file ID 358747 (file: build.rs)
2025-08-18 09:28:03,702 - PopulateAtomsDeps - WARNING - No child atoms found for file ID 358748 (file: src/edwards/affine.rs)
2025-08-18 09:28:03,706 - PopulateAtomsDeps - WARNING - No child atoms found for file ID 358749 (file: src/backend/mod.rs)
2025-08-18 09:28:03,708 - PopulateAtomsDeps - INFO - No file-to-code_id mappings found
2025-08-18 09:28:03,712 - PopulateAtomsDeps - INFO - Reading atomizer log file: logs/atomizer_3213_20250818_090812.log
2025-08-18 09:28:03,712 - PopulateAtomsDeps - INFO - Successfully read 625 characters from atomizer log
2025-08-18 09:28:03,752 - PopulateAtomsDeps - INFO - Inserted combined logs to atomizerlogs table for repo_id 3213
2025-08-18 09:28:03,752 - PopulateAtomsDeps - INFO - Successfully completed populate_atomsdeps_grouped_rust.py for repo_id 3213
2025-08-18 09:28:03,752 - PopulateAtomsDeps - INFO - Processing completed for JSON file: /var/www/html/rust-atomizer/curve25519-dalek.json
