2025-08-06 13:33:00,984 - PopulateAtomsDeps - INFO - Logging to file: logs/populate_atoms_20250806_133300.log
2025-08-06 13:33:00,984 - PopulateAtomsDeps - INFO - Starting populate_atomsdeps_grouped_rust.py with parameters:
2025-08-06 13:33:00,984 - PopulateAtomsDeps - INFO -   repo_id: 3193
2025-08-06 13:33:00,984 - PopulateAtomsDeps - INFO -   json_path: /var/www/html/rust-atomizer/3193.json
2025-08-06 13:33:00,985 - PopulateAtomsDeps - INFO -   user_id: 460176
2025-08-06 13:33:00,985 - PopulateAtomsDeps - INFO -   JSON file exists: True
2025-08-06 13:33:00,985 - PopulateAtomsDeps - INFO -   JSON file size: 1085932 bytes
2025-08-06 13:33:00,985 - PopulateAtomsDeps - INFO -   JSON file modified: 2025-08-06 13:33:00.616596
2025-08-06 13:33:00,999 - PopulateAtomsDeps - INFO - Identified 19 folders containing Rust files
2025-08-06 13:33:01,000 - PopulateAtomsDeps - INFO - Populating folder structure with 19 folders as molecules for repo 3193
2025-08-06 13:33:01,006 - PopulateAtomsDeps - INFO - All folders to create (including parents): ['ed25519-dalek', 'curve25519-dalek', 'curve25519-dalek-derive', 'x25519-dalek', 'ed25519-dalek/src', 'x25519-dalek/tests', 'curve25519-dalek-derive/src', 'curve25519-dalek-derive/tests', 'curve25519-dalek/src', 'x25519-dalek/src', 'x25519-dalek/benches', 'ed25519-dalek/benches', 'curve25519-dalek/benches', 'ed25519-dalek/tests', 'curve25519-dalek/src/edwards', 'curve25519-dalek/src/backend', 'curve25519-dalek/src/backend/serial', 'curve25519-dalek/src/backend/vector', 'curve25519-dalek/src/backend/serial/u64', 'curve25519-dalek/src/backend/vector/scalar_mul', 'curve25519-dalek/src/backend/serial/curve_models', 'curve25519-dalek/src/backend/serial/scalar_mul', 'curve25519-dalek/src/backend/vector/avx2']
2025-08-06 13:33:01,066 - PopulateAtomsDeps - INFO - Successfully populated 73 folder and file molecules for repo 3193
2025-08-06 13:33:01,091 - PopulateAtomsDeps - INFO - Nb of Codes: 82
2025-08-06 13:33:01,103 - PopulateAtomsDeps - INFO - Found 18 atoms for curve25519-dalek-derive/tests/tests.rs
2025-08-06 13:33:01,103 - PopulateAtomsDeps - INFO - Found 56 atoms for curve25519-dalek-derive/src/lib.rs
2025-08-06 13:33:01,104 - PopulateAtomsDeps - INFO - Found 14 atoms for x25519-dalek/tests/x25519_tests.rs
2025-08-06 13:33:01,104 - PopulateAtomsDeps - INFO - Found 8 atoms for x25519-dalek/benches/x25519.rs
2025-08-06 13:33:01,105 - PopulateAtomsDeps - WARNING - No atoms found for filename: x25519-dalek/src/lib.rs
2025-08-06 13:33:01,105 - PopulateAtomsDeps - INFO - Found 21 atoms for x25519-dalek/src/x25519.rs
2025-08-06 13:33:01,106 - PopulateAtomsDeps - WARNING - No atoms found for filename: curve25519-dalek/edwards.rs
2025-08-06 13:33:01,107 - PopulateAtomsDeps - INFO - Found 46 atoms for curve25519-dalek/benches/dalek_benchmarks.rs
2025-08-06 13:33:01,107 - PopulateAtomsDeps - INFO - Found 12 atoms for curve25519-dalek/src/backend/vector/avx2/edwards.rs
2025-08-06 13:33:01,108 - PopulateAtomsDeps - INFO - Found 40 atoms for curve25519-dalek/src/backend/vector/avx2/field.rs
2025-08-06 13:33:01,108 - PopulateAtomsDeps - INFO - Found 1 atoms for curve25519-dalek/src/backend/vector/avx2/constants.rs
2025-08-06 13:33:01,109 - PopulateAtomsDeps - WARNING - No atoms found for filename: curve25519-dalek/src/backend/vector/avx2/mod.rs
2025-08-06 13:33:01,109 - PopulateAtomsDeps - WARNING - No atoms found for filename: curve25519-dalek/src/backend/vector/ifma/edwards.rs
2025-08-06 13:33:01,111 - PopulateAtomsDeps - WARNING - No atoms found for filename: curve25519-dalek/src/backend/vector/ifma/field.rs
2025-08-06 13:33:01,112 - PopulateAtomsDeps - WARNING - No atoms found for filename: curve25519-dalek/src/backend/vector/ifma/constants.rs
2025-08-06 13:33:01,112 - PopulateAtomsDeps - WARNING - No atoms found for filename: curve25519-dalek/src/backend/vector/ifma/mod.rs
2025-08-06 13:33:01,113 - PopulateAtomsDeps - INFO - Found 5 atoms for curve25519-dalek/src/backend/vector/scalar_mul/precomputed_straus.rs
2025-08-06 13:33:01,113 - PopulateAtomsDeps - INFO - Found 3 atoms for curve25519-dalek/src/backend/vector/scalar_mul/pippenger.rs
2025-08-06 13:33:01,113 - PopulateAtomsDeps - INFO - Found 7 atoms for curve25519-dalek/src/backend/vector/scalar_mul/straus.rs
2025-08-06 13:33:01,114 - PopulateAtomsDeps - INFO - Found 2 atoms for curve25519-dalek/src/backend/vector/scalar_mul/variable_base.rs
2025-08-06 13:33:01,114 - PopulateAtomsDeps - WARNING - No atoms found for filename: curve25519-dalek/src/backend/vector/scalar_mul/mod.rs
2025-08-06 13:33:01,115 - PopulateAtomsDeps - INFO - Found 1 atoms for curve25519-dalek/src/backend/vector/scalar_mul/vartime_double_base.rs
2025-08-06 13:33:01,115 - PopulateAtomsDeps - INFO - Found 18 atoms for curve25519-dalek/src/backend/vector/packed_simd.rs
2025-08-06 13:33:01,115 - PopulateAtomsDeps - WARNING - No atoms found for filename: curve25519-dalek/src/backend/vector/mod.rs
2025-08-06 13:33:01,116 - PopulateAtomsDeps - INFO - Found 19 atoms for curve25519-dalek/src/backend/mod.rs
2025-08-06 13:33:01,116 - PopulateAtomsDeps - INFO - Found 18 atoms for curve25519-dalek/src/backend/serial/curve_models/mod.rs
2025-08-06 13:33:01,117 - PopulateAtomsDeps - INFO - Found 1 atoms for curve25519-dalek/src/backend/serial/scalar_mul/precomputed_straus.rs
2025-08-06 13:33:01,117 - PopulateAtomsDeps - INFO - Found 7 atoms for curve25519-dalek/src/backend/serial/scalar_mul/pippenger.rs
2025-08-06 13:33:01,118 - PopulateAtomsDeps - INFO - Found 5 atoms for curve25519-dalek/src/backend/serial/scalar_mul/straus.rs
2025-08-06 13:33:01,118 - PopulateAtomsDeps - INFO - Found 2 atoms for curve25519-dalek/src/backend/serial/scalar_mul/variable_base.rs
2025-08-06 13:33:01,119 - PopulateAtomsDeps - WARNING - No atoms found for filename: curve25519-dalek/src/backend/serial/scalar_mul/mod.rs
2025-08-06 13:33:01,119 - PopulateAtomsDeps - INFO - Found 1 atoms for curve25519-dalek/src/backend/serial/scalar_mul/vartime_double_base.rs
2025-08-06 13:33:01,119 - PopulateAtomsDeps - WARNING - No atoms found for filename: curve25519-dalek/src/backend/serial/fiat_u32/field.rs
2025-08-06 13:33:01,121 - PopulateAtomsDeps - WARNING - No atoms found for filename: curve25519-dalek/src/backend/serial/fiat_u32/mod.rs
2025-08-06 13:33:01,122 - PopulateAtomsDeps - WARNING - No atoms found for filename: curve25519-dalek/src/backend/serial/u32/scalar.rs
2025-08-06 13:33:01,122 - PopulateAtomsDeps - WARNING - No atoms found for filename: curve25519-dalek/src/backend/serial/u32/field.rs
2025-08-06 13:33:01,123 - PopulateAtomsDeps - WARNING - No atoms found for filename: curve25519-dalek/src/backend/serial/u32/constants.rs
2025-08-06 13:33:01,123 - PopulateAtomsDeps - WARNING - No atoms found for filename: curve25519-dalek/src/backend/serial/u32/mod.rs
2025-08-06 13:33:01,124 - PopulateAtomsDeps - WARNING - No atoms found for filename: curve25519-dalek/src/backend/serial/fiat_u64/field.rs
2025-08-06 13:33:01,124 - PopulateAtomsDeps - WARNING - No atoms found for filename: curve25519-dalek/src/backend/serial/fiat_u64/mod.rs
2025-08-06 13:33:01,125 - PopulateAtomsDeps - WARNING - No atoms found for filename: curve25519-dalek/src/backend/serial/mod.rs
2025-08-06 13:33:01,126 - PopulateAtomsDeps - INFO - Found 3 atoms for curve25519-dalek/src/backend/serial/u64/vstd_u128.rs
2025-08-06 13:33:01,127 - PopulateAtomsDeps - INFO - Found 24 atoms for curve25519-dalek/src/backend/serial/u64/field_verus.rs
2025-08-06 13:33:01,127 - PopulateAtomsDeps - INFO - Found 41 atoms for curve25519-dalek/src/backend/serial/u64/common_verus.rs
2025-08-06 13:33:01,128 - PopulateAtomsDeps - INFO - Found 27 atoms for curve25519-dalek/src/backend/serial/u64/scalar_lemmas.rs
2025-08-06 13:33:01,128 - PopulateAtomsDeps - INFO - Found 23 atoms for curve25519-dalek/src/backend/serial/u64/field_lemmas.rs
2025-08-06 13:33:01,128 - PopulateAtomsDeps - INFO - Found 26 atoms for curve25519-dalek/src/backend/serial/u64/scalar.rs
2025-08-06 13:33:01,129 - PopulateAtomsDeps - INFO - Found 1 atoms for curve25519-dalek/src/backend/serial/u64/subtle_assumes.rs
2025-08-06 13:33:01,129 - PopulateAtomsDeps - INFO - Found 16 atoms for curve25519-dalek/src/backend/serial/u64/field.rs
2025-08-06 13:33:01,130 - PopulateAtomsDeps - WARNING - No atoms found for filename: curve25519-dalek/src/backend/serial/u64/constants.rs
2025-08-06 13:33:01,130 - PopulateAtomsDeps - WARNING - No atoms found for filename: curve25519-dalek/src/backend/serial/u64/mod.rs
2025-08-06 13:33:01,131 - PopulateAtomsDeps - INFO - Found 6 atoms for curve25519-dalek/src/backend/serial/u64/scalar_specs.rs
2025-08-06 13:33:01,131 - PopulateAtomsDeps - INFO - Found 34 atoms for curve25519-dalek/src/montgomery.rs
2025-08-06 13:33:01,132 - PopulateAtomsDeps - INFO - Found 82 atoms for curve25519-dalek/src/edwards.rs
2025-08-06 13:33:01,132 - PopulateAtomsDeps - INFO - Found 88 atoms for curve25519-dalek/src/scalar.rs
2025-08-06 13:33:01,133 - PopulateAtomsDeps - WARNING - No atoms found for filename: curve25519-dalek/src/macros.rs
2025-08-06 13:33:01,133 - PopulateAtomsDeps - INFO - Found 44 atoms for curve25519-dalek/src/field.rs
2025-08-06 13:33:01,134 - PopulateAtomsDeps - INFO - Found 81 atoms for curve25519-dalek/src/ristretto.rs
2025-08-06 13:33:01,134 - PopulateAtomsDeps - WARNING - No atoms found for filename: curve25519-dalek/src/diagnostics.rs
2025-08-06 13:33:01,135 - PopulateAtomsDeps - WARNING - No atoms found for filename: curve25519-dalek/src/lib.rs
2025-08-06 13:33:01,135 - PopulateAtomsDeps - INFO - Found 10 atoms for curve25519-dalek/src/constants.rs
2025-08-06 13:33:01,136 - PopulateAtomsDeps - INFO - Found 6 atoms for curve25519-dalek/src/traits.rs
2025-08-06 13:33:01,137 - PopulateAtomsDeps - INFO - Found 9 atoms for curve25519-dalek/src/window.rs
2025-08-06 13:33:01,139 - PopulateAtomsDeps - INFO - Found 9 atoms for curve25519-dalek/src/edwards/affine.rs
2025-08-06 13:33:01,139 - PopulateAtomsDeps - INFO - Found 10 atoms for curve25519-dalek/build.rs
2025-08-06 13:33:01,139 - PopulateAtomsDeps - INFO - Found 33 atoms for ed25519-dalek/tests/ed25519.rs
2025-08-06 13:33:01,140 - PopulateAtomsDeps - INFO - Found 31 atoms for ed25519-dalek/tests/validation_criteria.rs
2025-08-06 13:33:01,140 - PopulateAtomsDeps - WARNING - No atoms found for filename: ed25519-dalek/tests/pkcs8.rs
2025-08-06 13:33:01,140 - PopulateAtomsDeps - INFO - Found 9 atoms for ed25519-dalek/tests/x25519.rs
2025-08-06 13:33:01,141 - PopulateAtomsDeps - INFO - Found 12 atoms for ed25519-dalek/benches/ed25519_benchmarks.rs
2025-08-06 13:33:01,141 - PopulateAtomsDeps - INFO - Found 19 atoms for ed25519-dalek/src/verifying.rs
2025-08-06 13:33:01,141 - PopulateAtomsDeps - WARNING - No atoms found for filename: ed25519-dalek/src/batch.rs
2025-08-06 13:33:01,142 - PopulateAtomsDeps - INFO - Found 22 atoms for ed25519-dalek/src/hazmat.rs
2025-08-06 13:33:01,142 - PopulateAtomsDeps - INFO - Found 8 atoms for ed25519-dalek/src/signature.rs
2025-08-06 13:33:01,143 - PopulateAtomsDeps - INFO - Found 3 atoms for ed25519-dalek/src/errors.rs
2025-08-06 13:33:01,143 - PopulateAtomsDeps - WARNING - No atoms found for filename: ed25519-dalek/src/batch/strobe.rs
2025-08-06 13:33:01,143 - PopulateAtomsDeps - WARNING - No atoms found for filename: ed25519-dalek/src/batch/transcript.rs
2025-08-06 13:33:01,144 - PopulateAtomsDeps - WARNING - No atoms found for filename: ed25519-dalek/src/verifying/stream.rs
2025-08-06 13:33:01,144 - PopulateAtomsDeps - INFO - Found 30 atoms for ed25519-dalek/src/signing.rs
2025-08-06 13:33:01,145 - PopulateAtomsDeps - WARNING - No atoms found for filename: ed25519-dalek/src/context.rs
2025-08-06 13:33:01,145 - PopulateAtomsDeps - WARNING - No atoms found for filename: ed25519-dalek/src/lib.rs
2025-08-06 13:33:01,146 - PopulateAtomsDeps - WARNING - No atoms found for filename: ed25519-dalek/src/constants.rs
2025-08-06 13:33:01,146 - PopulateAtomsDeps - INFO - Summary: Found atoms for 50 out of 82 files
2025-08-06 13:33:01,146 - PopulateAtomsDeps - INFO - Populating atoms for curve25519-dalek-derive/tests/tests.rs and code_id 63701
2025-08-06 13:33:01,149 - PopulateAtomsDeps - INFO - Populating atoms for curve25519-dalek-derive/src/lib.rs and code_id 63705
2025-08-06 13:33:01,153 - PopulateAtomsDeps - INFO - Populating atoms for x25519-dalek/tests/x25519_tests.rs and code_id 63713
2025-08-06 13:33:01,154 - PopulateAtomsDeps - INFO - Populating atoms for x25519-dalek/benches/x25519.rs and code_id 63714
2025-08-06 13:33:01,155 - PopulateAtomsDeps - INFO - Populating atoms for x25519-dalek/src/x25519.rs and code_id 63718
2025-08-06 13:33:01,158 - PopulateAtomsDeps - INFO - Populating atoms for curve25519-dalek/benches/dalek_benchmarks.rs and code_id 63730
2025-08-06 13:33:01,161 - PopulateAtomsDeps - INFO - Populating atoms for curve25519-dalek/src/backend/vector/avx2/edwards.rs and code_id 63734
2025-08-06 13:33:01,163 - PopulateAtomsDeps - INFO - Populating atoms for curve25519-dalek/src/backend/vector/avx2/field.rs and code_id 63735
2025-08-06 13:33:01,168 - PopulateAtomsDeps - INFO - Populating atoms for curve25519-dalek/src/backend/vector/avx2/constants.rs and code_id 63736
2025-08-06 13:33:01,170 - PopulateAtomsDeps - INFO - Populating atoms for curve25519-dalek/src/backend/vector/scalar_mul/precomputed_straus.rs and code_id 63742
2025-08-06 13:33:01,171 - PopulateAtomsDeps - INFO - Populating atoms for curve25519-dalek/src/backend/vector/scalar_mul/pippenger.rs and code_id 63743
2025-08-06 13:33:01,173 - PopulateAtomsDeps - INFO - Populating atoms for curve25519-dalek/src/backend/vector/scalar_mul/straus.rs and code_id 63744
2025-08-06 13:33:01,174 - PopulateAtomsDeps - INFO - Populating atoms for curve25519-dalek/src/backend/vector/scalar_mul/variable_base.rs and code_id 63745
2025-08-06 13:33:01,175 - PopulateAtomsDeps - INFO - Populating atoms for curve25519-dalek/src/backend/vector/scalar_mul/vartime_double_base.rs and code_id 63747
2025-08-06 13:33:01,176 - PopulateAtomsDeps - INFO - Populating atoms for curve25519-dalek/src/backend/vector/packed_simd.rs and code_id 63748
2025-08-06 13:33:01,178 - PopulateAtomsDeps - INFO - Populating atoms for curve25519-dalek/src/backend/mod.rs and code_id 63750
2025-08-06 13:33:01,179 - PopulateAtomsDeps - INFO - Populating atoms for curve25519-dalek/src/backend/serial/curve_models/mod.rs and code_id 63751
2025-08-06 13:33:01,181 - PopulateAtomsDeps - INFO - Populating atoms for curve25519-dalek/src/backend/serial/scalar_mul/precomputed_straus.rs and code_id 63752
2025-08-06 13:33:01,182 - PopulateAtomsDeps - INFO - Populating atoms for curve25519-dalek/src/backend/serial/scalar_mul/pippenger.rs and code_id 63753
2025-08-06 13:33:01,183 - PopulateAtomsDeps - INFO - Populating atoms for curve25519-dalek/src/backend/serial/scalar_mul/straus.rs and code_id 63754
2025-08-06 13:33:01,184 - PopulateAtomsDeps - INFO - Populating atoms for curve25519-dalek/src/backend/serial/scalar_mul/variable_base.rs and code_id 63755
2025-08-06 13:33:01,185 - PopulateAtomsDeps - INFO - Populating atoms for curve25519-dalek/src/backend/serial/scalar_mul/vartime_double_base.rs and code_id 63757
2025-08-06 13:33:01,186 - PopulateAtomsDeps - INFO - Populating atoms for curve25519-dalek/src/backend/serial/u64/vstd_u128.rs and code_id 63767
2025-08-06 13:33:01,187 - PopulateAtomsDeps - INFO - Populating atoms for curve25519-dalek/src/backend/serial/u64/field_verus.rs and code_id 63768
2025-08-06 13:33:01,190 - PopulateAtomsDeps - INFO - Populating atoms for curve25519-dalek/src/backend/serial/u64/common_verus.rs and code_id 63769
2025-08-06 13:33:01,193 - PopulateAtomsDeps - INFO - Populating atoms for curve25519-dalek/src/backend/serial/u64/scalar_lemmas.rs and code_id 63770
2025-08-06 13:33:01,195 - PopulateAtomsDeps - INFO - Populating atoms for curve25519-dalek/src/backend/serial/u64/field_lemmas.rs and code_id 63771
2025-08-06 13:33:01,198 - PopulateAtomsDeps - INFO - Populating atoms for curve25519-dalek/src/backend/serial/u64/scalar.rs and code_id 63772
2025-08-06 13:33:01,200 - PopulateAtomsDeps - INFO - Populating atoms for curve25519-dalek/src/backend/serial/u64/subtle_assumes.rs and code_id 63773
2025-08-06 13:33:01,202 - PopulateAtomsDeps - INFO - Populating atoms for curve25519-dalek/src/backend/serial/u64/field.rs and code_id 63774
2025-08-06 13:33:01,204 - PopulateAtomsDeps - INFO - Populating atoms for curve25519-dalek/src/backend/serial/u64/scalar_specs.rs and code_id 63777
2025-08-06 13:33:01,206 - PopulateAtomsDeps - INFO - Populating atoms for curve25519-dalek/src/montgomery.rs and code_id 63778
2025-08-06 13:33:01,209 - PopulateAtomsDeps - INFO - Populating atoms for curve25519-dalek/src/edwards.rs and code_id 63779
2025-08-06 13:33:01,217 - PopulateAtomsDeps - INFO - Populating atoms for curve25519-dalek/src/scalar.rs and code_id 63780
2025-08-06 13:33:01,250 - PopulateAtomsDeps - INFO - Populating atoms for curve25519-dalek/src/field.rs and code_id 63782
2025-08-06 13:33:01,270 - PopulateAtomsDeps - INFO - Populating atoms for curve25519-dalek/src/ristretto.rs and code_id 63783
2025-08-06 13:33:01,278 - PopulateAtomsDeps - INFO - Populating atoms for curve25519-dalek/src/constants.rs and code_id 63786
2025-08-06 13:33:01,280 - PopulateAtomsDeps - INFO - Populating atoms for curve25519-dalek/src/traits.rs and code_id 63787
2025-08-06 13:33:01,282 - PopulateAtomsDeps - INFO - Populating atoms for curve25519-dalek/src/window.rs and code_id 63788
2025-08-06 13:33:01,284 - PopulateAtomsDeps - INFO - Populating atoms for curve25519-dalek/src/edwards/affine.rs and code_id 63789
2025-08-06 13:33:01,286 - PopulateAtomsDeps - INFO - Populating atoms for curve25519-dalek/build.rs and code_id 63790
2025-08-06 13:33:01,288 - PopulateAtomsDeps - INFO - Populating atoms for ed25519-dalek/tests/ed25519.rs and code_id 63805
2025-08-06 13:33:01,291 - PopulateAtomsDeps - INFO - Populating atoms for ed25519-dalek/tests/validation_criteria.rs and code_id 63806
2025-08-06 13:33:01,295 - PopulateAtomsDeps - INFO - Populating atoms for ed25519-dalek/tests/x25519.rs and code_id 63811
2025-08-06 13:33:01,297 - PopulateAtomsDeps - INFO - Populating atoms for ed25519-dalek/benches/ed25519_benchmarks.rs and code_id 63812
2025-08-06 13:33:01,299 - PopulateAtomsDeps - INFO - Populating atoms for ed25519-dalek/src/verifying.rs and code_id 63816
2025-08-06 13:33:01,300 - PopulateAtomsDeps - INFO - Populating atoms for ed25519-dalek/src/hazmat.rs and code_id 63818
2025-08-06 13:33:01,318 - PopulateAtomsDeps - INFO - Populating atoms for ed25519-dalek/src/signature.rs and code_id 63819
2025-08-06 13:33:01,334 - PopulateAtomsDeps - INFO - Populating atoms for ed25519-dalek/src/errors.rs and code_id 63820
2025-08-06 13:33:01,346 - PopulateAtomsDeps - INFO - Populating atoms for ed25519-dalek/src/signing.rs and code_id 63824
2025-08-06 13:33:01,349 - PopulateAtomsDeps - INFO - Processing 6 dependencies in batch
2025-08-06 13:33:01,477 - PopulateAtomsDeps - INFO - All dependencies already exist in the database
2025-08-06 13:33:01,478 - PopulateAtomsDeps - INFO - Processing 82 dependencies in batch
2025-08-06 13:33:02,603 - PopulateAtomsDeps - INFO - All dependencies already exist in the database
2025-08-06 13:33:02,608 - PopulateAtomsDeps - INFO - Processing 19 dependencies in batch
2025-08-06 13:33:03,699 - PopulateAtomsDeps - INFO - All dependencies already exist in the database
2025-08-06 13:33:03,710 - PopulateAtomsDeps - INFO - Processing 9 dependencies in batch
2025-08-06 13:33:04,206 - PopulateAtomsDeps - INFO - All dependencies already exist in the database
2025-08-06 13:33:04,228 - PopulateAtomsDeps - INFO - Processing 20 dependencies in batch
2025-08-06 13:33:04,564 - PopulateAtomsDeps - INFO - All dependencies already exist in the database
2025-08-06 13:33:04,569 - PopulateAtomsDeps - INFO - Processing 199 dependencies in batch
2025-08-06 13:33:05,209 - PopulateAtomsDeps - INFO - All dependencies already exist in the database
2025-08-06 13:33:05,218 - PopulateAtomsDeps - INFO - Processing 14 dependencies in batch
2025-08-06 13:33:05,586 - PopulateAtomsDeps - INFO - All dependencies already exist in the database
2025-08-06 13:33:05,592 - PopulateAtomsDeps - INFO - Processing 62 dependencies in batch
2025-08-06 13:33:05,800 - PopulateAtomsDeps - INFO - All dependencies already exist in the database
2025-08-06 13:33:05,803 - PopulateAtomsDeps - INFO - Processing 1 dependencies in batch
2025-08-06 13:33:05,917 - PopulateAtomsDeps - INFO - All dependencies already exist in the database
2025-08-06 13:33:05,917 - PopulateAtomsDeps - INFO - Processing 17 dependencies in batch
2025-08-06 13:33:06,042 - PopulateAtomsDeps - INFO - All dependencies already exist in the database
2025-08-06 13:33:06,042 - PopulateAtomsDeps - INFO - Processing 28 dependencies in batch
2025-08-06 13:33:06,183 - PopulateAtomsDeps - INFO - All dependencies already exist in the database
2025-08-06 13:33:06,183 - PopulateAtomsDeps - INFO - Processing 28 dependencies in batch
2025-08-06 13:33:06,304 - PopulateAtomsDeps - INFO - All dependencies already exist in the database
2025-08-06 13:33:06,305 - PopulateAtomsDeps - INFO - Processing 10 dependencies in batch
2025-08-06 13:33:06,419 - PopulateAtomsDeps - INFO - All dependencies already exist in the database
2025-08-06 13:33:06,419 - PopulateAtomsDeps - INFO - Processing 9 dependencies in batch
2025-08-06 13:33:06,551 - PopulateAtomsDeps - INFO - All dependencies already exist in the database
2025-08-06 13:33:06,551 - PopulateAtomsDeps - INFO - Processing 3 dependencies in batch
2025-08-06 13:33:06,638 - PopulateAtomsDeps - INFO - All dependencies already exist in the database
2025-08-06 13:33:06,638 - PopulateAtomsDeps - INFO - Processing 80 dependencies in batch
2025-08-06 13:33:06,756 - PopulateAtomsDeps - INFO - All dependencies already exist in the database
2025-08-06 13:33:06,757 - PopulateAtomsDeps - INFO - Processing 9 dependencies in batch
2025-08-06 13:33:06,922 - PopulateAtomsDeps - INFO - All dependencies already exist in the database
2025-08-06 13:33:06,922 - PopulateAtomsDeps - INFO - Processing 11 dependencies in batch
2025-08-06 13:33:06,994 - PopulateAtomsDeps - INFO - All dependencies already exist in the database
2025-08-06 13:33:06,995 - PopulateAtomsDeps - INFO - Processing 3 dependencies in batch
2025-08-06 13:33:07,075 - PopulateAtomsDeps - INFO - All dependencies already exist in the database
2025-08-06 13:33:07,076 - PopulateAtomsDeps - INFO - Processing 1 dependencies in batch
2025-08-06 13:33:07,153 - PopulateAtomsDeps - INFO - All dependencies already exist in the database
2025-08-06 13:33:07,154 - PopulateAtomsDeps - INFO - Processing 89 dependencies in batch
2025-08-06 13:33:07,256 - PopulateAtomsDeps - INFO - All dependencies already exist in the database
2025-08-06 13:33:07,257 - PopulateAtomsDeps - INFO - Processing 80 dependencies in batch
2025-08-06 13:33:07,340 - PopulateAtomsDeps - INFO - All dependencies already exist in the database
2025-08-06 13:33:07,341 - PopulateAtomsDeps - INFO - Processing 40 dependencies in batch
2025-08-06 13:33:07,470 - PopulateAtomsDeps - INFO - All dependencies already exist in the database
2025-08-06 13:33:07,470 - PopulateAtomsDeps - INFO - Processing 37 dependencies in batch
2025-08-06 13:33:07,538 - PopulateAtomsDeps - INFO - All dependencies already exist in the database
2025-08-06 13:33:07,539 - PopulateAtomsDeps - INFO - Processing 26 dependencies in batch
2025-08-06 13:33:07,618 - PopulateAtomsDeps - INFO - All dependencies already exist in the database
2025-08-06 13:33:07,619 - PopulateAtomsDeps - INFO - Processing 6 dependencies in batch
2025-08-06 13:33:07,692 - PopulateAtomsDeps - INFO - All dependencies already exist in the database
2025-08-06 13:33:07,692 - PopulateAtomsDeps - INFO - Processing 7 dependencies in batch
2025-08-06 13:33:07,774 - PopulateAtomsDeps - INFO - All dependencies already exist in the database
2025-08-06 13:33:07,775 - PopulateAtomsDeps - INFO - Processing 76 dependencies in batch
2025-08-06 13:33:07,866 - PopulateAtomsDeps - INFO - All dependencies already exist in the database
2025-08-06 13:33:07,867 - PopulateAtomsDeps - INFO - Processing 209 dependencies in batch
2025-08-06 13:33:08,040 - PopulateAtomsDeps - INFO - All dependencies already exist in the database
2025-08-06 13:33:08,042 - PopulateAtomsDeps - INFO - Processing 209 dependencies in batch
2025-08-06 13:33:08,159 - PopulateAtomsDeps - INFO - All dependencies already exist in the database
2025-08-06 13:33:08,161 - PopulateAtomsDeps - INFO - Processing 87 dependencies in batch
2025-08-06 13:33:08,246 - PopulateAtomsDeps - INFO - All dependencies already exist in the database
2025-08-06 13:33:08,248 - PopulateAtomsDeps - INFO - Processing 195 dependencies in batch
2025-08-06 13:33:08,360 - PopulateAtomsDeps - INFO - All dependencies already exist in the database
2025-08-06 13:33:08,360 - PopulateAtomsDeps - INFO - Processing 20 dependencies in batch
2025-08-06 13:33:08,425 - PopulateAtomsDeps - INFO - All dependencies already exist in the database
2025-08-06 13:33:08,426 - PopulateAtomsDeps - INFO - Processing 12 dependencies in batch
2025-08-06 13:33:08,492 - PopulateAtomsDeps - INFO - All dependencies already exist in the database
2025-08-06 13:33:08,492 - PopulateAtomsDeps - INFO - Processing 11 dependencies in batch
2025-08-06 13:33:08,557 - PopulateAtomsDeps - INFO - All dependencies already exist in the database
2025-08-06 13:33:08,557 - PopulateAtomsDeps - INFO - Processing 11 dependencies in batch
2025-08-06 13:33:08,639 - PopulateAtomsDeps - INFO - All dependencies already exist in the database
2025-08-06 13:33:08,640 - PopulateAtomsDeps - INFO - Processing 69 dependencies in batch
2025-08-06 13:33:08,774 - PopulateAtomsDeps - INFO - All dependencies already exist in the database
2025-08-06 13:33:08,775 - PopulateAtomsDeps - INFO - Processing 44 dependencies in batch
2025-08-06 13:33:08,913 - PopulateAtomsDeps - INFO - All dependencies already exist in the database
2025-08-06 13:33:08,914 - PopulateAtomsDeps - INFO - Processing 24 dependencies in batch
2025-08-06 13:33:08,996 - PopulateAtomsDeps - INFO - All dependencies already exist in the database
2025-08-06 13:33:08,996 - PopulateAtomsDeps - INFO - Processing 31 dependencies in batch
2025-08-06 13:33:09,056 - PopulateAtomsDeps - INFO - All dependencies already exist in the database
2025-08-06 13:33:09,057 - PopulateAtomsDeps - INFO - Processing 26 dependencies in batch
2025-08-06 13:33:09,125 - PopulateAtomsDeps - INFO - All dependencies already exist in the database
2025-08-06 13:33:09,126 - PopulateAtomsDeps - INFO - Processing 54 dependencies in batch
2025-08-06 13:33:09,212 - PopulateAtomsDeps - INFO - All dependencies already exist in the database
2025-08-06 13:33:09,212 - PopulateAtomsDeps - INFO - Processing 10 dependencies in batch
2025-08-06 13:33:09,273 - PopulateAtomsDeps - INFO - All dependencies already exist in the database
2025-08-06 13:33:09,274 - PopulateAtomsDeps - INFO - Processing 1 dependencies in batch
2025-08-06 13:33:09,323 - PopulateAtomsDeps - INFO - All dependencies already exist in the database
2025-08-06 13:33:09,324 - PopulateAtomsDeps - INFO - Processing 34 dependencies in batch
2025-08-06 13:33:09,388 - PopulateAtomsDeps - INFO - All dependencies already exist in the database
2025-08-06 13:33:09,389 - PopulateAtomsDeps - INFO - Setting code_id for file molecules in repo 3193
2025-08-06 13:33:09,394 - PopulateAtomsDeps - INFO - Found 0 file molecules with code_id=0 to update
2025-08-06 13:33:09,394 - PopulateAtomsDeps - INFO - Found 50 file molecules with specific code_ids
2025-08-06 13:33:09,394 - PopulateAtomsDeps - INFO - No file molecules with code_id = 0 found to update
2025-08-06 13:33:09,395 - PopulateAtomsDeps - INFO - Reading atomizer log file: logs/atomizer_3193_20250806_133201.log
2025-08-06 13:33:09,395 - PopulateAtomsDeps - INFO - Successfully read 601 characters from atomizer log
2025-08-06 13:33:09,400 - PopulateAtomsDeps - INFO - Inserted combined logs to atomizerlogs table for repo_id 3193
2025-08-06 13:33:09,400 - PopulateAtomsDeps - INFO - Successfully completed populate_atomsdeps_grouped_rust.py for repo_id 3193
2025-08-06 13:33:09,400 - PopulateAtomsDeps - INFO - Processing completed for JSON file: /var/www/html/rust-atomizer/3193.json
