2025-07-25 16:51:50,559 - PopulateAtomsDeps - INFO - Logging to file: logs/populate_atoms_20250725_165150.log
2025-07-25 16:51:50,559 - PopulateAtomsDeps - INFO - Starting populate_atomsdeps_grouped_rust.py with parameters:
2025-07-25 16:51:50,559 - PopulateAtomsDeps - INFO -   repo_id: 3148
2025-07-25 16:51:50,559 - PopulateAtomsDeps - INFO -   json_path: /var/www/html/rust-atomizer/3148.json
2025-07-25 16:51:50,559 - PopulateAtomsDeps - INFO -   user_id: 460176
2025-07-25 16:51:50,559 - PopulateAtomsDeps - INFO -   JSON file exists: True
2025-07-25 16:51:50,560 - PopulateAtomsDeps - INFO -   JSON file size: 54078 bytes
2025-07-25 16:51:50,560 - PopulateAtomsDeps - INFO -   JSON file modified: 2025-07-25 16:51:49.997060
2025-07-25 16:51:50,560 - PopulateAtomsDeps - INFO - Identified 1 folders containing Rust files
2025-07-25 16:51:50,561 - PopulateAtomsDeps - INFO - Populating folder structure with 1 folders as molecules for repo 3148
2025-07-25 16:51:50,562 - PopulateAtomsDeps - INFO - All folders to create (including parents): ['src']
2025-07-25 16:51:50,568 - PopulateAtomsDeps - INFO - Adding 2 new file molecules in batch
2025-07-25 16:51:50,573 - PopulateAtomsDeps - INFO - Successfully populated 3 folder and file molecules for repo 3148
2025-07-25 16:51:50,823 - PopulateAtomsDeps - INFO - !!!!!Code ID 51786: filename='src/scalar_verus.rs', folder_id=12262, folder_path='src'
2025-07-25 16:51:50,823 - PopulateAtomsDeps - INFO - !!!!!Code ID 51787: filename='src/field_verus.rs', folder_id=12262, folder_path='src'
2025-07-25 16:51:50,823 - PopulateAtomsDeps - INFO - !!!!!Code ID 51788: filename='src/lib.rs', folder_id=12262, folder_path='src'
2025-07-25 16:51:50,823 - PopulateAtomsDeps - INFO - !!!!!Code ID 51789: filename='Cargo.toml', folder_id=None, folder_path='None'
2025-07-25 16:51:50,823 - PopulateAtomsDeps - INFO - Retrieved 4 codes from database
2025-07-25 16:51:50,825 - PopulateAtomsDeps - INFO - Nb of Codes: 3
2025-07-25 16:51:50,826 - PopulateAtomsDeps - INFO - Found 20 atoms for src/scalar_verus.rs
2025-07-25 16:51:50,826 - PopulateAtomsDeps - INFO - Found 11 atoms for src/field_verus.rs
2025-07-25 16:51:50,826 - PopulateAtomsDeps - WARNING - No atoms found for filename: src/lib.rs
2025-07-25 16:51:50,826 - PopulateAtomsDeps - INFO - Summary: Found atoms for 2 out of 3 files
2025-07-25 16:51:50,827 - PopulateAtomsDeps - INFO - Populating atoms for src/scalar_verus.rs and code_id 51786
2025-07-25 16:51:50,840 - PopulateAtomsDeps - INFO - Inserted 20 atoms for file src/scalar_verus.rs
2025-07-25 16:51:50,841 - PopulateAtomsDeps - INFO - Populating atoms for src/field_verus.rs and code_id 51787
2025-07-25 16:51:50,851 - PopulateAtomsDeps - INFO - Inserted 11 atoms for file src/field_verus.rs
2025-07-25 16:51:50,852 - PopulateAtomsDeps - INFO - Processing 22 dependencies in batch
2025-07-25 16:51:50,924 - PopulateAtomsDeps - INFO - Inserting 22 new dependencies
2025-07-25 16:51:50,934 - PopulateAtomsDeps - INFO - Processing 6 dependencies in batch
2025-07-25 16:51:50,992 - PopulateAtomsDeps - INFO - Inserting 6 new dependencies
2025-07-25 16:51:50,997 - PopulateAtomsDeps - INFO - Setting code_id for file molecules in repo 3148
2025-07-25 16:51:50,999 - PopulateAtomsDeps - INFO - Found 2 file molecules with code_id=0 to update
2025-07-25 16:51:51,000 - PopulateAtomsDeps - INFO - Found 0 file molecules with specific code_ids
2025-07-25 16:51:51,002 - PopulateAtomsDeps - INFO - Found code_id mappings for 2 files
2025-07-25 16:51:51,007 - PopulateAtomsDeps - INFO - Successfully updated code_id for 2 file molecules
2025-07-25 16:51:51,008 - PopulateAtomsDeps - INFO - Reading atomizer log file: logs/atomizer_3148_20250725_165107.log
2025-07-25 16:51:51,009 - PopulateAtomsDeps - INFO - Successfully read 600 characters from atomizer log
2025-07-25 16:51:51,014 - PopulateAtomsDeps - INFO - Inserted combined logs to atomizerlogs table for repo_id 3148
2025-07-25 16:51:51,014 - PopulateAtomsDeps - INFO - Successfully completed populate_atomsdeps_grouped_rust.py for repo_id 3148
2025-07-25 16:51:51,014 - PopulateAtomsDeps - INFO - Processing completed for JSON file: /var/www/html/rust-atomizer/3148.json
