2025-07-25 16:11:50,191 - PopulateAtomsDeps - INFO - Logging to file: logs/populate_atoms_20250725_161150.log
2025-07-25 16:11:50,191 - PopulateAtomsDeps - INFO - Starting populate_atomsdeps_grouped_rust.py with parameters:
2025-07-25 16:11:50,191 - PopulateAtomsDeps - INFO -   repo_id: 3145
2025-07-25 16:11:50,192 - PopulateAtomsDeps - INFO -   json_path: /var/www/html/rust-atomizer/3145.json
2025-07-25 16:11:50,192 - PopulateAtomsDeps - INFO -   user_id: 460176
2025-07-25 16:11:50,192 - PopulateAtomsDeps - INFO -   JSON file exists: True
2025-07-25 16:11:50,192 - PopulateAtomsDeps - INFO -   JSON file size: 54078 bytes
2025-07-25 16:11:50,192 - PopulateAtomsDeps - INFO -   JSON file modified: 2025-07-25 16:11:49.869977
2025-07-25 16:11:50,193 - PopulateAtomsDeps - INFO - Identified 1 folders containing Rust files
2025-07-25 16:11:50,193 - PopulateAtomsDeps - INFO - Populating folder structure with 1 folders as molecules for repo 3145
2025-07-25 16:11:50,194 - PopulateAtomsDeps - INFO - All folders to create (including parents): ['src']
2025-07-25 16:11:50,206 - PopulateAtomsDeps - INFO - Adding 2 new file molecules in batch
2025-07-25 16:11:50,211 - PopulateAtomsDeps - INFO - Successfully populated 3 folder and file molecules for repo 3145
2025-07-25 16:11:50,482 - PopulateAtomsDeps - INFO - !!!!!Code ID 51774: filename='src/scalar_verus.rs', folder_id=12259, folder_path='src'
2025-07-25 16:11:50,483 - PopulateAtomsDeps - INFO - !!!!!Code ID 51775: filename='src/field_verus.rs', folder_id=12259, folder_path='src'
2025-07-25 16:11:50,483 - PopulateAtomsDeps - INFO - !!!!!Code ID 51776: filename='src/lib.rs', folder_id=12259, folder_path='src'
2025-07-25 16:11:50,483 - PopulateAtomsDeps - INFO - !!!!!Code ID 51777: filename='Cargo.toml', folder_id=None, folder_path='None'
2025-07-25 16:11:50,483 - PopulateAtomsDeps - INFO - Retrieved 4 codes from database
2025-07-25 16:11:50,486 - PopulateAtomsDeps - INFO - Nb of Codes: 3
2025-07-25 16:11:50,487 - PopulateAtomsDeps - INFO - Found 20 atoms for src/scalar_verus.rs
2025-07-25 16:11:50,488 - PopulateAtomsDeps - INFO - Found 11 atoms for src/field_verus.rs
2025-07-25 16:11:50,488 - PopulateAtomsDeps - WARNING - No atoms found for filename: src/lib.rs
2025-07-25 16:11:50,488 - PopulateAtomsDeps - INFO - Summary: Found atoms for 2 out of 3 files
2025-07-25 16:11:50,489 - PopulateAtomsDeps - INFO - Populating atoms for src/scalar_verus.rs and code_id 51774
2025-07-25 16:11:50,508 - PopulateAtomsDeps - INFO - Inserted 20 atoms for file src/scalar_verus.rs
2025-07-25 16:11:50,508 - PopulateAtomsDeps - INFO - Populating atoms for src/field_verus.rs and code_id 51775
2025-07-25 16:11:50,523 - PopulateAtomsDeps - INFO - Inserted 11 atoms for file src/field_verus.rs
2025-07-25 16:11:50,524 - PopulateAtomsDeps - INFO - Processing 22 dependencies in batch
2025-07-25 16:11:50,620 - PopulateAtomsDeps - INFO - Inserting 22 new dependencies
2025-07-25 16:11:50,631 - PopulateAtomsDeps - INFO - Processing 6 dependencies in batch
2025-07-25 16:11:50,718 - PopulateAtomsDeps - INFO - Inserting 6 new dependencies
2025-07-25 16:11:50,723 - PopulateAtomsDeps - INFO - Setting code_id for file molecules in repo 3145
2025-07-25 16:11:50,724 - PopulateAtomsDeps - INFO - Found 2 file molecules with code_id=0 to update
2025-07-25 16:11:50,724 - PopulateAtomsDeps - INFO - Found 0 file molecules with specific code_ids
2025-07-25 16:11:50,726 - PopulateAtomsDeps - INFO - Found code_id mappings for 2 files
2025-07-25 16:11:50,730 - PopulateAtomsDeps - INFO - Successfully updated code_id for 2 file molecules
2025-07-25 16:11:50,731 - PopulateAtomsDeps - INFO - Reading atomizer log file: logs/atomizer_3145_20250725_161107.log
2025-07-25 16:11:50,731 - PopulateAtomsDeps - INFO - Successfully read 600 characters from atomizer log
2025-07-25 16:11:50,737 - PopulateAtomsDeps - INFO - Inserted combined logs to atomizerlogs table for repo_id 3145
2025-07-25 16:11:50,737 - PopulateAtomsDeps - INFO - Successfully completed populate_atomsdeps_grouped_rust.py for repo_id 3145
2025-07-25 16:11:50,738 - PopulateAtomsDeps - INFO - Processing completed for JSON file: /var/www/html/rust-atomizer/3145.json
