2025-08-01 08:44:26,136 - PopulateAtomsDeps - INFO - Logging to file: logs/populate_atoms_20250801_084426.log
2025-08-01 08:44:26,136 - PopulateAtomsDeps - INFO - Starting populate_atomsdeps_grouped_rust.py with parameters:
2025-08-01 08:44:26,136 - PopulateAtomsDeps - INFO -   repo_id: 3151
2025-08-01 08:44:26,137 - PopulateAtomsDeps - INFO -   json_path: /var/www/html/rust-atomizer/3151.json
2025-08-01 08:44:26,137 - PopulateAtomsDeps - INFO -   user_id: 460176
2025-08-01 08:44:26,137 - PopulateAtomsDeps - INFO -   JSON file exists: True
2025-08-01 08:44:26,137 - PopulateAtomsDeps - INFO -   JSON file size: 795150 bytes
2025-08-01 08:44:26,137 - PopulateAtomsDeps - INFO -   JSON file modified: 2025-08-01 08:44:25.367027
2025-08-01 08:44:26,147 - PopulateAtomsDeps - INFO - Identified 19 folders containing Rust files
2025-08-01 08:44:26,147 - PopulateAtomsDeps - INFO - Populating folder structure with 19 folders as molecules for repo 3151
2025-08-01 08:44:26,183 - PopulateAtomsDeps - INFO - All folders to create (including parents): ['curve25519-dalek-derive', 'x25519-dalek', 'ed25519-dalek', 'curve25519-dalek', 'x25519-dalek/tests', 'x25519-dalek/benches', 'curve25519-dalek/src', 'x25519-dalek/src', 'ed25519-dalek/src', 'curve25519-dalek/benches', 'curve25519-dalek-derive/tests', 'ed25519-dalek/tests', 'curve25519-dalek-derive/src', 'ed25519-dalek/benches', 'curve25519-dalek/src/edwards', 'curve25519-dalek/src/backend', 'curve25519-dalek/src/backend/vector', 'curve25519-dalek/src/backend/serial', 'curve25519-dalek/src/backend/serial/scalar_mul', 'curve25519-dalek/src/backend/vector/scalar_mul', 'curve25519-dalek/src/backend/vector/avx2', 'curve25519-dalek/src/backend/serial/u64', 'curve25519-dalek/src/backend/serial/curve_models']
2025-08-01 08:44:26,284 - PopulateAtomsDeps - INFO - Successfully populated 67 folder and file molecules for repo 3151
2025-08-01 08:44:26,313 - PopulateAtomsDeps - INFO - Nb of Codes: 78
2025-08-01 08:44:26,320 - PopulateAtomsDeps - INFO - Found 16 atoms for curve25519-dalek-derive/tests/tests.rs
2025-08-01 08:44:26,321 - PopulateAtomsDeps - INFO - Found 11 atoms for curve25519-dalek-derive/src/lib.rs
2025-08-01 08:44:26,321 - PopulateAtomsDeps - INFO - Found 7 atoms for x25519-dalek/tests/x25519_tests.rs
2025-08-01 08:44:26,321 - PopulateAtomsDeps - INFO - Found 2 atoms for x25519-dalek/benches/x25519.rs
2025-08-01 08:44:26,322 - PopulateAtomsDeps - WARNING - No atoms found for filename: x25519-dalek/src/lib.rs
2025-08-01 08:44:26,322 - PopulateAtomsDeps - INFO - Found 23 atoms for x25519-dalek/src/x25519.rs
2025-08-01 08:44:26,322 - PopulateAtomsDeps - INFO - Found 25 atoms for curve25519-dalek/benches/dalek_benchmarks.rs
2025-08-01 08:44:26,323 - PopulateAtomsDeps - INFO - Found 19 atoms for curve25519-dalek/src/backend/vector/avx2/edwards.rs
2025-08-01 08:44:26,323 - PopulateAtomsDeps - INFO - Found 22 atoms for curve25519-dalek/src/backend/vector/avx2/field.rs
2025-08-01 08:44:26,323 - PopulateAtomsDeps - WARNING - No atoms found for filename: curve25519-dalek/src/backend/vector/avx2/constants.rs
2025-08-01 08:44:26,324 - PopulateAtomsDeps - WARNING - No atoms found for filename: curve25519-dalek/src/backend/vector/avx2/mod.rs
2025-08-01 08:44:26,324 - PopulateAtomsDeps - WARNING - No atoms found for filename: curve25519-dalek/src/backend/vector/ifma/edwards.rs
2025-08-01 08:44:26,324 - PopulateAtomsDeps - WARNING - No atoms found for filename: curve25519-dalek/src/backend/vector/ifma/field.rs
2025-08-01 08:44:26,325 - PopulateAtomsDeps - WARNING - No atoms found for filename: curve25519-dalek/src/backend/vector/ifma/constants.rs
2025-08-01 08:44:26,325 - PopulateAtomsDeps - WARNING - No atoms found for filename: curve25519-dalek/src/backend/vector/ifma/mod.rs
2025-08-01 08:44:26,325 - PopulateAtomsDeps - INFO - Found 4 atoms for curve25519-dalek/src/backend/vector/scalar_mul/precomputed_straus.rs
2025-08-01 08:44:26,326 - PopulateAtomsDeps - INFO - Found 2 atoms for curve25519-dalek/src/backend/vector/scalar_mul/pippenger.rs
2025-08-01 08:44:26,326 - PopulateAtomsDeps - INFO - Found 2 atoms for curve25519-dalek/src/backend/vector/scalar_mul/straus.rs
2025-08-01 08:44:26,326 - PopulateAtomsDeps - INFO - Found 1 atoms for curve25519-dalek/src/backend/vector/scalar_mul/variable_base.rs
2025-08-01 08:44:26,326 - PopulateAtomsDeps - WARNING - No atoms found for filename: curve25519-dalek/src/backend/vector/scalar_mul/mod.rs
2025-08-01 08:44:26,327 - PopulateAtomsDeps - INFO - Found 1 atoms for curve25519-dalek/src/backend/vector/scalar_mul/vartime_double_base.rs
2025-08-01 08:44:26,327 - PopulateAtomsDeps - INFO - Found 9 atoms for curve25519-dalek/src/backend/vector/packed_simd.rs
2025-08-01 08:44:26,327 - PopulateAtomsDeps - WARNING - No atoms found for filename: curve25519-dalek/src/backend/vector/mod.rs
2025-08-01 08:44:26,328 - PopulateAtomsDeps - INFO - Found 12 atoms for curve25519-dalek/src/backend/mod.rs
2025-08-01 08:44:26,328 - PopulateAtomsDeps - INFO - Found 26 atoms for curve25519-dalek/src/backend/serial/curve_models/mod.rs
2025-08-01 08:44:26,328 - PopulateAtomsDeps - INFO - Found 4 atoms for curve25519-dalek/src/backend/serial/scalar_mul/precomputed_straus.rs
2025-08-01 08:44:26,328 - PopulateAtomsDeps - INFO - Found 2 atoms for curve25519-dalek/src/backend/serial/scalar_mul/pippenger.rs
2025-08-01 08:44:26,329 - PopulateAtomsDeps - INFO - Found 2 atoms for curve25519-dalek/src/backend/serial/scalar_mul/straus.rs
2025-08-01 08:44:26,329 - PopulateAtomsDeps - INFO - Found 1 atoms for curve25519-dalek/src/backend/serial/scalar_mul/variable_base.rs
2025-08-01 08:44:26,329 - PopulateAtomsDeps - WARNING - No atoms found for filename: curve25519-dalek/src/backend/serial/scalar_mul/mod.rs
2025-08-01 08:44:26,329 - PopulateAtomsDeps - INFO - Found 1 atoms for curve25519-dalek/src/backend/serial/scalar_mul/vartime_double_base.rs
2025-08-01 08:44:26,330 - PopulateAtomsDeps - WARNING - No atoms found for filename: curve25519-dalek/src/backend/serial/fiat_u32/field.rs
2025-08-01 08:44:26,330 - PopulateAtomsDeps - WARNING - No atoms found for filename: curve25519-dalek/src/backend/serial/fiat_u32/mod.rs
2025-08-01 08:44:26,330 - PopulateAtomsDeps - WARNING - No atoms found for filename: curve25519-dalek/src/backend/serial/u32/scalar.rs
2025-08-01 08:44:26,331 - PopulateAtomsDeps - WARNING - No atoms found for filename: curve25519-dalek/src/backend/serial/u32/field.rs
2025-08-01 08:44:26,331 - PopulateAtomsDeps - WARNING - No atoms found for filename: curve25519-dalek/src/backend/serial/u32/constants.rs
2025-08-01 08:44:26,331 - PopulateAtomsDeps - WARNING - No atoms found for filename: curve25519-dalek/src/backend/serial/u32/mod.rs
2025-08-01 08:44:26,332 - PopulateAtomsDeps - WARNING - No atoms found for filename: curve25519-dalek/src/backend/serial/fiat_u64/field.rs
2025-08-01 08:44:26,332 - PopulateAtomsDeps - WARNING - No atoms found for filename: curve25519-dalek/src/backend/serial/fiat_u64/mod.rs
2025-08-01 08:44:26,332 - PopulateAtomsDeps - WARNING - No atoms found for filename: curve25519-dalek/src/backend/serial/mod.rs
2025-08-01 08:44:26,333 - PopulateAtomsDeps - INFO - Found 20 atoms for curve25519-dalek/src/backend/serial/u64/scalar_verus.rs
2025-08-01 08:44:26,333 - PopulateAtomsDeps - INFO - Found 11 atoms for curve25519-dalek/src/backend/serial/u64/field_verus.rs
2025-08-01 08:44:26,333 - PopulateAtomsDeps - WARNING - No atoms found for filename: curve25519-dalek/src/backend/serial/u64/vstd_u128_verus.rs
2025-08-01 08:44:26,334 - PopulateAtomsDeps - WARNING - No atoms found for filename: curve25519-dalek/src/backend/serial/u64/common_verus.rs
2025-08-01 08:44:26,334 - PopulateAtomsDeps - INFO - Found 30 atoms for curve25519-dalek/src/backend/serial/u64/scalar.rs
2025-08-01 08:44:26,334 - PopulateAtomsDeps - INFO - Found 22 atoms for curve25519-dalek/src/backend/serial/u64/field.rs
2025-08-01 08:44:26,335 - PopulateAtomsDeps - WARNING - No atoms found for filename: curve25519-dalek/src/backend/serial/u64/constants.rs
2025-08-01 08:44:26,335 - PopulateAtomsDeps - WARNING - No atoms found for filename: curve25519-dalek/src/backend/serial/u64/mod.rs
2025-08-01 08:44:26,335 - PopulateAtomsDeps - INFO - Found 36 atoms for curve25519-dalek/src/montgomery.rs
2025-08-01 08:44:26,336 - PopulateAtomsDeps - INFO - Found 101 atoms for curve25519-dalek/src/edwards.rs
2025-08-01 08:44:26,336 - PopulateAtomsDeps - INFO - Found 78 atoms for curve25519-dalek/src/scalar.rs
2025-08-01 08:44:26,336 - PopulateAtomsDeps - WARNING - No atoms found for filename: curve25519-dalek/src/macros.rs
2025-08-01 08:44:26,336 - PopulateAtomsDeps - INFO - Found 26 atoms for curve25519-dalek/src/field.rs
2025-08-01 08:44:26,337 - PopulateAtomsDeps - INFO - Found 70 atoms for curve25519-dalek/src/ristretto.rs
2025-08-01 08:44:26,337 - PopulateAtomsDeps - WARNING - No atoms found for filename: curve25519-dalek/src/diagnostics.rs
2025-08-01 08:44:26,337 - PopulateAtomsDeps - WARNING - No atoms found for filename: curve25519-dalek/src/lib.rs
2025-08-01 08:44:26,338 - PopulateAtomsDeps - INFO - Found 8 atoms for curve25519-dalek/src/constants.rs
2025-08-01 08:44:26,338 - PopulateAtomsDeps - INFO - Found 10 atoms for curve25519-dalek/src/traits.rs
2025-08-01 08:44:26,338 - PopulateAtomsDeps - INFO - Found 8 atoms for curve25519-dalek/src/window.rs
2025-08-01 08:44:26,339 - PopulateAtomsDeps - INFO - Found 11 atoms for curve25519-dalek/src/edwards/affine.rs
2025-08-01 08:44:26,339 - PopulateAtomsDeps - INFO - Found 5 atoms for curve25519-dalek/build.rs
2025-08-01 08:44:26,339 - PopulateAtomsDeps - INFO - Found 6 atoms for ed25519-dalek/tests/ed25519.rs
2025-08-01 08:44:26,339 - PopulateAtomsDeps - INFO - Found 5 atoms for ed25519-dalek/tests/validation_criteria.rs
2025-08-01 08:44:26,340 - PopulateAtomsDeps - WARNING - No atoms found for filename: ed25519-dalek/tests/pkcs8.rs
2025-08-01 08:44:26,340 - PopulateAtomsDeps - INFO - Found 1 atoms for ed25519-dalek/tests/x25519.rs
2025-08-01 08:44:26,340 - PopulateAtomsDeps - INFO - Found 6 atoms for ed25519-dalek/benches/ed25519_benchmarks.rs
2025-08-01 08:44:26,340 - PopulateAtomsDeps - INFO - Found 23 atoms for ed25519-dalek/src/verifying.rs
2025-08-01 08:44:26,341 - PopulateAtomsDeps - WARNING - No atoms found for filename: ed25519-dalek/src/batch.rs
2025-08-01 08:44:26,341 - PopulateAtomsDeps - INFO - Found 13 atoms for ed25519-dalek/src/hazmat.rs
2025-08-01 08:44:26,341 - PopulateAtomsDeps - INFO - Found 6 atoms for ed25519-dalek/src/signature.rs
2025-08-01 08:44:26,342 - PopulateAtomsDeps - INFO - Found 2 atoms for ed25519-dalek/src/errors.rs
2025-08-01 08:44:26,342 - PopulateAtomsDeps - WARNING - No atoms found for filename: ed25519-dalek/src/batch/strobe.rs
2025-08-01 08:44:26,342 - PopulateAtomsDeps - WARNING - No atoms found for filename: ed25519-dalek/src/batch/transcript.rs
2025-08-01 08:44:26,342 - PopulateAtomsDeps - WARNING - No atoms found for filename: ed25519-dalek/src/verifying/stream.rs
2025-08-01 08:44:26,343 - PopulateAtomsDeps - INFO - Found 26 atoms for ed25519-dalek/src/signing.rs
2025-08-01 08:44:26,343 - PopulateAtomsDeps - WARNING - No atoms found for filename: ed25519-dalek/src/context.rs
2025-08-01 08:44:26,343 - PopulateAtomsDeps - WARNING - No atoms found for filename: ed25519-dalek/src/lib.rs
2025-08-01 08:44:26,344 - PopulateAtomsDeps - WARNING - No atoms found for filename: ed25519-dalek/src/constants.rs
2025-08-01 08:44:26,344 - PopulateAtomsDeps - INFO - Summary: Found atoms for 44 out of 78 files
2025-08-01 08:44:26,344 - PopulateAtomsDeps - INFO - Populating atoms for curve25519-dalek-derive/tests/tests.rs and code_id 51821
2025-08-01 08:44:26,347 - PopulateAtomsDeps - INFO - Populating atoms for curve25519-dalek-derive/src/lib.rs and code_id 51824
2025-08-01 08:44:26,348 - PopulateAtomsDeps - INFO - Populating atoms for x25519-dalek/tests/x25519_tests.rs and code_id 51832
2025-08-01 08:44:26,349 - PopulateAtomsDeps - INFO - Populating atoms for x25519-dalek/benches/x25519.rs and code_id 51833
2025-08-01 08:44:26,350 - PopulateAtomsDeps - INFO - Populating atoms for x25519-dalek/src/x25519.rs and code_id 51836
2025-08-01 08:44:26,352 - PopulateAtomsDeps - INFO - Populating atoms for curve25519-dalek/benches/dalek_benchmarks.rs and code_id 51847
2025-08-01 08:44:26,355 - PopulateAtomsDeps - INFO - Populating atoms for curve25519-dalek/src/backend/vector/avx2/edwards.rs and code_id 51850
2025-08-01 08:44:26,358 - PopulateAtomsDeps - INFO - Populating atoms for curve25519-dalek/src/backend/vector/avx2/field.rs and code_id 51851
2025-08-01 08:44:26,361 - PopulateAtomsDeps - INFO - Populating atoms for curve25519-dalek/src/backend/vector/scalar_mul/precomputed_straus.rs and code_id 51858
2025-08-01 08:44:26,363 - PopulateAtomsDeps - INFO - Populating atoms for curve25519-dalek/src/backend/vector/scalar_mul/pippenger.rs and code_id 51859
2025-08-01 08:44:26,364 - PopulateAtomsDeps - INFO - Populating atoms for curve25519-dalek/src/backend/vector/scalar_mul/straus.rs and code_id 51860
2025-08-01 08:44:26,366 - PopulateAtomsDeps - INFO - Populating atoms for curve25519-dalek/src/backend/vector/scalar_mul/variable_base.rs and code_id 51861
2025-08-01 08:44:26,367 - PopulateAtomsDeps - INFO - Populating atoms for curve25519-dalek/src/backend/vector/scalar_mul/vartime_double_base.rs and code_id 51863
2025-08-01 08:44:26,368 - PopulateAtomsDeps - INFO - Populating atoms for curve25519-dalek/src/backend/vector/packed_simd.rs and code_id 51864
2025-08-01 08:44:26,369 - PopulateAtomsDeps - INFO - Populating atoms for curve25519-dalek/src/backend/mod.rs and code_id 51866
2025-08-01 08:44:26,371 - PopulateAtomsDeps - INFO - Populating atoms for curve25519-dalek/src/backend/serial/curve_models/mod.rs and code_id 51867
2025-08-01 08:44:26,374 - PopulateAtomsDeps - INFO - Populating atoms for curve25519-dalek/src/backend/serial/scalar_mul/precomputed_straus.rs and code_id 51868
2025-08-01 08:44:26,375 - PopulateAtomsDeps - INFO - Populating atoms for curve25519-dalek/src/backend/serial/scalar_mul/pippenger.rs and code_id 51869
2025-08-01 08:44:26,376 - PopulateAtomsDeps - INFO - Populating atoms for curve25519-dalek/src/backend/serial/scalar_mul/straus.rs and code_id 51870
2025-08-01 08:44:26,377 - PopulateAtomsDeps - INFO - Populating atoms for curve25519-dalek/src/backend/serial/scalar_mul/variable_base.rs and code_id 51871
2025-08-01 08:44:26,378 - PopulateAtomsDeps - INFO - Populating atoms for curve25519-dalek/src/backend/serial/scalar_mul/vartime_double_base.rs and code_id 51873
2025-08-01 08:44:26,379 - PopulateAtomsDeps - INFO - Populating atoms for curve25519-dalek/src/backend/serial/u64/scalar_verus.rs and code_id 51883
2025-08-01 08:44:26,382 - PopulateAtomsDeps - INFO - Populating atoms for curve25519-dalek/src/backend/serial/u64/field_verus.rs and code_id 51884
2025-08-01 08:44:26,384 - PopulateAtomsDeps - INFO - Populating atoms for curve25519-dalek/src/backend/serial/u64/scalar.rs and code_id 51887
2025-08-01 08:44:26,386 - PopulateAtomsDeps - INFO - Populating atoms for curve25519-dalek/src/backend/serial/u64/field.rs and code_id 51888
2025-08-01 08:44:26,388 - PopulateAtomsDeps - INFO - Populating atoms for curve25519-dalek/src/montgomery.rs and code_id 51891
2025-08-01 08:44:26,392 - PopulateAtomsDeps - INFO - Populating atoms for curve25519-dalek/src/edwards.rs and code_id 51892
2025-08-01 08:44:26,397 - PopulateAtomsDeps - INFO - Populating atoms for curve25519-dalek/src/scalar.rs and code_id 51893
2025-08-01 08:44:26,401 - PopulateAtomsDeps - INFO - Populating atoms for curve25519-dalek/src/field.rs and code_id 51895
2025-08-01 08:44:26,404 - PopulateAtomsDeps - INFO - Populating atoms for curve25519-dalek/src/ristretto.rs and code_id 51896
2025-08-01 08:44:26,407 - PopulateAtomsDeps - INFO - Populating atoms for curve25519-dalek/src/constants.rs and code_id 51899
2025-08-01 08:44:26,408 - PopulateAtomsDeps - INFO - Populating atoms for curve25519-dalek/src/traits.rs and code_id 51900
2025-08-01 08:44:26,410 - PopulateAtomsDeps - INFO - Populating atoms for curve25519-dalek/src/window.rs and code_id 51901
2025-08-01 08:44:26,411 - PopulateAtomsDeps - INFO - Populating atoms for curve25519-dalek/src/edwards/affine.rs and code_id 51902
2025-08-01 08:44:26,413 - PopulateAtomsDeps - INFO - Populating atoms for curve25519-dalek/build.rs and code_id 51903
2025-08-01 08:44:26,414 - PopulateAtomsDeps - INFO - Populating atoms for ed25519-dalek/tests/ed25519.rs and code_id 51910
2025-08-01 08:44:26,415 - PopulateAtomsDeps - INFO - Populating atoms for ed25519-dalek/tests/validation_criteria.rs and code_id 51911
2025-08-01 08:44:26,416 - PopulateAtomsDeps - INFO - Populating atoms for ed25519-dalek/tests/x25519.rs and code_id 51916
2025-08-01 08:44:26,416 - PopulateAtomsDeps - INFO - Populating atoms for ed25519-dalek/benches/ed25519_benchmarks.rs and code_id 51917
2025-08-01 08:44:26,418 - PopulateAtomsDeps - INFO - Populating atoms for ed25519-dalek/src/verifying.rs and code_id 51920
2025-08-01 08:44:26,419 - PopulateAtomsDeps - INFO - Populating atoms for ed25519-dalek/src/hazmat.rs and code_id 51922
2025-08-01 08:44:26,421 - PopulateAtomsDeps - INFO - Populating atoms for ed25519-dalek/src/signature.rs and code_id 51923
2025-08-01 08:44:26,422 - PopulateAtomsDeps - INFO - Populating atoms for ed25519-dalek/src/errors.rs and code_id 51924
2025-08-01 08:44:26,423 - PopulateAtomsDeps - INFO - Populating atoms for ed25519-dalek/src/signing.rs and code_id 51928
2025-08-01 08:44:26,425 - PopulateAtomsDeps - INFO - Processing 6 dependencies in batch
2025-08-01 08:44:26,480 - PopulateAtomsDeps - INFO - All dependencies already exist in the database
2025-08-01 08:44:26,480 - PopulateAtomsDeps - INFO - Processing 12 dependencies in batch
2025-08-01 08:44:26,531 - PopulateAtomsDeps - INFO - All dependencies already exist in the database
2025-08-01 08:44:26,531 - PopulateAtomsDeps - INFO - Processing 9 dependencies in batch
2025-08-01 08:44:26,585 - PopulateAtomsDeps - INFO - All dependencies already exist in the database
2025-08-01 08:44:26,585 - PopulateAtomsDeps - INFO - Processing 4 dependencies in batch
2025-08-01 08:44:26,632 - PopulateAtomsDeps - INFO - All dependencies already exist in the database
2025-08-01 08:44:26,633 - PopulateAtomsDeps - INFO - Processing 18 dependencies in batch
2025-08-01 08:44:26,716 - PopulateAtomsDeps - INFO - All dependencies already exist in the database
2025-08-01 08:44:26,717 - PopulateAtomsDeps - INFO - Processing 66 dependencies in batch
2025-08-01 08:44:26,851 - PopulateAtomsDeps - INFO - All dependencies already exist in the database
2025-08-01 08:44:26,852 - PopulateAtomsDeps - INFO - Processing 29 dependencies in batch
2025-08-01 08:44:26,961 - PopulateAtomsDeps - INFO - All dependencies already exist in the database
2025-08-01 08:44:26,962 - PopulateAtomsDeps - INFO - Processing 31 dependencies in batch
2025-08-01 08:44:27,018 - PopulateAtomsDeps - INFO - All dependencies already exist in the database
2025-08-01 08:44:27,018 - PopulateAtomsDeps - INFO - Processing 4 dependencies in batch
2025-08-01 08:44:27,068 - PopulateAtomsDeps - INFO - Inserting 4 new dependencies
2025-08-01 08:44:27,078 - PopulateAtomsDeps - INFO - Processing 7 dependencies in batch
2025-08-01 08:44:27,129 - PopulateAtomsDeps - INFO - Inserting 7 new dependencies
2025-08-01 08:44:27,135 - PopulateAtomsDeps - INFO - Processing 6 dependencies in batch
2025-08-01 08:44:27,185 - PopulateAtomsDeps - INFO - Inserting 6 new dependencies
2025-08-01 08:44:27,191 - PopulateAtomsDeps - INFO - Processing 4 dependencies in batch
2025-08-01 08:44:27,262 - PopulateAtomsDeps - INFO - Inserting 4 new dependencies
2025-08-01 08:44:27,267 - PopulateAtomsDeps - INFO - Processing 6 dependencies in batch
2025-08-01 08:44:27,316 - PopulateAtomsDeps - INFO - Inserting 6 new dependencies
2025-08-01 08:44:27,321 - PopulateAtomsDeps - INFO - Processing 2 dependencies in batch
2025-08-01 08:44:27,369 - PopulateAtomsDeps - INFO - All dependencies already exist in the database
2025-08-01 08:44:27,369 - PopulateAtomsDeps - INFO - Processing 17 dependencies in batch
2025-08-01 08:44:27,423 - PopulateAtomsDeps - INFO - All dependencies already exist in the database
2025-08-01 08:44:27,424 - PopulateAtomsDeps - INFO - Processing 12 dependencies in batch
2025-08-01 08:44:27,478 - PopulateAtomsDeps - INFO - All dependencies already exist in the database
2025-08-01 08:44:27,479 - PopulateAtomsDeps - INFO - Processing 7 dependencies in batch
2025-08-01 08:44:27,542 - PopulateAtomsDeps - INFO - All dependencies already exist in the database
2025-08-01 08:44:27,542 - PopulateAtomsDeps - INFO - Processing 7 dependencies in batch
2025-08-01 08:44:27,593 - PopulateAtomsDeps - INFO - All dependencies already exist in the database
2025-08-01 08:44:27,593 - PopulateAtomsDeps - INFO - Processing 8 dependencies in batch
2025-08-01 08:44:27,644 - PopulateAtomsDeps - INFO - All dependencies already exist in the database
2025-08-01 08:44:27,644 - PopulateAtomsDeps - INFO - Processing 5 dependencies in batch
2025-08-01 08:44:27,693 - PopulateAtomsDeps - INFO - All dependencies already exist in the database
2025-08-01 08:44:27,693 - PopulateAtomsDeps - INFO - Processing 9 dependencies in batch
2025-08-01 08:44:27,743 - PopulateAtomsDeps - INFO - All dependencies already exist in the database
2025-08-01 08:44:27,744 - PopulateAtomsDeps - INFO - Processing 22 dependencies in batch
2025-08-01 08:44:27,803 - PopulateAtomsDeps - INFO - All dependencies already exist in the database
2025-08-01 08:44:27,804 - PopulateAtomsDeps - INFO - Processing 6 dependencies in batch
2025-08-01 08:44:27,861 - PopulateAtomsDeps - INFO - All dependencies already exist in the database
2025-08-01 08:44:27,862 - PopulateAtomsDeps - INFO - Processing 29 dependencies in batch
2025-08-01 08:44:27,916 - PopulateAtomsDeps - INFO - All dependencies already exist in the database
2025-08-01 08:44:27,916 - PopulateAtomsDeps - INFO - Processing 6 dependencies in batch
2025-08-01 08:44:27,966 - PopulateAtomsDeps - INFO - All dependencies already exist in the database
2025-08-01 08:44:27,967 - PopulateAtomsDeps - INFO - Processing 61 dependencies in batch
2025-08-01 08:44:28,028 - PopulateAtomsDeps - INFO - All dependencies already exist in the database
2025-08-01 08:44:28,030 - PopulateAtomsDeps - INFO - Processing 174 dependencies in batch
2025-08-01 08:44:28,129 - PopulateAtomsDeps - INFO - All dependencies already exist in the database
2025-08-01 08:44:28,131 - PopulateAtomsDeps - INFO - Processing 101 dependencies in batch
2025-08-01 08:44:28,196 - PopulateAtomsDeps - INFO - All dependencies already exist in the database
2025-08-01 08:44:28,197 - PopulateAtomsDeps - INFO - Processing 45 dependencies in batch
2025-08-01 08:44:28,252 - PopulateAtomsDeps - INFO - All dependencies already exist in the database
2025-08-01 08:44:28,254 - PopulateAtomsDeps - INFO - Processing 118 dependencies in batch
2025-08-01 08:44:28,322 - PopulateAtomsDeps - INFO - All dependencies already exist in the database
2025-08-01 08:44:28,323 - PopulateAtomsDeps - INFO - Processing 14 dependencies in batch
2025-08-01 08:44:28,390 - PopulateAtomsDeps - INFO - All dependencies already exist in the database
2025-08-01 08:44:28,390 - PopulateAtomsDeps - INFO - Processing 4 dependencies in batch
2025-08-01 08:44:28,443 - PopulateAtomsDeps - INFO - All dependencies already exist in the database
2025-08-01 08:44:28,444 - PopulateAtomsDeps - INFO - Processing 12 dependencies in batch
2025-08-01 08:44:28,501 - PopulateAtomsDeps - INFO - All dependencies already exist in the database
2025-08-01 08:44:28,502 - PopulateAtomsDeps - INFO - Processing 12 dependencies in batch
2025-08-01 08:44:28,556 - PopulateAtomsDeps - INFO - All dependencies already exist in the database
2025-08-01 08:44:28,557 - PopulateAtomsDeps - INFO - Processing 3 dependencies in batch
2025-08-01 08:44:28,606 - PopulateAtomsDeps - INFO - All dependencies already exist in the database
2025-08-01 08:44:28,607 - PopulateAtomsDeps - INFO - Processing 27 dependencies in batch
2025-08-01 08:44:28,675 - PopulateAtomsDeps - INFO - All dependencies already exist in the database
2025-08-01 08:44:28,675 - PopulateAtomsDeps - INFO - Processing 8 dependencies in batch
2025-08-01 08:44:28,722 - PopulateAtomsDeps - INFO - All dependencies already exist in the database
2025-08-01 08:44:28,723 - PopulateAtomsDeps - INFO - Processing 14 dependencies in batch
2025-08-01 08:44:28,775 - PopulateAtomsDeps - INFO - All dependencies already exist in the database
2025-08-01 08:44:28,775 - PopulateAtomsDeps - INFO - Processing 11 dependencies in batch
2025-08-01 08:44:28,823 - PopulateAtomsDeps - INFO - All dependencies already exist in the database
2025-08-01 08:44:28,824 - PopulateAtomsDeps - INFO - Processing 28 dependencies in batch
2025-08-01 08:44:28,885 - PopulateAtomsDeps - INFO - All dependencies already exist in the database
2025-08-01 08:44:28,885 - PopulateAtomsDeps - INFO - Processing 19 dependencies in batch
2025-08-01 08:44:28,970 - PopulateAtomsDeps - INFO - All dependencies already exist in the database
2025-08-01 08:44:28,971 - PopulateAtomsDeps - INFO - Processing 5 dependencies in batch
2025-08-01 08:44:29,055 - PopulateAtomsDeps - INFO - All dependencies already exist in the database
2025-08-01 08:44:29,056 - PopulateAtomsDeps - INFO - Processing 25 dependencies in batch
2025-08-01 08:44:29,155 - PopulateAtomsDeps - INFO - All dependencies already exist in the database
2025-08-01 08:44:29,156 - PopulateAtomsDeps - INFO - Setting code_id for file molecules in repo 3151
2025-08-01 08:44:29,165 - PopulateAtomsDeps - INFO - Found 0 file molecules with code_id=0 to update
2025-08-01 08:44:29,165 - PopulateAtomsDeps - INFO - Found 44 file molecules with specific code_ids
2025-08-01 08:44:29,165 - PopulateAtomsDeps - INFO - No file molecules with code_id = 0 found to update
2025-08-01 08:44:29,166 - PopulateAtomsDeps - INFO - Reading atomizer log file: logs/atomizer_3151_20250801_084329.log
2025-08-01 08:44:29,167 - PopulateAtomsDeps - INFO - Successfully read 600 characters from atomizer log
2025-08-01 08:44:29,178 - PopulateAtomsDeps - INFO - Inserted combined logs to atomizerlogs table for repo_id 3151
2025-08-01 08:44:29,179 - PopulateAtomsDeps - INFO - Successfully completed populate_atomsdeps_grouped_rust.py for repo_id 3151
2025-08-01 08:44:29,179 - PopulateAtomsDeps - INFO - Processing completed for JSON file: /var/www/html/rust-atomizer/3151.json
