2025-08-22 18:06:15,179 - PopulateAtomsDeps - INFO - Logging to file: logs/populate_atoms_20250822_180615.log
2025-08-22 18:06:15,180 - PopulateAtomsDeps - INFO - Starting populate_atomsdeps_grouped_rust.py with parameters:
2025-08-22 18:06:15,180 - PopulateAtomsDeps - INFO -   repo_id: 3242
2025-08-22 18:06:15,180 - PopulateAtomsDeps - INFO -   json_path: /var/www/html/rust-atomizer/curve25519-dalek.json
2025-08-22 18:06:15,180 - PopulateAtomsDeps - INFO -   user_id: 460176
2025-08-22 18:06:15,180 - PopulateAtomsDeps - INFO -   JSON file exists: True
2025-08-22 18:06:15,181 - PopulateAtomsDeps - INFO -   JSON file size: 462861 bytes
2025-08-22 18:06:15,181 - PopulateAtomsDeps - INFO -   JSON file modified: 2025-08-22 05:09:57.470157
2025-08-22 18:06:15,190 - PopulateAtomsDeps - INFO - Identified 7 folders containing Rust files
2025-08-22 18:06:15,190 - PopulateAtomsDeps - INFO - Populating folder structure with 7 folders as molecules for repo 3242
2025-08-22 18:06:15,195 - PopulateAtomsDeps - INFO - All folders to create (including parents): ['src', 'src/edwards', 'src/backend', 'src/backend/serial', 'src/backend/serial/u64', 'src/backend/serial/curve_models', 'src/backend/serial/scalar_mul']
2025-08-22 18:06:15,274 - PopulateAtomsDeps - INFO - Adding 24 new file molecules in batch
2025-08-22 18:06:15,295 - PopulateAtomsDeps - INFO - Successfully populated 31 folder and file molecules for repo 3242
2025-08-22 18:06:15,315 - PopulateAtomsDeps - INFO - Nb of Codes: 32
2025-08-22 18:06:15,322 - PopulateAtomsDeps - WARNING - No atoms found for filename: curve25519-dalek/src/backend/mod.rs
2025-08-22 18:06:15,322 - PopulateAtomsDeps - WARNING - No atoms found for filename: curve25519-dalek/src/backend/serial/curve_models/mod.rs
2025-08-22 18:06:15,323 - PopulateAtomsDeps - WARNING - No atoms found for filename: curve25519-dalek/src/backend/serial/scalar_mul/precomputed_straus.rs
2025-08-22 18:06:15,323 - PopulateAtomsDeps - WARNING - No atoms found for filename: curve25519-dalek/src/backend/serial/scalar_mul/pippenger.rs
2025-08-22 18:06:15,324 - PopulateAtomsDeps - WARNING - No atoms found for filename: curve25519-dalek/src/backend/serial/scalar_mul/straus.rs
2025-08-22 18:06:15,324 - PopulateAtomsDeps - WARNING - No atoms found for filename: curve25519-dalek/src/backend/serial/scalar_mul/variable_base.rs
2025-08-22 18:06:15,325 - PopulateAtomsDeps - WARNING - No atoms found for filename: curve25519-dalek/src/backend/serial/scalar_mul/mod.rs
2025-08-22 18:06:15,325 - PopulateAtomsDeps - WARNING - No atoms found for filename: curve25519-dalek/src/backend/serial/scalar_mul/vartime_double_base.rs
2025-08-22 18:06:15,326 - PopulateAtomsDeps - WARNING - No atoms found for filename: curve25519-dalek/src/backend/serial/mod.rs
2025-08-22 18:06:15,326 - PopulateAtomsDeps - WARNING - No atoms found for filename: curve25519-dalek/src/backend/serial/u64/field_verus.rs
2025-08-22 18:06:15,327 - PopulateAtomsDeps - WARNING - No atoms found for filename: curve25519-dalek/src/backend/serial/u64/common_verus.rs
2025-08-22 18:06:15,327 - PopulateAtomsDeps - WARNING - No atoms found for filename: curve25519-dalek/src/backend/serial/u64/scalar_lemmas.rs
2025-08-22 18:06:15,328 - PopulateAtomsDeps - WARNING - No atoms found for filename: curve25519-dalek/src/backend/serial/u64/field_lemmas.rs
2025-08-22 18:06:15,328 - PopulateAtomsDeps - WARNING - No atoms found for filename: curve25519-dalek/src/backend/serial/u64/scalar.rs
2025-08-22 18:06:15,329 - PopulateAtomsDeps - WARNING - No atoms found for filename: curve25519-dalek/src/backend/serial/u64/subtle_assumes.rs
2025-08-22 18:06:15,329 - PopulateAtomsDeps - WARNING - No atoms found for filename: curve25519-dalek/src/backend/serial/u64/field.rs
2025-08-22 18:06:15,330 - PopulateAtomsDeps - WARNING - No atoms found for filename: curve25519-dalek/src/backend/serial/u64/constants.rs
2025-08-22 18:06:15,330 - PopulateAtomsDeps - WARNING - No atoms found for filename: curve25519-dalek/src/backend/serial/u64/mod.rs
2025-08-22 18:06:15,331 - PopulateAtomsDeps - WARNING - No atoms found for filename: curve25519-dalek/src/backend/serial/u64/scalar_specs.rs
2025-08-22 18:06:15,331 - PopulateAtomsDeps - WARNING - No atoms found for filename: curve25519-dalek/src/montgomery.rs
2025-08-22 18:06:15,332 - PopulateAtomsDeps - WARNING - No atoms found for filename: curve25519-dalek/src/edwards.rs
2025-08-22 18:06:15,332 - PopulateAtomsDeps - WARNING - No atoms found for filename: curve25519-dalek/src/scalar.rs
2025-08-22 18:06:15,333 - PopulateAtomsDeps - WARNING - No atoms found for filename: curve25519-dalek/src/macros.rs
2025-08-22 18:06:15,333 - PopulateAtomsDeps - WARNING - No atoms found for filename: curve25519-dalek/src/field.rs
2025-08-22 18:06:15,334 - PopulateAtomsDeps - WARNING - No atoms found for filename: curve25519-dalek/src/ristretto.rs
2025-08-22 18:06:15,334 - PopulateAtomsDeps - WARNING - No atoms found for filename: curve25519-dalek/src/diagnostics.rs
2025-08-22 18:06:15,334 - PopulateAtomsDeps - WARNING - No atoms found for filename: curve25519-dalek/src/lib.rs
2025-08-22 18:06:15,335 - PopulateAtomsDeps - WARNING - No atoms found for filename: curve25519-dalek/src/constants.rs
2025-08-22 18:06:15,335 - PopulateAtomsDeps - WARNING - No atoms found for filename: curve25519-dalek/src/traits.rs
2025-08-22 18:06:15,336 - PopulateAtomsDeps - WARNING - No atoms found for filename: curve25519-dalek/src/window.rs
2025-08-22 18:06:15,336 - PopulateAtomsDeps - WARNING - No atoms found for filename: curve25519-dalek/src/edwards/affine.rs
2025-08-22 18:06:15,337 - PopulateAtomsDeps - WARNING - No atoms found for filename: curve25519-dalek/build.rs
2025-08-22 18:06:15,337 - PopulateAtomsDeps - INFO - Summary: Found atoms for 0 out of 32 files
2025-08-22 18:06:15,337 - PopulateAtomsDeps - INFO - Setting code_id for file molecules in repo 3242
2025-08-22 18:06:15,345 - PopulateAtomsDeps - INFO - Found 24 file molecules with code_id=0 to update
2025-08-22 18:06:15,345 - PopulateAtomsDeps - INFO - Found 24 file molecules with specific code_ids
2025-08-22 18:06:15,346 - PopulateAtomsDeps - WARNING - No child atoms found for file ID 364379 (file: src/backend/serial/u64/scalar_specs.rs)
2025-08-22 18:06:15,354 - PopulateAtomsDeps - WARNING - No child atoms found for file ID 364380 (file: src/backend/serial/u64/field.rs)
2025-08-22 18:06:15,362 - PopulateAtomsDeps - WARNING - No child atoms found for file ID 364381 (file: src/backend/serial/u64/field_lemmas.rs)
2025-08-22 18:06:15,370 - PopulateAtomsDeps - WARNING - No child atoms found for file ID 364382 (file: src/backend/serial/u64/scalar.rs)
2025-08-22 18:06:15,378 - PopulateAtomsDeps - WARNING - No child atoms found for file ID 364383 (file: src/backend/serial/u64/common_verus.rs)
2025-08-22 18:06:15,386 - PopulateAtomsDeps - WARNING - No child atoms found for file ID 364384 (file: src/backend/serial/u64/scalar_lemmas.rs)
2025-08-22 18:06:15,395 - PopulateAtomsDeps - WARNING - No child atoms found for file ID 364385 (file: src/backend/serial/u64/field_verus.rs)
2025-08-22 18:06:15,403 - PopulateAtomsDeps - WARNING - No child atoms found for file ID 364386 (file: src/backend/serial/u64/subtle_assumes.rs)
2025-08-22 18:06:15,421 - PopulateAtomsDeps - WARNING - No child atoms found for file ID 364387 (file: src/field.rs)
2025-08-22 18:06:15,429 - PopulateAtomsDeps - WARNING - No child atoms found for file ID 364388 (file: src/edwards.rs)
2025-08-22 18:06:15,437 - PopulateAtomsDeps - WARNING - No child atoms found for file ID 364389 (file: src/window.rs)
2025-08-22 18:06:15,445 - PopulateAtomsDeps - WARNING - No child atoms found for file ID 364390 (file: src/scalar.rs)
2025-08-22 18:06:15,453 - PopulateAtomsDeps - WARNING - No child atoms found for file ID 364391 (file: src/montgomery.rs)
2025-08-22 18:06:15,462 - PopulateAtomsDeps - WARNING - No child atoms found for file ID 364392 (file: src/ristretto.rs)
2025-08-22 18:06:15,477 - PopulateAtomsDeps - WARNING - No child atoms found for file ID 364393 (file: src/traits.rs)
2025-08-22 18:06:15,493 - PopulateAtomsDeps - WARNING - No child atoms found for file ID 364394 (file: src/edwards/affine.rs)
2025-08-22 18:06:15,501 - PopulateAtomsDeps - WARNING - No child atoms found for file ID 364395 (file: src/backend/serial/scalar_mul/straus.rs)
2025-08-22 18:06:15,508 - PopulateAtomsDeps - WARNING - No child atoms found for file ID 364396 (file: src/backend/serial/scalar_mul/pippenger.rs)
2025-08-22 18:06:15,516 - PopulateAtomsDeps - WARNING - No child atoms found for file ID 364397 (file: src/backend/serial/scalar_mul/precomputed_straus.rs)
2025-08-22 18:06:15,524 - PopulateAtomsDeps - WARNING - No child atoms found for file ID 364398 (file: src/backend/serial/scalar_mul/vartime_double_base.rs)
2025-08-22 18:06:15,532 - PopulateAtomsDeps - WARNING - No child atoms found for file ID 364399 (file: src/backend/serial/scalar_mul/variable_base.rs)
2025-08-22 18:06:15,541 - PopulateAtomsDeps - WARNING - No child atoms found for file ID 364400 (file: src/backend/mod.rs)
2025-08-22 18:06:15,549 - PopulateAtomsDeps - WARNING - No child atoms found for file ID 364401 (file: src/backend/serial/curve_models/mod.rs)
2025-08-22 18:06:15,557 - PopulateAtomsDeps - WARNING - No child atoms found for file ID 364402 (file: build.rs)
2025-08-22 18:06:15,562 - PopulateAtomsDeps - INFO - No file-to-code_id mappings found
2025-08-22 18:06:15,563 - PopulateAtomsDeps - INFO - Reading atomizer log file: logs/atomizer_3242_20250822_055038.log
2025-08-22 18:06:15,564 - PopulateAtomsDeps - INFO - Successfully read 601 characters from atomizer log
2025-08-22 18:06:15,569 - PopulateAtomsDeps - INFO - Inserted combined logs to atomizerlogs table for repo_id 3242
2025-08-22 18:06:15,569 - PopulateAtomsDeps - INFO - Successfully completed populate_atomsdeps_grouped_rust.py for repo_id 3242
2025-08-22 18:06:15,569 - PopulateAtomsDeps - INFO - Processing completed for JSON file: /var/www/html/rust-atomizer/curve25519-dalek.json
