2025-08-12 10:20:30,271 - PopulateAtomsDeps - INFO - Logging to file: logs/populate_atoms_20250812_102030.log
2025-08-12 10:20:30,272 - PopulateAtomsDeps - INFO - Starting populate_atomsdeps_grouped_rust.py with parameters:
2025-08-12 10:20:30,272 - PopulateAtomsDeps - INFO -   repo_id: 3204
2025-08-12 10:20:30,272 - PopulateAtomsDeps - INFO -   json_path: /var/www/html/rust-atomizer/3204.json
2025-08-12 10:20:30,272 - PopulateAtomsDeps - INFO -   user_id: 460176
2025-08-12 10:20:30,272 - PopulateAtomsDeps - INFO -   JSON file exists: True
2025-08-12 10:20:30,272 - PopulateAtomsDeps - INFO -   JSON file size: 667347 bytes
2025-08-12 10:20:30,273 - PopulateAtomsDeps - INFO -   JSON file modified: 2025-08-12 10:20:29.938165
2025-08-12 10:20:30,281 - PopulateAtomsDeps - INFO - Identified 7 folders containing Rust files
2025-08-12 10:20:30,282 - PopulateAtomsDeps - INFO - Populating folder structure with 7 folders as molecules for repo 3204
2025-08-12 10:20:30,284 - PopulateAtomsDeps - INFO - All folders to create (including parents): ['curve25519-dalek', 'curve25519-dalek/src', 'curve25519-dalek/src/edwards', 'curve25519-dalek/src/backend', 'curve25519-dalek/src/backend/serial', 'curve25519-dalek/src/backend/serial/u64', 'curve25519-dalek/src/backend/serial/curve_models', 'curve25519-dalek/src/backend/serial/scalar_mul']
2025-08-12 10:20:30,328 - PopulateAtomsDeps - INFO - Adding 24 new file molecules in batch
2025-08-12 10:20:30,340 - PopulateAtomsDeps - INFO - Successfully populated 32 folder and file molecules for repo 3204
2025-08-12 10:20:30,356 - PopulateAtomsDeps - INFO - Nb of Codes: 32
2025-08-12 10:20:30,362 - PopulateAtomsDeps - INFO - Found 15 atoms for curve25519-dalek/src/backend/mod.rs
2025-08-12 10:20:30,362 - PopulateAtomsDeps - INFO - Found 16 atoms for curve25519-dalek/src/backend/serial/curve_models/mod.rs
2025-08-12 10:20:30,363 - PopulateAtomsDeps - INFO - Found 2 atoms for curve25519-dalek/src/backend/serial/scalar_mul/precomputed_straus.rs
2025-08-12 10:20:30,363 - PopulateAtomsDeps - INFO - Found 6 atoms for curve25519-dalek/src/backend/serial/scalar_mul/pippenger.rs
2025-08-12 10:20:30,363 - PopulateAtomsDeps - INFO - Found 6 atoms for curve25519-dalek/src/backend/serial/scalar_mul/straus.rs
2025-08-12 10:20:30,363 - PopulateAtomsDeps - INFO - Found 2 atoms for curve25519-dalek/src/backend/serial/scalar_mul/variable_base.rs
2025-08-12 10:20:30,364 - PopulateAtomsDeps - WARNING - No atoms found for filename: curve25519-dalek/src/backend/serial/scalar_mul/mod.rs
2025-08-12 10:20:30,364 - PopulateAtomsDeps - INFO - Found 1 atoms for curve25519-dalek/src/backend/serial/scalar_mul/vartime_double_base.rs
2025-08-12 10:20:30,364 - PopulateAtomsDeps - WARNING - No atoms found for filename: curve25519-dalek/src/backend/serial/mod.rs
2025-08-12 10:20:30,365 - PopulateAtomsDeps - INFO - Found 24 atoms for curve25519-dalek/src/backend/serial/u64/field_verus.rs
2025-08-12 10:20:30,365 - PopulateAtomsDeps - INFO - Found 42 atoms for curve25519-dalek/src/backend/serial/u64/common_verus.rs
2025-08-12 10:20:30,365 - PopulateAtomsDeps - INFO - Found 49 atoms for curve25519-dalek/src/backend/serial/u64/scalar_lemmas.rs
2025-08-12 10:20:30,365 - PopulateAtomsDeps - INFO - Found 45 atoms for curve25519-dalek/src/backend/serial/u64/field_lemmas.rs
2025-08-12 10:20:30,366 - PopulateAtomsDeps - INFO - Found 16 atoms for curve25519-dalek/src/backend/serial/u64/scalar.rs
2025-08-12 10:20:30,366 - PopulateAtomsDeps - INFO - Found 1 atoms for curve25519-dalek/src/backend/serial/u64/subtle_assumes.rs
2025-08-12 10:20:30,366 - PopulateAtomsDeps - INFO - Found 17 atoms for curve25519-dalek/src/backend/serial/u64/field.rs
2025-08-12 10:20:30,367 - PopulateAtomsDeps - WARNING - No atoms found for filename: curve25519-dalek/src/backend/serial/u64/constants.rs
2025-08-12 10:20:30,367 - PopulateAtomsDeps - WARNING - No atoms found for filename: curve25519-dalek/src/backend/serial/u64/mod.rs
2025-08-12 10:20:30,368 - PopulateAtomsDeps - INFO - Found 5 atoms for curve25519-dalek/src/backend/serial/u64/scalar_specs.rs
2025-08-12 10:20:30,375 - PopulateAtomsDeps - INFO - Found 24 atoms for curve25519-dalek/src/montgomery.rs
2025-08-12 10:20:30,376 - PopulateAtomsDeps - INFO - Found 47 atoms for curve25519-dalek/src/edwards.rs
2025-08-12 10:20:30,376 - PopulateAtomsDeps - INFO - Found 59 atoms for curve25519-dalek/src/scalar.rs
2025-08-12 10:20:30,376 - PopulateAtomsDeps - WARNING - No atoms found for filename: curve25519-dalek/src/macros.rs
2025-08-12 10:20:30,377 - PopulateAtomsDeps - INFO - Found 23 atoms for curve25519-dalek/src/field.rs
2025-08-12 10:20:30,377 - PopulateAtomsDeps - INFO - Found 67 atoms for curve25519-dalek/src/ristretto.rs
2025-08-12 10:20:30,384 - PopulateAtomsDeps - WARNING - No atoms found for filename: curve25519-dalek/src/diagnostics.rs
2025-08-12 10:20:30,385 - PopulateAtomsDeps - WARNING - No atoms found for filename: curve25519-dalek/src/lib.rs
2025-08-12 10:20:30,385 - PopulateAtomsDeps - WARNING - No atoms found for filename: curve25519-dalek/src/constants.rs
2025-08-12 10:20:30,386 - PopulateAtomsDeps - INFO - Found 10 atoms for curve25519-dalek/src/traits.rs
2025-08-12 10:20:30,386 - PopulateAtomsDeps - INFO - Found 9 atoms for curve25519-dalek/src/window.rs
2025-08-12 10:20:30,387 - PopulateAtomsDeps - INFO - Found 8 atoms for curve25519-dalek/src/edwards/affine.rs
2025-08-12 10:20:30,387 - PopulateAtomsDeps - INFO - Found 12 atoms for curve25519-dalek/build.rs
2025-08-12 10:20:30,387 - PopulateAtomsDeps - INFO - Summary: Found atoms for 24 out of 32 files
2025-08-12 10:20:30,388 - PopulateAtomsDeps - INFO - Populating atoms for curve25519-dalek/src/backend/mod.rs and code_id 64368
2025-08-12 10:20:30,410 - PopulateAtomsDeps - INFO - Inserted 15 atoms for file curve25519-dalek/src/backend/mod.rs
2025-08-12 10:20:30,411 - PopulateAtomsDeps - INFO - Populating atoms for curve25519-dalek/src/backend/serial/curve_models/mod.rs and code_id 64369
2025-08-12 10:20:30,426 - PopulateAtomsDeps - INFO - Inserted 16 atoms for file curve25519-dalek/src/backend/serial/curve_models/mod.rs
2025-08-12 10:20:30,427 - PopulateAtomsDeps - INFO - Populating atoms for curve25519-dalek/src/backend/serial/scalar_mul/precomputed_straus.rs and code_id 64370
2025-08-12 10:20:30,433 - PopulateAtomsDeps - INFO - Inserted 2 atoms for file curve25519-dalek/src/backend/serial/scalar_mul/precomputed_straus.rs
2025-08-12 10:20:30,433 - PopulateAtomsDeps - INFO - Populating atoms for curve25519-dalek/src/backend/serial/scalar_mul/pippenger.rs and code_id 64371
2025-08-12 10:20:30,447 - PopulateAtomsDeps - INFO - Inserted 6 atoms for file curve25519-dalek/src/backend/serial/scalar_mul/pippenger.rs
2025-08-12 10:20:30,447 - PopulateAtomsDeps - INFO - Populating atoms for curve25519-dalek/src/backend/serial/scalar_mul/straus.rs and code_id 64372
2025-08-12 10:20:30,458 - PopulateAtomsDeps - INFO - Inserted 6 atoms for file curve25519-dalek/src/backend/serial/scalar_mul/straus.rs
2025-08-12 10:20:30,458 - PopulateAtomsDeps - INFO - Populating atoms for curve25519-dalek/src/backend/serial/scalar_mul/variable_base.rs and code_id 64373
2025-08-12 10:20:30,466 - PopulateAtomsDeps - INFO - Inserted 2 atoms for file curve25519-dalek/src/backend/serial/scalar_mul/variable_base.rs
2025-08-12 10:20:30,466 - PopulateAtomsDeps - INFO - Populating atoms for curve25519-dalek/src/backend/serial/scalar_mul/vartime_double_base.rs and code_id 64375
2025-08-12 10:20:30,472 - PopulateAtomsDeps - INFO - Inserted 1 atoms for file curve25519-dalek/src/backend/serial/scalar_mul/vartime_double_base.rs
2025-08-12 10:20:30,473 - PopulateAtomsDeps - INFO - Populating atoms for curve25519-dalek/src/backend/serial/u64/field_verus.rs and code_id 64377
2025-08-12 10:20:30,525 - PopulateAtomsDeps - INFO - Inserted 24 atoms for file curve25519-dalek/src/backend/serial/u64/field_verus.rs
2025-08-12 10:20:30,526 - PopulateAtomsDeps - INFO - Populating atoms for curve25519-dalek/src/backend/serial/u64/common_verus.rs and code_id 64378
2025-08-12 10:20:30,600 - PopulateAtomsDeps - INFO - Inserted 42 atoms for file curve25519-dalek/src/backend/serial/u64/common_verus.rs
2025-08-12 10:20:30,602 - PopulateAtomsDeps - INFO - Populating atoms for curve25519-dalek/src/backend/serial/u64/scalar_lemmas.rs and code_id 64379
2025-08-12 10:20:30,638 - PopulateAtomsDeps - INFO - Inserted 49 atoms for file curve25519-dalek/src/backend/serial/u64/scalar_lemmas.rs
2025-08-12 10:20:30,639 - PopulateAtomsDeps - INFO - Populating atoms for curve25519-dalek/src/backend/serial/u64/field_lemmas.rs and code_id 64380
2025-08-12 10:20:30,650 - PopulateAtomsDeps - INFO - Inserted 45 atoms for file curve25519-dalek/src/backend/serial/u64/field_lemmas.rs
2025-08-12 10:20:30,651 - PopulateAtomsDeps - INFO - Populating atoms for curve25519-dalek/src/backend/serial/u64/scalar.rs and code_id 64381
2025-08-12 10:20:30,656 - PopulateAtomsDeps - INFO - Inserted 16 atoms for file curve25519-dalek/src/backend/serial/u64/scalar.rs
2025-08-12 10:20:30,656 - PopulateAtomsDeps - INFO - Populating atoms for curve25519-dalek/src/backend/serial/u64/subtle_assumes.rs and code_id 64382
2025-08-12 10:20:30,663 - PopulateAtomsDeps - INFO - Inserted 1 atoms for file curve25519-dalek/src/backend/serial/u64/subtle_assumes.rs
2025-08-12 10:20:30,664 - PopulateAtomsDeps - INFO - Populating atoms for curve25519-dalek/src/backend/serial/u64/field.rs and code_id 64383
2025-08-12 10:20:30,670 - PopulateAtomsDeps - INFO - Inserted 17 atoms for file curve25519-dalek/src/backend/serial/u64/field.rs
2025-08-12 10:20:30,671 - PopulateAtomsDeps - INFO - Populating atoms for curve25519-dalek/src/backend/serial/u64/scalar_specs.rs and code_id 64386
2025-08-12 10:20:30,675 - PopulateAtomsDeps - INFO - Inserted 5 atoms for file curve25519-dalek/src/backend/serial/u64/scalar_specs.rs
2025-08-12 10:20:30,676 - PopulateAtomsDeps - INFO - Populating atoms for curve25519-dalek/src/montgomery.rs and code_id 64387
2025-08-12 10:20:30,683 - PopulateAtomsDeps - INFO - Inserted 24 atoms for file curve25519-dalek/src/montgomery.rs
2025-08-12 10:20:30,683 - PopulateAtomsDeps - INFO - Populating atoms for curve25519-dalek/src/edwards.rs and code_id 64388
2025-08-12 10:20:30,693 - PopulateAtomsDeps - INFO - Inserted 47 atoms for file curve25519-dalek/src/edwards.rs
2025-08-12 10:20:30,693 - PopulateAtomsDeps - INFO - Populating atoms for curve25519-dalek/src/scalar.rs and code_id 64389
2025-08-12 10:20:30,705 - PopulateAtomsDeps - INFO - Inserted 59 atoms for file curve25519-dalek/src/scalar.rs
2025-08-12 10:20:30,706 - PopulateAtomsDeps - INFO - Populating atoms for curve25519-dalek/src/field.rs and code_id 64391
2025-08-12 10:20:30,715 - PopulateAtomsDeps - INFO - Inserted 23 atoms for file curve25519-dalek/src/field.rs
2025-08-12 10:20:30,716 - PopulateAtomsDeps - INFO - Populating atoms for curve25519-dalek/src/ristretto.rs and code_id 64392
2025-08-12 10:20:30,728 - PopulateAtomsDeps - INFO - Inserted 67 atoms for file curve25519-dalek/src/ristretto.rs
2025-08-12 10:20:30,728 - PopulateAtomsDeps - INFO - Populating atoms for curve25519-dalek/src/traits.rs and code_id 64396
2025-08-12 10:20:30,735 - PopulateAtomsDeps - INFO - Inserted 10 atoms for file curve25519-dalek/src/traits.rs
2025-08-12 10:20:30,735 - PopulateAtomsDeps - INFO - Populating atoms for curve25519-dalek/src/window.rs and code_id 64397
2025-08-12 10:20:30,741 - PopulateAtomsDeps - INFO - Inserted 9 atoms for file curve25519-dalek/src/window.rs
2025-08-12 10:20:30,741 - PopulateAtomsDeps - INFO - Populating atoms for curve25519-dalek/src/edwards/affine.rs and code_id 64398
2025-08-12 10:20:30,747 - PopulateAtomsDeps - INFO - Inserted 8 atoms for file curve25519-dalek/src/edwards/affine.rs
2025-08-12 10:20:30,748 - PopulateAtomsDeps - INFO - Populating atoms for curve25519-dalek/build.rs and code_id 64399
2025-08-12 10:20:30,754 - PopulateAtomsDeps - INFO - Inserted 12 atoms for file curve25519-dalek/build.rs
2025-08-12 10:20:30,754 - PopulateAtomsDeps - INFO - Processing 77 dependencies in batch
2025-08-12 10:20:30,838 - PopulateAtomsDeps - INFO - Inserting 77 new dependencies
2025-08-12 10:20:30,855 - PopulateAtomsDeps - INFO - Processing 7 dependencies in batch
2025-08-12 10:20:30,918 - PopulateAtomsDeps - INFO - Inserting 7 new dependencies
2025-08-12 10:20:30,924 - PopulateAtomsDeps - INFO - Processing 7 dependencies in batch
2025-08-12 10:20:30,999 - PopulateAtomsDeps - INFO - Inserting 7 new dependencies
2025-08-12 10:20:31,013 - PopulateAtomsDeps - INFO - Processing 113 dependencies in batch
2025-08-12 10:20:31,094 - PopulateAtomsDeps - INFO - Inserting 113 new dependencies
2025-08-12 10:20:31,115 - PopulateAtomsDeps - INFO - Processing 81 dependencies in batch
2025-08-12 10:20:31,188 - PopulateAtomsDeps - INFO - Inserting 81 new dependencies
2025-08-12 10:20:31,197 - PopulateAtomsDeps - INFO - Processing 92 dependencies in batch
2025-08-12 10:20:31,296 - PopulateAtomsDeps - INFO - Inserting 92 new dependencies
2025-08-12 10:20:31,303 - PopulateAtomsDeps - INFO - Processing 85 dependencies in batch
2025-08-12 10:20:31,404 - PopulateAtomsDeps - INFO - Inserting 85 new dependencies
2025-08-12 10:20:31,410 - PopulateAtomsDeps - INFO - Processing 21 dependencies in batch
2025-08-12 10:20:31,481 - PopulateAtomsDeps - INFO - Inserting 21 new dependencies
2025-08-12 10:20:31,486 - PopulateAtomsDeps - INFO - Processing 6 dependencies in batch
2025-08-12 10:20:31,547 - PopulateAtomsDeps - INFO - Inserting 6 new dependencies
2025-08-12 10:20:31,552 - PopulateAtomsDeps - INFO - Processing 6 dependencies in batch
2025-08-12 10:20:31,616 - PopulateAtomsDeps - INFO - Inserting 6 new dependencies
2025-08-12 10:20:31,621 - PopulateAtomsDeps - INFO - Processing 40 dependencies in batch
2025-08-12 10:20:31,697 - PopulateAtomsDeps - INFO - Inserting 40 new dependencies
2025-08-12 10:20:31,703 - PopulateAtomsDeps - INFO - Processing 73 dependencies in batch
2025-08-12 10:20:31,807 - PopulateAtomsDeps - INFO - Inserting 73 new dependencies
2025-08-12 10:20:31,813 - PopulateAtomsDeps - INFO - Processing 154 dependencies in batch
2025-08-12 10:20:31,911 - PopulateAtomsDeps - INFO - Inserting 154 new dependencies
2025-08-12 10:20:31,919 - PopulateAtomsDeps - INFO - Processing 34 dependencies in batch
2025-08-12 10:20:31,987 - PopulateAtomsDeps - INFO - Inserting 34 new dependencies
2025-08-12 10:20:31,994 - PopulateAtomsDeps - INFO - Processing 92 dependencies in batch
2025-08-12 10:20:32,097 - PopulateAtomsDeps - INFO - Inserting 92 new dependencies
2025-08-12 10:20:32,104 - PopulateAtomsDeps - INFO - Processing 8 dependencies in batch
2025-08-12 10:20:32,168 - PopulateAtomsDeps - INFO - Inserting 8 new dependencies
2025-08-12 10:20:32,173 - PopulateAtomsDeps - INFO - Processing 12 dependencies in batch
2025-08-12 10:20:32,233 - PopulateAtomsDeps - INFO - Inserting 12 new dependencies
2025-08-12 10:20:32,238 - PopulateAtomsDeps - INFO - Processing 6 dependencies in batch
2025-08-12 10:20:32,299 - PopulateAtomsDeps - INFO - Inserting 6 new dependencies
2025-08-12 10:20:32,304 - PopulateAtomsDeps - INFO - Processing 11 dependencies in batch
2025-08-12 10:20:32,366 - PopulateAtomsDeps - INFO - Inserting 11 new dependencies
2025-08-12 10:20:32,371 - PopulateAtomsDeps - INFO - Setting code_id for file molecules in repo 3204
2025-08-12 10:20:32,376 - PopulateAtomsDeps - INFO - Found 24 file molecules with code_id=0 to update
2025-08-12 10:20:32,376 - PopulateAtomsDeps - INFO - Found 0 file molecules with specific code_ids
2025-08-12 10:20:32,391 - PopulateAtomsDeps - INFO - Found code_id mappings for 24 files
2025-08-12 10:20:32,396 - PopulateAtomsDeps - INFO - Successfully updated code_id for 24 file molecules
2025-08-12 10:20:32,397 - PopulateAtomsDeps - INFO - Reading atomizer log file: logs/atomizer_3204_20250812_101949.log
2025-08-12 10:20:32,397 - PopulateAtomsDeps - INFO - Successfully read 601 characters from atomizer log
2025-08-12 10:20:32,402 - PopulateAtomsDeps - INFO - Inserted combined logs to atomizerlogs table for repo_id 3204
2025-08-12 10:20:32,402 - PopulateAtomsDeps - INFO - Successfully completed populate_atomsdeps_grouped_rust.py for repo_id 3204
2025-08-12 10:20:32,402 - PopulateAtomsDeps - INFO - Processing completed for JSON file: /var/www/html/rust-atomizer/3204.json
