2025-08-18 09:33:21,362 - PopulateAtomsDeps - INFO - Logging to file: logs/populate_atoms_20250818_093321.log
2025-08-18 09:33:21,363 - PopulateAtomsDeps - INFO - Starting populate_atomsdeps_grouped_rust.py with parameters:
2025-08-18 09:33:21,363 - PopulateAtomsDeps - INFO -   repo_id: 3213
2025-08-18 09:33:21,363 - PopulateAtomsDeps - INFO -   json_path: /var/www/html/rust-atomizer/curve25519-dalek.json
2025-08-18 09:33:21,363 - PopulateAtomsDeps - INFO -   user_id: 460176
2025-08-18 09:33:21,363 - PopulateAtomsDeps - INFO -   JSON file exists: True
2025-08-18 09:33:21,363 - PopulateAtomsDeps - INFO -   JSON file size: 703358 bytes
2025-08-18 09:33:21,364 - PopulateAtomsDeps - INFO -   JSON file modified: 2025-08-18 09:33:21.033380
2025-08-18 09:33:21,373 - PopulateAtomsDeps - INFO - Identified 7 folders containing Rust files
2025-08-18 09:33:21,373 - PopulateAtomsDeps - INFO - Populating folder structure with 7 folders as molecules for repo 3213
2025-08-18 09:33:21,375 - PopulateAtomsDeps - INFO - All folders to create (including parents): ['src', 'src/edwards', 'src/backend', 'src/backend/serial', 'src/backend/serial/u64', 'src/backend/serial/scalar_mul', 'src/backend/serial/curve_models']
2025-08-18 09:33:21,383 - PopulateAtomsDeps - INFO - Successfully populated 31 folder and file molecules for repo 3213
2025-08-18 09:33:21,385 - PopulateAtomsDeps - INFO - Nb of Codes: 0
2025-08-18 09:33:21,391 - PopulateAtomsDeps - INFO - Summary: Found atoms for 0 out of 0 files
2025-08-18 09:33:21,391 - PopulateAtomsDeps - INFO - Setting code_id for file molecules in repo 3213
2025-08-18 09:33:21,393 - PopulateAtomsDeps - INFO - Found 24 file molecules with code_id=0 to update
2025-08-18 09:33:21,393 - PopulateAtomsDeps - INFO - Found 0 file molecules with specific code_ids
2025-08-18 09:33:21,394 - PopulateAtomsDeps - WARNING - No child atoms found for file ID 358726 (file: src/backend/serial/u64/scalar_lemmas.rs)
2025-08-18 09:33:21,395 - PopulateAtomsDeps - WARNING - No child atoms found for file ID 358727 (file: src/backend/serial/u64/field_verus.rs)
2025-08-18 09:33:21,397 - PopulateAtomsDeps - WARNING - No child atoms found for file ID 358728 (file: src/backend/serial/u64/scalar.rs)
2025-08-18 09:33:21,399 - PopulateAtomsDeps - WARNING - No child atoms found for file ID 358729 (file: src/backend/serial/u64/common_verus.rs)
2025-08-18 09:33:21,400 - PopulateAtomsDeps - WARNING - No child atoms found for file ID 358730 (file: src/backend/serial/u64/field_lemmas.rs)
2025-08-18 09:33:21,402 - PopulateAtomsDeps - WARNING - No child atoms found for file ID 358731 (file: src/backend/serial/u64/field.rs)
2025-08-18 09:33:21,403 - PopulateAtomsDeps - WARNING - No child atoms found for file ID 358732 (file: src/backend/serial/u64/subtle_assumes.rs)
2025-08-18 09:33:21,407 - PopulateAtomsDeps - WARNING - No child atoms found for file ID 358733 (file: src/backend/serial/u64/scalar_specs.rs)
2025-08-18 09:33:21,415 - PopulateAtomsDeps - WARNING - No child atoms found for file ID 358734 (file: src/backend/serial/scalar_mul/vartime_double_base.rs)
2025-08-18 09:33:21,424 - PopulateAtomsDeps - WARNING - No child atoms found for file ID 358735 (file: src/backend/serial/scalar_mul/pippenger.rs)
2025-08-18 09:33:21,429 - PopulateAtomsDeps - WARNING - No child atoms found for file ID 358736 (file: src/backend/serial/scalar_mul/straus.rs)
2025-08-18 09:33:21,433 - PopulateAtomsDeps - WARNING - No child atoms found for file ID 358737 (file: src/backend/serial/scalar_mul/variable_base.rs)
2025-08-18 09:33:21,439 - PopulateAtomsDeps - WARNING - No child atoms found for file ID 358738 (file: src/backend/serial/scalar_mul/precomputed_straus.rs)
2025-08-18 09:33:21,443 - PopulateAtomsDeps - WARNING - No child atoms found for file ID 358739 (file: src/backend/serial/curve_models/mod.rs)
2025-08-18 09:33:21,450 - PopulateAtomsDeps - WARNING - No child atoms found for file ID 358740 (file: src/window.rs)
2025-08-18 09:33:21,453 - PopulateAtomsDeps - WARNING - No child atoms found for file ID 358741 (file: src/ristretto.rs)
2025-08-18 09:33:21,460 - PopulateAtomsDeps - WARNING - No child atoms found for file ID 358742 (file: src/field.rs)
2025-08-18 09:33:21,461 - PopulateAtomsDeps - WARNING - No child atoms found for file ID 358743 (file: src/edwards.rs)
2025-08-18 09:33:21,463 - PopulateAtomsDeps - WARNING - No child atoms found for file ID 358744 (file: src/scalar.rs)
2025-08-18 09:33:21,464 - PopulateAtomsDeps - WARNING - No child atoms found for file ID 358745 (file: src/montgomery.rs)
2025-08-18 09:33:21,466 - PopulateAtomsDeps - WARNING - No child atoms found for file ID 358746 (file: src/traits.rs)
2025-08-18 09:33:21,467 - PopulateAtomsDeps - WARNING - No child atoms found for file ID 358747 (file: build.rs)
2025-08-18 09:33:21,469 - PopulateAtomsDeps - WARNING - No child atoms found for file ID 358748 (file: src/edwards/affine.rs)
2025-08-18 09:33:21,470 - PopulateAtomsDeps - WARNING - No child atoms found for file ID 358749 (file: src/backend/mod.rs)
2025-08-18 09:33:21,471 - PopulateAtomsDeps - INFO - No file-to-code_id mappings found
2025-08-18 09:33:21,472 - PopulateAtomsDeps - INFO - Reading atomizer log file: logs/atomizer_3213_20250818_093242.log
2025-08-18 09:33:21,472 - PopulateAtomsDeps - INFO - Successfully read 625 characters from atomizer log
2025-08-18 09:33:21,477 - PopulateAtomsDeps - INFO - Inserted combined logs to atomizerlogs table for repo_id 3213
2025-08-18 09:33:21,477 - PopulateAtomsDeps - INFO - Successfully completed populate_atomsdeps_grouped_rust.py for repo_id 3213
2025-08-18 09:33:21,477 - PopulateAtomsDeps - INFO - Processing completed for JSON file: /var/www/html/rust-atomizer/curve25519-dalek.json
