2025-08-05 12:46:21,714 - PopulateAtomsDeps - INFO - Logging to file: logs/populate_atoms_20250805_124621.log
2025-08-05 12:46:21,714 - PopulateAtomsDeps - INFO - Starting populate_atomsdeps_grouped_rust.py with parameters:
2025-08-05 12:46:21,714 - PopulateAtomsDeps - INFO -   repo_id: 3161
2025-08-05 12:46:21,714 - PopulateAtomsDeps - INFO -   json_path: /var/www/html/rust-atomizer/3161.json
2025-08-05 12:46:21,714 - PopulateAtomsDeps - INFO -   user_id: 460176
2025-08-05 12:46:21,714 - PopulateAtomsDeps - INFO -   JSON file exists: True
2025-08-05 12:46:21,714 - PopulateAtomsDeps - INFO -   JSON file size: 1085842 bytes
2025-08-05 12:46:21,714 - PopulateAtomsDeps - INFO -   JSON file modified: 2025-08-05 12:46:21.391438
2025-08-05 12:46:21,728 - PopulateAtomsDeps - INFO - Identified 19 folders containing Rust files
2025-08-05 12:46:21,729 - PopulateAtomsDeps - INFO - Populating folder structure with 19 folders as molecules for repo 3161
2025-08-05 12:46:21,730 - PopulateAtomsDeps - INFO - All folders to create (including parents): ['ed25519-dalek', 'x25519-dalek', 'curve25519-dalek', 'curve25519-dalek-derive', 'ed25519-dalek/tests', 'x25519-dalek/tests', 'curve25519-dalek-derive/tests', 'ed25519-dalek/src', 'ed25519-dalek/benches', 'x25519-dalek/benches', 'curve25519-dalek/benches', 'curve25519-dalek-derive/src', 'x25519-dalek/src', 'curve25519-dalek/src', 'curve25519-dalek/src/backend', 'curve25519-dalek/src/edwards', 'curve25519-dalek/src/backend/vector', 'curve25519-dalek/src/backend/serial', 'curve25519-dalek/src/backend/serial/curve_models', 'curve25519-dalek/src/backend/serial/scalar_mul', 'curve25519-dalek/src/backend/vector/scalar_mul', 'curve25519-dalek/src/backend/serial/u64', 'curve25519-dalek/src/backend/vector/avx2']
2025-08-05 12:46:21,851 - PopulateAtomsDeps - INFO - Adding 50 new file molecules in batch
2025-08-05 12:46:21,879 - PopulateAtomsDeps - INFO - Successfully populated 73 folder and file molecules for repo 3161
2025-08-05 12:46:21,905 - PopulateAtomsDeps - INFO - Nb of Codes: 81
2025-08-05 12:46:21,916 - PopulateAtomsDeps - INFO - Found 18 atoms for curve25519-dalek-derive/tests/tests.rs
2025-08-05 12:46:21,916 - PopulateAtomsDeps - INFO - Found 56 atoms for curve25519-dalek-derive/src/lib.rs
2025-08-05 12:46:21,917 - PopulateAtomsDeps - INFO - Found 14 atoms for x25519-dalek/tests/x25519_tests.rs
2025-08-05 12:46:21,918 - PopulateAtomsDeps - INFO - Found 8 atoms for x25519-dalek/benches/x25519.rs
2025-08-05 12:46:21,918 - PopulateAtomsDeps - WARNING - No atoms found for filename: x25519-dalek/src/lib.rs
2025-08-05 12:46:21,918 - PopulateAtomsDeps - INFO - Found 21 atoms for x25519-dalek/src/x25519.rs
2025-08-05 12:46:21,919 - PopulateAtomsDeps - INFO - Found 46 atoms for curve25519-dalek/benches/dalek_benchmarks.rs
2025-08-05 12:46:21,919 - PopulateAtomsDeps - INFO - Found 12 atoms for curve25519-dalek/src/backend/vector/avx2/edwards.rs
2025-08-05 12:46:21,920 - PopulateAtomsDeps - INFO - Found 40 atoms for curve25519-dalek/src/backend/vector/avx2/field.rs
2025-08-05 12:46:21,920 - PopulateAtomsDeps - INFO - Found 1 atoms for curve25519-dalek/src/backend/vector/avx2/constants.rs
2025-08-05 12:46:21,921 - PopulateAtomsDeps - WARNING - No atoms found for filename: curve25519-dalek/src/backend/vector/avx2/mod.rs
2025-08-05 12:46:21,921 - PopulateAtomsDeps - WARNING - No atoms found for filename: curve25519-dalek/src/backend/vector/ifma/edwards.rs
2025-08-05 12:46:21,922 - PopulateAtomsDeps - WARNING - No atoms found for filename: curve25519-dalek/src/backend/vector/ifma/field.rs
2025-08-05 12:46:21,922 - PopulateAtomsDeps - WARNING - No atoms found for filename: curve25519-dalek/src/backend/vector/ifma/constants.rs
2025-08-05 12:46:21,923 - PopulateAtomsDeps - WARNING - No atoms found for filename: curve25519-dalek/src/backend/vector/ifma/mod.rs
2025-08-05 12:46:21,923 - PopulateAtomsDeps - INFO - Found 5 atoms for curve25519-dalek/src/backend/vector/scalar_mul/precomputed_straus.rs
2025-08-05 12:46:21,923 - PopulateAtomsDeps - INFO - Found 3 atoms for curve25519-dalek/src/backend/vector/scalar_mul/pippenger.rs
2025-08-05 12:46:21,924 - PopulateAtomsDeps - INFO - Found 7 atoms for curve25519-dalek/src/backend/vector/scalar_mul/straus.rs
2025-08-05 12:46:21,924 - PopulateAtomsDeps - INFO - Found 2 atoms for curve25519-dalek/src/backend/vector/scalar_mul/variable_base.rs
2025-08-05 12:46:21,924 - PopulateAtomsDeps - WARNING - No atoms found for filename: curve25519-dalek/src/backend/vector/scalar_mul/mod.rs
2025-08-05 12:46:21,925 - PopulateAtomsDeps - INFO - Found 1 atoms for curve25519-dalek/src/backend/vector/scalar_mul/vartime_double_base.rs
2025-08-05 12:46:21,925 - PopulateAtomsDeps - INFO - Found 18 atoms for curve25519-dalek/src/backend/vector/packed_simd.rs
2025-08-05 12:46:21,926 - PopulateAtomsDeps - WARNING - No atoms found for filename: curve25519-dalek/src/backend/vector/mod.rs
2025-08-05 12:46:21,926 - PopulateAtomsDeps - INFO - Found 19 atoms for curve25519-dalek/src/backend/mod.rs
2025-08-05 12:46:21,926 - PopulateAtomsDeps - INFO - Found 18 atoms for curve25519-dalek/src/backend/serial/curve_models/mod.rs
2025-08-05 12:46:21,927 - PopulateAtomsDeps - INFO - Found 1 atoms for curve25519-dalek/src/backend/serial/scalar_mul/precomputed_straus.rs
2025-08-05 12:46:21,927 - PopulateAtomsDeps - INFO - Found 7 atoms for curve25519-dalek/src/backend/serial/scalar_mul/pippenger.rs
2025-08-05 12:46:21,927 - PopulateAtomsDeps - INFO - Found 5 atoms for curve25519-dalek/src/backend/serial/scalar_mul/straus.rs
2025-08-05 12:46:21,928 - PopulateAtomsDeps - INFO - Found 2 atoms for curve25519-dalek/src/backend/serial/scalar_mul/variable_base.rs
2025-08-05 12:46:21,928 - PopulateAtomsDeps - WARNING - No atoms found for filename: curve25519-dalek/src/backend/serial/scalar_mul/mod.rs
2025-08-05 12:46:21,928 - PopulateAtomsDeps - INFO - Found 1 atoms for curve25519-dalek/src/backend/serial/scalar_mul/vartime_double_base.rs
2025-08-05 12:46:21,929 - PopulateAtomsDeps - WARNING - No atoms found for filename: curve25519-dalek/src/backend/serial/fiat_u32/field.rs
2025-08-05 12:46:21,929 - PopulateAtomsDeps - WARNING - No atoms found for filename: curve25519-dalek/src/backend/serial/fiat_u32/mod.rs
2025-08-05 12:46:21,930 - PopulateAtomsDeps - WARNING - No atoms found for filename: curve25519-dalek/src/backend/serial/u32/scalar.rs
2025-08-05 12:46:21,930 - PopulateAtomsDeps - WARNING - No atoms found for filename: curve25519-dalek/src/backend/serial/u32/field.rs
2025-08-05 12:46:21,930 - PopulateAtomsDeps - WARNING - No atoms found for filename: curve25519-dalek/src/backend/serial/u32/constants.rs
2025-08-05 12:46:21,931 - PopulateAtomsDeps - WARNING - No atoms found for filename: curve25519-dalek/src/backend/serial/u32/mod.rs
2025-08-05 12:46:21,931 - PopulateAtomsDeps - WARNING - No atoms found for filename: curve25519-dalek/src/backend/serial/fiat_u64/field.rs
2025-08-05 12:46:21,932 - PopulateAtomsDeps - WARNING - No atoms found for filename: curve25519-dalek/src/backend/serial/fiat_u64/mod.rs
2025-08-05 12:46:21,932 - PopulateAtomsDeps - WARNING - No atoms found for filename: curve25519-dalek/src/backend/serial/mod.rs
2025-08-05 12:46:21,933 - PopulateAtomsDeps - INFO - Found 3 atoms for curve25519-dalek/src/backend/serial/u64/vstd_u128.rs
2025-08-05 12:46:21,933 - PopulateAtomsDeps - INFO - Found 24 atoms for curve25519-dalek/src/backend/serial/u64/field_verus.rs
2025-08-05 12:46:21,933 - PopulateAtomsDeps - INFO - Found 41 atoms for curve25519-dalek/src/backend/serial/u64/common_verus.rs
2025-08-05 12:46:21,934 - PopulateAtomsDeps - INFO - Found 27 atoms for curve25519-dalek/src/backend/serial/u64/scalar_lemmas.rs
2025-08-05 12:46:21,934 - PopulateAtomsDeps - INFO - Found 23 atoms for curve25519-dalek/src/backend/serial/u64/field_lemmas.rs
2025-08-05 12:46:21,934 - PopulateAtomsDeps - INFO - Found 26 atoms for curve25519-dalek/src/backend/serial/u64/scalar.rs
2025-08-05 12:46:21,935 - PopulateAtomsDeps - INFO - Found 1 atoms for curve25519-dalek/src/backend/serial/u64/subtle_assumes.rs
2025-08-05 12:46:21,935 - PopulateAtomsDeps - INFO - Found 16 atoms for curve25519-dalek/src/backend/serial/u64/field.rs
2025-08-05 12:46:21,936 - PopulateAtomsDeps - WARNING - No atoms found for filename: curve25519-dalek/src/backend/serial/u64/constants.rs
2025-08-05 12:46:21,936 - PopulateAtomsDeps - WARNING - No atoms found for filename: curve25519-dalek/src/backend/serial/u64/mod.rs
2025-08-05 12:46:21,937 - PopulateAtomsDeps - INFO - Found 6 atoms for curve25519-dalek/src/backend/serial/u64/scalar_specs.rs
2025-08-05 12:46:21,937 - PopulateAtomsDeps - INFO - Found 34 atoms for curve25519-dalek/src/montgomery.rs
2025-08-05 12:46:21,938 - PopulateAtomsDeps - INFO - Found 82 atoms for curve25519-dalek/src/edwards.rs
2025-08-05 12:46:21,938 - PopulateAtomsDeps - INFO - Found 88 atoms for curve25519-dalek/src/scalar.rs
2025-08-05 12:46:21,939 - PopulateAtomsDeps - WARNING - No atoms found for filename: curve25519-dalek/src/macros.rs
2025-08-05 12:46:21,939 - PopulateAtomsDeps - INFO - Found 44 atoms for curve25519-dalek/src/field.rs
2025-08-05 12:46:21,940 - PopulateAtomsDeps - INFO - Found 81 atoms for curve25519-dalek/src/ristretto.rs
2025-08-05 12:46:21,940 - PopulateAtomsDeps - WARNING - No atoms found for filename: curve25519-dalek/src/diagnostics.rs
2025-08-05 12:46:21,940 - PopulateAtomsDeps - WARNING - No atoms found for filename: curve25519-dalek/src/lib.rs
2025-08-05 12:46:21,941 - PopulateAtomsDeps - INFO - Found 10 atoms for curve25519-dalek/src/constants.rs
2025-08-05 12:46:21,941 - PopulateAtomsDeps - INFO - Found 6 atoms for curve25519-dalek/src/traits.rs
2025-08-05 12:46:21,942 - PopulateAtomsDeps - INFO - Found 9 atoms for curve25519-dalek/src/window.rs
2025-08-05 12:46:21,942 - PopulateAtomsDeps - INFO - Found 9 atoms for curve25519-dalek/src/edwards/affine.rs
2025-08-05 12:46:21,942 - PopulateAtomsDeps - INFO - Found 10 atoms for curve25519-dalek/build.rs
2025-08-05 12:46:21,943 - PopulateAtomsDeps - INFO - Found 33 atoms for ed25519-dalek/tests/ed25519.rs
2025-08-05 12:46:21,943 - PopulateAtomsDeps - INFO - Found 31 atoms for ed25519-dalek/tests/validation_criteria.rs
2025-08-05 12:46:21,943 - PopulateAtomsDeps - WARNING - No atoms found for filename: ed25519-dalek/tests/pkcs8.rs
2025-08-05 12:46:21,944 - PopulateAtomsDeps - INFO - Found 9 atoms for ed25519-dalek/tests/x25519.rs
2025-08-05 12:46:21,944 - PopulateAtomsDeps - INFO - Found 12 atoms for ed25519-dalek/benches/ed25519_benchmarks.rs
2025-08-05 12:46:21,944 - PopulateAtomsDeps - INFO - Found 19 atoms for ed25519-dalek/src/verifying.rs
2025-08-05 12:46:21,945 - PopulateAtomsDeps - WARNING - No atoms found for filename: ed25519-dalek/src/batch.rs
2025-08-05 12:46:21,945 - PopulateAtomsDeps - INFO - Found 22 atoms for ed25519-dalek/src/hazmat.rs
2025-08-05 12:46:21,946 - PopulateAtomsDeps - INFO - Found 8 atoms for ed25519-dalek/src/signature.rs
2025-08-05 12:46:21,946 - PopulateAtomsDeps - INFO - Found 3 atoms for ed25519-dalek/src/errors.rs
2025-08-05 12:46:21,946 - PopulateAtomsDeps - WARNING - No atoms found for filename: ed25519-dalek/src/batch/strobe.rs
2025-08-05 12:46:21,947 - PopulateAtomsDeps - WARNING - No atoms found for filename: ed25519-dalek/src/batch/transcript.rs
2025-08-05 12:46:21,947 - PopulateAtomsDeps - WARNING - No atoms found for filename: ed25519-dalek/src/verifying/stream.rs
2025-08-05 12:46:21,948 - PopulateAtomsDeps - INFO - Found 30 atoms for ed25519-dalek/src/signing.rs
2025-08-05 12:46:21,948 - PopulateAtomsDeps - WARNING - No atoms found for filename: ed25519-dalek/src/context.rs
2025-08-05 12:46:21,948 - PopulateAtomsDeps - WARNING - No atoms found for filename: ed25519-dalek/src/lib.rs
2025-08-05 12:46:21,949 - PopulateAtomsDeps - WARNING - No atoms found for filename: ed25519-dalek/src/constants.rs
2025-08-05 12:46:21,949 - PopulateAtomsDeps - INFO - Summary: Found atoms for 50 out of 81 files
2025-08-05 12:46:21,949 - PopulateAtomsDeps - INFO - Populating atoms for curve25519-dalek-derive/tests/tests.rs and code_id 61287
2025-08-05 12:46:21,962 - PopulateAtomsDeps - INFO - Inserted 18 atoms for file curve25519-dalek-derive/tests/tests.rs
2025-08-05 12:46:21,962 - PopulateAtomsDeps - INFO - Populating atoms for curve25519-dalek-derive/src/lib.rs and code_id 61291
2025-08-05 12:46:22,004 - PopulateAtomsDeps - INFO - Inserted 56 atoms for file curve25519-dalek-derive/src/lib.rs
2025-08-05 12:46:22,005 - PopulateAtomsDeps - INFO - Populating atoms for x25519-dalek/tests/x25519_tests.rs and code_id 61299
2025-08-05 12:46:22,016 - PopulateAtomsDeps - INFO - Inserted 14 atoms for file x25519-dalek/tests/x25519_tests.rs
2025-08-05 12:46:22,017 - PopulateAtomsDeps - INFO - Populating atoms for x25519-dalek/benches/x25519.rs and code_id 61300
2025-08-05 12:46:22,025 - PopulateAtomsDeps - INFO - Inserted 8 atoms for file x25519-dalek/benches/x25519.rs
2025-08-05 12:46:22,026 - PopulateAtomsDeps - INFO - Populating atoms for x25519-dalek/src/x25519.rs and code_id 61304
2025-08-05 12:46:22,040 - PopulateAtomsDeps - INFO - Inserted 21 atoms for file x25519-dalek/src/x25519.rs
2025-08-05 12:46:22,041 - PopulateAtomsDeps - INFO - Populating atoms for curve25519-dalek/benches/dalek_benchmarks.rs and code_id 61315
2025-08-05 12:46:22,057 - PopulateAtomsDeps - INFO - Inserted 46 atoms for file curve25519-dalek/benches/dalek_benchmarks.rs
2025-08-05 12:46:22,058 - PopulateAtomsDeps - INFO - Populating atoms for curve25519-dalek/src/backend/vector/avx2/edwards.rs and code_id 61319
2025-08-05 12:46:22,073 - PopulateAtomsDeps - INFO - Inserted 12 atoms for file curve25519-dalek/src/backend/vector/avx2/edwards.rs
2025-08-05 12:46:22,074 - PopulateAtomsDeps - INFO - Populating atoms for curve25519-dalek/src/backend/vector/avx2/field.rs and code_id 61320
2025-08-05 12:46:22,097 - PopulateAtomsDeps - INFO - Inserted 40 atoms for file curve25519-dalek/src/backend/vector/avx2/field.rs
2025-08-05 12:46:22,097 - PopulateAtomsDeps - INFO - Populating atoms for curve25519-dalek/src/backend/vector/avx2/constants.rs and code_id 61321
2025-08-05 12:46:22,105 - PopulateAtomsDeps - INFO - Inserted 1 atoms for file curve25519-dalek/src/backend/vector/avx2/constants.rs
2025-08-05 12:46:22,106 - PopulateAtomsDeps - INFO - Populating atoms for curve25519-dalek/src/backend/vector/scalar_mul/precomputed_straus.rs and code_id 61327
2025-08-05 12:46:22,115 - PopulateAtomsDeps - INFO - Inserted 5 atoms for file curve25519-dalek/src/backend/vector/scalar_mul/precomputed_straus.rs
2025-08-05 12:46:22,115 - PopulateAtomsDeps - INFO - Populating atoms for curve25519-dalek/src/backend/vector/scalar_mul/pippenger.rs and code_id 61328
2025-08-05 12:46:22,121 - PopulateAtomsDeps - INFO - Inserted 3 atoms for file curve25519-dalek/src/backend/vector/scalar_mul/pippenger.rs
2025-08-05 12:46:22,122 - PopulateAtomsDeps - INFO - Populating atoms for curve25519-dalek/src/backend/vector/scalar_mul/straus.rs and code_id 61329
2025-08-05 12:46:22,129 - PopulateAtomsDeps - INFO - Inserted 7 atoms for file curve25519-dalek/src/backend/vector/scalar_mul/straus.rs
2025-08-05 12:46:22,129 - PopulateAtomsDeps - INFO - Populating atoms for curve25519-dalek/src/backend/vector/scalar_mul/variable_base.rs and code_id 61330
2025-08-05 12:46:22,135 - PopulateAtomsDeps - INFO - Inserted 2 atoms for file curve25519-dalek/src/backend/vector/scalar_mul/variable_base.rs
2025-08-05 12:46:22,135 - PopulateAtomsDeps - INFO - Populating atoms for curve25519-dalek/src/backend/vector/scalar_mul/vartime_double_base.rs and code_id 61332
2025-08-05 12:46:22,141 - PopulateAtomsDeps - INFO - Inserted 1 atoms for file curve25519-dalek/src/backend/vector/scalar_mul/vartime_double_base.rs
2025-08-05 12:46:22,142 - PopulateAtomsDeps - INFO - Populating atoms for curve25519-dalek/src/backend/vector/packed_simd.rs and code_id 61333
2025-08-05 12:46:22,152 - PopulateAtomsDeps - INFO - Inserted 18 atoms for file curve25519-dalek/src/backend/vector/packed_simd.rs
2025-08-05 12:46:22,153 - PopulateAtomsDeps - INFO - Populating atoms for curve25519-dalek/src/backend/mod.rs and code_id 61335
2025-08-05 12:46:22,161 - PopulateAtomsDeps - INFO - Inserted 19 atoms for file curve25519-dalek/src/backend/mod.rs
2025-08-05 12:46:22,161 - PopulateAtomsDeps - INFO - Populating atoms for curve25519-dalek/src/backend/serial/curve_models/mod.rs and code_id 61336
2025-08-05 12:46:22,168 - PopulateAtomsDeps - INFO - Inserted 18 atoms for file curve25519-dalek/src/backend/serial/curve_models/mod.rs
2025-08-05 12:46:22,169 - PopulateAtomsDeps - INFO - Populating atoms for curve25519-dalek/src/backend/serial/scalar_mul/precomputed_straus.rs and code_id 61337
2025-08-05 12:46:22,174 - PopulateAtomsDeps - INFO - Inserted 1 atoms for file curve25519-dalek/src/backend/serial/scalar_mul/precomputed_straus.rs
2025-08-05 12:46:22,177 - PopulateAtomsDeps - INFO - Populating atoms for curve25519-dalek/src/backend/serial/scalar_mul/pippenger.rs and code_id 61338
2025-08-05 12:46:22,184 - PopulateAtomsDeps - INFO - Inserted 7 atoms for file curve25519-dalek/src/backend/serial/scalar_mul/pippenger.rs
2025-08-05 12:46:22,185 - PopulateAtomsDeps - INFO - Populating atoms for curve25519-dalek/src/backend/serial/scalar_mul/straus.rs and code_id 61339
2025-08-05 12:46:22,191 - PopulateAtomsDeps - INFO - Inserted 5 atoms for file curve25519-dalek/src/backend/serial/scalar_mul/straus.rs
2025-08-05 12:46:22,191 - PopulateAtomsDeps - INFO - Populating atoms for curve25519-dalek/src/backend/serial/scalar_mul/variable_base.rs and code_id 61340
2025-08-05 12:46:22,196 - PopulateAtomsDeps - INFO - Inserted 2 atoms for file curve25519-dalek/src/backend/serial/scalar_mul/variable_base.rs
2025-08-05 12:46:22,197 - PopulateAtomsDeps - INFO - Populating atoms for curve25519-dalek/src/backend/serial/scalar_mul/vartime_double_base.rs and code_id 61342
2025-08-05 12:46:22,203 - PopulateAtomsDeps - INFO - Inserted 1 atoms for file curve25519-dalek/src/backend/serial/scalar_mul/vartime_double_base.rs
2025-08-05 12:46:22,203 - PopulateAtomsDeps - INFO - Populating atoms for curve25519-dalek/src/backend/serial/u64/vstd_u128.rs and code_id 61352
2025-08-05 12:46:22,209 - PopulateAtomsDeps - INFO - Inserted 3 atoms for file curve25519-dalek/src/backend/serial/u64/vstd_u128.rs
2025-08-05 12:46:22,209 - PopulateAtomsDeps - INFO - Populating atoms for curve25519-dalek/src/backend/serial/u64/field_verus.rs and code_id 61353
2025-08-05 12:46:22,218 - PopulateAtomsDeps - INFO - Inserted 24 atoms for file curve25519-dalek/src/backend/serial/u64/field_verus.rs
2025-08-05 12:46:22,219 - PopulateAtomsDeps - INFO - Populating atoms for curve25519-dalek/src/backend/serial/u64/common_verus.rs and code_id 61354
2025-08-05 12:46:22,228 - PopulateAtomsDeps - INFO - Inserted 41 atoms for file curve25519-dalek/src/backend/serial/u64/common_verus.rs
2025-08-05 12:46:22,230 - PopulateAtomsDeps - INFO - Populating atoms for curve25519-dalek/src/backend/serial/u64/scalar_lemmas.rs and code_id 61355
2025-08-05 12:46:22,243 - PopulateAtomsDeps - INFO - Inserted 27 atoms for file curve25519-dalek/src/backend/serial/u64/scalar_lemmas.rs
2025-08-05 12:46:22,244 - PopulateAtomsDeps - INFO - Populating atoms for curve25519-dalek/src/backend/serial/u64/field_lemmas.rs and code_id 61356
2025-08-05 12:46:22,252 - PopulateAtomsDeps - INFO - Inserted 23 atoms for file curve25519-dalek/src/backend/serial/u64/field_lemmas.rs
2025-08-05 12:46:22,253 - PopulateAtomsDeps - INFO - Populating atoms for curve25519-dalek/src/backend/serial/u64/scalar.rs and code_id 61357
2025-08-05 12:46:22,262 - PopulateAtomsDeps - INFO - Inserted 26 atoms for file curve25519-dalek/src/backend/serial/u64/scalar.rs
2025-08-05 12:46:22,262 - PopulateAtomsDeps - INFO - Populating atoms for curve25519-dalek/src/backend/serial/u64/subtle_assumes.rs and code_id 61358
2025-08-05 12:46:22,268 - PopulateAtomsDeps - INFO - Inserted 1 atoms for file curve25519-dalek/src/backend/serial/u64/subtle_assumes.rs
2025-08-05 12:46:22,268 - PopulateAtomsDeps - INFO - Populating atoms for curve25519-dalek/src/backend/serial/u64/field.rs and code_id 61359
2025-08-05 12:46:22,275 - PopulateAtomsDeps - INFO - Inserted 16 atoms for file curve25519-dalek/src/backend/serial/u64/field.rs
2025-08-05 12:46:22,275 - PopulateAtomsDeps - INFO - Populating atoms for curve25519-dalek/src/backend/serial/u64/scalar_specs.rs and code_id 61362
2025-08-05 12:46:22,280 - PopulateAtomsDeps - INFO - Inserted 6 atoms for file curve25519-dalek/src/backend/serial/u64/scalar_specs.rs
2025-08-05 12:46:22,281 - PopulateAtomsDeps - INFO - Populating atoms for curve25519-dalek/src/montgomery.rs and code_id 61363
2025-08-05 12:46:22,290 - PopulateAtomsDeps - INFO - Inserted 34 atoms for file curve25519-dalek/src/montgomery.rs
2025-08-05 12:46:22,291 - PopulateAtomsDeps - INFO - Populating atoms for curve25519-dalek/src/edwards.rs and code_id 61364
2025-08-05 12:46:22,305 - PopulateAtomsDeps - INFO - Inserted 82 atoms for file curve25519-dalek/src/edwards.rs
2025-08-05 12:46:22,306 - PopulateAtomsDeps - INFO - Populating atoms for curve25519-dalek/src/scalar.rs and code_id 61365
2025-08-05 12:46:22,321 - PopulateAtomsDeps - INFO - Inserted 88 atoms for file curve25519-dalek/src/scalar.rs
2025-08-05 12:46:22,322 - PopulateAtomsDeps - INFO - Populating atoms for curve25519-dalek/src/field.rs and code_id 61367
2025-08-05 12:46:22,333 - PopulateAtomsDeps - INFO - Inserted 44 atoms for file curve25519-dalek/src/field.rs
2025-08-05 12:46:22,334 - PopulateAtomsDeps - INFO - Populating atoms for curve25519-dalek/src/ristretto.rs and code_id 61368
2025-08-05 12:46:22,356 - PopulateAtomsDeps - INFO - Inserted 81 atoms for file curve25519-dalek/src/ristretto.rs
2025-08-05 12:46:22,357 - PopulateAtomsDeps - INFO - Populating atoms for curve25519-dalek/src/constants.rs and code_id 61371
2025-08-05 12:46:22,363 - PopulateAtomsDeps - INFO - Inserted 10 atoms for file curve25519-dalek/src/constants.rs
2025-08-05 12:46:22,363 - PopulateAtomsDeps - INFO - Populating atoms for curve25519-dalek/src/traits.rs and code_id 61372
2025-08-05 12:46:22,369 - PopulateAtomsDeps - INFO - Inserted 6 atoms for file curve25519-dalek/src/traits.rs
2025-08-05 12:46:22,370 - PopulateAtomsDeps - INFO - Populating atoms for curve25519-dalek/src/window.rs and code_id 61373
2025-08-05 12:46:22,376 - PopulateAtomsDeps - INFO - Inserted 9 atoms for file curve25519-dalek/src/window.rs
2025-08-05 12:46:22,377 - PopulateAtomsDeps - INFO - Populating atoms for curve25519-dalek/src/edwards/affine.rs and code_id 61374
2025-08-05 12:46:22,382 - PopulateAtomsDeps - INFO - Inserted 9 atoms for file curve25519-dalek/src/edwards/affine.rs
2025-08-05 12:46:22,383 - PopulateAtomsDeps - INFO - Populating atoms for curve25519-dalek/build.rs and code_id 61375
2025-08-05 12:46:22,389 - PopulateAtomsDeps - INFO - Inserted 10 atoms for file curve25519-dalek/build.rs
2025-08-05 12:46:22,389 - PopulateAtomsDeps - INFO - Populating atoms for ed25519-dalek/tests/ed25519.rs and code_id 61382
2025-08-05 12:46:22,397 - PopulateAtomsDeps - INFO - Inserted 31 atoms for file ed25519-dalek/tests/ed25519.rs
2025-08-05 12:46:22,398 - PopulateAtomsDeps - INFO - Populating atoms for ed25519-dalek/tests/validation_criteria.rs and code_id 61383
2025-08-05 12:46:22,405 - PopulateAtomsDeps - INFO - Inserted 31 atoms for file ed25519-dalek/tests/validation_criteria.rs
2025-08-05 12:46:22,406 - PopulateAtomsDeps - INFO - Populating atoms for ed25519-dalek/tests/x25519.rs and code_id 61388
2025-08-05 12:46:22,411 - PopulateAtomsDeps - INFO - Inserted 9 atoms for file ed25519-dalek/tests/x25519.rs
2025-08-05 12:46:22,412 - PopulateAtomsDeps - INFO - Populating atoms for ed25519-dalek/benches/ed25519_benchmarks.rs and code_id 61389
2025-08-05 12:46:22,416 - PopulateAtomsDeps - INFO - Inserted 12 atoms for file ed25519-dalek/benches/ed25519_benchmarks.rs
2025-08-05 12:46:22,417 - PopulateAtomsDeps - INFO - Populating atoms for ed25519-dalek/src/verifying.rs and code_id 61393
2025-08-05 12:46:22,425 - PopulateAtomsDeps - INFO - Inserted 19 atoms for file ed25519-dalek/src/verifying.rs
2025-08-05 12:46:22,426 - PopulateAtomsDeps - INFO - Populating atoms for ed25519-dalek/src/hazmat.rs and code_id 61395
2025-08-05 12:46:22,433 - PopulateAtomsDeps - INFO - Inserted 22 atoms for file ed25519-dalek/src/hazmat.rs
2025-08-05 12:46:22,434 - PopulateAtomsDeps - INFO - Populating atoms for ed25519-dalek/src/signature.rs and code_id 61396
2025-08-05 12:46:22,439 - PopulateAtomsDeps - INFO - Inserted 8 atoms for file ed25519-dalek/src/signature.rs
2025-08-05 12:46:22,440 - PopulateAtomsDeps - INFO - Populating atoms for ed25519-dalek/src/errors.rs and code_id 61397
2025-08-05 12:46:22,445 - PopulateAtomsDeps - INFO - Inserted 3 atoms for file ed25519-dalek/src/errors.rs
2025-08-05 12:46:22,446 - PopulateAtomsDeps - INFO - Populating atoms for ed25519-dalek/src/signing.rs and code_id 61401
2025-08-05 12:46:22,454 - PopulateAtomsDeps - INFO - Inserted 30 atoms for file ed25519-dalek/src/signing.rs
2025-08-05 12:46:22,454 - PopulateAtomsDeps - INFO - Processing 6 dependencies in batch
2025-08-05 12:46:22,506 - PopulateAtomsDeps - INFO - Inserting 6 new dependencies
2025-08-05 12:46:22,511 - PopulateAtomsDeps - INFO - Processing 82 dependencies in batch
2025-08-05 12:46:22,574 - PopulateAtomsDeps - INFO - Inserting 82 new dependencies
2025-08-05 12:46:22,589 - PopulateAtomsDeps - INFO - Processing 19 dependencies in batch
2025-08-05 12:46:22,648 - PopulateAtomsDeps - INFO - Inserting 19 new dependencies
2025-08-05 12:46:22,656 - PopulateAtomsDeps - INFO - Processing 9 dependencies in batch
2025-08-05 12:46:22,715 - PopulateAtomsDeps - INFO - Inserting 9 new dependencies
2025-08-05 12:46:22,722 - PopulateAtomsDeps - INFO - Processing 20 dependencies in batch
2025-08-05 12:46:22,782 - PopulateAtomsDeps - INFO - Inserting 20 new dependencies
2025-08-05 12:46:22,792 - PopulateAtomsDeps - INFO - Processing 199 dependencies in batch
2025-08-05 12:46:22,872 - PopulateAtomsDeps - INFO - Inserting 199 new dependencies
2025-08-05 12:46:22,888 - PopulateAtomsDeps - INFO - Processing 14 dependencies in batch
2025-08-05 12:46:23,030 - PopulateAtomsDeps - INFO - Inserting 14 new dependencies
2025-08-05 12:46:23,043 - PopulateAtomsDeps - INFO - Processing 62 dependencies in batch
2025-08-05 12:46:23,132 - PopulateAtomsDeps - INFO - Inserting 62 new dependencies
2025-08-05 12:46:23,138 - PopulateAtomsDeps - INFO - Processing 1 dependencies in batch
2025-08-05 12:46:23,189 - PopulateAtomsDeps - INFO - Inserting 1 new dependencies
2025-08-05 12:46:23,193 - PopulateAtomsDeps - INFO - Processing 17 dependencies in batch
2025-08-05 12:46:23,266 - PopulateAtomsDeps - INFO - Inserting 17 new dependencies
2025-08-05 12:46:23,271 - PopulateAtomsDeps - INFO - Processing 28 dependencies in batch
2025-08-05 12:46:23,342 - PopulateAtomsDeps - INFO - Inserting 28 new dependencies
2025-08-05 12:46:23,347 - PopulateAtomsDeps - INFO - Processing 28 dependencies in batch
2025-08-05 12:46:23,413 - PopulateAtomsDeps - INFO - Inserting 28 new dependencies
2025-08-05 12:46:23,417 - PopulateAtomsDeps - INFO - Processing 10 dependencies in batch
2025-08-05 12:46:23,474 - PopulateAtomsDeps - INFO - Inserting 10 new dependencies
2025-08-05 12:46:23,479 - PopulateAtomsDeps - INFO - Processing 9 dependencies in batch
2025-08-05 12:46:23,537 - PopulateAtomsDeps - INFO - Inserting 9 new dependencies
2025-08-05 12:46:23,542 - PopulateAtomsDeps - INFO - Processing 3 dependencies in batch
2025-08-05 12:46:23,593 - PopulateAtomsDeps - INFO - Inserting 3 new dependencies
2025-08-05 12:46:23,598 - PopulateAtomsDeps - INFO - Processing 80 dependencies in batch
2025-08-05 12:46:23,665 - PopulateAtomsDeps - INFO - Inserting 80 new dependencies
2025-08-05 12:46:23,672 - PopulateAtomsDeps - INFO - Processing 9 dependencies in batch
2025-08-05 12:46:23,731 - PopulateAtomsDeps - INFO - Inserting 9 new dependencies
2025-08-05 12:46:23,736 - PopulateAtomsDeps - INFO - Processing 11 dependencies in batch
2025-08-05 12:46:23,795 - PopulateAtomsDeps - INFO - Inserting 11 new dependencies
2025-08-05 12:46:23,800 - PopulateAtomsDeps - INFO - Processing 3 dependencies in batch
2025-08-05 12:46:23,855 - PopulateAtomsDeps - INFO - Inserting 3 new dependencies
2025-08-05 12:46:23,859 - PopulateAtomsDeps - INFO - Processing 1 dependencies in batch
2025-08-05 12:46:23,908 - PopulateAtomsDeps - INFO - Inserting 1 new dependencies
2025-08-05 12:46:23,913 - PopulateAtomsDeps - INFO - Processing 89 dependencies in batch
2025-08-05 12:46:23,974 - PopulateAtomsDeps - INFO - Inserting 89 new dependencies
2025-08-05 12:46:23,980 - PopulateAtomsDeps - INFO - Processing 80 dependencies in batch
2025-08-05 12:46:24,043 - PopulateAtomsDeps - INFO - Inserting 80 new dependencies
2025-08-05 12:46:24,049 - PopulateAtomsDeps - INFO - Processing 40 dependencies in batch
2025-08-05 12:46:24,119 - PopulateAtomsDeps - INFO - Inserting 40 new dependencies
2025-08-05 12:46:24,124 - PopulateAtomsDeps - INFO - Processing 37 dependencies in batch
2025-08-05 12:46:24,182 - PopulateAtomsDeps - INFO - Inserting 37 new dependencies
2025-08-05 12:46:24,187 - PopulateAtomsDeps - INFO - Processing 26 dependencies in batch
2025-08-05 12:46:24,250 - PopulateAtomsDeps - INFO - Inserting 26 new dependencies
2025-08-05 12:46:24,255 - PopulateAtomsDeps - INFO - Processing 6 dependencies in batch
2025-08-05 12:46:24,317 - PopulateAtomsDeps - INFO - Inserting 6 new dependencies
2025-08-05 12:46:24,321 - PopulateAtomsDeps - INFO - Processing 7 dependencies in batch
2025-08-05 12:46:24,376 - PopulateAtomsDeps - INFO - Inserting 7 new dependencies
2025-08-05 12:46:24,381 - PopulateAtomsDeps - INFO - Processing 76 dependencies in batch
2025-08-05 12:46:24,452 - PopulateAtomsDeps - INFO - Inserting 76 new dependencies
2025-08-05 12:46:24,459 - PopulateAtomsDeps - INFO - Processing 209 dependencies in batch
2025-08-05 12:46:24,537 - PopulateAtomsDeps - INFO - Inserting 209 new dependencies
2025-08-05 12:46:24,547 - PopulateAtomsDeps - INFO - Processing 209 dependencies in batch
2025-08-05 12:46:24,627 - PopulateAtomsDeps - INFO - Inserting 209 new dependencies
2025-08-05 12:46:24,639 - PopulateAtomsDeps - INFO - Processing 87 dependencies in batch
2025-08-05 12:46:24,705 - PopulateAtomsDeps - INFO - Inserting 87 new dependencies
2025-08-05 12:46:24,713 - PopulateAtomsDeps - INFO - Processing 195 dependencies in batch
2025-08-05 12:46:24,788 - PopulateAtomsDeps - INFO - Inserting 195 new dependencies
2025-08-05 12:46:24,795 - PopulateAtomsDeps - INFO - Processing 20 dependencies in batch
2025-08-05 12:46:24,856 - PopulateAtomsDeps - INFO - Inserting 20 new dependencies
2025-08-05 12:46:24,861 - PopulateAtomsDeps - INFO - Processing 12 dependencies in batch
2025-08-05 12:46:24,928 - PopulateAtomsDeps - INFO - Inserting 12 new dependencies
2025-08-05 12:46:24,933 - PopulateAtomsDeps - INFO - Processing 11 dependencies in batch
2025-08-05 12:46:24,987 - PopulateAtomsDeps - INFO - Inserting 11 new dependencies
2025-08-05 12:46:24,993 - PopulateAtomsDeps - INFO - Processing 11 dependencies in batch
2025-08-05 12:46:25,053 - PopulateAtomsDeps - INFO - Inserting 11 new dependencies
2025-08-05 12:46:25,058 - PopulateAtomsDeps - INFO - Processing 69 dependencies in batch
2025-08-05 12:46:25,135 - PopulateAtomsDeps - INFO - Inserting 69 new dependencies
2025-08-05 12:46:25,142 - PopulateAtomsDeps - INFO - Processing 44 dependencies in batch
2025-08-05 12:46:25,277 - PopulateAtomsDeps - INFO - Inserting 44 new dependencies
2025-08-05 12:46:25,287 - PopulateAtomsDeps - INFO - Processing 24 dependencies in batch
2025-08-05 12:46:25,388 - PopulateAtomsDeps - INFO - Inserting 24 new dependencies
2025-08-05 12:46:25,393 - PopulateAtomsDeps - INFO - Processing 31 dependencies in batch
2025-08-05 12:46:25,480 - PopulateAtomsDeps - INFO - Inserting 31 new dependencies
2025-08-05 12:46:25,485 - PopulateAtomsDeps - INFO - Processing 26 dependencies in batch
2025-08-05 12:46:25,567 - PopulateAtomsDeps - INFO - Inserting 26 new dependencies
2025-08-05 12:46:25,572 - PopulateAtomsDeps - INFO - Processing 54 dependencies in batch
2025-08-05 12:46:25,637 - PopulateAtomsDeps - INFO - Inserting 54 new dependencies
2025-08-05 12:46:25,642 - PopulateAtomsDeps - INFO - Processing 10 dependencies in batch
2025-08-05 12:46:25,697 - PopulateAtomsDeps - INFO - Inserting 10 new dependencies
2025-08-05 12:46:25,701 - PopulateAtomsDeps - INFO - Processing 1 dependencies in batch
2025-08-05 12:46:25,749 - PopulateAtomsDeps - INFO - Inserting 1 new dependencies
2025-08-05 12:46:25,753 - PopulateAtomsDeps - INFO - Processing 34 dependencies in batch
2025-08-05 12:46:25,825 - PopulateAtomsDeps - INFO - Inserting 34 new dependencies
2025-08-05 12:46:25,830 - PopulateAtomsDeps - INFO - Setting code_id for file molecules in repo 3161
2025-08-05 12:46:25,837 - PopulateAtomsDeps - INFO - Found 50 file molecules with code_id=0 to update
2025-08-05 12:46:25,837 - PopulateAtomsDeps - INFO - Found 0 file molecules with specific code_ids
2025-08-05 12:46:25,867 - PopulateAtomsDeps - INFO - Found code_id mappings for 50 files
2025-08-05 12:46:25,873 - PopulateAtomsDeps - INFO - Successfully updated code_id for 50 file molecules
2025-08-05 12:46:25,874 - PopulateAtomsDeps - INFO - Reading atomizer log file: logs/atomizer_3161_20250805_124522.log
2025-08-05 12:46:25,874 - PopulateAtomsDeps - INFO - Successfully read 601 characters from atomizer log
2025-08-05 12:46:25,883 - PopulateAtomsDeps - INFO - Inserted combined logs to atomizerlogs table for repo_id 3161
2025-08-05 12:46:25,883 - PopulateAtomsDeps - INFO - Successfully completed populate_atomsdeps_grouped_rust.py for repo_id 3161
2025-08-05 12:46:25,883 - PopulateAtomsDeps - INFO - Processing completed for JSON file: /var/www/html/rust-atomizer/3161.json
