2025-08-12 10:23:25,876 - PopulateAtomsDeps - INFO - Logging to file: logs/populate_atoms_20250812_102325.log
2025-08-12 10:23:25,876 - PopulateAtomsDeps - INFO - Starting populate_atomsdeps_grouped_rust.py with parameters:
2025-08-12 10:23:25,876 - PopulateAtomsDeps - INFO -   repo_id: 3204
2025-08-12 10:23:25,877 - PopulateAtomsDeps - INFO -   json_path: /var/www/html/rust-atomizer/3204.json
2025-08-12 10:23:25,877 - PopulateAtomsDeps - INFO -   user_id: 460176
2025-08-12 10:23:25,877 - PopulateAtomsDeps - INFO -   JSON file exists: True
2025-08-12 10:23:25,877 - PopulateAtomsDeps - INFO -   JSON file size: 667347 bytes
2025-08-12 10:23:25,877 - PopulateAtomsDeps - INFO -   JSON file modified: 2025-08-12 10:23:25.369875
2025-08-12 10:23:25,885 - PopulateAtomsDeps - INFO - Identified 7 folders containing Rust files
2025-08-12 10:23:25,885 - PopulateAtomsDeps - INFO - Populating folder structure with 7 folders as molecules for repo 3204
2025-08-12 10:23:25,887 - PopulateAtomsDeps - INFO - All folders to create (including parents): ['curve25519-dalek', 'curve25519-dalek/src', 'curve25519-dalek/src/backend', 'curve25519-dalek/src/edwards', 'curve25519-dalek/src/backend/serial', 'curve25519-dalek/src/backend/serial/curve_models', 'curve25519-dalek/src/backend/serial/scalar_mul', 'curve25519-dalek/src/backend/serial/u64']
2025-08-12 10:23:25,923 - PopulateAtomsDeps - INFO - Adding 24 new file molecules in batch
2025-08-12 10:23:25,935 - PopulateAtomsDeps - INFO - Successfully populated 32 folder and file molecules for repo 3204
2025-08-12 10:23:25,947 - PopulateAtomsDeps - INFO - Nb of Codes: 32
2025-08-12 10:23:25,952 - PopulateAtomsDeps - INFO - Found 15 atoms for curve25519-dalek/src/backend/mod.rs
2025-08-12 10:23:25,952 - PopulateAtomsDeps - INFO - Found 16 atoms for curve25519-dalek/src/backend/serial/curve_models/mod.rs
2025-08-12 10:23:25,952 - PopulateAtomsDeps - INFO - Found 2 atoms for curve25519-dalek/src/backend/serial/scalar_mul/precomputed_straus.rs
2025-08-12 10:23:25,953 - PopulateAtomsDeps - INFO - Found 6 atoms for curve25519-dalek/src/backend/serial/scalar_mul/pippenger.rs
2025-08-12 10:23:25,953 - PopulateAtomsDeps - INFO - Found 6 atoms for curve25519-dalek/src/backend/serial/scalar_mul/straus.rs
2025-08-12 10:23:25,953 - PopulateAtomsDeps - INFO - Found 2 atoms for curve25519-dalek/src/backend/serial/scalar_mul/variable_base.rs
2025-08-12 10:23:25,953 - PopulateAtomsDeps - WARNING - No atoms found for filename: curve25519-dalek/src/backend/serial/scalar_mul/mod.rs
2025-08-12 10:23:25,953 - PopulateAtomsDeps - INFO - Found 1 atoms for curve25519-dalek/src/backend/serial/scalar_mul/vartime_double_base.rs
2025-08-12 10:23:25,953 - PopulateAtomsDeps - WARNING - No atoms found for filename: curve25519-dalek/src/backend/serial/mod.rs
2025-08-12 10:23:25,954 - PopulateAtomsDeps - INFO - Found 24 atoms for curve25519-dalek/src/backend/serial/u64/field_verus.rs
2025-08-12 10:23:25,954 - PopulateAtomsDeps - INFO - Found 42 atoms for curve25519-dalek/src/backend/serial/u64/common_verus.rs
2025-08-12 10:23:25,955 - PopulateAtomsDeps - INFO - Found 49 atoms for curve25519-dalek/src/backend/serial/u64/scalar_lemmas.rs
2025-08-12 10:23:25,955 - PopulateAtomsDeps - INFO - Found 45 atoms for curve25519-dalek/src/backend/serial/u64/field_lemmas.rs
2025-08-12 10:23:25,955 - PopulateAtomsDeps - INFO - Found 16 atoms for curve25519-dalek/src/backend/serial/u64/scalar.rs
2025-08-12 10:23:25,955 - PopulateAtomsDeps - INFO - Found 1 atoms for curve25519-dalek/src/backend/serial/u64/subtle_assumes.rs
2025-08-12 10:23:25,956 - PopulateAtomsDeps - INFO - Found 17 atoms for curve25519-dalek/src/backend/serial/u64/field.rs
2025-08-12 10:23:25,956 - PopulateAtomsDeps - WARNING - No atoms found for filename: curve25519-dalek/src/backend/serial/u64/constants.rs
2025-08-12 10:23:25,956 - PopulateAtomsDeps - WARNING - No atoms found for filename: curve25519-dalek/src/backend/serial/u64/mod.rs
2025-08-12 10:23:25,956 - PopulateAtomsDeps - INFO - Found 5 atoms for curve25519-dalek/src/backend/serial/u64/scalar_specs.rs
2025-08-12 10:23:25,957 - PopulateAtomsDeps - INFO - Found 24 atoms for curve25519-dalek/src/montgomery.rs
2025-08-12 10:23:25,957 - PopulateAtomsDeps - INFO - Found 47 atoms for curve25519-dalek/src/edwards.rs
2025-08-12 10:23:25,957 - PopulateAtomsDeps - INFO - Found 59 atoms for curve25519-dalek/src/scalar.rs
2025-08-12 10:23:25,957 - PopulateAtomsDeps - WARNING - No atoms found for filename: curve25519-dalek/src/macros.rs
2025-08-12 10:23:25,958 - PopulateAtomsDeps - INFO - Found 23 atoms for curve25519-dalek/src/field.rs
2025-08-12 10:23:25,958 - PopulateAtomsDeps - INFO - Found 67 atoms for curve25519-dalek/src/ristretto.rs
2025-08-12 10:23:25,958 - PopulateAtomsDeps - WARNING - No atoms found for filename: curve25519-dalek/src/diagnostics.rs
2025-08-12 10:23:25,959 - PopulateAtomsDeps - WARNING - No atoms found for filename: curve25519-dalek/src/lib.rs
2025-08-12 10:23:25,959 - PopulateAtomsDeps - WARNING - No atoms found for filename: curve25519-dalek/src/constants.rs
2025-08-12 10:23:25,959 - PopulateAtomsDeps - INFO - Found 10 atoms for curve25519-dalek/src/traits.rs
2025-08-12 10:23:25,960 - PopulateAtomsDeps - INFO - Found 9 atoms for curve25519-dalek/src/window.rs
2025-08-12 10:23:25,960 - PopulateAtomsDeps - INFO - Found 8 atoms for curve25519-dalek/src/edwards/affine.rs
2025-08-12 10:23:25,960 - PopulateAtomsDeps - INFO - Found 12 atoms for curve25519-dalek/build.rs
2025-08-12 10:23:25,960 - PopulateAtomsDeps - INFO - Summary: Found atoms for 24 out of 32 files
2025-08-12 10:23:25,960 - PopulateAtomsDeps - INFO - Populating atoms for curve25519-dalek/src/backend/mod.rs and code_id 64368
2025-08-12 10:23:25,970 - PopulateAtomsDeps - INFO - Inserted 15 atoms for file curve25519-dalek/src/backend/mod.rs
2025-08-12 10:23:25,970 - PopulateAtomsDeps - INFO - Populating atoms for curve25519-dalek/src/backend/serial/curve_models/mod.rs and code_id 64369
2025-08-12 10:23:25,981 - PopulateAtomsDeps - INFO - Inserted 16 atoms for file curve25519-dalek/src/backend/serial/curve_models/mod.rs
2025-08-12 10:23:25,981 - PopulateAtomsDeps - INFO - Populating atoms for curve25519-dalek/src/backend/serial/scalar_mul/precomputed_straus.rs and code_id 64370
2025-08-12 10:23:25,986 - PopulateAtomsDeps - INFO - Inserted 2 atoms for file curve25519-dalek/src/backend/serial/scalar_mul/precomputed_straus.rs
2025-08-12 10:23:25,987 - PopulateAtomsDeps - INFO - Populating atoms for curve25519-dalek/src/backend/serial/scalar_mul/pippenger.rs and code_id 64371
2025-08-12 10:23:25,995 - PopulateAtomsDeps - INFO - Inserted 6 atoms for file curve25519-dalek/src/backend/serial/scalar_mul/pippenger.rs
2025-08-12 10:23:25,995 - PopulateAtomsDeps - INFO - Populating atoms for curve25519-dalek/src/backend/serial/scalar_mul/straus.rs and code_id 64372
2025-08-12 10:23:26,004 - PopulateAtomsDeps - INFO - Inserted 6 atoms for file curve25519-dalek/src/backend/serial/scalar_mul/straus.rs
2025-08-12 10:23:26,005 - PopulateAtomsDeps - INFO - Populating atoms for curve25519-dalek/src/backend/serial/scalar_mul/variable_base.rs and code_id 64373
2025-08-12 10:23:26,011 - PopulateAtomsDeps - INFO - Inserted 2 atoms for file curve25519-dalek/src/backend/serial/scalar_mul/variable_base.rs
2025-08-12 10:23:26,011 - PopulateAtomsDeps - INFO - Populating atoms for curve25519-dalek/src/backend/serial/scalar_mul/vartime_double_base.rs and code_id 64375
2025-08-12 10:23:26,017 - PopulateAtomsDeps - INFO - Inserted 1 atoms for file curve25519-dalek/src/backend/serial/scalar_mul/vartime_double_base.rs
2025-08-12 10:23:26,017 - PopulateAtomsDeps - INFO - Populating atoms for curve25519-dalek/src/backend/serial/u64/field_verus.rs and code_id 64377
2025-08-12 10:23:26,039 - PopulateAtomsDeps - INFO - Inserted 24 atoms for file curve25519-dalek/src/backend/serial/u64/field_verus.rs
2025-08-12 10:23:26,040 - PopulateAtomsDeps - INFO - Populating atoms for curve25519-dalek/src/backend/serial/u64/common_verus.rs and code_id 64378
2025-08-12 10:23:26,089 - PopulateAtomsDeps - INFO - Inserted 42 atoms for file curve25519-dalek/src/backend/serial/u64/common_verus.rs
2025-08-12 10:23:26,092 - PopulateAtomsDeps - INFO - Populating atoms for curve25519-dalek/src/backend/serial/u64/scalar_lemmas.rs and code_id 64379
2025-08-12 10:23:26,118 - PopulateAtomsDeps - INFO - Inserted 49 atoms for file curve25519-dalek/src/backend/serial/u64/scalar_lemmas.rs
2025-08-12 10:23:26,119 - PopulateAtomsDeps - INFO - Populating atoms for curve25519-dalek/src/backend/serial/u64/field_lemmas.rs and code_id 64380
2025-08-12 10:23:26,129 - PopulateAtomsDeps - INFO - Inserted 45 atoms for file curve25519-dalek/src/backend/serial/u64/field_lemmas.rs
2025-08-12 10:23:26,130 - PopulateAtomsDeps - INFO - Populating atoms for curve25519-dalek/src/backend/serial/u64/scalar.rs and code_id 64381
2025-08-12 10:23:26,140 - PopulateAtomsDeps - INFO - Inserted 16 atoms for file curve25519-dalek/src/backend/serial/u64/scalar.rs
2025-08-12 10:23:26,140 - PopulateAtomsDeps - INFO - Populating atoms for curve25519-dalek/src/backend/serial/u64/subtle_assumes.rs and code_id 64382
2025-08-12 10:23:26,145 - PopulateAtomsDeps - INFO - Inserted 1 atoms for file curve25519-dalek/src/backend/serial/u64/subtle_assumes.rs
2025-08-12 10:23:26,146 - PopulateAtomsDeps - INFO - Populating atoms for curve25519-dalek/src/backend/serial/u64/field.rs and code_id 64383
2025-08-12 10:23:26,152 - PopulateAtomsDeps - INFO - Inserted 17 atoms for file curve25519-dalek/src/backend/serial/u64/field.rs
2025-08-12 10:23:26,152 - PopulateAtomsDeps - INFO - Populating atoms for curve25519-dalek/src/backend/serial/u64/scalar_specs.rs and code_id 64386
2025-08-12 10:23:26,158 - PopulateAtomsDeps - INFO - Inserted 5 atoms for file curve25519-dalek/src/backend/serial/u64/scalar_specs.rs
2025-08-12 10:23:26,158 - PopulateAtomsDeps - INFO - Populating atoms for curve25519-dalek/src/montgomery.rs and code_id 64387
2025-08-12 10:23:26,166 - PopulateAtomsDeps - INFO - Inserted 24 atoms for file curve25519-dalek/src/montgomery.rs
2025-08-12 10:23:26,166 - PopulateAtomsDeps - INFO - Populating atoms for curve25519-dalek/src/edwards.rs and code_id 64388
2025-08-12 10:23:26,176 - PopulateAtomsDeps - INFO - Inserted 47 atoms for file curve25519-dalek/src/edwards.rs
2025-08-12 10:23:26,177 - PopulateAtomsDeps - INFO - Populating atoms for curve25519-dalek/src/scalar.rs and code_id 64389
2025-08-12 10:23:26,188 - PopulateAtomsDeps - INFO - Inserted 59 atoms for file curve25519-dalek/src/scalar.rs
2025-08-12 10:23:26,189 - PopulateAtomsDeps - INFO - Populating atoms for curve25519-dalek/src/field.rs and code_id 64391
2025-08-12 10:23:26,196 - PopulateAtomsDeps - INFO - Inserted 23 atoms for file curve25519-dalek/src/field.rs
2025-08-12 10:23:26,197 - PopulateAtomsDeps - INFO - Populating atoms for curve25519-dalek/src/ristretto.rs and code_id 64392
2025-08-12 10:23:26,210 - PopulateAtomsDeps - INFO - Inserted 67 atoms for file curve25519-dalek/src/ristretto.rs
2025-08-12 10:23:26,210 - PopulateAtomsDeps - INFO - Populating atoms for curve25519-dalek/src/traits.rs and code_id 64396
2025-08-12 10:23:26,216 - PopulateAtomsDeps - INFO - Inserted 10 atoms for file curve25519-dalek/src/traits.rs
2025-08-12 10:23:26,216 - PopulateAtomsDeps - INFO - Populating atoms for curve25519-dalek/src/window.rs and code_id 64397
2025-08-12 10:23:26,221 - PopulateAtomsDeps - INFO - Inserted 9 atoms for file curve25519-dalek/src/window.rs
2025-08-12 10:23:26,222 - PopulateAtomsDeps - INFO - Populating atoms for curve25519-dalek/src/edwards/affine.rs and code_id 64398
2025-08-12 10:23:26,228 - PopulateAtomsDeps - INFO - Inserted 8 atoms for file curve25519-dalek/src/edwards/affine.rs
2025-08-12 10:23:26,229 - PopulateAtomsDeps - INFO - Populating atoms for curve25519-dalek/build.rs and code_id 64399
2025-08-12 10:23:26,235 - PopulateAtomsDeps - INFO - Inserted 12 atoms for file curve25519-dalek/build.rs
2025-08-12 10:23:26,236 - PopulateAtomsDeps - INFO - Processing 77 dependencies in batch
2025-08-12 10:23:26,317 - PopulateAtomsDeps - INFO - Inserting 77 new dependencies
2025-08-12 10:23:26,329 - PopulateAtomsDeps - INFO - Processing 7 dependencies in batch
2025-08-12 10:23:26,397 - PopulateAtomsDeps - INFO - Inserting 7 new dependencies
2025-08-12 10:23:26,402 - PopulateAtomsDeps - INFO - Processing 7 dependencies in batch
2025-08-12 10:23:26,464 - PopulateAtomsDeps - INFO - Inserting 7 new dependencies
2025-08-12 10:23:26,469 - PopulateAtomsDeps - INFO - Processing 113 dependencies in batch
2025-08-12 10:23:26,565 - PopulateAtomsDeps - INFO - Inserting 113 new dependencies
2025-08-12 10:23:26,572 - PopulateAtomsDeps - INFO - Processing 81 dependencies in batch
2025-08-12 10:23:26,647 - PopulateAtomsDeps - INFO - Inserting 81 new dependencies
2025-08-12 10:23:26,655 - PopulateAtomsDeps - INFO - Processing 92 dependencies in batch
2025-08-12 10:23:26,730 - PopulateAtomsDeps - INFO - Inserting 92 new dependencies
2025-08-12 10:23:26,738 - PopulateAtomsDeps - INFO - Processing 85 dependencies in batch
2025-08-12 10:23:26,832 - PopulateAtomsDeps - INFO - Inserting 85 new dependencies
2025-08-12 10:23:26,839 - PopulateAtomsDeps - INFO - Processing 21 dependencies in batch
2025-08-12 10:23:26,917 - PopulateAtomsDeps - INFO - Inserting 21 new dependencies
2025-08-12 10:23:26,923 - PopulateAtomsDeps - INFO - Processing 6 dependencies in batch
2025-08-12 10:23:27,029 - PopulateAtomsDeps - INFO - Inserting 6 new dependencies
2025-08-12 10:23:27,033 - PopulateAtomsDeps - INFO - Processing 6 dependencies in batch
2025-08-12 10:23:27,188 - PopulateAtomsDeps - INFO - Inserting 6 new dependencies
2025-08-12 10:23:27,193 - PopulateAtomsDeps - INFO - Processing 40 dependencies in batch
2025-08-12 10:23:27,269 - PopulateAtomsDeps - INFO - Inserting 40 new dependencies
2025-08-12 10:23:27,275 - PopulateAtomsDeps - INFO - Processing 73 dependencies in batch
2025-08-12 10:23:27,389 - PopulateAtomsDeps - INFO - Inserting 73 new dependencies
2025-08-12 10:23:27,397 - PopulateAtomsDeps - INFO - Processing 154 dependencies in batch
2025-08-12 10:23:27,493 - PopulateAtomsDeps - INFO - Inserting 154 new dependencies
2025-08-12 10:23:27,500 - PopulateAtomsDeps - INFO - Processing 34 dependencies in batch
2025-08-12 10:23:27,571 - PopulateAtomsDeps - INFO - Inserting 34 new dependencies
2025-08-12 10:23:27,578 - PopulateAtomsDeps - INFO - Processing 92 dependencies in batch
2025-08-12 10:23:27,701 - PopulateAtomsDeps - INFO - Inserting 92 new dependencies
2025-08-12 10:23:27,709 - PopulateAtomsDeps - INFO - Processing 8 dependencies in batch
2025-08-12 10:23:27,778 - PopulateAtomsDeps - INFO - Inserting 8 new dependencies
2025-08-12 10:23:27,783 - PopulateAtomsDeps - INFO - Processing 12 dependencies in batch
2025-08-12 10:23:27,845 - PopulateAtomsDeps - INFO - Inserting 12 new dependencies
2025-08-12 10:23:27,850 - PopulateAtomsDeps - INFO - Processing 6 dependencies in batch
2025-08-12 10:23:27,924 - PopulateAtomsDeps - INFO - Inserting 6 new dependencies
2025-08-12 10:23:27,928 - PopulateAtomsDeps - INFO - Processing 11 dependencies in batch
2025-08-12 10:23:27,993 - PopulateAtomsDeps - INFO - Inserting 11 new dependencies
2025-08-12 10:23:27,997 - PopulateAtomsDeps - INFO - Setting code_id for file molecules in repo 3204
2025-08-12 10:23:28,006 - PopulateAtomsDeps - INFO - Found 24 file molecules with code_id=0 to update
2025-08-12 10:23:28,006 - PopulateAtomsDeps - INFO - Found 0 file molecules with specific code_ids
2025-08-12 10:23:28,021 - PopulateAtomsDeps - INFO - Found code_id mappings for 24 files
2025-08-12 10:23:28,027 - PopulateAtomsDeps - INFO - Successfully updated code_id for 24 file molecules
2025-08-12 10:23:28,029 - PopulateAtomsDeps - INFO - Reading atomizer log file: logs/atomizer_3204_20250812_102250.log
2025-08-12 10:23:28,029 - PopulateAtomsDeps - INFO - Successfully read 601 characters from atomizer log
2025-08-12 10:23:28,034 - PopulateAtomsDeps - INFO - Inserted combined logs to atomizerlogs table for repo_id 3204
2025-08-12 10:23:28,035 - PopulateAtomsDeps - INFO - Successfully completed populate_atomsdeps_grouped_rust.py for repo_id 3204
2025-08-12 10:23:28,035 - PopulateAtomsDeps - INFO - Processing completed for JSON file: /var/www/html/rust-atomizer/3204.json
