2025-08-04 07:33:10,044 - PopulateAtomsDeps - INFO - Logging to file: logs/populate_atoms_20250804_073310.log
2025-08-04 07:33:10,044 - PopulateAtomsDeps - INFO - Starting populate_atomsdeps_grouped_rust.py with parameters:
2025-08-04 07:33:10,044 - PopulateAtomsDeps - INFO -   repo_id: 3158
2025-08-04 07:33:10,044 - PopulateAtomsDeps - INFO -   json_path: /var/www/html/rust-atomizer/3158.json
2025-08-04 07:33:10,044 - PopulateAtomsDeps - INFO -   user_id: 460176
2025-08-04 07:33:10,044 - PopulateAtomsDeps - INFO -   JSON file exists: True
2025-08-04 07:33:10,044 - PopulateAtomsDeps - INFO -   JSON file size: 769672 bytes
2025-08-04 07:33:10,044 - PopulateAtomsDeps - INFO -   JSON file modified: 2025-08-04 07:33:09.538638
2025-08-04 07:33:10,054 - PopulateAtomsDeps - INFO - Identified 19 folders containing Rust files
2025-08-04 07:33:10,055 - PopulateAtomsDeps - INFO - Populating folder structure with 19 folders as molecules for repo 3158
2025-08-04 07:33:10,081 - PopulateAtomsDeps - INFO - All folders to create (including parents): ['ed25519-dalek', 'curve25519-dalek-derive', 'curve25519-dalek', 'x25519-dalek', 'x25519-dalek/src', 'ed25519-dalek/tests', 'curve25519-dalek-derive/tests', 'curve25519-dalek-derive/src', 'ed25519-dalek/benches', 'x25519-dalek/tests', 'curve25519-dalek/benches', 'ed25519-dalek/src', 'x25519-dalek/benches', 'curve25519-dalek/src', 'curve25519-dalek/src/backend', 'curve25519-dalek/src/edwards', 'curve25519-dalek/src/backend/serial', 'curve25519-dalek/src/backend/vector', 'curve25519-dalek/src/backend/serial/u64', 'curve25519-dalek/src/backend/vector/avx2', 'curve25519-dalek/src/backend/vector/scalar_mul', 'curve25519-dalek/src/backend/serial/scalar_mul', 'curve25519-dalek/src/backend/serial/curve_models']
2025-08-04 07:33:10,123 - PopulateAtomsDeps - INFO - Successfully populated 69 folder and file molecules for repo 3158
2025-08-04 07:33:10,153 - PopulateAtomsDeps - INFO - Nb of Codes: 80
2025-08-04 07:33:10,163 - PopulateAtomsDeps - INFO - Found 16 atoms for curve25519-dalek-derive/tests/tests.rs
2025-08-04 07:33:10,163 - PopulateAtomsDeps - INFO - Found 11 atoms for curve25519-dalek-derive/src/lib.rs
2025-08-04 07:33:10,164 - PopulateAtomsDeps - INFO - Found 7 atoms for x25519-dalek/tests/x25519_tests.rs
2025-08-04 07:33:10,164 - PopulateAtomsDeps - INFO - Found 2 atoms for x25519-dalek/benches/x25519.rs
2025-08-04 07:33:10,165 - PopulateAtomsDeps - WARNING - No atoms found for filename: x25519-dalek/src/lib.rs
2025-08-04 07:33:10,166 - PopulateAtomsDeps - INFO - Found 23 atoms for x25519-dalek/src/x25519.rs
2025-08-04 07:33:10,166 - PopulateAtomsDeps - INFO - Found 25 atoms for curve25519-dalek/benches/dalek_benchmarks.rs
2025-08-04 07:33:10,166 - PopulateAtomsDeps - INFO - Found 19 atoms for curve25519-dalek/src/backend/vector/avx2/edwards.rs
2025-08-04 07:33:10,167 - PopulateAtomsDeps - INFO - Found 22 atoms for curve25519-dalek/src/backend/vector/avx2/field.rs
2025-08-04 07:33:10,167 - PopulateAtomsDeps - WARNING - No atoms found for filename: curve25519-dalek/src/backend/vector/avx2/constants.rs
2025-08-04 07:33:10,168 - PopulateAtomsDeps - WARNING - No atoms found for filename: curve25519-dalek/src/backend/vector/avx2/mod.rs
2025-08-04 07:33:10,169 - PopulateAtomsDeps - WARNING - No atoms found for filename: curve25519-dalek/src/backend/vector/ifma/edwards.rs
2025-08-04 07:33:10,169 - PopulateAtomsDeps - WARNING - No atoms found for filename: curve25519-dalek/src/backend/vector/ifma/field.rs
2025-08-04 07:33:10,170 - PopulateAtomsDeps - WARNING - No atoms found for filename: curve25519-dalek/src/backend/vector/ifma/constants.rs
2025-08-04 07:33:10,171 - PopulateAtomsDeps - WARNING - No atoms found for filename: curve25519-dalek/src/backend/vector/ifma/mod.rs
2025-08-04 07:33:10,171 - PopulateAtomsDeps - INFO - Found 4 atoms for curve25519-dalek/src/backend/vector/scalar_mul/precomputed_straus.rs
2025-08-04 07:33:10,171 - PopulateAtomsDeps - INFO - Found 1 atoms for curve25519-dalek/src/backend/vector/scalar_mul/pippenger.rs
2025-08-04 07:33:10,171 - PopulateAtomsDeps - INFO - Found 2 atoms for curve25519-dalek/src/backend/vector/scalar_mul/straus.rs
2025-08-04 07:33:10,172 - PopulateAtomsDeps - INFO - Found 1 atoms for curve25519-dalek/src/backend/vector/scalar_mul/variable_base.rs
2025-08-04 07:33:10,172 - PopulateAtomsDeps - WARNING - No atoms found for filename: curve25519-dalek/src/backend/vector/scalar_mul/mod.rs
2025-08-04 07:33:10,172 - PopulateAtomsDeps - INFO - Found 1 atoms for curve25519-dalek/src/backend/vector/scalar_mul/vartime_double_base.rs
2025-08-04 07:33:10,173 - PopulateAtomsDeps - INFO - Found 9 atoms for curve25519-dalek/src/backend/vector/packed_simd.rs
2025-08-04 07:33:10,173 - PopulateAtomsDeps - WARNING - No atoms found for filename: curve25519-dalek/src/backend/vector/mod.rs
2025-08-04 07:33:10,173 - PopulateAtomsDeps - INFO - Found 12 atoms for curve25519-dalek/src/backend/mod.rs
2025-08-04 07:33:10,174 - PopulateAtomsDeps - INFO - Found 26 atoms for curve25519-dalek/src/backend/serial/curve_models/mod.rs
2025-08-04 07:33:10,174 - PopulateAtomsDeps - INFO - Found 4 atoms for curve25519-dalek/src/backend/serial/scalar_mul/precomputed_straus.rs
2025-08-04 07:33:10,174 - PopulateAtomsDeps - INFO - Found 2 atoms for curve25519-dalek/src/backend/serial/scalar_mul/pippenger.rs
2025-08-04 07:33:10,174 - PopulateAtomsDeps - INFO - Found 2 atoms for curve25519-dalek/src/backend/serial/scalar_mul/straus.rs
2025-08-04 07:33:10,175 - PopulateAtomsDeps - INFO - Found 1 atoms for curve25519-dalek/src/backend/serial/scalar_mul/variable_base.rs
2025-08-04 07:33:10,175 - PopulateAtomsDeps - WARNING - No atoms found for filename: curve25519-dalek/src/backend/serial/scalar_mul/mod.rs
2025-08-04 07:33:10,175 - PopulateAtomsDeps - INFO - Found 1 atoms for curve25519-dalek/src/backend/serial/scalar_mul/vartime_double_base.rs
2025-08-04 07:33:10,175 - PopulateAtomsDeps - WARNING - No atoms found for filename: curve25519-dalek/src/backend/serial/fiat_u32/field.rs
2025-08-04 07:33:10,176 - PopulateAtomsDeps - WARNING - No atoms found for filename: curve25519-dalek/src/backend/serial/fiat_u32/mod.rs
2025-08-04 07:33:10,176 - PopulateAtomsDeps - WARNING - No atoms found for filename: curve25519-dalek/src/backend/serial/u32/scalar.rs
2025-08-04 07:33:10,176 - PopulateAtomsDeps - WARNING - No atoms found for filename: curve25519-dalek/src/backend/serial/u32/field.rs
2025-08-04 07:33:10,177 - PopulateAtomsDeps - WARNING - No atoms found for filename: curve25519-dalek/src/backend/serial/u32/constants.rs
2025-08-04 07:33:10,177 - PopulateAtomsDeps - WARNING - No atoms found for filename: curve25519-dalek/src/backend/serial/u32/mod.rs
2025-08-04 07:33:10,178 - PopulateAtomsDeps - WARNING - No atoms found for filename: curve25519-dalek/src/backend/serial/fiat_u64/field.rs
2025-08-04 07:33:10,178 - PopulateAtomsDeps - WARNING - No atoms found for filename: curve25519-dalek/src/backend/serial/fiat_u64/mod.rs
2025-08-04 07:33:10,178 - PopulateAtomsDeps - WARNING - No atoms found for filename: curve25519-dalek/src/backend/serial/mod.rs
2025-08-04 07:33:10,179 - PopulateAtomsDeps - INFO - Found 11 atoms for curve25519-dalek/src/backend/serial/u64/field_verus.rs
2025-08-04 07:33:10,179 - PopulateAtomsDeps - INFO - Found 1 atoms for curve25519-dalek/src/backend/serial/u64/common_verus.rs
2025-08-04 07:33:10,179 - PopulateAtomsDeps - WARNING - No atoms found for filename: curve25519-dalek/src/backend/serial/u64/scalar_lemmas.rs
2025-08-04 07:33:10,180 - PopulateAtomsDeps - INFO - Found 1 atoms for curve25519-dalek/src/backend/serial/u64/field_lemmas.rs
2025-08-04 07:33:10,180 - PopulateAtomsDeps - INFO - Found 30 atoms for curve25519-dalek/src/backend/serial/u64/scalar.rs
2025-08-04 07:33:10,180 - PopulateAtomsDeps - INFO - Found 1 atoms for curve25519-dalek/src/backend/serial/u64/subtle_assumes.rs
2025-08-04 07:33:10,180 - PopulateAtomsDeps - INFO - Found 22 atoms for curve25519-dalek/src/backend/serial/u64/field.rs
2025-08-04 07:33:10,181 - PopulateAtomsDeps - WARNING - No atoms found for filename: curve25519-dalek/src/backend/serial/u64/constants.rs
2025-08-04 07:33:10,181 - PopulateAtomsDeps - WARNING - No atoms found for filename: curve25519-dalek/src/backend/serial/u64/mod.rs
2025-08-04 07:33:10,181 - PopulateAtomsDeps - WARNING - No atoms found for filename: curve25519-dalek/src/backend/serial/u64/scalar_specs.rs
2025-08-04 07:33:10,182 - PopulateAtomsDeps - INFO - Found 36 atoms for curve25519-dalek/src/montgomery.rs
2025-08-04 07:33:10,182 - PopulateAtomsDeps - INFO - Found 101 atoms for curve25519-dalek/src/edwards.rs
2025-08-04 07:33:10,182 - PopulateAtomsDeps - INFO - Found 78 atoms for curve25519-dalek/src/scalar.rs
2025-08-04 07:33:10,183 - PopulateAtomsDeps - WARNING - No atoms found for filename: curve25519-dalek/src/macros.rs
2025-08-04 07:33:10,183 - PopulateAtomsDeps - INFO - Found 26 atoms for curve25519-dalek/src/field.rs
2025-08-04 07:33:10,183 - PopulateAtomsDeps - INFO - Found 70 atoms for curve25519-dalek/src/ristretto.rs
2025-08-04 07:33:10,184 - PopulateAtomsDeps - WARNING - No atoms found for filename: curve25519-dalek/src/diagnostics.rs
2025-08-04 07:33:10,184 - PopulateAtomsDeps - WARNING - No atoms found for filename: curve25519-dalek/src/lib.rs
2025-08-04 07:33:10,184 - PopulateAtomsDeps - INFO - Found 8 atoms for curve25519-dalek/src/constants.rs
2025-08-04 07:33:10,185 - PopulateAtomsDeps - INFO - Found 10 atoms for curve25519-dalek/src/traits.rs
2025-08-04 07:33:10,185 - PopulateAtomsDeps - INFO - Found 8 atoms for curve25519-dalek/src/window.rs
2025-08-04 07:33:10,185 - PopulateAtomsDeps - INFO - Found 11 atoms for curve25519-dalek/src/edwards/affine.rs
2025-08-04 07:33:10,186 - PopulateAtomsDeps - INFO - Found 5 atoms for curve25519-dalek/build.rs
2025-08-04 07:33:10,186 - PopulateAtomsDeps - INFO - Found 6 atoms for ed25519-dalek/tests/ed25519.rs
2025-08-04 07:33:10,186 - PopulateAtomsDeps - INFO - Found 5 atoms for ed25519-dalek/tests/validation_criteria.rs
2025-08-04 07:33:10,186 - PopulateAtomsDeps - WARNING - No atoms found for filename: ed25519-dalek/tests/pkcs8.rs
2025-08-04 07:33:10,187 - PopulateAtomsDeps - INFO - Found 1 atoms for ed25519-dalek/tests/x25519.rs
2025-08-04 07:33:10,187 - PopulateAtomsDeps - INFO - Found 6 atoms for ed25519-dalek/benches/ed25519_benchmarks.rs
2025-08-04 07:33:10,187 - PopulateAtomsDeps - INFO - Found 23 atoms for ed25519-dalek/src/verifying.rs
2025-08-04 07:33:10,187 - PopulateAtomsDeps - WARNING - No atoms found for filename: ed25519-dalek/src/batch.rs
2025-08-04 07:33:10,188 - PopulateAtomsDeps - INFO - Found 13 atoms for ed25519-dalek/src/hazmat.rs
2025-08-04 07:33:10,188 - PopulateAtomsDeps - INFO - Found 6 atoms for ed25519-dalek/src/signature.rs
2025-08-04 07:33:10,188 - PopulateAtomsDeps - INFO - Found 2 atoms for ed25519-dalek/src/errors.rs
2025-08-04 07:33:10,189 - PopulateAtomsDeps - WARNING - No atoms found for filename: ed25519-dalek/src/batch/strobe.rs
2025-08-04 07:33:10,189 - PopulateAtomsDeps - WARNING - No atoms found for filename: ed25519-dalek/src/batch/transcript.rs
2025-08-04 07:33:10,189 - PopulateAtomsDeps - WARNING - No atoms found for filename: ed25519-dalek/src/verifying/stream.rs
2025-08-04 07:33:10,190 - PopulateAtomsDeps - INFO - Found 26 atoms for ed25519-dalek/src/signing.rs
2025-08-04 07:33:10,190 - PopulateAtomsDeps - WARNING - No atoms found for filename: ed25519-dalek/src/context.rs
2025-08-04 07:33:10,191 - PopulateAtomsDeps - WARNING - No atoms found for filename: ed25519-dalek/src/lib.rs
2025-08-04 07:33:10,191 - PopulateAtomsDeps - WARNING - No atoms found for filename: ed25519-dalek/src/constants.rs
2025-08-04 07:33:10,191 - PopulateAtomsDeps - INFO - Summary: Found atoms for 46 out of 80 files
2025-08-04 07:33:10,191 - PopulateAtomsDeps - INFO - Populating atoms for curve25519-dalek-derive/tests/tests.rs and code_id 55843
2025-08-04 07:33:10,194 - PopulateAtomsDeps - INFO - Populating atoms for curve25519-dalek-derive/src/lib.rs and code_id 55847
2025-08-04 07:33:10,196 - PopulateAtomsDeps - INFO - Populating atoms for x25519-dalek/tests/x25519_tests.rs and code_id 55855
2025-08-04 07:33:10,197 - PopulateAtomsDeps - INFO - Populating atoms for x25519-dalek/benches/x25519.rs and code_id 55856
2025-08-04 07:33:10,198 - PopulateAtomsDeps - INFO - Populating atoms for x25519-dalek/src/x25519.rs and code_id 55860
2025-08-04 07:33:10,200 - PopulateAtomsDeps - INFO - Populating atoms for curve25519-dalek/benches/dalek_benchmarks.rs and code_id 55871
2025-08-04 07:33:10,202 - PopulateAtomsDeps - INFO - Populating atoms for curve25519-dalek/src/backend/vector/avx2/edwards.rs and code_id 55875
2025-08-04 07:33:10,204 - PopulateAtomsDeps - INFO - Populating atoms for curve25519-dalek/src/backend/vector/avx2/field.rs and code_id 55876
2025-08-04 07:33:10,206 - PopulateAtomsDeps - INFO - Populating atoms for curve25519-dalek/src/backend/vector/scalar_mul/precomputed_straus.rs and code_id 55883
2025-08-04 07:33:10,214 - PopulateAtomsDeps - INFO - Populating atoms for curve25519-dalek/src/backend/vector/scalar_mul/pippenger.rs and code_id 55884
2025-08-04 07:33:10,219 - PopulateAtomsDeps - INFO - Populating atoms for curve25519-dalek/src/backend/vector/scalar_mul/straus.rs and code_id 55885
2025-08-04 07:33:10,220 - PopulateAtomsDeps - INFO - Populating atoms for curve25519-dalek/src/backend/vector/scalar_mul/variable_base.rs and code_id 55886
2025-08-04 07:33:10,221 - PopulateAtomsDeps - INFO - Populating atoms for curve25519-dalek/src/backend/vector/scalar_mul/vartime_double_base.rs and code_id 55888
2025-08-04 07:33:10,222 - PopulateAtomsDeps - INFO - Populating atoms for curve25519-dalek/src/backend/vector/packed_simd.rs and code_id 55889
2025-08-04 07:33:10,223 - PopulateAtomsDeps - INFO - Populating atoms for curve25519-dalek/src/backend/mod.rs and code_id 55891
2025-08-04 07:33:10,225 - PopulateAtomsDeps - INFO - Populating atoms for curve25519-dalek/src/backend/serial/curve_models/mod.rs and code_id 55892
2025-08-04 07:33:10,228 - PopulateAtomsDeps - INFO - Populating atoms for curve25519-dalek/src/backend/serial/scalar_mul/precomputed_straus.rs and code_id 55893
2025-08-04 07:33:10,229 - PopulateAtomsDeps - INFO - Populating atoms for curve25519-dalek/src/backend/serial/scalar_mul/pippenger.rs and code_id 55894
2025-08-04 07:33:10,230 - PopulateAtomsDeps - INFO - Populating atoms for curve25519-dalek/src/backend/serial/scalar_mul/straus.rs and code_id 55895
2025-08-04 07:33:10,231 - PopulateAtomsDeps - INFO - Populating atoms for curve25519-dalek/src/backend/serial/scalar_mul/variable_base.rs and code_id 55896
2025-08-04 07:33:10,232 - PopulateAtomsDeps - INFO - Populating atoms for curve25519-dalek/src/backend/serial/scalar_mul/vartime_double_base.rs and code_id 55898
2025-08-04 07:33:10,233 - PopulateAtomsDeps - INFO - Populating atoms for curve25519-dalek/src/backend/serial/u64/field_verus.rs and code_id 55908
2025-08-04 07:33:10,235 - PopulateAtomsDeps - INFO - Populating atoms for curve25519-dalek/src/backend/serial/u64/common_verus.rs and code_id 55909
2025-08-04 07:33:10,236 - PopulateAtomsDeps - INFO - Populating atoms for curve25519-dalek/src/backend/serial/u64/field_lemmas.rs and code_id 55911
2025-08-04 07:33:10,237 - PopulateAtomsDeps - INFO - Populating atoms for curve25519-dalek/src/backend/serial/u64/scalar.rs and code_id 55912
2025-08-04 07:33:10,240 - PopulateAtomsDeps - INFO - Populating atoms for curve25519-dalek/src/backend/serial/u64/subtle_assumes.rs and code_id 55913
2025-08-04 07:33:10,241 - PopulateAtomsDeps - INFO - Populating atoms for curve25519-dalek/src/backend/serial/u64/field.rs and code_id 55914
2025-08-04 07:33:10,244 - PopulateAtomsDeps - INFO - Populating atoms for curve25519-dalek/src/montgomery.rs and code_id 55918
2025-08-04 07:33:10,248 - PopulateAtomsDeps - INFO - Populating atoms for curve25519-dalek/src/edwards.rs and code_id 55919
2025-08-04 07:33:10,254 - PopulateAtomsDeps - INFO - Populating atoms for curve25519-dalek/src/scalar.rs and code_id 55920
2025-08-04 07:33:10,260 - PopulateAtomsDeps - INFO - Populating atoms for curve25519-dalek/src/field.rs and code_id 55922
2025-08-04 07:33:10,264 - PopulateAtomsDeps - INFO - Populating atoms for curve25519-dalek/src/ristretto.rs and code_id 55923
2025-08-04 07:33:10,268 - PopulateAtomsDeps - INFO - Populating atoms for curve25519-dalek/src/constants.rs and code_id 55926
2025-08-04 07:33:10,270 - PopulateAtomsDeps - INFO - Populating atoms for curve25519-dalek/src/traits.rs and code_id 55927
2025-08-04 07:33:10,271 - PopulateAtomsDeps - INFO - Populating atoms for curve25519-dalek/src/window.rs and code_id 55928
2025-08-04 07:33:10,273 - PopulateAtomsDeps - INFO - Populating atoms for curve25519-dalek/src/edwards/affine.rs and code_id 55929
2025-08-04 07:33:10,274 - PopulateAtomsDeps - INFO - Populating atoms for curve25519-dalek/build.rs and code_id 55930
2025-08-04 07:33:10,275 - PopulateAtomsDeps - INFO - Populating atoms for ed25519-dalek/tests/ed25519.rs and code_id 55937
2025-08-04 07:33:10,276 - PopulateAtomsDeps - INFO - Populating atoms for ed25519-dalek/tests/validation_criteria.rs and code_id 55938
2025-08-04 07:33:10,277 - PopulateAtomsDeps - INFO - Populating atoms for ed25519-dalek/tests/x25519.rs and code_id 55943
2025-08-04 07:33:10,278 - PopulateAtomsDeps - INFO - Populating atoms for ed25519-dalek/benches/ed25519_benchmarks.rs and code_id 55944
2025-08-04 07:33:10,279 - PopulateAtomsDeps - INFO - Populating atoms for ed25519-dalek/src/verifying.rs and code_id 55948
2025-08-04 07:33:10,281 - PopulateAtomsDeps - INFO - Populating atoms for ed25519-dalek/src/hazmat.rs and code_id 55950
2025-08-04 07:33:10,282 - PopulateAtomsDeps - INFO - Populating atoms for ed25519-dalek/src/signature.rs and code_id 55951
2025-08-04 07:33:10,283 - PopulateAtomsDeps - INFO - Populating atoms for ed25519-dalek/src/errors.rs and code_id 55952
2025-08-04 07:33:10,284 - PopulateAtomsDeps - INFO - Populating atoms for ed25519-dalek/src/signing.rs and code_id 55956
2025-08-04 07:33:10,286 - PopulateAtomsDeps - INFO - Processing 8 dependencies in batch
2025-08-04 07:33:10,380 - PopulateAtomsDeps - INFO - All dependencies already exist in the database
2025-08-04 07:33:10,380 - PopulateAtomsDeps - INFO - Processing 12 dependencies in batch
2025-08-04 07:33:10,475 - PopulateAtomsDeps - INFO - All dependencies already exist in the database
2025-08-04 07:33:10,475 - PopulateAtomsDeps - INFO - Processing 9 dependencies in batch
2025-08-04 07:33:10,548 - PopulateAtomsDeps - INFO - All dependencies already exist in the database
2025-08-04 07:33:10,549 - PopulateAtomsDeps - INFO - Processing 4 dependencies in batch
2025-08-04 07:33:10,603 - PopulateAtomsDeps - INFO - All dependencies already exist in the database
2025-08-04 07:33:10,604 - PopulateAtomsDeps - INFO - Processing 18 dependencies in batch
2025-08-04 07:33:10,665 - PopulateAtomsDeps - INFO - All dependencies already exist in the database
2025-08-04 07:33:10,666 - PopulateAtomsDeps - INFO - Processing 66 dependencies in batch
2025-08-04 07:33:10,734 - PopulateAtomsDeps - INFO - All dependencies already exist in the database
2025-08-04 07:33:10,735 - PopulateAtomsDeps - INFO - Processing 29 dependencies in batch
2025-08-04 07:33:10,801 - PopulateAtomsDeps - INFO - All dependencies already exist in the database
2025-08-04 07:33:10,803 - PopulateAtomsDeps - INFO - Processing 31 dependencies in batch
2025-08-04 07:33:10,870 - PopulateAtomsDeps - INFO - All dependencies already exist in the database
2025-08-04 07:33:10,871 - PopulateAtomsDeps - INFO - Processing 4 dependencies in batch
2025-08-04 07:33:10,919 - PopulateAtomsDeps - INFO - All dependencies already exist in the database
2025-08-04 07:33:10,920 - PopulateAtomsDeps - INFO - Processing 3 dependencies in batch
2025-08-04 07:33:10,968 - PopulateAtomsDeps - INFO - All dependencies already exist in the database
2025-08-04 07:33:10,969 - PopulateAtomsDeps - INFO - Processing 6 dependencies in batch
2025-08-04 07:33:11,025 - PopulateAtomsDeps - INFO - All dependencies already exist in the database
2025-08-04 07:33:11,025 - PopulateAtomsDeps - INFO - Processing 4 dependencies in batch
2025-08-04 07:33:11,083 - PopulateAtomsDeps - INFO - All dependencies already exist in the database
2025-08-04 07:33:11,083 - PopulateAtomsDeps - INFO - Processing 6 dependencies in batch
2025-08-04 07:33:11,140 - PopulateAtomsDeps - INFO - All dependencies already exist in the database
2025-08-04 07:33:11,140 - PopulateAtomsDeps - INFO - Processing 2 dependencies in batch
2025-08-04 07:33:11,188 - PopulateAtomsDeps - INFO - All dependencies already exist in the database
2025-08-04 07:33:11,188 - PopulateAtomsDeps - INFO - Processing 26 dependencies in batch
2025-08-04 07:33:11,246 - PopulateAtomsDeps - INFO - All dependencies already exist in the database
2025-08-04 07:33:11,247 - PopulateAtomsDeps - INFO - Processing 12 dependencies in batch
2025-08-04 07:33:11,307 - PopulateAtomsDeps - INFO - All dependencies already exist in the database
2025-08-04 07:33:11,307 - PopulateAtomsDeps - INFO - Processing 7 dependencies in batch
2025-08-04 07:33:11,372 - PopulateAtomsDeps - INFO - All dependencies already exist in the database
2025-08-04 07:33:11,372 - PopulateAtomsDeps - INFO - Processing 7 dependencies in batch
2025-08-04 07:33:11,428 - PopulateAtomsDeps - INFO - All dependencies already exist in the database
2025-08-04 07:33:11,428 - PopulateAtomsDeps - INFO - Processing 8 dependencies in batch
2025-08-04 07:33:11,482 - PopulateAtomsDeps - INFO - All dependencies already exist in the database
2025-08-04 07:33:11,483 - PopulateAtomsDeps - INFO - Processing 5 dependencies in batch
2025-08-04 07:33:11,540 - PopulateAtomsDeps - INFO - All dependencies already exist in the database
2025-08-04 07:33:11,540 - PopulateAtomsDeps - INFO - Processing 9 dependencies in batch
2025-08-04 07:33:11,596 - PopulateAtomsDeps - INFO - All dependencies already exist in the database
2025-08-04 07:33:11,597 - PopulateAtomsDeps - INFO - Processing 6 dependencies in batch
2025-08-04 07:33:11,662 - PopulateAtomsDeps - INFO - All dependencies already exist in the database
2025-08-04 07:33:11,663 - PopulateAtomsDeps - INFO - Processing 31 dependencies in batch
2025-08-04 07:33:11,721 - PopulateAtomsDeps - INFO - All dependencies already exist in the database
2025-08-04 07:33:11,722 - PopulateAtomsDeps - INFO - Processing 6 dependencies in batch
2025-08-04 07:33:11,774 - PopulateAtomsDeps - INFO - All dependencies already exist in the database
2025-08-04 07:33:11,775 - PopulateAtomsDeps - INFO - Processing 61 dependencies in batch
2025-08-04 07:33:11,840 - PopulateAtomsDeps - INFO - All dependencies already exist in the database
2025-08-04 07:33:11,842 - PopulateAtomsDeps - INFO - Processing 174 dependencies in batch
2025-08-04 07:33:11,954 - PopulateAtomsDeps - INFO - All dependencies already exist in the database
2025-08-04 07:33:11,955 - PopulateAtomsDeps - INFO - Processing 101 dependencies in batch
2025-08-04 07:33:12,027 - PopulateAtomsDeps - INFO - All dependencies already exist in the database
2025-08-04 07:33:12,028 - PopulateAtomsDeps - INFO - Processing 45 dependencies in batch
2025-08-04 07:33:12,089 - PopulateAtomsDeps - INFO - All dependencies already exist in the database
2025-08-04 07:33:12,091 - PopulateAtomsDeps - INFO - Processing 118 dependencies in batch
2025-08-04 07:33:12,166 - PopulateAtomsDeps - INFO - All dependencies already exist in the database
2025-08-04 07:33:12,167 - PopulateAtomsDeps - INFO - Processing 14 dependencies in batch
2025-08-04 07:33:12,277 - PopulateAtomsDeps - INFO - All dependencies already exist in the database
2025-08-04 07:33:12,278 - PopulateAtomsDeps - INFO - Processing 4 dependencies in batch
2025-08-04 07:33:12,343 - PopulateAtomsDeps - INFO - All dependencies already exist in the database
2025-08-04 07:33:12,344 - PopulateAtomsDeps - INFO - Processing 12 dependencies in batch
2025-08-04 07:33:12,393 - PopulateAtomsDeps - INFO - All dependencies already exist in the database
2025-08-04 07:33:12,394 - PopulateAtomsDeps - INFO - Processing 12 dependencies in batch
2025-08-04 07:33:12,449 - PopulateAtomsDeps - INFO - All dependencies already exist in the database
2025-08-04 07:33:12,449 - PopulateAtomsDeps - INFO - Processing 3 dependencies in batch
2025-08-04 07:33:12,524 - PopulateAtomsDeps - INFO - All dependencies already exist in the database
2025-08-04 07:33:12,525 - PopulateAtomsDeps - INFO - Processing 27 dependencies in batch
2025-08-04 07:33:12,622 - PopulateAtomsDeps - INFO - All dependencies already exist in the database
2025-08-04 07:33:12,623 - PopulateAtomsDeps - INFO - Processing 8 dependencies in batch
2025-08-04 07:33:12,712 - PopulateAtomsDeps - INFO - All dependencies already exist in the database
2025-08-04 07:33:12,712 - PopulateAtomsDeps - INFO - Processing 14 dependencies in batch
2025-08-04 07:33:12,789 - PopulateAtomsDeps - INFO - All dependencies already exist in the database
2025-08-04 07:33:12,789 - PopulateAtomsDeps - INFO - Processing 11 dependencies in batch
2025-08-04 07:33:12,839 - PopulateAtomsDeps - INFO - All dependencies already exist in the database
2025-08-04 07:33:12,839 - PopulateAtomsDeps - INFO - Processing 28 dependencies in batch
2025-08-04 07:33:12,905 - PopulateAtomsDeps - INFO - All dependencies already exist in the database
2025-08-04 07:33:12,906 - PopulateAtomsDeps - INFO - Processing 19 dependencies in batch
2025-08-04 07:33:12,962 - PopulateAtomsDeps - INFO - All dependencies already exist in the database
2025-08-04 07:33:12,962 - PopulateAtomsDeps - INFO - Processing 5 dependencies in batch
2025-08-04 07:33:13,012 - PopulateAtomsDeps - INFO - All dependencies already exist in the database
2025-08-04 07:33:13,013 - PopulateAtomsDeps - INFO - Processing 25 dependencies in batch
2025-08-04 07:33:13,084 - PopulateAtomsDeps - INFO - All dependencies already exist in the database
2025-08-04 07:33:13,084 - PopulateAtomsDeps - INFO - Setting code_id for file molecules in repo 3158
2025-08-04 07:33:13,089 - PopulateAtomsDeps - INFO - Found 0 file molecules with code_id=0 to update
2025-08-04 07:33:13,089 - PopulateAtomsDeps - INFO - Found 46 file molecules with specific code_ids
2025-08-04 07:33:13,089 - PopulateAtomsDeps - INFO - No file molecules with code_id = 0 found to update
2025-08-04 07:33:13,090 - PopulateAtomsDeps - INFO - Reading atomizer log file: logs/atomizer_3158_20250804_073217.log
2025-08-04 07:33:13,090 - PopulateAtomsDeps - INFO - Successfully read 600 characters from atomizer log
2025-08-04 07:33:13,099 - PopulateAtomsDeps - INFO - Inserted combined logs to atomizerlogs table for repo_id 3158
2025-08-04 07:33:13,100 - PopulateAtomsDeps - INFO - Successfully completed populate_atomsdeps_grouped_rust.py for repo_id 3158
2025-08-04 07:33:13,100 - PopulateAtomsDeps - INFO - Processing completed for JSON file: /var/www/html/rust-atomizer/3158.json
