2025-07-25 16:07:58,873 - PopulateAtomsDeps - INFO - Logging to file: logs/populate_atoms_20250725_160758.log
2025-07-25 16:07:58,873 - PopulateAtomsDeps - INFO - Starting populate_atomsdeps_grouped_rust.py with parameters:
2025-07-25 16:07:58,874 - PopulateAtomsDeps - INFO -   repo_id: 3144
2025-07-25 16:07:58,874 - PopulateAtomsDeps - INFO -   json_path: /var/www/html/rust-atomizer/3144.json
2025-07-25 16:07:58,874 - PopulateAtomsDeps - INFO -   user_id: 460176
2025-07-25 16:07:58,874 - PopulateAtomsDeps - INFO -   JSON file exists: True
2025-07-25 16:07:58,874 - PopulateAtomsDeps - INFO -   JSON file size: 54078 bytes
2025-07-25 16:07:58,874 - PopulateAtomsDeps - INFO -   JSON file modified: 2025-07-25 16:07:58.376653
2025-07-25 16:07:58,875 - PopulateAtomsDeps - INFO - Identified 1 folders containing Rust files
2025-07-25 16:07:58,875 - PopulateAtomsDeps - INFO - Populating folder structure with 1 folders as molecules for repo 3144
2025-07-25 16:07:58,876 - PopulateAtomsDeps - INFO - All folders to create (including parents): ['src']
2025-07-25 16:07:58,884 - PopulateAtomsDeps - INFO - Adding 2 new file molecules in batch
2025-07-25 16:07:58,889 - PopulateAtomsDeps - INFO - Successfully populated 3 folder and file molecules for repo 3144
2025-07-25 16:07:59,123 - PopulateAtomsDeps - INFO - !!!!!Code ID 51770: filename='src/scalar_verus.rs', folder_id=12258, folder_path='src'
2025-07-25 16:07:59,123 - PopulateAtomsDeps - INFO - !!!!!Code ID 51771: filename='src/field_verus.rs', folder_id=12258, folder_path='src'
2025-07-25 16:07:59,124 - PopulateAtomsDeps - INFO - !!!!!Code ID 51772: filename='src/lib.rs', folder_id=12258, folder_path='src'
2025-07-25 16:07:59,124 - PopulateAtomsDeps - INFO - !!!!!Code ID 51773: filename='Cargo.toml', folder_id=None, folder_path='None'
2025-07-25 16:07:59,124 - PopulateAtomsDeps - INFO - Retrieved 4 codes from database
2025-07-25 16:07:59,126 - PopulateAtomsDeps - INFO - Nb of Codes: 3
2025-07-25 16:07:59,126 - PopulateAtomsDeps - INFO - Found 20 atoms for src/scalar_verus.rs
2025-07-25 16:07:59,126 - PopulateAtomsDeps - INFO - Found 11 atoms for src/field_verus.rs
2025-07-25 16:07:59,126 - PopulateAtomsDeps - WARNING - No atoms found for filename: src/lib.rs
2025-07-25 16:07:59,127 - PopulateAtomsDeps - INFO - Summary: Found atoms for 2 out of 3 files
2025-07-25 16:07:59,127 - PopulateAtomsDeps - INFO - Populating atoms for src/scalar_verus.rs and code_id 51770
2025-07-25 16:07:59,137 - PopulateAtomsDeps - INFO - Inserted 20 atoms for file src/scalar_verus.rs
2025-07-25 16:07:59,137 - PopulateAtomsDeps - INFO - Populating atoms for src/field_verus.rs and code_id 51771
2025-07-25 16:07:59,146 - PopulateAtomsDeps - INFO - Inserted 11 atoms for file src/field_verus.rs
2025-07-25 16:07:59,147 - PopulateAtomsDeps - INFO - Processing 22 dependencies in batch
2025-07-25 16:07:59,205 - PopulateAtomsDeps - INFO - Inserting 22 new dependencies
2025-07-25 16:07:59,211 - PopulateAtomsDeps - INFO - Processing 6 dependencies in batch
2025-07-25 16:07:59,267 - PopulateAtomsDeps - INFO - Inserting 6 new dependencies
2025-07-25 16:07:59,272 - PopulateAtomsDeps - INFO - Setting code_id for file molecules in repo 3144
2025-07-25 16:07:59,274 - PopulateAtomsDeps - INFO - Found 2 file molecules with code_id=0 to update
2025-07-25 16:07:59,274 - PopulateAtomsDeps - INFO - Found 0 file molecules with specific code_ids
2025-07-25 16:07:59,276 - PopulateAtomsDeps - INFO - Found code_id mappings for 2 files
2025-07-25 16:07:59,281 - PopulateAtomsDeps - INFO - Successfully updated code_id for 2 file molecules
2025-07-25 16:07:59,282 - PopulateAtomsDeps - INFO - Reading atomizer log file: logs/atomizer_3144_20250725_160715.log
2025-07-25 16:07:59,282 - PopulateAtomsDeps - INFO - Successfully read 600 characters from atomizer log
2025-07-25 16:07:59,291 - PopulateAtomsDeps - INFO - Inserted combined logs to atomizerlogs table for repo_id 3144
2025-07-25 16:07:59,292 - PopulateAtomsDeps - INFO - Successfully completed populate_atomsdeps_grouped_rust.py for repo_id 3144
2025-07-25 16:07:59,292 - PopulateAtomsDeps - INFO - Processing completed for JSON file: /var/www/html/rust-atomizer/3144.json
