2025-07-25 11:33:17,388 - PopulateAtomsDeps - INFO - Logging to file: logs/populate_atoms_20250725_113317.log
2025-07-25 11:33:17,388 - PopulateAtomsDeps - INFO - Starting populate_atomsdeps_grouped_rust.py with parameters:
2025-07-25 11:33:17,388 - PopulateAtomsDeps - INFO -   repo_id: 3131
2025-07-25 11:33:17,388 - PopulateAtomsDeps - INFO -   json_path: /var/www/html/rust-atomizer/3131.json
2025-07-25 11:33:17,388 - PopulateAtomsDeps - INFO -   user_id: 460176
2025-07-25 11:33:17,388 - PopulateAtomsDeps - INFO -   JSON file exists: True
2025-07-25 11:33:17,388 - PopulateAtomsDeps - INFO -   JSON file size: 54078 bytes
2025-07-25 11:33:17,388 - PopulateAtomsDeps - INFO -   JSON file modified: 2025-07-25 11:33:16.653294
2025-07-25 11:33:17,389 - PopulateAtomsDeps - INFO - Identified 1 folders containing Rust files
2025-07-25 11:33:17,390 - PopulateAtomsDeps - INFO - Populating folder structure with 1 folders as molecules for repo 3131
2025-07-25 11:33:17,407 - PopulateAtomsDeps - INFO - All folders to create (including parents): ['src']
2025-07-25 11:33:17,421 - PopulateAtomsDeps - INFO - Adding 2 new file molecules in batch
2025-07-25 11:33:17,427 - PopulateAtomsDeps - INFO - Successfully populated 3 folder and file molecules for repo 3131
2025-07-25 11:33:17,680 - PopulateAtomsDeps - INFO - !!!!!Code ID 51719: filename='src/scalar_verus.rs', folder_id=12249, folder_path='src'
2025-07-25 11:33:17,681 - PopulateAtomsDeps - INFO - !!!!!Code ID 51720: filename='src/field_verus.rs', folder_id=12249, folder_path='src'
2025-07-25 11:33:17,681 - PopulateAtomsDeps - INFO - !!!!!Code ID 51721: filename='src/lib.rs', folder_id=12249, folder_path='src'
2025-07-25 11:33:17,681 - PopulateAtomsDeps - INFO - !!!!!Code ID 51722: filename='Cargo.toml', folder_id=None, folder_path='None'
2025-07-25 11:33:17,681 - PopulateAtomsDeps - INFO - Retrieved 4 codes from database
2025-07-25 11:33:17,686 - PopulateAtomsDeps - INFO - Nb of Codes: 3
2025-07-25 11:33:17,687 - PopulateAtomsDeps - INFO - Found 20 atoms for src/scalar_verus.rs
2025-07-25 11:33:17,687 - PopulateAtomsDeps - INFO - Found 11 atoms for src/field_verus.rs
2025-07-25 11:33:17,687 - PopulateAtomsDeps - WARNING - No atoms found for filename: src/lib.rs
2025-07-25 11:33:17,687 - PopulateAtomsDeps - INFO - Summary: Found atoms for 2 out of 3 files
2025-07-25 11:33:17,687 - PopulateAtomsDeps - INFO - Populating atoms for src/scalar_verus.rs and code_id 51719
2025-07-25 11:33:17,699 - PopulateAtomsDeps - INFO - Inserted 20 atoms for file src/scalar_verus.rs
2025-07-25 11:33:17,699 - PopulateAtomsDeps - INFO - Populating atoms for src/field_verus.rs and code_id 51720
2025-07-25 11:33:17,710 - PopulateAtomsDeps - INFO - Inserted 11 atoms for file src/field_verus.rs
2025-07-25 11:33:17,710 - PopulateAtomsDeps - INFO - Processing 22 dependencies in batch
2025-07-25 11:33:17,765 - PopulateAtomsDeps - INFO - Inserting 22 new dependencies
2025-07-25 11:33:17,773 - PopulateAtomsDeps - INFO - Processing 6 dependencies in batch
2025-07-25 11:33:17,837 - PopulateAtomsDeps - INFO - Inserting 6 new dependencies
2025-07-25 11:33:17,842 - PopulateAtomsDeps - INFO - Setting code_id for file molecules in repo 3131
2025-07-25 11:33:17,843 - PopulateAtomsDeps - INFO - Found 2 file molecules with code_id=0 to update
2025-07-25 11:33:17,843 - PopulateAtomsDeps - INFO - Found 0 file molecules with specific code_ids
2025-07-25 11:33:17,847 - PopulateAtomsDeps - INFO - Found code_id mappings for 2 files
2025-07-25 11:33:17,852 - PopulateAtomsDeps - INFO - Successfully updated code_id for 2 file molecules
2025-07-25 11:33:17,852 - PopulateAtomsDeps - INFO - Reading atomizer log file: logs/atomizer_3131_20250725_113233.log
2025-07-25 11:33:17,853 - PopulateAtomsDeps - INFO - Successfully read 600 characters from atomizer log
2025-07-25 11:33:17,862 - PopulateAtomsDeps - INFO - Inserted combined logs to atomizerlogs table for repo_id 3131
2025-07-25 11:33:17,862 - PopulateAtomsDeps - INFO - Successfully completed populate_atomsdeps_grouped_rust.py for repo_id 3131
2025-07-25 11:33:17,863 - PopulateAtomsDeps - INFO - Processing completed for JSON file: /var/www/html/rust-atomizer/3131.json
