2025-07-25 11:21:26,912 - PopulateAtomsDeps - INFO - Logging to file: logs/populate_atoms_20250725_112126.log
2025-07-25 11:21:26,913 - PopulateAtomsDeps - INFO - Starting populate_atomsdeps_grouped_rust.py with parameters:
2025-07-25 11:21:26,913 - PopulateAtomsDeps - INFO -   repo_id: 3129
2025-07-25 11:21:26,913 - PopulateAtomsDeps - INFO -   json_path: /var/www/html/rust-atomizer/3129.json
2025-07-25 11:21:26,913 - PopulateAtomsDeps - INFO -   user_id: 460176
2025-07-25 11:21:26,913 - PopulateAtomsDeps - INFO -   JSON file exists: True
2025-07-25 11:21:26,913 - PopulateAtomsDeps - INFO -   JSON file size: 54078 bytes
2025-07-25 11:21:26,913 - PopulateAtomsDeps - INFO -   JSON file modified: 2025-07-25 11:21:26.157272
2025-07-25 11:21:26,914 - PopulateAtomsDeps - INFO - Identified 1 folders containing Rust files
2025-07-25 11:21:26,914 - PopulateAtomsDeps - INFO - Populating folder structure with 1 folders as molecules for repo 3129
2025-07-25 11:21:26,923 - PopulateAtomsDeps - INFO - All folders to create (including parents): ['src']
2025-07-25 11:21:26,930 - PopulateAtomsDeps - INFO - Adding 2 new file molecules in batch
2025-07-25 11:21:26,936 - PopulateAtomsDeps - INFO - Successfully populated 3 folder and file molecules for repo 3129
2025-07-25 11:21:27,261 - PopulateAtomsDeps - INFO - !!!!!Code ID 51711: filename='src/scalar_verus.rs', folder_id=12247, folder_path='src'
2025-07-25 11:21:27,262 - PopulateAtomsDeps - INFO - !!!!!Code ID 51712: filename='src/field_verus.rs', folder_id=12247, folder_path='src'
2025-07-25 11:21:27,262 - PopulateAtomsDeps - INFO - !!!!!Code ID 51713: filename='src/lib.rs', folder_id=12247, folder_path='src'
2025-07-25 11:21:27,262 - PopulateAtomsDeps - INFO - !!!!!Code ID 51714: filename='Cargo.toml', folder_id=None, folder_path='None'
2025-07-25 11:21:27,262 - PopulateAtomsDeps - INFO - Retrieved 4 codes from database
2025-07-25 11:21:27,264 - PopulateAtomsDeps - INFO - Nb of Codes: 3
2025-07-25 11:21:27,264 - PopulateAtomsDeps - INFO - Found 20 atoms for src/scalar_verus.rs
2025-07-25 11:21:27,264 - PopulateAtomsDeps - INFO - Found 11 atoms for src/field_verus.rs
2025-07-25 11:21:27,265 - PopulateAtomsDeps - WARNING - No atoms found for filename: src/lib.rs
2025-07-25 11:21:27,265 - PopulateAtomsDeps - INFO - Summary: Found atoms for 2 out of 3 files
2025-07-25 11:21:27,265 - PopulateAtomsDeps - INFO - Populating atoms for src/scalar_verus.rs and code_id 51711
2025-07-25 11:21:27,274 - PopulateAtomsDeps - INFO - Inserted 20 atoms for file src/scalar_verus.rs
2025-07-25 11:21:27,274 - PopulateAtomsDeps - INFO - Populating atoms for src/field_verus.rs and code_id 51712
2025-07-25 11:21:27,283 - PopulateAtomsDeps - INFO - Inserted 11 atoms for file src/field_verus.rs
2025-07-25 11:21:27,283 - PopulateAtomsDeps - INFO - Processing 22 dependencies in batch
2025-07-25 11:21:27,341 - PopulateAtomsDeps - INFO - Inserting 22 new dependencies
2025-07-25 11:21:27,348 - PopulateAtomsDeps - INFO - Processing 6 dependencies in batch
2025-07-25 11:21:27,398 - PopulateAtomsDeps - INFO - Inserting 6 new dependencies
2025-07-25 11:21:27,403 - PopulateAtomsDeps - INFO - Setting code_id for file molecules in repo 3129
2025-07-25 11:21:27,404 - PopulateAtomsDeps - INFO - Found 2 file molecules with code_id=0 to update
2025-07-25 11:21:27,404 - PopulateAtomsDeps - INFO - Found 0 file molecules with specific code_ids
2025-07-25 11:21:27,407 - PopulateAtomsDeps - INFO - Found code_id mappings for 2 files
2025-07-25 11:21:27,411 - PopulateAtomsDeps - INFO - Successfully updated code_id for 2 file molecules
2025-07-25 11:21:27,411 - PopulateAtomsDeps - INFO - Reading atomizer log file: logs/atomizer_3129_20250725_112041.log
2025-07-25 11:21:27,412 - PopulateAtomsDeps - INFO - Successfully read 600 characters from atomizer log
2025-07-25 11:21:27,420 - PopulateAtomsDeps - INFO - Inserted combined logs to atomizerlogs table for repo_id 3129
2025-07-25 11:21:27,420 - PopulateAtomsDeps - INFO - Successfully completed populate_atomsdeps_grouped_rust.py for repo_id 3129
2025-07-25 11:21:27,420 - PopulateAtomsDeps - INFO - Processing completed for JSON file: /var/www/html/rust-atomizer/3129.json
