2025-08-08 13:27:56,320 - PopulateAtomsDeps - INFO - Logging to file: logs/populate_atoms_20250808_132756.log
2025-08-08 13:27:56,320 - PopulateAtomsDeps - INFO - Starting populate_atomsdeps_grouped_rust.py with parameters:
2025-08-08 13:27:56,320 - PopulateAtomsDeps - INFO -   repo_id: 3192
2025-08-08 13:27:56,320 - PopulateAtomsDeps - INFO -   json_path: /var/www/html/rust-atomizer/3192.json
2025-08-08 13:27:56,320 - PopulateAtomsDeps - INFO -   user_id: 460176
2025-08-08 13:27:56,320 - PopulateAtomsDeps - INFO -   JSON file exists: True
2025-08-08 13:27:56,320 - PopulateAtomsDeps - INFO -   JSON file size: 1092182 bytes
2025-08-08 13:27:56,320 - PopulateAtomsDeps - INFO -   JSON file modified: 2025-08-08 13:27:55.529261
2025-08-08 13:27:56,339 - PopulateAtomsDeps - INFO - Identified 19 folders containing Rust files
2025-08-08 13:27:56,340 - PopulateAtomsDeps - INFO - Populating folder structure with 19 folders as molecules for repo 3192
2025-08-08 13:27:56,358 - PopulateAtomsDeps - INFO - All folders to create (including parents): ['curve25519-dalek', 'ed25519-dalek', 'x25519-dalek', 'curve25519-dalek-derive', 'x25519-dalek/tests', 'ed25519-dalek/tests', 'curve25519-dalek/src', 'ed25519-dalek/benches', 'curve25519-dalek/benches', 'x25519-dalek/benches', 'curve25519-dalek-derive/tests', 'x25519-dalek/src', 'curve25519-dalek-derive/src', 'ed25519-dalek/src', 'curve25519-dalek/src/edwards', 'curve25519-dalek/src/backend', 'curve25519-dalek/src/backend/serial', 'curve25519-dalek/src/backend/vector', 'curve25519-dalek/src/backend/serial/scalar_mul', 'curve25519-dalek/src/backend/vector/avx2', 'curve25519-dalek/src/backend/serial/curve_models', 'curve25519-dalek/src/backend/serial/u64', 'curve25519-dalek/src/backend/vector/scalar_mul']
2025-08-08 13:27:56,520 - PopulateAtomsDeps - INFO - Adding 50 new file molecules in batch
2025-08-08 13:27:56,549 - PopulateAtomsDeps - INFO - Successfully populated 73 folder and file molecules for repo 3192
2025-08-08 13:27:56,577 - PopulateAtomsDeps - INFO - Nb of Codes: 82
2025-08-08 13:27:56,587 - PopulateAtomsDeps - INFO - Found 18 atoms for curve25519-dalek-derive/tests/tests.rs
2025-08-08 13:27:56,588 - PopulateAtomsDeps - INFO - Found 56 atoms for curve25519-dalek-derive/src/lib.rs
2025-08-08 13:27:56,588 - PopulateAtomsDeps - INFO - Found 14 atoms for x25519-dalek/tests/x25519_tests.rs
2025-08-08 13:27:56,589 - PopulateAtomsDeps - INFO - Found 8 atoms for x25519-dalek/benches/x25519.rs
2025-08-08 13:27:56,589 - PopulateAtomsDeps - WARNING - No atoms found for filename: x25519-dalek/src/lib.rs
2025-08-08 13:27:56,590 - PopulateAtomsDeps - INFO - Found 21 atoms for x25519-dalek/src/x25519.rs
2025-08-08 13:27:56,590 - PopulateAtomsDeps - WARNING - No atoms found for filename: curve25519-dalek/edwards.rs
2025-08-08 13:27:56,590 - PopulateAtomsDeps - INFO - Found 46 atoms for curve25519-dalek/benches/dalek_benchmarks.rs
2025-08-08 13:27:56,591 - PopulateAtomsDeps - INFO - Found 12 atoms for curve25519-dalek/src/backend/vector/avx2/edwards.rs
2025-08-08 13:27:56,591 - PopulateAtomsDeps - INFO - Found 40 atoms for curve25519-dalek/src/backend/vector/avx2/field.rs
2025-08-08 13:27:56,591 - PopulateAtomsDeps - INFO - Found 1 atoms for curve25519-dalek/src/backend/vector/avx2/constants.rs
2025-08-08 13:27:56,592 - PopulateAtomsDeps - WARNING - No atoms found for filename: curve25519-dalek/src/backend/vector/avx2/mod.rs
2025-08-08 13:27:56,592 - PopulateAtomsDeps - WARNING - No atoms found for filename: curve25519-dalek/src/backend/vector/ifma/edwards.rs
2025-08-08 13:27:56,592 - PopulateAtomsDeps - WARNING - No atoms found for filename: curve25519-dalek/src/backend/vector/ifma/field.rs
2025-08-08 13:27:56,593 - PopulateAtomsDeps - WARNING - No atoms found for filename: curve25519-dalek/src/backend/vector/ifma/constants.rs
2025-08-08 13:27:56,593 - PopulateAtomsDeps - WARNING - No atoms found for filename: curve25519-dalek/src/backend/vector/ifma/mod.rs
2025-08-08 13:27:56,594 - PopulateAtomsDeps - INFO - Found 5 atoms for curve25519-dalek/src/backend/vector/scalar_mul/precomputed_straus.rs
2025-08-08 13:27:56,594 - PopulateAtomsDeps - INFO - Found 3 atoms for curve25519-dalek/src/backend/vector/scalar_mul/pippenger.rs
2025-08-08 13:27:56,594 - PopulateAtomsDeps - INFO - Found 7 atoms for curve25519-dalek/src/backend/vector/scalar_mul/straus.rs
2025-08-08 13:27:56,595 - PopulateAtomsDeps - INFO - Found 2 atoms for curve25519-dalek/src/backend/vector/scalar_mul/variable_base.rs
2025-08-08 13:27:56,595 - PopulateAtomsDeps - WARNING - No atoms found for filename: curve25519-dalek/src/backend/vector/scalar_mul/mod.rs
2025-08-08 13:27:56,595 - PopulateAtomsDeps - INFO - Found 1 atoms for curve25519-dalek/src/backend/vector/scalar_mul/vartime_double_base.rs
2025-08-08 13:27:56,596 - PopulateAtomsDeps - INFO - Found 18 atoms for curve25519-dalek/src/backend/vector/packed_simd.rs
2025-08-08 13:27:56,596 - PopulateAtomsDeps - WARNING - No atoms found for filename: curve25519-dalek/src/backend/vector/mod.rs
2025-08-08 13:27:56,597 - PopulateAtomsDeps - INFO - Found 19 atoms for curve25519-dalek/src/backend/mod.rs
2025-08-08 13:27:56,597 - PopulateAtomsDeps - INFO - Found 18 atoms for curve25519-dalek/src/backend/serial/curve_models/mod.rs
2025-08-08 13:27:56,597 - PopulateAtomsDeps - INFO - Found 1 atoms for curve25519-dalek/src/backend/serial/scalar_mul/precomputed_straus.rs
2025-08-08 13:27:56,598 - PopulateAtomsDeps - INFO - Found 7 atoms for curve25519-dalek/src/backend/serial/scalar_mul/pippenger.rs
2025-08-08 13:27:56,598 - PopulateAtomsDeps - INFO - Found 5 atoms for curve25519-dalek/src/backend/serial/scalar_mul/straus.rs
2025-08-08 13:27:56,598 - PopulateAtomsDeps - INFO - Found 2 atoms for curve25519-dalek/src/backend/serial/scalar_mul/variable_base.rs
2025-08-08 13:27:56,598 - PopulateAtomsDeps - WARNING - No atoms found for filename: curve25519-dalek/src/backend/serial/scalar_mul/mod.rs
2025-08-08 13:27:56,599 - PopulateAtomsDeps - INFO - Found 1 atoms for curve25519-dalek/src/backend/serial/scalar_mul/vartime_double_base.rs
2025-08-08 13:27:56,599 - PopulateAtomsDeps - WARNING - No atoms found for filename: curve25519-dalek/src/backend/serial/fiat_u32/field.rs
2025-08-08 13:27:56,600 - PopulateAtomsDeps - WARNING - No atoms found for filename: curve25519-dalek/src/backend/serial/fiat_u32/mod.rs
2025-08-08 13:27:56,600 - PopulateAtomsDeps - WARNING - No atoms found for filename: curve25519-dalek/src/backend/serial/u32/scalar.rs
2025-08-08 13:27:56,601 - PopulateAtomsDeps - WARNING - No atoms found for filename: curve25519-dalek/src/backend/serial/u32/field.rs
2025-08-08 13:27:56,601 - PopulateAtomsDeps - WARNING - No atoms found for filename: curve25519-dalek/src/backend/serial/u32/constants.rs
2025-08-08 13:27:56,601 - PopulateAtomsDeps - WARNING - No atoms found for filename: curve25519-dalek/src/backend/serial/u32/mod.rs
2025-08-08 13:27:56,602 - PopulateAtomsDeps - WARNING - No atoms found for filename: curve25519-dalek/src/backend/serial/fiat_u64/field.rs
2025-08-08 13:27:56,602 - PopulateAtomsDeps - WARNING - No atoms found for filename: curve25519-dalek/src/backend/serial/fiat_u64/mod.rs
2025-08-08 13:27:56,603 - PopulateAtomsDeps - WARNING - No atoms found for filename: curve25519-dalek/src/backend/serial/mod.rs
2025-08-08 13:27:56,603 - PopulateAtomsDeps - INFO - Found 3 atoms for curve25519-dalek/src/backend/serial/u64/vstd_u128.rs
2025-08-08 13:27:56,603 - PopulateAtomsDeps - INFO - Found 25 atoms for curve25519-dalek/src/backend/serial/u64/field_verus.rs
2025-08-08 13:27:56,604 - PopulateAtomsDeps - INFO - Found 41 atoms for curve25519-dalek/src/backend/serial/u64/common_verus.rs
2025-08-08 13:27:56,604 - PopulateAtomsDeps - INFO - Found 27 atoms for curve25519-dalek/src/backend/serial/u64/scalar_lemmas.rs
2025-08-08 13:27:56,604 - PopulateAtomsDeps - INFO - Found 24 atoms for curve25519-dalek/src/backend/serial/u64/field_lemmas.rs
2025-08-08 13:27:56,605 - PopulateAtomsDeps - INFO - Found 26 atoms for curve25519-dalek/src/backend/serial/u64/scalar.rs
2025-08-08 13:27:56,605 - PopulateAtomsDeps - INFO - Found 1 atoms for curve25519-dalek/src/backend/serial/u64/subtle_assumes.rs
2025-08-08 13:27:56,605 - PopulateAtomsDeps - INFO - Found 16 atoms for curve25519-dalek/src/backend/serial/u64/field.rs
2025-08-08 13:27:56,606 - PopulateAtomsDeps - WARNING - No atoms found for filename: curve25519-dalek/src/backend/serial/u64/constants.rs
2025-08-08 13:27:56,606 - PopulateAtomsDeps - WARNING - No atoms found for filename: curve25519-dalek/src/backend/serial/u64/mod.rs
2025-08-08 13:27:56,606 - PopulateAtomsDeps - INFO - Found 6 atoms for curve25519-dalek/src/backend/serial/u64/scalar_specs.rs
2025-08-08 13:27:56,607 - PopulateAtomsDeps - INFO - Found 34 atoms for curve25519-dalek/src/montgomery.rs
2025-08-08 13:27:56,607 - PopulateAtomsDeps - INFO - Found 82 atoms for curve25519-dalek/src/edwards.rs
2025-08-08 13:27:56,607 - PopulateAtomsDeps - INFO - Found 88 atoms for curve25519-dalek/src/scalar.rs
2025-08-08 13:27:56,608 - PopulateAtomsDeps - WARNING - No atoms found for filename: curve25519-dalek/src/macros.rs
2025-08-08 13:27:56,608 - PopulateAtomsDeps - INFO - Found 44 atoms for curve25519-dalek/src/field.rs
2025-08-08 13:27:56,609 - PopulateAtomsDeps - INFO - Found 81 atoms for curve25519-dalek/src/ristretto.rs
2025-08-08 13:27:56,609 - PopulateAtomsDeps - WARNING - No atoms found for filename: curve25519-dalek/src/diagnostics.rs
2025-08-08 13:27:56,609 - PopulateAtomsDeps - WARNING - No atoms found for filename: curve25519-dalek/src/lib.rs
2025-08-08 13:27:56,610 - PopulateAtomsDeps - INFO - Found 10 atoms for curve25519-dalek/src/constants.rs
2025-08-08 13:27:56,610 - PopulateAtomsDeps - INFO - Found 6 atoms for curve25519-dalek/src/traits.rs
2025-08-08 13:27:56,610 - PopulateAtomsDeps - INFO - Found 9 atoms for curve25519-dalek/src/window.rs
2025-08-08 13:27:56,611 - PopulateAtomsDeps - INFO - Found 9 atoms for curve25519-dalek/src/edwards/affine.rs
2025-08-08 13:27:56,611 - PopulateAtomsDeps - INFO - Found 10 atoms for curve25519-dalek/build.rs
2025-08-08 13:27:56,611 - PopulateAtomsDeps - INFO - Found 33 atoms for ed25519-dalek/tests/ed25519.rs
2025-08-08 13:27:56,612 - PopulateAtomsDeps - INFO - Found 31 atoms for ed25519-dalek/tests/validation_criteria.rs
2025-08-08 13:27:56,612 - PopulateAtomsDeps - WARNING - No atoms found for filename: ed25519-dalek/tests/pkcs8.rs
2025-08-08 13:27:56,612 - PopulateAtomsDeps - INFO - Found 9 atoms for ed25519-dalek/tests/x25519.rs
2025-08-08 13:27:56,613 - PopulateAtomsDeps - INFO - Found 12 atoms for ed25519-dalek/benches/ed25519_benchmarks.rs
2025-08-08 13:27:56,613 - PopulateAtomsDeps - INFO - Found 19 atoms for ed25519-dalek/src/verifying.rs
2025-08-08 13:27:56,614 - PopulateAtomsDeps - WARNING - No atoms found for filename: ed25519-dalek/src/batch.rs
2025-08-08 13:27:56,614 - PopulateAtomsDeps - INFO - Found 22 atoms for ed25519-dalek/src/hazmat.rs
2025-08-08 13:27:56,614 - PopulateAtomsDeps - INFO - Found 8 atoms for ed25519-dalek/src/signature.rs
2025-08-08 13:27:56,615 - PopulateAtomsDeps - INFO - Found 3 atoms for ed25519-dalek/src/errors.rs
2025-08-08 13:27:56,616 - PopulateAtomsDeps - WARNING - No atoms found for filename: ed25519-dalek/src/batch/strobe.rs
2025-08-08 13:27:56,616 - PopulateAtomsDeps - WARNING - No atoms found for filename: ed25519-dalek/src/batch/transcript.rs
2025-08-08 13:27:56,617 - PopulateAtomsDeps - WARNING - No atoms found for filename: ed25519-dalek/src/verifying/stream.rs
2025-08-08 13:27:56,617 - PopulateAtomsDeps - INFO - Found 30 atoms for ed25519-dalek/src/signing.rs
2025-08-08 13:27:56,617 - PopulateAtomsDeps - WARNING - No atoms found for filename: ed25519-dalek/src/context.rs
2025-08-08 13:27:56,618 - PopulateAtomsDeps - WARNING - No atoms found for filename: ed25519-dalek/src/lib.rs
2025-08-08 13:27:56,619 - PopulateAtomsDeps - WARNING - No atoms found for filename: ed25519-dalek/src/constants.rs
2025-08-08 13:27:56,619 - PopulateAtomsDeps - INFO - Summary: Found atoms for 50 out of 82 files
2025-08-08 13:27:56,619 - PopulateAtomsDeps - INFO - Populating atoms for curve25519-dalek-derive/tests/tests.rs and code_id 63564
2025-08-08 13:27:56,635 - PopulateAtomsDeps - INFO - Inserted 18 atoms for file curve25519-dalek-derive/tests/tests.rs
2025-08-08 13:27:56,636 - PopulateAtomsDeps - INFO - Populating atoms for curve25519-dalek-derive/src/lib.rs and code_id 63568
2025-08-08 13:27:56,685 - PopulateAtomsDeps - INFO - Inserted 56 atoms for file curve25519-dalek-derive/src/lib.rs
2025-08-08 13:27:56,686 - PopulateAtomsDeps - INFO - Populating atoms for x25519-dalek/tests/x25519_tests.rs and code_id 63576
2025-08-08 13:27:56,701 - PopulateAtomsDeps - INFO - Inserted 14 atoms for file x25519-dalek/tests/x25519_tests.rs
2025-08-08 13:27:56,701 - PopulateAtomsDeps - INFO - Populating atoms for x25519-dalek/benches/x25519.rs and code_id 63577
2025-08-08 13:27:56,715 - PopulateAtomsDeps - INFO - Inserted 8 atoms for file x25519-dalek/benches/x25519.rs
2025-08-08 13:27:56,716 - PopulateAtomsDeps - INFO - Populating atoms for x25519-dalek/src/x25519.rs and code_id 63581
2025-08-08 13:27:56,736 - PopulateAtomsDeps - INFO - Inserted 21 atoms for file x25519-dalek/src/x25519.rs
2025-08-08 13:27:56,738 - PopulateAtomsDeps - INFO - Populating atoms for curve25519-dalek/benches/dalek_benchmarks.rs and code_id 63593
2025-08-08 13:27:56,758 - PopulateAtomsDeps - INFO - Inserted 46 atoms for file curve25519-dalek/benches/dalek_benchmarks.rs
2025-08-08 13:27:56,758 - PopulateAtomsDeps - INFO - Populating atoms for curve25519-dalek/src/backend/vector/avx2/edwards.rs and code_id 63597
2025-08-08 13:27:56,766 - PopulateAtomsDeps - INFO - Inserted 12 atoms for file curve25519-dalek/src/backend/vector/avx2/edwards.rs
2025-08-08 13:27:56,767 - PopulateAtomsDeps - INFO - Populating atoms for curve25519-dalek/src/backend/vector/avx2/field.rs and code_id 63598
2025-08-08 13:27:56,785 - PopulateAtomsDeps - INFO - Inserted 40 atoms for file curve25519-dalek/src/backend/vector/avx2/field.rs
2025-08-08 13:27:56,786 - PopulateAtomsDeps - INFO - Populating atoms for curve25519-dalek/src/backend/vector/avx2/constants.rs and code_id 63599
2025-08-08 13:27:56,793 - PopulateAtomsDeps - INFO - Inserted 1 atoms for file curve25519-dalek/src/backend/vector/avx2/constants.rs
2025-08-08 13:27:56,793 - PopulateAtomsDeps - INFO - Populating atoms for curve25519-dalek/src/backend/vector/scalar_mul/precomputed_straus.rs and code_id 63605
2025-08-08 13:27:56,803 - PopulateAtomsDeps - INFO - Inserted 5 atoms for file curve25519-dalek/src/backend/vector/scalar_mul/precomputed_straus.rs
2025-08-08 13:27:56,804 - PopulateAtomsDeps - INFO - Populating atoms for curve25519-dalek/src/backend/vector/scalar_mul/pippenger.rs and code_id 63606
2025-08-08 13:27:56,811 - PopulateAtomsDeps - INFO - Inserted 3 atoms for file curve25519-dalek/src/backend/vector/scalar_mul/pippenger.rs
2025-08-08 13:27:56,812 - PopulateAtomsDeps - INFO - Populating atoms for curve25519-dalek/src/backend/vector/scalar_mul/straus.rs and code_id 63607
2025-08-08 13:27:56,826 - PopulateAtomsDeps - INFO - Inserted 7 atoms for file curve25519-dalek/src/backend/vector/scalar_mul/straus.rs
2025-08-08 13:27:56,827 - PopulateAtomsDeps - INFO - Populating atoms for curve25519-dalek/src/backend/vector/scalar_mul/variable_base.rs and code_id 63608
2025-08-08 13:27:56,832 - PopulateAtomsDeps - INFO - Inserted 2 atoms for file curve25519-dalek/src/backend/vector/scalar_mul/variable_base.rs
2025-08-08 13:27:56,832 - PopulateAtomsDeps - INFO - Populating atoms for curve25519-dalek/src/backend/vector/scalar_mul/vartime_double_base.rs and code_id 63610
2025-08-08 13:27:56,838 - PopulateAtomsDeps - INFO - Inserted 1 atoms for file curve25519-dalek/src/backend/vector/scalar_mul/vartime_double_base.rs
2025-08-08 13:27:56,838 - PopulateAtomsDeps - INFO - Populating atoms for curve25519-dalek/src/backend/vector/packed_simd.rs and code_id 63611
2025-08-08 13:27:56,846 - PopulateAtomsDeps - INFO - Inserted 18 atoms for file curve25519-dalek/src/backend/vector/packed_simd.rs
2025-08-08 13:27:56,846 - PopulateAtomsDeps - INFO - Populating atoms for curve25519-dalek/src/backend/mod.rs and code_id 63613
2025-08-08 13:27:56,855 - PopulateAtomsDeps - INFO - Inserted 19 atoms for file curve25519-dalek/src/backend/mod.rs
2025-08-08 13:27:56,856 - PopulateAtomsDeps - INFO - Populating atoms for curve25519-dalek/src/backend/serial/curve_models/mod.rs and code_id 63614
2025-08-08 13:27:56,872 - PopulateAtomsDeps - INFO - Inserted 18 atoms for file curve25519-dalek/src/backend/serial/curve_models/mod.rs
2025-08-08 13:27:56,873 - PopulateAtomsDeps - INFO - Populating atoms for curve25519-dalek/src/backend/serial/scalar_mul/precomputed_straus.rs and code_id 63615
2025-08-08 13:27:56,880 - PopulateAtomsDeps - INFO - Inserted 1 atoms for file curve25519-dalek/src/backend/serial/scalar_mul/precomputed_straus.rs
2025-08-08 13:27:56,880 - PopulateAtomsDeps - INFO - Populating atoms for curve25519-dalek/src/backend/serial/scalar_mul/pippenger.rs and code_id 63616
2025-08-08 13:27:56,889 - PopulateAtomsDeps - INFO - Inserted 7 atoms for file curve25519-dalek/src/backend/serial/scalar_mul/pippenger.rs
2025-08-08 13:27:56,889 - PopulateAtomsDeps - INFO - Populating atoms for curve25519-dalek/src/backend/serial/scalar_mul/straus.rs and code_id 63617
2025-08-08 13:27:56,896 - PopulateAtomsDeps - INFO - Inserted 5 atoms for file curve25519-dalek/src/backend/serial/scalar_mul/straus.rs
2025-08-08 13:27:56,896 - PopulateAtomsDeps - INFO - Populating atoms for curve25519-dalek/src/backend/serial/scalar_mul/variable_base.rs and code_id 63618
2025-08-08 13:27:56,902 - PopulateAtomsDeps - INFO - Inserted 2 atoms for file curve25519-dalek/src/backend/serial/scalar_mul/variable_base.rs
2025-08-08 13:27:56,903 - PopulateAtomsDeps - INFO - Populating atoms for curve25519-dalek/src/backend/serial/scalar_mul/vartime_double_base.rs and code_id 63620
2025-08-08 13:27:56,914 - PopulateAtomsDeps - INFO - Inserted 1 atoms for file curve25519-dalek/src/backend/serial/scalar_mul/vartime_double_base.rs
2025-08-08 13:27:56,915 - PopulateAtomsDeps - INFO - Populating atoms for curve25519-dalek/src/backend/serial/u64/vstd_u128.rs and code_id 63630
2025-08-08 13:27:56,921 - PopulateAtomsDeps - INFO - Inserted 3 atoms for file curve25519-dalek/src/backend/serial/u64/vstd_u128.rs
2025-08-08 13:27:56,922 - PopulateAtomsDeps - INFO - Populating atoms for curve25519-dalek/src/backend/serial/u64/field_verus.rs and code_id 63631
2025-08-08 13:27:56,934 - PopulateAtomsDeps - INFO - Inserted 25 atoms for file curve25519-dalek/src/backend/serial/u64/field_verus.rs
2025-08-08 13:27:56,934 - PopulateAtomsDeps - INFO - Populating atoms for curve25519-dalek/src/backend/serial/u64/common_verus.rs and code_id 63632
2025-08-08 13:27:56,946 - PopulateAtomsDeps - INFO - Inserted 41 atoms for file curve25519-dalek/src/backend/serial/u64/common_verus.rs
2025-08-08 13:27:56,947 - PopulateAtomsDeps - INFO - Populating atoms for curve25519-dalek/src/backend/serial/u64/scalar_lemmas.rs and code_id 63633
2025-08-08 13:27:56,957 - PopulateAtomsDeps - INFO - Inserted 27 atoms for file curve25519-dalek/src/backend/serial/u64/scalar_lemmas.rs
2025-08-08 13:27:56,958 - PopulateAtomsDeps - INFO - Populating atoms for curve25519-dalek/src/backend/serial/u64/field_lemmas.rs and code_id 63634
2025-08-08 13:27:56,968 - PopulateAtomsDeps - INFO - Inserted 24 atoms for file curve25519-dalek/src/backend/serial/u64/field_lemmas.rs
2025-08-08 13:27:56,968 - PopulateAtomsDeps - INFO - Populating atoms for curve25519-dalek/src/backend/serial/u64/scalar.rs and code_id 63635
2025-08-08 13:27:56,978 - PopulateAtomsDeps - INFO - Inserted 26 atoms for file curve25519-dalek/src/backend/serial/u64/scalar.rs
2025-08-08 13:27:56,978 - PopulateAtomsDeps - INFO - Populating atoms for curve25519-dalek/src/backend/serial/u64/subtle_assumes.rs and code_id 63636
2025-08-08 13:27:56,983 - PopulateAtomsDeps - INFO - Inserted 1 atoms for file curve25519-dalek/src/backend/serial/u64/subtle_assumes.rs
2025-08-08 13:27:56,984 - PopulateAtomsDeps - INFO - Populating atoms for curve25519-dalek/src/backend/serial/u64/field.rs and code_id 63637
2025-08-08 13:27:56,993 - PopulateAtomsDeps - INFO - Inserted 16 atoms for file curve25519-dalek/src/backend/serial/u64/field.rs
2025-08-08 13:27:56,994 - PopulateAtomsDeps - INFO - Populating atoms for curve25519-dalek/src/backend/serial/u64/scalar_specs.rs and code_id 63640
2025-08-08 13:27:57,003 - PopulateAtomsDeps - INFO - Inserted 6 atoms for file curve25519-dalek/src/backend/serial/u64/scalar_specs.rs
2025-08-08 13:27:57,004 - PopulateAtomsDeps - INFO - Populating atoms for curve25519-dalek/src/montgomery.rs and code_id 63641
2025-08-08 13:27:57,025 - PopulateAtomsDeps - INFO - Inserted 34 atoms for file curve25519-dalek/src/montgomery.rs
2025-08-08 13:27:57,029 - PopulateAtomsDeps - INFO - Populating atoms for curve25519-dalek/src/edwards.rs and code_id 63642
2025-08-08 13:27:57,052 - PopulateAtomsDeps - INFO - Inserted 82 atoms for file curve25519-dalek/src/edwards.rs
2025-08-08 13:27:57,054 - PopulateAtomsDeps - INFO - Populating atoms for curve25519-dalek/src/scalar.rs and code_id 63643
2025-08-08 13:27:57,093 - PopulateAtomsDeps - INFO - Inserted 88 atoms for file curve25519-dalek/src/scalar.rs
2025-08-08 13:27:57,095 - PopulateAtomsDeps - INFO - Populating atoms for curve25519-dalek/src/field.rs and code_id 63645
2025-08-08 13:27:57,118 - PopulateAtomsDeps - INFO - Inserted 44 atoms for file curve25519-dalek/src/field.rs
2025-08-08 13:27:57,119 - PopulateAtomsDeps - INFO - Populating atoms for curve25519-dalek/src/ristretto.rs and code_id 63646
2025-08-08 13:27:57,140 - PopulateAtomsDeps - INFO - Inserted 81 atoms for file curve25519-dalek/src/ristretto.rs
2025-08-08 13:27:57,141 - PopulateAtomsDeps - INFO - Populating atoms for curve25519-dalek/src/constants.rs and code_id 63649
2025-08-08 13:27:57,152 - PopulateAtomsDeps - INFO - Inserted 10 atoms for file curve25519-dalek/src/constants.rs
2025-08-08 13:27:57,152 - PopulateAtomsDeps - INFO - Populating atoms for curve25519-dalek/src/traits.rs and code_id 63650
2025-08-08 13:27:57,164 - PopulateAtomsDeps - INFO - Inserted 6 atoms for file curve25519-dalek/src/traits.rs
2025-08-08 13:27:57,165 - PopulateAtomsDeps - INFO - Populating atoms for curve25519-dalek/src/window.rs and code_id 63651
2025-08-08 13:27:57,173 - PopulateAtomsDeps - INFO - Inserted 9 atoms for file curve25519-dalek/src/window.rs
2025-08-08 13:27:57,175 - PopulateAtomsDeps - INFO - Populating atoms for curve25519-dalek/src/edwards/affine.rs and code_id 63652
2025-08-08 13:27:57,186 - PopulateAtomsDeps - INFO - Inserted 9 atoms for file curve25519-dalek/src/edwards/affine.rs
2025-08-08 13:27:57,186 - PopulateAtomsDeps - INFO - Populating atoms for curve25519-dalek/build.rs and code_id 63653
2025-08-08 13:27:57,200 - PopulateAtomsDeps - INFO - Inserted 10 atoms for file curve25519-dalek/build.rs
2025-08-08 13:27:57,201 - PopulateAtomsDeps - INFO - Populating atoms for ed25519-dalek/tests/ed25519.rs and code_id 63668
2025-08-08 13:27:57,210 - PopulateAtomsDeps - INFO - Inserted 31 atoms for file ed25519-dalek/tests/ed25519.rs
2025-08-08 13:27:57,211 - PopulateAtomsDeps - INFO - Populating atoms for ed25519-dalek/tests/validation_criteria.rs and code_id 63669
2025-08-08 13:27:57,221 - PopulateAtomsDeps - INFO - Inserted 31 atoms for file ed25519-dalek/tests/validation_criteria.rs
2025-08-08 13:27:57,222 - PopulateAtomsDeps - INFO - Populating atoms for ed25519-dalek/tests/x25519.rs and code_id 63674
2025-08-08 13:27:57,228 - PopulateAtomsDeps - INFO - Inserted 9 atoms for file ed25519-dalek/tests/x25519.rs
2025-08-08 13:27:57,228 - PopulateAtomsDeps - INFO - Populating atoms for ed25519-dalek/benches/ed25519_benchmarks.rs and code_id 63675
2025-08-08 13:27:57,236 - PopulateAtomsDeps - INFO - Inserted 12 atoms for file ed25519-dalek/benches/ed25519_benchmarks.rs
2025-08-08 13:27:57,236 - PopulateAtomsDeps - INFO - Populating atoms for ed25519-dalek/src/verifying.rs and code_id 63679
2025-08-08 13:27:57,245 - PopulateAtomsDeps - INFO - Inserted 19 atoms for file ed25519-dalek/src/verifying.rs
2025-08-08 13:27:57,246 - PopulateAtomsDeps - INFO - Populating atoms for ed25519-dalek/src/hazmat.rs and code_id 63681
2025-08-08 13:27:57,255 - PopulateAtomsDeps - INFO - Inserted 22 atoms for file ed25519-dalek/src/hazmat.rs
2025-08-08 13:27:57,255 - PopulateAtomsDeps - INFO - Populating atoms for ed25519-dalek/src/signature.rs and code_id 63682
2025-08-08 13:27:57,262 - PopulateAtomsDeps - INFO - Inserted 8 atoms for file ed25519-dalek/src/signature.rs
2025-08-08 13:27:57,263 - PopulateAtomsDeps - INFO - Populating atoms for ed25519-dalek/src/errors.rs and code_id 63683
2025-08-08 13:27:57,270 - PopulateAtomsDeps - INFO - Inserted 3 atoms for file ed25519-dalek/src/errors.rs
2025-08-08 13:27:57,270 - PopulateAtomsDeps - INFO - Populating atoms for ed25519-dalek/src/signing.rs and code_id 63687
2025-08-08 13:27:57,281 - PopulateAtomsDeps - INFO - Inserted 30 atoms for file ed25519-dalek/src/signing.rs
2025-08-08 13:27:57,281 - PopulateAtomsDeps - INFO - Processing 6 dependencies in batch
2025-08-08 13:27:57,367 - PopulateAtomsDeps - INFO - Inserting 6 new dependencies
2025-08-08 13:27:57,378 - PopulateAtomsDeps - INFO - Processing 82 dependencies in batch
2025-08-08 13:27:57,463 - PopulateAtomsDeps - INFO - Inserting 82 new dependencies
2025-08-08 13:27:57,476 - PopulateAtomsDeps - INFO - Processing 19 dependencies in batch
2025-08-08 13:27:57,555 - PopulateAtomsDeps - INFO - Inserting 19 new dependencies
2025-08-08 13:27:57,565 - PopulateAtomsDeps - INFO - Processing 9 dependencies in batch
2025-08-08 13:27:57,654 - PopulateAtomsDeps - INFO - Inserting 9 new dependencies
2025-08-08 13:27:57,662 - PopulateAtomsDeps - INFO - Processing 20 dependencies in batch
2025-08-08 13:27:57,738 - PopulateAtomsDeps - INFO - Inserting 20 new dependencies
2025-08-08 13:27:57,749 - PopulateAtomsDeps - INFO - Processing 199 dependencies in batch
2025-08-08 13:27:57,846 - PopulateAtomsDeps - INFO - Inserting 199 new dependencies
2025-08-08 13:27:57,859 - PopulateAtomsDeps - INFO - Processing 14 dependencies in batch
2025-08-08 13:27:57,940 - PopulateAtomsDeps - INFO - Inserting 14 new dependencies
2025-08-08 13:27:57,946 - PopulateAtomsDeps - INFO - Processing 62 dependencies in batch
2025-08-08 13:27:58,019 - PopulateAtomsDeps - INFO - Inserting 62 new dependencies
2025-08-08 13:27:58,028 - PopulateAtomsDeps - INFO - Processing 1 dependencies in batch
2025-08-08 13:27:58,093 - PopulateAtomsDeps - INFO - Inserting 1 new dependencies
2025-08-08 13:27:58,100 - PopulateAtomsDeps - INFO - Processing 17 dependencies in batch
2025-08-08 13:27:58,169 - PopulateAtomsDeps - INFO - Inserting 17 new dependencies
2025-08-08 13:27:58,175 - PopulateAtomsDeps - INFO - Processing 28 dependencies in batch
2025-08-08 13:27:58,285 - PopulateAtomsDeps - INFO - Inserting 28 new dependencies
2025-08-08 13:27:58,293 - PopulateAtomsDeps - INFO - Processing 28 dependencies in batch
2025-08-08 13:27:58,410 - PopulateAtomsDeps - INFO - Inserting 28 new dependencies
2025-08-08 13:27:58,416 - PopulateAtomsDeps - INFO - Processing 10 dependencies in batch
2025-08-08 13:27:58,507 - PopulateAtomsDeps - INFO - Inserting 10 new dependencies
2025-08-08 13:27:58,512 - PopulateAtomsDeps - INFO - Processing 9 dependencies in batch
2025-08-08 13:27:58,579 - PopulateAtomsDeps - INFO - Inserting 9 new dependencies
2025-08-08 13:27:58,584 - PopulateAtomsDeps - INFO - Processing 3 dependencies in batch
2025-08-08 13:27:58,653 - PopulateAtomsDeps - INFO - Inserting 3 new dependencies
2025-08-08 13:27:58,658 - PopulateAtomsDeps - INFO - Processing 80 dependencies in batch
2025-08-08 13:27:58,742 - PopulateAtomsDeps - INFO - Inserting 80 new dependencies
2025-08-08 13:27:58,749 - PopulateAtomsDeps - INFO - Processing 9 dependencies in batch
2025-08-08 13:27:58,826 - PopulateAtomsDeps - INFO - Inserting 9 new dependencies
2025-08-08 13:27:58,832 - PopulateAtomsDeps - INFO - Processing 11 dependencies in batch
2025-08-08 13:27:58,895 - PopulateAtomsDeps - INFO - Inserting 11 new dependencies
2025-08-08 13:27:58,901 - PopulateAtomsDeps - INFO - Processing 3 dependencies in batch
2025-08-08 13:27:58,956 - PopulateAtomsDeps - INFO - Inserting 3 new dependencies
2025-08-08 13:27:58,962 - PopulateAtomsDeps - INFO - Processing 1 dependencies in batch
2025-08-08 13:27:59,019 - PopulateAtomsDeps - INFO - Inserting 1 new dependencies
2025-08-08 13:27:59,025 - PopulateAtomsDeps - INFO - Processing 103 dependencies in batch
2025-08-08 13:27:59,117 - PopulateAtomsDeps - INFO - Inserting 103 new dependencies
2025-08-08 13:27:59,124 - PopulateAtomsDeps - INFO - Processing 80 dependencies in batch
2025-08-08 13:27:59,207 - PopulateAtomsDeps - INFO - Inserting 80 new dependencies
2025-08-08 13:27:59,214 - PopulateAtomsDeps - INFO - Processing 40 dependencies in batch
2025-08-08 13:27:59,326 - PopulateAtomsDeps - INFO - Inserting 40 new dependencies
2025-08-08 13:27:59,332 - PopulateAtomsDeps - INFO - Processing 41 dependencies in batch
2025-08-08 13:27:59,475 - PopulateAtomsDeps - INFO - Inserting 41 new dependencies
2025-08-08 13:27:59,481 - PopulateAtomsDeps - INFO - Processing 26 dependencies in batch
2025-08-08 13:27:59,578 - PopulateAtomsDeps - INFO - Inserting 26 new dependencies
2025-08-08 13:27:59,584 - PopulateAtomsDeps - INFO - Processing 6 dependencies in batch
2025-08-08 13:27:59,689 - PopulateAtomsDeps - INFO - Inserting 6 new dependencies
2025-08-08 13:27:59,693 - PopulateAtomsDeps - INFO - Processing 7 dependencies in batch
2025-08-08 13:27:59,774 - PopulateAtomsDeps - INFO - Inserting 7 new dependencies
2025-08-08 13:27:59,780 - PopulateAtomsDeps - INFO - Processing 76 dependencies in batch
2025-08-08 13:27:59,879 - PopulateAtomsDeps - INFO - Inserting 76 new dependencies
2025-08-08 13:27:59,887 - PopulateAtomsDeps - INFO - Processing 209 dependencies in batch
2025-08-08 13:28:00,048 - PopulateAtomsDeps - INFO - Inserting 209 new dependencies
2025-08-08 13:28:00,088 - PopulateAtomsDeps - INFO - Processing 209 dependencies in batch
2025-08-08 13:28:00,325 - PopulateAtomsDeps - INFO - Inserting 209 new dependencies
2025-08-08 13:28:00,353 - PopulateAtomsDeps - INFO - Processing 87 dependencies in batch
2025-08-08 13:28:00,539 - PopulateAtomsDeps - INFO - Inserting 87 new dependencies
2025-08-08 13:28:00,568 - PopulateAtomsDeps - INFO - Processing 195 dependencies in batch
2025-08-08 13:28:00,788 - PopulateAtomsDeps - INFO - Inserting 195 new dependencies
2025-08-08 13:28:00,825 - PopulateAtomsDeps - INFO - Processing 20 dependencies in batch
2025-08-08 13:28:00,909 - PopulateAtomsDeps - INFO - Inserting 20 new dependencies
2025-08-08 13:28:00,914 - PopulateAtomsDeps - INFO - Processing 12 dependencies in batch
2025-08-08 13:28:00,984 - PopulateAtomsDeps - INFO - Inserting 12 new dependencies
2025-08-08 13:28:00,992 - PopulateAtomsDeps - INFO - Processing 11 dependencies in batch
2025-08-08 13:28:01,080 - PopulateAtomsDeps - INFO - Inserting 11 new dependencies
2025-08-08 13:28:01,089 - PopulateAtomsDeps - INFO - Processing 11 dependencies in batch
2025-08-08 13:28:01,325 - PopulateAtomsDeps - INFO - Inserting 11 new dependencies
2025-08-08 13:28:01,332 - PopulateAtomsDeps - INFO - Processing 69 dependencies in batch
2025-08-08 13:28:01,650 - PopulateAtomsDeps - INFO - Inserting 69 new dependencies
2025-08-08 13:28:01,661 - PopulateAtomsDeps - INFO - Processing 44 dependencies in batch
2025-08-08 13:28:02,191 - PopulateAtomsDeps - INFO - Inserting 44 new dependencies
2025-08-08 13:28:02,230 - PopulateAtomsDeps - INFO - Processing 24 dependencies in batch
2025-08-08 13:28:03,309 - PopulateAtomsDeps - INFO - Inserting 24 new dependencies
2025-08-08 13:28:03,355 - PopulateAtomsDeps - INFO - Processing 31 dependencies in batch
2025-08-08 13:28:04,369 - PopulateAtomsDeps - INFO - Inserting 31 new dependencies
2025-08-08 13:28:04,408 - PopulateAtomsDeps - INFO - Processing 26 dependencies in batch
2025-08-08 13:28:04,899 - PopulateAtomsDeps - INFO - Inserting 26 new dependencies
2025-08-08 13:28:04,913 - PopulateAtomsDeps - INFO - Processing 54 dependencies in batch
2025-08-08 13:28:05,105 - PopulateAtomsDeps - INFO - Inserting 54 new dependencies
2025-08-08 13:28:05,112 - PopulateAtomsDeps - INFO - Processing 10 dependencies in batch
2025-08-08 13:28:05,234 - PopulateAtomsDeps - INFO - Inserting 10 new dependencies
2025-08-08 13:28:05,244 - PopulateAtomsDeps - INFO - Processing 1 dependencies in batch
2025-08-08 13:28:05,324 - PopulateAtomsDeps - INFO - Inserting 1 new dependencies
2025-08-08 13:28:05,330 - PopulateAtomsDeps - INFO - Processing 34 dependencies in batch
2025-08-08 13:28:05,459 - PopulateAtomsDeps - INFO - Inserting 34 new dependencies
2025-08-08 13:28:05,471 - PopulateAtomsDeps - INFO - Setting code_id for file molecules in repo 3192
2025-08-08 13:28:05,488 - PopulateAtomsDeps - INFO - Found 50 file molecules with code_id=0 to update
2025-08-08 13:28:05,489 - PopulateAtomsDeps - INFO - Found 0 file molecules with specific code_ids
2025-08-08 13:28:05,671 - PopulateAtomsDeps - INFO - Found code_id mappings for 50 files
2025-08-08 13:28:05,689 - PopulateAtomsDeps - INFO - Successfully updated code_id for 50 file molecules
2025-08-08 13:28:05,691 - PopulateAtomsDeps - INFO - Reading atomizer log file: logs/atomizer_3192_20250808_132646.log
2025-08-08 13:28:05,701 - PopulateAtomsDeps - INFO - Successfully read 601 characters from atomizer log
2025-08-08 13:28:05,729 - PopulateAtomsDeps - INFO - Inserted combined logs to atomizerlogs table for repo_id 3192
2025-08-08 13:28:05,735 - PopulateAtomsDeps - INFO - Successfully completed populate_atomsdeps_grouped_rust.py for repo_id 3192
2025-08-08 13:28:05,737 - PopulateAtomsDeps - INFO - Processing completed for JSON file: /var/www/html/rust-atomizer/3192.json
