2025-08-12 09:56:19,316 - PopulateAtomsDeps - INFO - Logging to file: logs/populate_atoms_20250812_095619.log
2025-08-12 09:56:19,316 - PopulateAtomsDeps - INFO - Starting populate_atomsdeps_grouped_rust.py with parameters:
2025-08-12 09:56:19,316 - PopulateAtomsDeps - INFO -   repo_id: 3192
2025-08-12 09:56:19,316 - PopulateAtomsDeps - INFO -   json_path: /var/www/html/rust-atomizer/3192.json
2025-08-12 09:56:19,316 - PopulateAtomsDeps - INFO -   user_id: 460176
2025-08-12 09:56:19,316 - PopulateAtomsDeps - INFO -   JSON file exists: True
2025-08-12 09:56:19,316 - PopulateAtomsDeps - INFO -   JSON file size: 667347 bytes
2025-08-12 09:56:19,316 - PopulateAtomsDeps - INFO -   JSON file modified: 2025-08-12 09:56:18.995560
2025-08-12 09:56:19,324 - PopulateAtomsDeps - INFO - Identified 7 folders containing Rust files
2025-08-12 09:56:19,325 - PopulateAtomsDeps - INFO - Populating folder structure with 7 folders as molecules for repo 3192
2025-08-12 09:56:19,330 - PopulateAtomsDeps - INFO - All folders to create (including parents): ['curve25519-dalek', 'curve25519-dalek/src', 'curve25519-dalek/src/edwards', 'curve25519-dalek/src/backend', 'curve25519-dalek/src/backend/serial', 'curve25519-dalek/src/backend/serial/curve_models', 'curve25519-dalek/src/backend/serial/scalar_mul', 'curve25519-dalek/src/backend/serial/u64']
2025-08-12 09:56:19,344 - PopulateAtomsDeps - INFO - Successfully populated 32 folder and file molecules for repo 3192
2025-08-12 09:56:19,365 - PopulateAtomsDeps - INFO - Nb of Codes: 82
2025-08-12 09:56:19,371 - PopulateAtomsDeps - WARNING - No atoms found for filename: curve25519-dalek-derive/tests/tests.rs
2025-08-12 09:56:19,371 - PopulateAtomsDeps - WARNING - No atoms found for filename: curve25519-dalek-derive/src/lib.rs
2025-08-12 09:56:19,371 - PopulateAtomsDeps - WARNING - No atoms found for filename: x25519-dalek/tests/x25519_tests.rs
2025-08-12 09:56:19,372 - PopulateAtomsDeps - WARNING - No atoms found for filename: x25519-dalek/benches/x25519.rs
2025-08-12 09:56:19,372 - PopulateAtomsDeps - WARNING - No atoms found for filename: x25519-dalek/src/lib.rs
2025-08-12 09:56:19,373 - PopulateAtomsDeps - WARNING - No atoms found for filename: x25519-dalek/src/x25519.rs
2025-08-12 09:56:19,373 - PopulateAtomsDeps - WARNING - No atoms found for filename: curve25519-dalek/edwards.rs
2025-08-12 09:56:19,373 - PopulateAtomsDeps - WARNING - No atoms found for filename: curve25519-dalek/benches/dalek_benchmarks.rs
2025-08-12 09:56:19,374 - PopulateAtomsDeps - WARNING - No atoms found for filename: curve25519-dalek/src/backend/vector/avx2/edwards.rs
2025-08-12 09:56:19,374 - PopulateAtomsDeps - WARNING - No atoms found for filename: curve25519-dalek/src/backend/vector/avx2/field.rs
2025-08-12 09:56:19,374 - PopulateAtomsDeps - WARNING - No atoms found for filename: curve25519-dalek/src/backend/vector/avx2/constants.rs
2025-08-12 09:56:19,375 - PopulateAtomsDeps - WARNING - No atoms found for filename: curve25519-dalek/src/backend/vector/avx2/mod.rs
2025-08-12 09:56:19,375 - PopulateAtomsDeps - WARNING - No atoms found for filename: curve25519-dalek/src/backend/vector/ifma/edwards.rs
2025-08-12 09:56:19,375 - PopulateAtomsDeps - WARNING - No atoms found for filename: curve25519-dalek/src/backend/vector/ifma/field.rs
2025-08-12 09:56:19,376 - PopulateAtomsDeps - WARNING - No atoms found for filename: curve25519-dalek/src/backend/vector/ifma/constants.rs
2025-08-12 09:56:19,376 - PopulateAtomsDeps - WARNING - No atoms found for filename: curve25519-dalek/src/backend/vector/ifma/mod.rs
2025-08-12 09:56:19,376 - PopulateAtomsDeps - WARNING - No atoms found for filename: curve25519-dalek/src/backend/vector/scalar_mul/precomputed_straus.rs
2025-08-12 09:56:19,377 - PopulateAtomsDeps - WARNING - No atoms found for filename: curve25519-dalek/src/backend/vector/scalar_mul/pippenger.rs
2025-08-12 09:56:19,377 - PopulateAtomsDeps - WARNING - No atoms found for filename: curve25519-dalek/src/backend/vector/scalar_mul/straus.rs
2025-08-12 09:56:19,377 - PopulateAtomsDeps - WARNING - No atoms found for filename: curve25519-dalek/src/backend/vector/scalar_mul/variable_base.rs
2025-08-12 09:56:19,378 - PopulateAtomsDeps - WARNING - No atoms found for filename: curve25519-dalek/src/backend/vector/scalar_mul/mod.rs
2025-08-12 09:56:19,378 - PopulateAtomsDeps - WARNING - No atoms found for filename: curve25519-dalek/src/backend/vector/scalar_mul/vartime_double_base.rs
2025-08-12 09:56:19,378 - PopulateAtomsDeps - WARNING - No atoms found for filename: curve25519-dalek/src/backend/vector/packed_simd.rs
2025-08-12 09:56:19,378 - PopulateAtomsDeps - WARNING - No atoms found for filename: curve25519-dalek/src/backend/vector/mod.rs
2025-08-12 09:56:19,379 - PopulateAtomsDeps - INFO - Found 15 atoms for curve25519-dalek/src/backend/mod.rs
2025-08-12 09:56:19,379 - PopulateAtomsDeps - INFO - Found 16 atoms for curve25519-dalek/src/backend/serial/curve_models/mod.rs
2025-08-12 09:56:19,379 - PopulateAtomsDeps - INFO - Found 2 atoms for curve25519-dalek/src/backend/serial/scalar_mul/precomputed_straus.rs
2025-08-12 09:56:19,379 - PopulateAtomsDeps - INFO - Found 6 atoms for curve25519-dalek/src/backend/serial/scalar_mul/pippenger.rs
2025-08-12 09:56:19,380 - PopulateAtomsDeps - INFO - Found 6 atoms for curve25519-dalek/src/backend/serial/scalar_mul/straus.rs
2025-08-12 09:56:19,380 - PopulateAtomsDeps - INFO - Found 2 atoms for curve25519-dalek/src/backend/serial/scalar_mul/variable_base.rs
2025-08-12 09:56:19,380 - PopulateAtomsDeps - WARNING - No atoms found for filename: curve25519-dalek/src/backend/serial/scalar_mul/mod.rs
2025-08-12 09:56:19,380 - PopulateAtomsDeps - INFO - Found 1 atoms for curve25519-dalek/src/backend/serial/scalar_mul/vartime_double_base.rs
2025-08-12 09:56:19,381 - PopulateAtomsDeps - WARNING - No atoms found for filename: curve25519-dalek/src/backend/serial/fiat_u32/field.rs
2025-08-12 09:56:19,381 - PopulateAtomsDeps - WARNING - No atoms found for filename: curve25519-dalek/src/backend/serial/fiat_u32/mod.rs
2025-08-12 09:56:19,381 - PopulateAtomsDeps - WARNING - No atoms found for filename: curve25519-dalek/src/backend/serial/u32/scalar.rs
2025-08-12 09:56:19,382 - PopulateAtomsDeps - WARNING - No atoms found for filename: curve25519-dalek/src/backend/serial/u32/field.rs
2025-08-12 09:56:19,382 - PopulateAtomsDeps - WARNING - No atoms found for filename: curve25519-dalek/src/backend/serial/u32/constants.rs
2025-08-12 09:56:19,382 - PopulateAtomsDeps - WARNING - No atoms found for filename: curve25519-dalek/src/backend/serial/u32/mod.rs
2025-08-12 09:56:19,383 - PopulateAtomsDeps - WARNING - No atoms found for filename: curve25519-dalek/src/backend/serial/fiat_u64/field.rs
2025-08-12 09:56:19,383 - PopulateAtomsDeps - WARNING - No atoms found for filename: curve25519-dalek/src/backend/serial/fiat_u64/mod.rs
2025-08-12 09:56:19,383 - PopulateAtomsDeps - WARNING - No atoms found for filename: curve25519-dalek/src/backend/serial/mod.rs
2025-08-12 09:56:19,383 - PopulateAtomsDeps - WARNING - No atoms found for filename: curve25519-dalek/src/backend/serial/u64/vstd_u128.rs
2025-08-12 09:56:19,384 - PopulateAtomsDeps - INFO - Found 24 atoms for curve25519-dalek/src/backend/serial/u64/field_verus.rs
2025-08-12 09:56:19,384 - PopulateAtomsDeps - INFO - Found 42 atoms for curve25519-dalek/src/backend/serial/u64/common_verus.rs
2025-08-12 09:56:19,384 - PopulateAtomsDeps - INFO - Found 49 atoms for curve25519-dalek/src/backend/serial/u64/scalar_lemmas.rs
2025-08-12 09:56:19,384 - PopulateAtomsDeps - INFO - Found 45 atoms for curve25519-dalek/src/backend/serial/u64/field_lemmas.rs
2025-08-12 09:56:19,385 - PopulateAtomsDeps - INFO - Found 16 atoms for curve25519-dalek/src/backend/serial/u64/scalar.rs
2025-08-12 09:56:19,385 - PopulateAtomsDeps - INFO - Found 1 atoms for curve25519-dalek/src/backend/serial/u64/subtle_assumes.rs
2025-08-12 09:56:19,385 - PopulateAtomsDeps - INFO - Found 17 atoms for curve25519-dalek/src/backend/serial/u64/field.rs
2025-08-12 09:56:19,385 - PopulateAtomsDeps - WARNING - No atoms found for filename: curve25519-dalek/src/backend/serial/u64/constants.rs
2025-08-12 09:56:19,386 - PopulateAtomsDeps - WARNING - No atoms found for filename: curve25519-dalek/src/backend/serial/u64/mod.rs
2025-08-12 09:56:19,386 - PopulateAtomsDeps - INFO - Found 5 atoms for curve25519-dalek/src/backend/serial/u64/scalar_specs.rs
2025-08-12 09:56:19,386 - PopulateAtomsDeps - INFO - Found 24 atoms for curve25519-dalek/src/montgomery.rs
2025-08-12 09:56:19,386 - PopulateAtomsDeps - INFO - Found 47 atoms for curve25519-dalek/src/edwards.rs
2025-08-12 09:56:19,387 - PopulateAtomsDeps - INFO - Found 59 atoms for curve25519-dalek/src/scalar.rs
2025-08-12 09:56:19,387 - PopulateAtomsDeps - WARNING - No atoms found for filename: curve25519-dalek/src/macros.rs
2025-08-12 09:56:19,387 - PopulateAtomsDeps - INFO - Found 23 atoms for curve25519-dalek/src/field.rs
2025-08-12 09:56:19,388 - PopulateAtomsDeps - INFO - Found 67 atoms for curve25519-dalek/src/ristretto.rs
2025-08-12 09:56:19,388 - PopulateAtomsDeps - WARNING - No atoms found for filename: curve25519-dalek/src/diagnostics.rs
2025-08-12 09:56:19,388 - PopulateAtomsDeps - WARNING - No atoms found for filename: curve25519-dalek/src/lib.rs
2025-08-12 09:56:19,388 - PopulateAtomsDeps - WARNING - No atoms found for filename: curve25519-dalek/src/constants.rs
2025-08-12 09:56:19,389 - PopulateAtomsDeps - INFO - Found 10 atoms for curve25519-dalek/src/traits.rs
2025-08-12 09:56:19,389 - PopulateAtomsDeps - INFO - Found 9 atoms for curve25519-dalek/src/window.rs
2025-08-12 09:56:19,389 - PopulateAtomsDeps - INFO - Found 8 atoms for curve25519-dalek/src/edwards/affine.rs
2025-08-12 09:56:19,389 - PopulateAtomsDeps - INFO - Found 12 atoms for curve25519-dalek/build.rs
2025-08-12 09:56:19,390 - PopulateAtomsDeps - WARNING - No atoms found for filename: ed25519-dalek/tests/ed25519.rs
2025-08-12 09:56:19,390 - PopulateAtomsDeps - WARNING - No atoms found for filename: ed25519-dalek/tests/validation_criteria.rs
2025-08-12 09:56:19,390 - PopulateAtomsDeps - WARNING - No atoms found for filename: ed25519-dalek/tests/pkcs8.rs
2025-08-12 09:56:19,391 - PopulateAtomsDeps - WARNING - No atoms found for filename: ed25519-dalek/tests/x25519.rs
2025-08-12 09:56:19,391 - PopulateAtomsDeps - WARNING - No atoms found for filename: ed25519-dalek/benches/ed25519_benchmarks.rs
2025-08-12 09:56:19,391 - PopulateAtomsDeps - WARNING - No atoms found for filename: ed25519-dalek/src/verifying.rs
2025-08-12 09:56:19,392 - PopulateAtomsDeps - WARNING - No atoms found for filename: ed25519-dalek/src/batch.rs
2025-08-12 09:56:19,392 - PopulateAtomsDeps - WARNING - No atoms found for filename: ed25519-dalek/src/hazmat.rs
2025-08-12 09:56:19,392 - PopulateAtomsDeps - WARNING - No atoms found for filename: ed25519-dalek/src/signature.rs
2025-08-12 09:56:19,393 - PopulateAtomsDeps - WARNING - No atoms found for filename: ed25519-dalek/src/errors.rs
2025-08-12 09:56:19,393 - PopulateAtomsDeps - WARNING - No atoms found for filename: ed25519-dalek/src/batch/strobe.rs
2025-08-12 09:56:19,393 - PopulateAtomsDeps - WARNING - No atoms found for filename: ed25519-dalek/src/batch/transcript.rs
2025-08-12 09:56:19,393 - PopulateAtomsDeps - WARNING - No atoms found for filename: ed25519-dalek/src/verifying/stream.rs
2025-08-12 09:56:19,394 - PopulateAtomsDeps - WARNING - No atoms found for filename: ed25519-dalek/src/signing.rs
2025-08-12 09:56:19,394 - PopulateAtomsDeps - WARNING - No atoms found for filename: ed25519-dalek/src/context.rs
2025-08-12 09:56:19,394 - PopulateAtomsDeps - WARNING - No atoms found for filename: ed25519-dalek/src/lib.rs
2025-08-12 09:56:19,395 - PopulateAtomsDeps - WARNING - No atoms found for filename: ed25519-dalek/src/constants.rs
2025-08-12 09:56:19,395 - PopulateAtomsDeps - INFO - Summary: Found atoms for 24 out of 82 files
2025-08-12 09:56:19,395 - PopulateAtomsDeps - INFO - Populating atoms for curve25519-dalek/src/backend/mod.rs and code_id 63613
2025-08-12 09:56:19,397 - PopulateAtomsDeps - INFO - Populating atoms for curve25519-dalek/src/backend/serial/curve_models/mod.rs and code_id 63614
2025-08-12 09:56:19,399 - PopulateAtomsDeps - INFO - Populating atoms for curve25519-dalek/src/backend/serial/scalar_mul/precomputed_straus.rs and code_id 63615
2025-08-12 09:56:19,400 - PopulateAtomsDeps - INFO - Populating atoms for curve25519-dalek/src/backend/serial/scalar_mul/pippenger.rs and code_id 63616
2025-08-12 09:56:19,401 - PopulateAtomsDeps - INFO - Populating atoms for curve25519-dalek/src/backend/serial/scalar_mul/straus.rs and code_id 63617
2025-08-12 09:56:19,402 - PopulateAtomsDeps - INFO - Populating atoms for curve25519-dalek/src/backend/serial/scalar_mul/variable_base.rs and code_id 63618
2025-08-12 09:56:19,403 - PopulateAtomsDeps - INFO - Populating atoms for curve25519-dalek/src/backend/serial/scalar_mul/vartime_double_base.rs and code_id 63620
2025-08-12 09:56:19,404 - PopulateAtomsDeps - INFO - Populating atoms for curve25519-dalek/src/backend/serial/u64/field_verus.rs and code_id 63631
2025-08-12 09:56:19,406 - PopulateAtomsDeps - INFO - Populating atoms for curve25519-dalek/src/backend/serial/u64/common_verus.rs and code_id 63632
2025-08-12 09:56:19,410 - PopulateAtomsDeps - INFO - Populating atoms for curve25519-dalek/src/backend/serial/u64/scalar_lemmas.rs and code_id 63633
2025-08-12 09:56:19,414 - PopulateAtomsDeps - INFO - Populating atoms for curve25519-dalek/src/backend/serial/u64/field_lemmas.rs and code_id 63634
2025-08-12 09:56:19,417 - PopulateAtomsDeps - INFO - Populating atoms for curve25519-dalek/src/backend/serial/u64/scalar.rs and code_id 63635
2025-08-12 09:56:19,418 - PopulateAtomsDeps - INFO - Populating atoms for curve25519-dalek/src/backend/serial/u64/subtle_assumes.rs and code_id 63636
2025-08-12 09:56:19,419 - PopulateAtomsDeps - INFO - Populating atoms for curve25519-dalek/src/backend/serial/u64/field.rs and code_id 63637
2025-08-12 09:56:19,420 - PopulateAtomsDeps - INFO - Populating atoms for curve25519-dalek/src/backend/serial/u64/scalar_specs.rs and code_id 63640
2025-08-12 09:56:19,422 - PopulateAtomsDeps - INFO - Populating atoms for curve25519-dalek/src/montgomery.rs and code_id 63641
2025-08-12 09:56:19,424 - PopulateAtomsDeps - INFO - Populating atoms for curve25519-dalek/src/edwards.rs and code_id 63642
2025-08-12 09:56:19,426 - PopulateAtomsDeps - INFO - Populating atoms for curve25519-dalek/src/scalar.rs and code_id 63643
2025-08-12 09:56:19,430 - PopulateAtomsDeps - INFO - Populating atoms for curve25519-dalek/src/field.rs and code_id 63645
2025-08-12 09:56:19,433 - PopulateAtomsDeps - INFO - Populating atoms for curve25519-dalek/src/ristretto.rs and code_id 63646
2025-08-12 09:56:19,436 - PopulateAtomsDeps - INFO - Populating atoms for curve25519-dalek/src/traits.rs and code_id 63650
2025-08-12 09:56:19,437 - PopulateAtomsDeps - INFO - Populating atoms for curve25519-dalek/src/window.rs and code_id 63651
2025-08-12 09:56:19,438 - PopulateAtomsDeps - INFO - Populating atoms for curve25519-dalek/src/edwards/affine.rs and code_id 63652
2025-08-12 09:56:19,440 - PopulateAtomsDeps - INFO - Populating atoms for curve25519-dalek/build.rs and code_id 63653
2025-08-12 09:56:19,441 - PopulateAtomsDeps - INFO - Processing 77 dependencies in batch
2025-08-12 09:56:19,547 - PopulateAtomsDeps - INFO - All dependencies already exist in the database
2025-08-12 09:56:19,547 - PopulateAtomsDeps - INFO - Processing 7 dependencies in batch
2025-08-12 09:56:19,612 - PopulateAtomsDeps - INFO - All dependencies already exist in the database
2025-08-12 09:56:19,613 - PopulateAtomsDeps - INFO - Processing 7 dependencies in batch
2025-08-12 09:56:19,673 - PopulateAtomsDeps - INFO - All dependencies already exist in the database
2025-08-12 09:56:19,674 - PopulateAtomsDeps - INFO - Processing 113 dependencies in batch
2025-08-12 09:56:19,767 - PopulateAtomsDeps - INFO - All dependencies already exist in the database
2025-08-12 09:56:19,768 - PopulateAtomsDeps - INFO - Processing 81 dependencies in batch
2025-08-12 09:56:19,841 - PopulateAtomsDeps - INFO - All dependencies already exist in the database
2025-08-12 09:56:19,844 - PopulateAtomsDeps - INFO - Processing 92 dependencies in batch
2025-08-12 09:56:19,922 - PopulateAtomsDeps - INFO - All dependencies already exist in the database
2025-08-12 09:56:19,924 - PopulateAtomsDeps - INFO - Processing 85 dependencies in batch
2025-08-12 09:56:19,999 - PopulateAtomsDeps - INFO - All dependencies already exist in the database
2025-08-12 09:56:20,000 - PopulateAtomsDeps - INFO - Processing 21 dependencies in batch
2025-08-12 09:56:20,085 - PopulateAtomsDeps - INFO - All dependencies already exist in the database
2025-08-12 09:56:20,086 - PopulateAtomsDeps - INFO - Processing 6 dependencies in batch
2025-08-12 09:56:20,147 - PopulateAtomsDeps - INFO - All dependencies already exist in the database
2025-08-12 09:56:20,147 - PopulateAtomsDeps - INFO - Processing 6 dependencies in batch
2025-08-12 09:56:20,208 - PopulateAtomsDeps - INFO - All dependencies already exist in the database
2025-08-12 09:56:20,208 - PopulateAtomsDeps - INFO - Processing 40 dependencies in batch
2025-08-12 09:56:20,320 - PopulateAtomsDeps - INFO - All dependencies already exist in the database
2025-08-12 09:56:20,322 - PopulateAtomsDeps - INFO - Processing 73 dependencies in batch
2025-08-12 09:56:20,600 - PopulateAtomsDeps - INFO - All dependencies already exist in the database
2025-08-12 09:56:20,603 - PopulateAtomsDeps - INFO - Processing 154 dependencies in batch
2025-08-12 09:56:20,817 - PopulateAtomsDeps - INFO - All dependencies already exist in the database
2025-08-12 09:56:20,818 - PopulateAtomsDeps - INFO - Processing 34 dependencies in batch
2025-08-12 09:56:20,901 - PopulateAtomsDeps - INFO - All dependencies already exist in the database
2025-08-12 09:56:20,902 - PopulateAtomsDeps - INFO - Processing 92 dependencies in batch
2025-08-12 09:56:21,005 - PopulateAtomsDeps - INFO - All dependencies already exist in the database
2025-08-12 09:56:21,005 - PopulateAtomsDeps - INFO - Processing 8 dependencies in batch
2025-08-12 09:56:21,078 - PopulateAtomsDeps - INFO - All dependencies already exist in the database
2025-08-12 09:56:21,079 - PopulateAtomsDeps - INFO - Processing 12 dependencies in batch
2025-08-12 09:56:21,140 - PopulateAtomsDeps - INFO - All dependencies already exist in the database
2025-08-12 09:56:21,140 - PopulateAtomsDeps - INFO - Processing 6 dependencies in batch
2025-08-12 09:56:21,200 - PopulateAtomsDeps - INFO - All dependencies already exist in the database
2025-08-12 09:56:21,201 - PopulateAtomsDeps - INFO - Processing 11 dependencies in batch
2025-08-12 09:56:21,277 - PopulateAtomsDeps - INFO - All dependencies already exist in the database
2025-08-12 09:56:21,277 - PopulateAtomsDeps - INFO - Setting code_id for file molecules in repo 3192
2025-08-12 09:56:21,282 - PopulateAtomsDeps - INFO - Found 0 file molecules with code_id=0 to update
2025-08-12 09:56:21,282 - PopulateAtomsDeps - INFO - Found 24 file molecules with specific code_ids
2025-08-12 09:56:21,282 - PopulateAtomsDeps - INFO - No file molecules with code_id = 0 found to update
2025-08-12 09:56:21,283 - PopulateAtomsDeps - INFO - Reading atomizer log file: logs/atomizer_3192_20250812_095544.log
2025-08-12 09:56:21,283 - PopulateAtomsDeps - INFO - Successfully read 601 characters from atomizer log
2025-08-12 09:56:21,290 - PopulateAtomsDeps - INFO - Inserted combined logs to atomizerlogs table for repo_id 3192
2025-08-12 09:56:21,291 - PopulateAtomsDeps - INFO - Successfully completed populate_atomsdeps_grouped_rust.py for repo_id 3192
2025-08-12 09:56:21,291 - PopulateAtomsDeps - INFO - Processing completed for JSON file: /var/www/html/rust-atomizer/3192.json
