2025-08-04 08:25:41,358 - PopulateAtomsDeps - INFO - Logging to file: logs/populate_atoms_20250804_082541.log
2025-08-04 08:25:41,358 - PopulateAtomsDeps - INFO - Starting populate_atomsdeps_grouped_rust.py with parameters:
2025-08-04 08:25:41,358 - PopulateAtomsDeps - INFO -   repo_id: 3053
2025-08-04 08:25:41,358 - PopulateAtomsDeps - INFO -   json_path: /var/www/html/rust-atomizer/3053.json
2025-08-04 08:25:41,358 - PopulateAtomsDeps - INFO -   user_id: 460176
2025-08-04 08:25:41,358 - PopulateAtomsDeps - INFO -   JSON file exists: True
2025-08-04 08:25:41,358 - PopulateAtomsDeps - INFO -   JSON file size: 95902 bytes
2025-08-04 08:25:41,358 - PopulateAtomsDeps - INFO -   JSON file modified: 2025-08-04 08:25:41.073396
2025-08-04 08:25:41,360 - PopulateAtomsDeps - INFO - Identified 3 folders containing Rust files
2025-08-04 08:25:41,360 - PopulateAtomsDeps - INFO - Populating folder structure with 3 folders as molecules for repo 3053
2025-08-04 08:25:41,363 - PopulateAtomsDeps - INFO - All folders to create (including parents): ['benches', 'src', 'src/bin']
2025-08-04 08:25:41,365 - PopulateAtomsDeps - INFO - Successfully populated 26 folder and file molecules for repo 3053
2025-08-04 08:25:41,633 - PopulateAtomsDeps - INFO - !!!!!Code ID 56751: filename='LICENSE', folder_id=None, folder_path='None'
2025-08-04 08:25:41,633 - PopulateAtomsDeps - INFO - !!!!!Code ID 56752: filename='benches/sort_benchmark.rs', folder_id=13720, folder_path='benches'
2025-08-04 08:25:41,634 - PopulateAtomsDeps - INFO - !!!!!Code ID 56753: filename='README.md', folder_id=None, folder_path='None'
2025-08-04 08:25:41,634 - PopulateAtomsDeps - INFO - !!!!!Code ID 56754: filename='src/smooth_sort.rs', folder_id=13721, folder_path='src'
2025-08-04 08:25:41,634 - PopulateAtomsDeps - INFO - !!!!!Code ID 56755: filename='src/nheap_sort.rs', folder_id=13721, folder_path='src'
2025-08-04 08:25:41,634 - PopulateAtomsDeps - INFO - !!!!!Code ID 56756: filename='src/shell_sort.rs', folder_id=13721, folder_path='src'
2025-08-04 08:25:41,634 - PopulateAtomsDeps - INFO - !!!!!Code ID 56757: filename='src/bin/powers_of_two.rs', folder_id=13722, folder_path='src/bin'
2025-08-04 08:25:41,634 - PopulateAtomsDeps - INFO - !!!!!Code ID 56758: filename='src/bin/leonardo_numbers.rs', folder_id=13722, folder_path='src/bin'
2025-08-04 08:25:41,634 - PopulateAtomsDeps - INFO - !!!!!Code ID 56759: filename='src/insertion_sort.rs', folder_id=13721, folder_path='src'
2025-08-04 08:25:41,634 - PopulateAtomsDeps - INFO - !!!!!Code ID 56760: filename='src/cocktail_sort.rs', folder_id=13721, folder_path='src'
2025-08-04 08:25:41,635 - PopulateAtomsDeps - INFO - !!!!!Code ID 56761: filename='src/slow_sort.rs', folder_id=13721, folder_path='src'
2025-08-04 08:25:41,635 - PopulateAtomsDeps - INFO - !!!!!Code ID 56762: filename='src/quick_sort.rs', folder_id=13721, folder_path='src'
2025-08-04 08:25:41,635 - PopulateAtomsDeps - INFO - !!!!!Code ID 56763: filename='src/gnome_sort.rs', folder_id=13721, folder_path='src'
2025-08-04 08:25:41,635 - PopulateAtomsDeps - INFO - !!!!!Code ID 56764: filename='src/ksort.rs', folder_id=13721, folder_path='src'
2025-08-04 08:25:41,635 - PopulateAtomsDeps - INFO - !!!!!Code ID 56765: filename='src/stooge_sort.rs', folder_id=13721, folder_path='src'
2025-08-04 08:25:41,635 - PopulateAtomsDeps - INFO - !!!!!Code ID 56766: filename='src/pancake_sort.rs', folder_id=13721, folder_path='src'
2025-08-04 08:25:41,635 - PopulateAtomsDeps - INFO - !!!!!Code ID 56767: filename='src/merge_sort.rs', folder_id=13721, folder_path='src'
2025-08-04 08:25:41,635 - PopulateAtomsDeps - INFO - !!!!!Code ID 56768: filename='src/bitonic_sort.rs', folder_id=13721, folder_path='src'
2025-08-04 08:25:41,635 - PopulateAtomsDeps - INFO - !!!!!Code ID 56769: filename='src/comb_sort.rs', folder_id=13721, folder_path='src'
2025-08-04 08:25:41,635 - PopulateAtomsDeps - INFO - !!!!!Code ID 56770: filename='src/oddeven_sort.rs', folder_id=13721, folder_path='src'
2025-08-04 08:25:41,636 - PopulateAtomsDeps - INFO - !!!!!Code ID 56771: filename='src/heap_sort.rs', folder_id=13721, folder_path='src'
2025-08-04 08:25:41,636 - PopulateAtomsDeps - INFO - !!!!!Code ID 56772: filename='src/bubble_sort.rs', folder_id=13721, folder_path='src'
2025-08-04 08:25:41,636 - PopulateAtomsDeps - INFO - !!!!!Code ID 56773: filename='src/lib.rs', folder_id=13721, folder_path='src'
2025-08-04 08:25:41,636 - PopulateAtomsDeps - INFO - !!!!!Code ID 56774: filename='src/selection_sort.rs', folder_id=13721, folder_path='src'
2025-08-04 08:25:41,636 - PopulateAtomsDeps - INFO - !!!!!Code ID 56775: filename='src/bingo_sort.rs', folder_id=13721, folder_path='src'
2025-08-04 08:25:41,636 - PopulateAtomsDeps - INFO - !!!!!Code ID 56776: filename='src/cycle_sort.rs', folder_id=13721, folder_path='src'
2025-08-04 08:25:41,636 - PopulateAtomsDeps - INFO - !!!!!Code ID 56777: filename='Cargo.toml', folder_id=None, folder_path='None'
2025-08-04 08:25:41,636 - PopulateAtomsDeps - INFO - Retrieved 27 codes from database
2025-08-04 08:25:41,638 - PopulateAtomsDeps - WARNING - Failed to load/create codes cache: name 'codes_cache_path' is not defined
2025-08-04 08:25:41,876 - PopulateAtomsDeps - INFO - !!!!!Code ID 56751: filename='LICENSE', folder_id=None, folder_path='None'
2025-08-04 08:25:41,876 - PopulateAtomsDeps - INFO - !!!!!Code ID 56752: filename='benches/sort_benchmark.rs', folder_id=13720, folder_path='benches'
2025-08-04 08:25:41,876 - PopulateAtomsDeps - INFO - !!!!!Code ID 56753: filename='README.md', folder_id=None, folder_path='None'
2025-08-04 08:25:41,876 - PopulateAtomsDeps - INFO - !!!!!Code ID 56754: filename='src/smooth_sort.rs', folder_id=13721, folder_path='src'
2025-08-04 08:25:41,876 - PopulateAtomsDeps - INFO - !!!!!Code ID 56755: filename='src/nheap_sort.rs', folder_id=13721, folder_path='src'
2025-08-04 08:25:41,876 - PopulateAtomsDeps - INFO - !!!!!Code ID 56756: filename='src/shell_sort.rs', folder_id=13721, folder_path='src'
2025-08-04 08:25:41,876 - PopulateAtomsDeps - INFO - !!!!!Code ID 56757: filename='src/bin/powers_of_two.rs', folder_id=13722, folder_path='src/bin'
2025-08-04 08:25:41,876 - PopulateAtomsDeps - INFO - !!!!!Code ID 56758: filename='src/bin/leonardo_numbers.rs', folder_id=13722, folder_path='src/bin'
2025-08-04 08:25:41,876 - PopulateAtomsDeps - INFO - !!!!!Code ID 56759: filename='src/insertion_sort.rs', folder_id=13721, folder_path='src'
2025-08-04 08:25:41,877 - PopulateAtomsDeps - INFO - !!!!!Code ID 56760: filename='src/cocktail_sort.rs', folder_id=13721, folder_path='src'
2025-08-04 08:25:41,877 - PopulateAtomsDeps - INFO - !!!!!Code ID 56761: filename='src/slow_sort.rs', folder_id=13721, folder_path='src'
2025-08-04 08:25:41,877 - PopulateAtomsDeps - INFO - !!!!!Code ID 56762: filename='src/quick_sort.rs', folder_id=13721, folder_path='src'
2025-08-04 08:25:41,877 - PopulateAtomsDeps - INFO - !!!!!Code ID 56763: filename='src/gnome_sort.rs', folder_id=13721, folder_path='src'
2025-08-04 08:25:41,877 - PopulateAtomsDeps - INFO - !!!!!Code ID 56764: filename='src/ksort.rs', folder_id=13721, folder_path='src'
2025-08-04 08:25:41,877 - PopulateAtomsDeps - INFO - !!!!!Code ID 56765: filename='src/stooge_sort.rs', folder_id=13721, folder_path='src'
2025-08-04 08:25:41,877 - PopulateAtomsDeps - INFO - !!!!!Code ID 56766: filename='src/pancake_sort.rs', folder_id=13721, folder_path='src'
2025-08-04 08:25:41,877 - PopulateAtomsDeps - INFO - !!!!!Code ID 56767: filename='src/merge_sort.rs', folder_id=13721, folder_path='src'
2025-08-04 08:25:41,877 - PopulateAtomsDeps - INFO - !!!!!Code ID 56768: filename='src/bitonic_sort.rs', folder_id=13721, folder_path='src'
2025-08-04 08:25:41,877 - PopulateAtomsDeps - INFO - !!!!!Code ID 56769: filename='src/comb_sort.rs', folder_id=13721, folder_path='src'
2025-08-04 08:25:41,877 - PopulateAtomsDeps - INFO - !!!!!Code ID 56770: filename='src/oddeven_sort.rs', folder_id=13721, folder_path='src'
2025-08-04 08:25:41,878 - PopulateAtomsDeps - INFO - !!!!!Code ID 56771: filename='src/heap_sort.rs', folder_id=13721, folder_path='src'
2025-08-04 08:25:41,878 - PopulateAtomsDeps - INFO - !!!!!Code ID 56772: filename='src/bubble_sort.rs', folder_id=13721, folder_path='src'
2025-08-04 08:25:41,878 - PopulateAtomsDeps - INFO - !!!!!Code ID 56773: filename='src/lib.rs', folder_id=13721, folder_path='src'
2025-08-04 08:25:41,878 - PopulateAtomsDeps - INFO - !!!!!Code ID 56774: filename='src/selection_sort.rs', folder_id=13721, folder_path='src'
2025-08-04 08:25:41,878 - PopulateAtomsDeps - INFO - !!!!!Code ID 56775: filename='src/bingo_sort.rs', folder_id=13721, folder_path='src'
2025-08-04 08:25:41,878 - PopulateAtomsDeps - INFO - !!!!!Code ID 56776: filename='src/cycle_sort.rs', folder_id=13721, folder_path='src'
2025-08-04 08:25:41,878 - PopulateAtomsDeps - INFO - !!!!!Code ID 56777: filename='Cargo.toml', folder_id=None, folder_path='None'
2025-08-04 08:25:41,878 - PopulateAtomsDeps - INFO - Retrieved 27 codes from database
2025-08-04 08:25:41,880 - PopulateAtomsDeps - INFO - Nb of Codes: 24
2025-08-04 08:25:41,881 - PopulateAtomsDeps - INFO - Found 3 atoms for benches/sort_benchmark.rs
2025-08-04 08:25:41,881 - PopulateAtomsDeps - INFO - Found 7 atoms for src/smooth_sort.rs
2025-08-04 08:25:41,881 - PopulateAtomsDeps - INFO - Found 6 atoms for src/nheap_sort.rs
2025-08-04 08:25:41,881 - PopulateAtomsDeps - INFO - Found 7 atoms for src/shell_sort.rs
2025-08-04 08:25:41,881 - PopulateAtomsDeps - INFO - Found 1 atoms for src/bin/powers_of_two.rs
2025-08-04 08:25:41,881 - PopulateAtomsDeps - INFO - Found 4 atoms for src/bin/leonardo_numbers.rs
2025-08-04 08:25:41,881 - PopulateAtomsDeps - INFO - Found 4 atoms for src/insertion_sort.rs
2025-08-04 08:25:41,882 - PopulateAtomsDeps - INFO - Found 4 atoms for src/cocktail_sort.rs
2025-08-04 08:25:41,882 - PopulateAtomsDeps - INFO - Found 5 atoms for src/slow_sort.rs
2025-08-04 08:25:41,882 - PopulateAtomsDeps - INFO - Found 12 atoms for src/quick_sort.rs
2025-08-04 08:25:41,882 - PopulateAtomsDeps - INFO - Found 8 atoms for src/gnome_sort.rs
2025-08-04 08:25:41,882 - PopulateAtomsDeps - INFO - Found 6 atoms for src/ksort.rs
2025-08-04 08:25:41,882 - PopulateAtomsDeps - INFO - Found 5 atoms for src/stooge_sort.rs
2025-08-04 08:25:41,882 - PopulateAtomsDeps - INFO - Found 6 atoms for src/pancake_sort.rs
2025-08-04 08:25:41,882 - PopulateAtomsDeps - INFO - Found 9 atoms for src/merge_sort.rs
2025-08-04 08:25:41,883 - PopulateAtomsDeps - INFO - Found 10 atoms for src/bitonic_sort.rs
2025-08-04 08:25:41,883 - PopulateAtomsDeps - INFO - Found 4 atoms for src/comb_sort.rs
2025-08-04 08:25:41,883 - PopulateAtomsDeps - INFO - Found 10 atoms for src/oddeven_sort.rs
2025-08-04 08:25:41,883 - PopulateAtomsDeps - INFO - Found 19 atoms for src/heap_sort.rs
2025-08-04 08:25:41,883 - PopulateAtomsDeps - INFO - Found 4 atoms for src/bubble_sort.rs
2025-08-04 08:25:41,883 - PopulateAtomsDeps - WARNING - No atoms found for filename: src/lib.rs
2025-08-04 08:25:41,883 - PopulateAtomsDeps - INFO - Found 8 atoms for src/selection_sort.rs
2025-08-04 08:25:41,884 - PopulateAtomsDeps - INFO - Found 5 atoms for src/bingo_sort.rs
2025-08-04 08:25:41,884 - PopulateAtomsDeps - INFO - Found 4 atoms for src/cycle_sort.rs
2025-08-04 08:25:41,884 - PopulateAtomsDeps - INFO - Summary: Found atoms for 23 out of 24 files
2025-08-04 08:25:41,884 - PopulateAtomsDeps - INFO - Populating atoms for benches/sort_benchmark.rs and code_id 56752
2025-08-04 08:25:41,892 - PopulateAtomsDeps - INFO - Inserted 3 atoms for file benches/sort_benchmark.rs
2025-08-04 08:25:41,892 - PopulateAtomsDeps - INFO - Populating atoms for src/smooth_sort.rs and code_id 56754
2025-08-04 08:25:41,900 - PopulateAtomsDeps - INFO - Inserted 7 atoms for file src/smooth_sort.rs
2025-08-04 08:25:41,900 - PopulateAtomsDeps - INFO - Populating atoms for src/nheap_sort.rs and code_id 56755
2025-08-04 08:25:41,907 - PopulateAtomsDeps - INFO - Inserted 6 atoms for file src/nheap_sort.rs
2025-08-04 08:25:41,907 - PopulateAtomsDeps - INFO - Populating atoms for src/shell_sort.rs and code_id 56756
2025-08-04 08:25:41,915 - PopulateAtomsDeps - INFO - Inserted 7 atoms for file src/shell_sort.rs
2025-08-04 08:25:41,915 - PopulateAtomsDeps - INFO - Populating atoms for src/bin/powers_of_two.rs and code_id 56757
2025-08-04 08:25:41,921 - PopulateAtomsDeps - INFO - Inserted 1 atoms for file src/bin/powers_of_two.rs
2025-08-04 08:25:41,921 - PopulateAtomsDeps - INFO - Populating atoms for src/bin/leonardo_numbers.rs and code_id 56758
2025-08-04 08:25:41,928 - PopulateAtomsDeps - INFO - Inserted 4 atoms for file src/bin/leonardo_numbers.rs
2025-08-04 08:25:41,928 - PopulateAtomsDeps - INFO - Populating atoms for src/insertion_sort.rs and code_id 56759
2025-08-04 08:25:41,935 - PopulateAtomsDeps - INFO - Inserted 4 atoms for file src/insertion_sort.rs
2025-08-04 08:25:41,935 - PopulateAtomsDeps - INFO - Populating atoms for src/cocktail_sort.rs and code_id 56760
2025-08-04 08:25:41,941 - PopulateAtomsDeps - INFO - Inserted 4 atoms for file src/cocktail_sort.rs
2025-08-04 08:25:41,941 - PopulateAtomsDeps - INFO - Populating atoms for src/slow_sort.rs and code_id 56761
2025-08-04 08:25:41,949 - PopulateAtomsDeps - INFO - Inserted 5 atoms for file src/slow_sort.rs
2025-08-04 08:25:41,949 - PopulateAtomsDeps - INFO - Populating atoms for src/quick_sort.rs and code_id 56762
2025-08-04 08:25:41,960 - PopulateAtomsDeps - INFO - Inserted 12 atoms for file src/quick_sort.rs
2025-08-04 08:25:41,960 - PopulateAtomsDeps - INFO - Populating atoms for src/gnome_sort.rs and code_id 56763
2025-08-04 08:25:41,970 - PopulateAtomsDeps - INFO - Inserted 8 atoms for file src/gnome_sort.rs
2025-08-04 08:25:41,970 - PopulateAtomsDeps - INFO - Populating atoms for src/ksort.rs and code_id 56764
2025-08-04 08:25:41,980 - PopulateAtomsDeps - INFO - Inserted 6 atoms for file src/ksort.rs
2025-08-04 08:25:41,980 - PopulateAtomsDeps - INFO - Populating atoms for src/stooge_sort.rs and code_id 56765
2025-08-04 08:25:41,989 - PopulateAtomsDeps - INFO - Inserted 5 atoms for file src/stooge_sort.rs
2025-08-04 08:25:41,989 - PopulateAtomsDeps - INFO - Populating atoms for src/pancake_sort.rs and code_id 56766
2025-08-04 08:25:41,999 - PopulateAtomsDeps - INFO - Inserted 6 atoms for file src/pancake_sort.rs
2025-08-04 08:25:41,999 - PopulateAtomsDeps - INFO - Populating atoms for src/merge_sort.rs and code_id 56767
2025-08-04 08:25:42,012 - PopulateAtomsDeps - INFO - Inserted 9 atoms for file src/merge_sort.rs
2025-08-04 08:25:42,012 - PopulateAtomsDeps - INFO - Populating atoms for src/bitonic_sort.rs and code_id 56768
2025-08-04 08:25:42,027 - PopulateAtomsDeps - INFO - Inserted 10 atoms for file src/bitonic_sort.rs
2025-08-04 08:25:42,027 - PopulateAtomsDeps - INFO - Populating atoms for src/comb_sort.rs and code_id 56769
2025-08-04 08:25:42,037 - PopulateAtomsDeps - INFO - Inserted 4 atoms for file src/comb_sort.rs
2025-08-04 08:25:42,037 - PopulateAtomsDeps - INFO - Populating atoms for src/oddeven_sort.rs and code_id 56770
2025-08-04 08:25:42,064 - PopulateAtomsDeps - INFO - Inserted 10 atoms for file src/oddeven_sort.rs
2025-08-04 08:25:42,064 - PopulateAtomsDeps - INFO - Populating atoms for src/heap_sort.rs and code_id 56771
2025-08-04 08:25:42,131 - PopulateAtomsDeps - INFO - Inserted 19 atoms for file src/heap_sort.rs
2025-08-04 08:25:42,132 - PopulateAtomsDeps - INFO - Populating atoms for src/bubble_sort.rs and code_id 56772
2025-08-04 08:25:42,145 - PopulateAtomsDeps - INFO - Inserted 4 atoms for file src/bubble_sort.rs
2025-08-04 08:25:42,145 - PopulateAtomsDeps - INFO - Populating atoms for src/selection_sort.rs and code_id 56774
2025-08-04 08:25:42,162 - PopulateAtomsDeps - INFO - Inserted 8 atoms for file src/selection_sort.rs
2025-08-04 08:25:42,162 - PopulateAtomsDeps - INFO - Populating atoms for src/bingo_sort.rs and code_id 56775
2025-08-04 08:25:42,174 - PopulateAtomsDeps - INFO - Inserted 5 atoms for file src/bingo_sort.rs
2025-08-04 08:25:42,175 - PopulateAtomsDeps - INFO - Populating atoms for src/cycle_sort.rs and code_id 56776
2025-08-04 08:25:42,185 - PopulateAtomsDeps - INFO - Inserted 4 atoms for file src/cycle_sort.rs
2025-08-04 08:25:42,185 - PopulateAtomsDeps - INFO - Processing 25 dependencies in batch
2025-08-04 08:25:42,304 - PopulateAtomsDeps - INFO - Inserting 25 new dependencies
2025-08-04 08:25:42,310 - PopulateAtomsDeps - INFO - Processing 7 dependencies in batch
2025-08-04 08:25:42,360 - PopulateAtomsDeps - INFO - Inserting 7 new dependencies
2025-08-04 08:25:42,365 - PopulateAtomsDeps - INFO - Processing 5 dependencies in batch
2025-08-04 08:25:42,423 - PopulateAtomsDeps - INFO - Inserting 5 new dependencies
2025-08-04 08:25:42,431 - PopulateAtomsDeps - INFO - Processing 5 dependencies in batch
2025-08-04 08:25:42,483 - PopulateAtomsDeps - INFO - Inserting 5 new dependencies
2025-08-04 08:25:42,487 - PopulateAtomsDeps - INFO - Processing 5 dependencies in batch
2025-08-04 08:25:42,542 - PopulateAtomsDeps - INFO - Inserting 5 new dependencies
2025-08-04 08:25:42,547 - PopulateAtomsDeps - INFO - Processing 3 dependencies in batch
2025-08-04 08:25:42,600 - PopulateAtomsDeps - INFO - Inserting 3 new dependencies
2025-08-04 08:25:42,605 - PopulateAtomsDeps - INFO - Processing 3 dependencies in batch
2025-08-04 08:25:42,664 - PopulateAtomsDeps - INFO - Inserting 3 new dependencies
2025-08-04 08:25:42,668 - PopulateAtomsDeps - INFO - Processing 4 dependencies in batch
2025-08-04 08:25:42,737 - PopulateAtomsDeps - INFO - Inserting 4 new dependencies
2025-08-04 08:25:42,743 - PopulateAtomsDeps - INFO - Processing 10 dependencies in batch
2025-08-04 08:25:42,796 - PopulateAtomsDeps - INFO - Inserting 10 new dependencies
2025-08-04 08:25:42,801 - PopulateAtomsDeps - INFO - Processing 6 dependencies in batch
2025-08-04 08:25:42,851 - PopulateAtomsDeps - INFO - Inserting 6 new dependencies
2025-08-04 08:25:42,856 - PopulateAtomsDeps - INFO - Processing 5 dependencies in batch
2025-08-04 08:25:42,906 - PopulateAtomsDeps - INFO - Inserting 5 new dependencies
2025-08-04 08:25:42,910 - PopulateAtomsDeps - INFO - Processing 4 dependencies in batch
2025-08-04 08:25:42,959 - PopulateAtomsDeps - INFO - Inserting 4 new dependencies
2025-08-04 08:25:42,964 - PopulateAtomsDeps - INFO - Processing 5 dependencies in batch
2025-08-04 08:25:43,012 - PopulateAtomsDeps - INFO - Inserting 5 new dependencies
2025-08-04 08:25:43,017 - PopulateAtomsDeps - INFO - Processing 7 dependencies in batch
2025-08-04 08:25:43,068 - PopulateAtomsDeps - INFO - Inserting 7 new dependencies
2025-08-04 08:25:43,074 - PopulateAtomsDeps - INFO - Processing 9 dependencies in batch
2025-08-04 08:25:43,125 - PopulateAtomsDeps - INFO - Inserting 9 new dependencies
2025-08-04 08:25:43,129 - PopulateAtomsDeps - INFO - Processing 3 dependencies in batch
2025-08-04 08:25:43,179 - PopulateAtomsDeps - INFO - Inserting 3 new dependencies
2025-08-04 08:25:43,187 - PopulateAtomsDeps - INFO - Processing 8 dependencies in batch
2025-08-04 08:25:43,239 - PopulateAtomsDeps - INFO - Inserting 8 new dependencies
2025-08-04 08:25:43,248 - PopulateAtomsDeps - INFO - Processing 16 dependencies in batch
2025-08-04 08:25:43,313 - PopulateAtomsDeps - INFO - Inserting 16 new dependencies
2025-08-04 08:25:43,318 - PopulateAtomsDeps - INFO - Processing 3 dependencies in batch
2025-08-04 08:25:43,367 - PopulateAtomsDeps - INFO - Inserting 3 new dependencies
2025-08-04 08:25:43,371 - PopulateAtomsDeps - INFO - Processing 6 dependencies in batch
2025-08-04 08:25:43,424 - PopulateAtomsDeps - INFO - Inserting 6 new dependencies
2025-08-04 08:25:43,429 - PopulateAtomsDeps - INFO - Processing 4 dependencies in batch
2025-08-04 08:25:43,488 - PopulateAtomsDeps - INFO - Inserting 4 new dependencies
2025-08-04 08:25:43,493 - PopulateAtomsDeps - INFO - Processing 3 dependencies in batch
2025-08-04 08:25:43,559 - PopulateAtomsDeps - INFO - Inserting 3 new dependencies
2025-08-04 08:25:43,564 - PopulateAtomsDeps - INFO - Setting code_id for file molecules in repo 3053
2025-08-04 08:25:43,571 - PopulateAtomsDeps - INFO - Found 2 file molecules with code_id=0 to update
2025-08-04 08:25:43,571 - PopulateAtomsDeps - INFO - Found 21 file molecules with specific code_ids
2025-08-04 08:25:43,577 - PopulateAtomsDeps - INFO - Found code_id mappings for 2 files
2025-08-04 08:25:43,583 - PopulateAtomsDeps - INFO - Successfully updated code_id for 2 file molecules
2025-08-04 08:25:43,584 - PopulateAtomsDeps - INFO - Reading atomizer log file: logs/atomizer_3053_20250804_082526.log
2025-08-04 08:25:43,585 - PopulateAtomsDeps - INFO - Successfully read 600 characters from atomizer log
2025-08-04 08:25:43,590 - PopulateAtomsDeps - INFO - Inserted combined logs to atomizerlogs table for repo_id 3053
2025-08-04 08:25:43,590 - PopulateAtomsDeps - INFO - Successfully completed populate_atomsdeps_grouped_rust.py for repo_id 3053
2025-08-04 08:25:43,590 - PopulateAtomsDeps - INFO - Processing completed for JSON file: /var/www/html/rust-atomizer/3053.json
