2025-08-25 08:34:06,528 - PopulateAtomsDeps - INFO - Logging to file: logs/populate_atoms_20250825_083406.log
2025-08-25 08:34:06,528 - PopulateAtomsDeps - INFO - Starting populate_atomsdeps_grouped_rust.py with parameters:
2025-08-25 08:34:06,528 - PopulateAtomsDeps - INFO -   repo_id: 3242
2025-08-25 08:34:06,528 - PopulateAtomsDeps - INFO -   json_path: /var/www/html/rust-atomizer/curve25519-dalek.json
2025-08-25 08:34:06,528 - PopulateAtomsDeps - INFO -   user_id: 460176
2025-08-25 08:34:06,529 - PopulateAtomsDeps - INFO -   JSON file exists: True
2025-08-25 08:34:06,529 - PopulateAtomsDeps - INFO -   JSON file size: 503097 bytes
2025-08-25 08:34:06,529 - PopulateAtomsDeps - INFO -   JSON file modified: 2025-08-25 08:34:06.222667
2025-08-25 08:34:06,536 - PopulateAtomsDeps - INFO - Identified 7 folders containing Rust files
2025-08-25 08:34:06,537 - PopulateAtomsDeps - INFO - Populating folder structure with 7 folders as molecules for repo 3242
2025-08-25 08:34:06,543 - PopulateAtomsDeps - INFO - All folders to create (including parents): ['src', 'src/edwards', 'src/backend', 'src/backend/serial', 'src/backend/serial/curve_models', 'src/backend/serial/u64', 'src/backend/serial/scalar_mul']
2025-08-25 08:34:06,562 - PopulateAtomsDeps - INFO - Successfully populated 31 folder and file molecules for repo 3242
2025-08-25 08:34:06,583 - PopulateAtomsDeps - INFO - Nb of Codes: 32
2025-08-25 08:34:06,589 - PopulateAtomsDeps - WARNING - No atoms found for filename: curve25519-dalek/src/backend/mod.rs
2025-08-25 08:34:06,590 - PopulateAtomsDeps - WARNING - No atoms found for filename: curve25519-dalek/src/backend/serial/curve_models/mod.rs
2025-08-25 08:34:06,590 - PopulateAtomsDeps - WARNING - No atoms found for filename: curve25519-dalek/src/backend/serial/scalar_mul/precomputed_straus.rs
2025-08-25 08:34:06,591 - PopulateAtomsDeps - WARNING - No atoms found for filename: curve25519-dalek/src/backend/serial/scalar_mul/pippenger.rs
2025-08-25 08:34:06,592 - PopulateAtomsDeps - WARNING - No atoms found for filename: curve25519-dalek/src/backend/serial/scalar_mul/straus.rs
2025-08-25 08:34:06,592 - PopulateAtomsDeps - WARNING - No atoms found for filename: curve25519-dalek/src/backend/serial/scalar_mul/variable_base.rs
2025-08-25 08:34:06,593 - PopulateAtomsDeps - WARNING - No atoms found for filename: curve25519-dalek/src/backend/serial/scalar_mul/mod.rs
2025-08-25 08:34:06,593 - PopulateAtomsDeps - WARNING - No atoms found for filename: curve25519-dalek/src/backend/serial/scalar_mul/vartime_double_base.rs
2025-08-25 08:34:06,593 - PopulateAtomsDeps - WARNING - No atoms found for filename: curve25519-dalek/src/backend/serial/mod.rs
2025-08-25 08:34:06,594 - PopulateAtomsDeps - WARNING - No atoms found for filename: curve25519-dalek/src/backend/serial/u64/field_verus.rs
2025-08-25 08:34:06,595 - PopulateAtomsDeps - WARNING - No atoms found for filename: curve25519-dalek/src/backend/serial/u64/common_verus.rs
2025-08-25 08:34:06,595 - PopulateAtomsDeps - WARNING - No atoms found for filename: curve25519-dalek/src/backend/serial/u64/scalar_lemmas.rs
2025-08-25 08:34:06,595 - PopulateAtomsDeps - WARNING - No atoms found for filename: curve25519-dalek/src/backend/serial/u64/field_lemmas.rs
2025-08-25 08:34:06,596 - PopulateAtomsDeps - WARNING - No atoms found for filename: curve25519-dalek/src/backend/serial/u64/scalar.rs
2025-08-25 08:34:06,596 - PopulateAtomsDeps - WARNING - No atoms found for filename: curve25519-dalek/src/backend/serial/u64/subtle_assumes.rs
2025-08-25 08:34:06,597 - PopulateAtomsDeps - WARNING - No atoms found for filename: curve25519-dalek/src/backend/serial/u64/field.rs
2025-08-25 08:34:06,597 - PopulateAtomsDeps - WARNING - No atoms found for filename: curve25519-dalek/src/backend/serial/u64/constants.rs
2025-08-25 08:34:06,598 - PopulateAtomsDeps - WARNING - No atoms found for filename: curve25519-dalek/src/backend/serial/u64/mod.rs
2025-08-25 08:34:06,598 - PopulateAtomsDeps - WARNING - No atoms found for filename: curve25519-dalek/src/backend/serial/u64/scalar_specs.rs
2025-08-25 08:34:06,599 - PopulateAtomsDeps - WARNING - No atoms found for filename: curve25519-dalek/src/montgomery.rs
2025-08-25 08:34:06,599 - PopulateAtomsDeps - WARNING - No atoms found for filename: curve25519-dalek/src/edwards.rs
2025-08-25 08:34:06,600 - PopulateAtomsDeps - WARNING - No atoms found for filename: curve25519-dalek/src/scalar.rs
2025-08-25 08:34:06,600 - PopulateAtomsDeps - WARNING - No atoms found for filename: curve25519-dalek/src/macros.rs
2025-08-25 08:34:06,601 - PopulateAtomsDeps - WARNING - No atoms found for filename: curve25519-dalek/src/field.rs
2025-08-25 08:34:06,602 - PopulateAtomsDeps - WARNING - No atoms found for filename: curve25519-dalek/src/ristretto.rs
2025-08-25 08:34:06,602 - PopulateAtomsDeps - WARNING - No atoms found for filename: curve25519-dalek/src/diagnostics.rs
2025-08-25 08:34:06,603 - PopulateAtomsDeps - WARNING - No atoms found for filename: curve25519-dalek/src/lib.rs
2025-08-25 08:34:06,603 - PopulateAtomsDeps - WARNING - No atoms found for filename: curve25519-dalek/src/constants.rs
2025-08-25 08:34:06,604 - PopulateAtomsDeps - WARNING - No atoms found for filename: curve25519-dalek/src/traits.rs
2025-08-25 08:34:06,604 - PopulateAtomsDeps - WARNING - No atoms found for filename: curve25519-dalek/src/window.rs
2025-08-25 08:34:06,605 - PopulateAtomsDeps - WARNING - No atoms found for filename: curve25519-dalek/src/edwards/affine.rs
2025-08-25 08:34:06,605 - PopulateAtomsDeps - WARNING - No atoms found for filename: curve25519-dalek/build.rs
2025-08-25 08:34:06,606 - PopulateAtomsDeps - INFO - Summary: Found atoms for 0 out of 32 files
2025-08-25 08:34:06,606 - PopulateAtomsDeps - INFO - Setting code_id for file molecules in repo 3242
2025-08-25 08:34:06,616 - PopulateAtomsDeps - INFO - Found 24 file molecules with code_id=0 to update
2025-08-25 08:34:06,616 - PopulateAtomsDeps - INFO - Found 24 file molecules with specific code_ids
2025-08-25 08:34:06,617 - PopulateAtomsDeps - WARNING - No child atoms found for file ID 364379 (file: src/backend/serial/u64/scalar_specs.rs)
2025-08-25 08:34:06,626 - PopulateAtomsDeps - WARNING - No child atoms found for file ID 364380 (file: src/backend/serial/u64/field.rs)
2025-08-25 08:34:06,635 - PopulateAtomsDeps - WARNING - No child atoms found for file ID 364381 (file: src/backend/serial/u64/field_lemmas.rs)
2025-08-25 08:34:06,643 - PopulateAtomsDeps - WARNING - No child atoms found for file ID 364382 (file: src/backend/serial/u64/scalar.rs)
2025-08-25 08:34:06,651 - PopulateAtomsDeps - WARNING - No child atoms found for file ID 364383 (file: src/backend/serial/u64/common_verus.rs)
2025-08-25 08:34:06,659 - PopulateAtomsDeps - WARNING - No child atoms found for file ID 364384 (file: src/backend/serial/u64/scalar_lemmas.rs)
2025-08-25 08:34:06,674 - PopulateAtomsDeps - WARNING - No child atoms found for file ID 364385 (file: src/backend/serial/u64/field_verus.rs)
2025-08-25 08:34:06,686 - PopulateAtomsDeps - WARNING - No child atoms found for file ID 364386 (file: src/backend/serial/u64/subtle_assumes.rs)
2025-08-25 08:34:06,695 - PopulateAtomsDeps - WARNING - No child atoms found for file ID 364387 (file: src/field.rs)
2025-08-25 08:34:06,703 - PopulateAtomsDeps - WARNING - No child atoms found for file ID 364388 (file: src/edwards.rs)
2025-08-25 08:34:06,711 - PopulateAtomsDeps - WARNING - No child atoms found for file ID 364389 (file: src/window.rs)
2025-08-25 08:34:06,720 - PopulateAtomsDeps - WARNING - No child atoms found for file ID 364390 (file: src/scalar.rs)
2025-08-25 08:34:06,728 - PopulateAtomsDeps - WARNING - No child atoms found for file ID 364391 (file: src/montgomery.rs)
2025-08-25 08:34:06,747 - PopulateAtomsDeps - WARNING - No child atoms found for file ID 364392 (file: src/ristretto.rs)
2025-08-25 08:34:06,763 - PopulateAtomsDeps - WARNING - No child atoms found for file ID 364393 (file: src/traits.rs)
2025-08-25 08:34:06,778 - PopulateAtomsDeps - WARNING - No child atoms found for file ID 364394 (file: src/edwards/affine.rs)
2025-08-25 08:34:06,794 - PopulateAtomsDeps - WARNING - No child atoms found for file ID 364395 (file: src/backend/serial/scalar_mul/straus.rs)
2025-08-25 08:34:06,805 - PopulateAtomsDeps - WARNING - No child atoms found for file ID 364396 (file: src/backend/serial/scalar_mul/pippenger.rs)
2025-08-25 08:34:06,812 - PopulateAtomsDeps - WARNING - No child atoms found for file ID 364397 (file: src/backend/serial/scalar_mul/precomputed_straus.rs)
2025-08-25 08:34:06,817 - PopulateAtomsDeps - WARNING - No child atoms found for file ID 364398 (file: src/backend/serial/scalar_mul/vartime_double_base.rs)
2025-08-25 08:34:06,822 - PopulateAtomsDeps - WARNING - No child atoms found for file ID 364399 (file: src/backend/serial/scalar_mul/variable_base.rs)
2025-08-25 08:34:06,827 - PopulateAtomsDeps - WARNING - No child atoms found for file ID 364400 (file: src/backend/mod.rs)
2025-08-25 08:34:06,832 - PopulateAtomsDeps - WARNING - No child atoms found for file ID 364401 (file: src/backend/serial/curve_models/mod.rs)
2025-08-25 08:34:06,837 - PopulateAtomsDeps - WARNING - No child atoms found for file ID 364402 (file: build.rs)
2025-08-25 08:34:06,841 - PopulateAtomsDeps - INFO - No file-to-code_id mappings found
2025-08-25 08:34:06,842 - PopulateAtomsDeps - INFO - Reading atomizer log file: logs/atomizer_3242_20250825_083333.log
2025-08-25 08:34:06,842 - PopulateAtomsDeps - INFO - Successfully read 625 characters from atomizer log
2025-08-25 08:34:06,846 - PopulateAtomsDeps - INFO - Inserted combined logs to atomizerlogs table for repo_id 3242
2025-08-25 08:34:06,847 - PopulateAtomsDeps - INFO - Successfully completed populate_atomsdeps_grouped_rust.py for repo_id 3242
2025-08-25 08:34:06,847 - PopulateAtomsDeps - INFO - Processing completed for JSON file: /var/www/html/rust-atomizer/curve25519-dalek.json
