2025-07-28 09:54:44,933 - PopulateAtomsDeps - INFO - Logging to file: logs/populate_atoms_20250728_095444.log
2025-07-28 09:54:44,933 - PopulateAtomsDeps - INFO - Starting populate_atomsdeps_grouped_rust.py with parameters:
2025-07-28 09:54:44,934 - PopulateAtomsDeps - INFO -   repo_id: 3053
2025-07-28 09:54:44,934 - PopulateAtomsDeps - INFO -   json_path: /var/www/html/rust-atomizer/3053.json
2025-07-28 09:54:44,934 - PopulateAtomsDeps - INFO -   user_id: 460176
2025-07-28 09:54:44,934 - PopulateAtomsDeps - INFO -   JSON file exists: True
2025-07-28 09:54:44,934 - PopulateAtomsDeps - INFO -   JSON file size: 95902 bytes
2025-07-28 09:54:44,934 - PopulateAtomsDeps - INFO -   JSON file modified: 2025-07-28 09:54:44.452313
2025-07-28 09:54:44,936 - PopulateAtomsDeps - INFO - Identified 3 folders containing Rust files
2025-07-28 09:54:44,936 - PopulateAtomsDeps - INFO - Populating folder structure with 3 folders as molecules for repo 3053
2025-07-28 09:54:44,955 - PopulateAtomsDeps - INFO - All folders to create (including parents): ['src', 'benches', 'src/bin']
2025-07-28 09:54:44,984 - PopulateAtomsDeps - INFO - Successfully populated 26 folder and file molecules for repo 3053
2025-07-28 09:54:44,987 - PopulateAtomsDeps - INFO - Nb of Codes: 24
2025-07-28 09:54:44,988 - PopulateAtomsDeps - INFO - Found 3 atoms for benches/sort_benchmark.rs
2025-07-28 09:54:44,988 - PopulateAtomsDeps - INFO - Found 7 atoms for src/smooth_sort.rs
2025-07-28 09:54:44,988 - PopulateAtomsDeps - INFO - Found 6 atoms for src/nheap_sort.rs
2025-07-28 09:54:44,988 - PopulateAtomsDeps - INFO - Found 7 atoms for src/shell_sort.rs
2025-07-28 09:54:44,988 - PopulateAtomsDeps - WARNING - No atoms found for filename: bin/powers_of_two.rs
2025-07-28 09:54:44,988 - PopulateAtomsDeps - WARNING - No atoms found for filename: bin/leonardo_numbers.rs
2025-07-28 09:54:44,989 - PopulateAtomsDeps - INFO - Found 4 atoms for src/insertion_sort.rs
2025-07-28 09:54:44,989 - PopulateAtomsDeps - INFO - Found 4 atoms for src/cocktail_sort.rs
2025-07-28 09:54:44,989 - PopulateAtomsDeps - INFO - Found 5 atoms for src/slow_sort.rs
2025-07-28 09:54:44,989 - PopulateAtomsDeps - INFO - Found 12 atoms for src/quick_sort.rs
2025-07-28 09:54:44,989 - PopulateAtomsDeps - INFO - Found 8 atoms for src/gnome_sort.rs
2025-07-28 09:54:44,989 - PopulateAtomsDeps - INFO - Found 6 atoms for src/ksort.rs
2025-07-28 09:54:44,989 - PopulateAtomsDeps - INFO - Found 5 atoms for src/stooge_sort.rs
2025-07-28 09:54:44,989 - PopulateAtomsDeps - INFO - Found 6 atoms for src/pancake_sort.rs
2025-07-28 09:54:44,990 - PopulateAtomsDeps - INFO - Found 9 atoms for src/merge_sort.rs
2025-07-28 09:54:44,990 - PopulateAtomsDeps - INFO - Found 10 atoms for src/bitonic_sort.rs
2025-07-28 09:54:44,990 - PopulateAtomsDeps - INFO - Found 4 atoms for src/comb_sort.rs
2025-07-28 09:54:44,990 - PopulateAtomsDeps - INFO - Found 10 atoms for src/oddeven_sort.rs
2025-07-28 09:54:44,990 - PopulateAtomsDeps - INFO - Found 19 atoms for src/heap_sort.rs
2025-07-28 09:54:44,990 - PopulateAtomsDeps - INFO - Found 4 atoms for src/bubble_sort.rs
2025-07-28 09:54:44,990 - PopulateAtomsDeps - WARNING - No atoms found for filename: src/lib.rs
2025-07-28 09:54:44,991 - PopulateAtomsDeps - INFO - Found 8 atoms for src/selection_sort.rs
2025-07-28 09:54:44,991 - PopulateAtomsDeps - INFO - Found 5 atoms for src/bingo_sort.rs
2025-07-28 09:54:44,991 - PopulateAtomsDeps - INFO - Found 4 atoms for src/cycle_sort.rs
2025-07-28 09:54:44,991 - PopulateAtomsDeps - INFO - Summary: Found atoms for 21 out of 24 files
2025-07-28 09:54:44,991 - PopulateAtomsDeps - INFO - Populating atoms for benches/sort_benchmark.rs and code_id 38784
2025-07-28 09:54:44,994 - PopulateAtomsDeps - INFO - Populating atoms for src/smooth_sort.rs and code_id 38785
2025-07-28 09:54:44,996 - PopulateAtomsDeps - INFO - Populating atoms for src/nheap_sort.rs and code_id 38786
2025-07-28 09:54:44,997 - PopulateAtomsDeps - INFO - Populating atoms for src/shell_sort.rs and code_id 38787
2025-07-28 09:54:44,998 - PopulateAtomsDeps - INFO - Populating atoms for src/insertion_sort.rs and code_id 38790
2025-07-28 09:54:44,999 - PopulateAtomsDeps - INFO - Populating atoms for src/cocktail_sort.rs and code_id 38791
2025-07-28 09:54:44,999 - PopulateAtomsDeps - INFO - Populating atoms for src/slow_sort.rs and code_id 38792
2025-07-28 09:54:45,007 - PopulateAtomsDeps - INFO - Populating atoms for src/quick_sort.rs and code_id 38793
2025-07-28 09:54:45,012 - PopulateAtomsDeps - INFO - Populating atoms for src/gnome_sort.rs and code_id 38794
2025-07-28 09:54:45,017 - PopulateAtomsDeps - INFO - Populating atoms for src/ksort.rs and code_id 38795
2025-07-28 09:54:45,020 - PopulateAtomsDeps - INFO - Populating atoms for src/stooge_sort.rs and code_id 38796
2025-07-28 09:54:45,022 - PopulateAtomsDeps - INFO - Populating atoms for src/pancake_sort.rs and code_id 38797
2025-07-28 09:54:45,023 - PopulateAtomsDeps - INFO - Populating atoms for src/merge_sort.rs and code_id 38798
2025-07-28 09:54:45,024 - PopulateAtomsDeps - INFO - Populating atoms for src/bitonic_sort.rs and code_id 38799
2025-07-28 09:54:45,025 - PopulateAtomsDeps - INFO - Populating atoms for src/comb_sort.rs and code_id 38800
2025-07-28 09:54:45,026 - PopulateAtomsDeps - INFO - Populating atoms for src/oddeven_sort.rs and code_id 38801
2025-07-28 09:54:45,027 - PopulateAtomsDeps - INFO - Populating atoms for src/heap_sort.rs and code_id 38802
2025-07-28 09:54:45,029 - PopulateAtomsDeps - INFO - Populating atoms for src/bubble_sort.rs and code_id 38803
2025-07-28 09:54:45,030 - PopulateAtomsDeps - INFO - Populating atoms for src/selection_sort.rs and code_id 38805
2025-07-28 09:54:45,031 - PopulateAtomsDeps - INFO - Populating atoms for src/bingo_sort.rs and code_id 38806
2025-07-28 09:54:45,032 - PopulateAtomsDeps - INFO - Populating atoms for src/cycle_sort.rs and code_id 38807
2025-07-28 09:54:45,032 - PopulateAtomsDeps - INFO - Processing 25 dependencies in batch
2025-07-28 09:54:45,102 - PopulateAtomsDeps - INFO - All dependencies already exist in the database
2025-07-28 09:54:45,103 - PopulateAtomsDeps - INFO - Processing 7 dependencies in batch
2025-07-28 09:54:45,166 - PopulateAtomsDeps - INFO - All dependencies already exist in the database
2025-07-28 09:54:45,166 - PopulateAtomsDeps - INFO - Processing 5 dependencies in batch
2025-07-28 09:54:45,229 - PopulateAtomsDeps - INFO - All dependencies already exist in the database
2025-07-28 09:54:45,229 - PopulateAtomsDeps - INFO - Processing 5 dependencies in batch
2025-07-28 09:54:45,288 - PopulateAtomsDeps - INFO - All dependencies already exist in the database
2025-07-28 09:54:45,289 - PopulateAtomsDeps - INFO - Processing 3 dependencies in batch
2025-07-28 09:54:45,341 - PopulateAtomsDeps - INFO - All dependencies already exist in the database
2025-07-28 09:54:45,341 - PopulateAtomsDeps - INFO - Processing 3 dependencies in batch
2025-07-28 09:54:45,394 - PopulateAtomsDeps - INFO - All dependencies already exist in the database
2025-07-28 09:54:45,394 - PopulateAtomsDeps - INFO - Processing 4 dependencies in batch
2025-07-28 09:54:45,459 - PopulateAtomsDeps - INFO - All dependencies already exist in the database
2025-07-28 09:54:45,460 - PopulateAtomsDeps - INFO - Processing 10 dependencies in batch
2025-07-28 09:54:45,563 - PopulateAtomsDeps - INFO - All dependencies already exist in the database
2025-07-28 09:54:45,564 - PopulateAtomsDeps - INFO - Processing 6 dependencies in batch
2025-07-28 09:54:45,653 - PopulateAtomsDeps - INFO - All dependencies already exist in the database
2025-07-28 09:54:45,653 - PopulateAtomsDeps - INFO - Processing 5 dependencies in batch
2025-07-28 09:54:45,726 - PopulateAtomsDeps - INFO - All dependencies already exist in the database
2025-07-28 09:54:45,727 - PopulateAtomsDeps - INFO - Processing 4 dependencies in batch
2025-07-28 09:54:45,812 - PopulateAtomsDeps - INFO - All dependencies already exist in the database
2025-07-28 09:54:45,812 - PopulateAtomsDeps - INFO - Processing 5 dependencies in batch
2025-07-28 09:54:45,892 - PopulateAtomsDeps - INFO - All dependencies already exist in the database
2025-07-28 09:54:45,892 - PopulateAtomsDeps - INFO - Processing 7 dependencies in batch
2025-07-28 09:54:45,943 - PopulateAtomsDeps - INFO - All dependencies already exist in the database
2025-07-28 09:54:45,943 - PopulateAtomsDeps - INFO - Processing 9 dependencies in batch
2025-07-28 09:54:45,994 - PopulateAtomsDeps - INFO - All dependencies already exist in the database
2025-07-28 09:54:45,994 - PopulateAtomsDeps - INFO - Processing 3 dependencies in batch
2025-07-28 09:54:46,042 - PopulateAtomsDeps - INFO - All dependencies already exist in the database
2025-07-28 09:54:46,042 - PopulateAtomsDeps - INFO - Processing 8 dependencies in batch
2025-07-28 09:54:46,109 - PopulateAtomsDeps - INFO - All dependencies already exist in the database
2025-07-28 09:54:46,109 - PopulateAtomsDeps - INFO - Processing 16 dependencies in batch
2025-07-28 09:54:46,164 - PopulateAtomsDeps - INFO - All dependencies already exist in the database
2025-07-28 09:54:46,164 - PopulateAtomsDeps - INFO - Processing 3 dependencies in batch
2025-07-28 09:54:46,213 - PopulateAtomsDeps - INFO - All dependencies already exist in the database
2025-07-28 09:54:46,213 - PopulateAtomsDeps - INFO - Processing 6 dependencies in batch
2025-07-28 09:54:46,265 - PopulateAtomsDeps - INFO - All dependencies already exist in the database
2025-07-28 09:54:46,265 - PopulateAtomsDeps - INFO - Processing 4 dependencies in batch
2025-07-28 09:54:46,314 - PopulateAtomsDeps - INFO - All dependencies already exist in the database
2025-07-28 09:54:46,314 - PopulateAtomsDeps - INFO - Processing 3 dependencies in batch
2025-07-28 09:54:46,365 - PopulateAtomsDeps - INFO - All dependencies already exist in the database
2025-07-28 09:54:46,365 - PopulateAtomsDeps - INFO - Setting code_id for file molecules in repo 3053
2025-07-28 09:54:46,367 - PopulateAtomsDeps - INFO - Found 0 file molecules with code_id=0 to update
2025-07-28 09:54:46,367 - PopulateAtomsDeps - INFO - Found 23 file molecules with specific code_ids
2025-07-28 09:54:46,367 - PopulateAtomsDeps - INFO - No file molecules with code_id = 0 found to update
2025-07-28 09:54:46,367 - PopulateAtomsDeps - INFO - Reading atomizer log file: logs/atomizer_3053_20250728_095427.log
2025-07-28 09:54:46,367 - PopulateAtomsDeps - INFO - Successfully read 600 characters from atomizer log
2025-07-28 09:54:46,377 - PopulateAtomsDeps - INFO - Inserted combined logs to atomizerlogs table for repo_id 3053
2025-07-28 09:54:46,378 - PopulateAtomsDeps - INFO - Successfully completed populate_atomsdeps_grouped_rust.py for repo_id 3053
2025-07-28 09:54:46,378 - PopulateAtomsDeps - INFO - Processing completed for JSON file: /var/www/html/rust-atomizer/3053.json
