2025-08-25 08:53:46,289 - PopulateAtomsDeps - INFO - Logging to file: logs/populate_atoms_20250825_085346.log
2025-08-25 08:53:46,290 - PopulateAtomsDeps - INFO - Starting populate_atomsdeps_grouped_rust.py with parameters:
2025-08-25 08:53:46,290 - PopulateAtomsDeps - INFO -   repo_id: 3245
2025-08-25 08:53:46,290 - PopulateAtomsDeps - INFO -   json_path: /var/www/html/rust-atomizer/curve25519-dalek.json
2025-08-25 08:53:46,290 - PopulateAtomsDeps - INFO -   user_id: 460176
2025-08-25 08:53:46,290 - PopulateAtomsDeps - INFO -   JSON file exists: True
2025-08-25 08:53:46,290 - PopulateAtomsDeps - INFO -   JSON file size: 503097 bytes
2025-08-25 08:53:46,291 - PopulateAtomsDeps - INFO -   JSON file modified: 2025-08-25 08:53:45.748520
2025-08-25 08:53:46,299 - PopulateAtomsDeps - INFO - Identified 7 folders containing Rust files
2025-08-25 08:53:46,300 - PopulateAtomsDeps - INFO - Populating folder structure with 7 folders as molecules for repo 3245
2025-08-25 08:53:46,302 - PopulateAtomsDeps - INFO - All folders to create (including parents): ['src', 'src/edwards', 'src/backend', 'src/backend/serial', 'src/backend/serial/scalar_mul', 'src/backend/serial/curve_models', 'src/backend/serial/u64']
2025-08-25 08:53:46,344 - PopulateAtomsDeps - INFO - Adding 24 new file molecules in batch
2025-08-25 08:53:46,363 - PopulateAtomsDeps - INFO - Successfully populated 31 folder and file molecules for repo 3245
2025-08-25 08:53:46,383 - PopulateAtomsDeps - INFO - Nb of Codes: 32
2025-08-25 08:53:46,388 - PopulateAtomsDeps - WARNING - No atoms found for filename: curve25519-dalek/src/backend/mod.rs
2025-08-25 08:53:46,388 - PopulateAtomsDeps - WARNING - No atoms found for filename: curve25519-dalek/src/backend/serial/curve_models/mod.rs
2025-08-25 08:53:46,388 - PopulateAtomsDeps - WARNING - No atoms found for filename: curve25519-dalek/src/backend/serial/scalar_mul/precomputed_straus.rs
2025-08-25 08:53:46,389 - PopulateAtomsDeps - WARNING - No atoms found for filename: curve25519-dalek/src/backend/serial/scalar_mul/pippenger.rs
2025-08-25 08:53:46,389 - PopulateAtomsDeps - WARNING - No atoms found for filename: curve25519-dalek/src/backend/serial/scalar_mul/straus.rs
2025-08-25 08:53:46,389 - PopulateAtomsDeps - WARNING - No atoms found for filename: curve25519-dalek/src/backend/serial/scalar_mul/variable_base.rs
2025-08-25 08:53:46,390 - PopulateAtomsDeps - WARNING - No atoms found for filename: curve25519-dalek/src/backend/serial/scalar_mul/mod.rs
2025-08-25 08:53:46,390 - PopulateAtomsDeps - WARNING - No atoms found for filename: curve25519-dalek/src/backend/serial/scalar_mul/vartime_double_base.rs
2025-08-25 08:53:46,390 - PopulateAtomsDeps - WARNING - No atoms found for filename: curve25519-dalek/src/backend/serial/mod.rs
2025-08-25 08:53:46,391 - PopulateAtomsDeps - WARNING - No atoms found for filename: curve25519-dalek/src/backend/serial/u64/field_verus.rs
2025-08-25 08:53:46,391 - PopulateAtomsDeps - WARNING - No atoms found for filename: curve25519-dalek/src/backend/serial/u64/common_verus.rs
2025-08-25 08:53:46,391 - PopulateAtomsDeps - WARNING - No atoms found for filename: curve25519-dalek/src/backend/serial/u64/scalar_lemmas.rs
2025-08-25 08:53:46,392 - PopulateAtomsDeps - WARNING - No atoms found for filename: curve25519-dalek/src/backend/serial/u64/field_lemmas.rs
2025-08-25 08:53:46,392 - PopulateAtomsDeps - WARNING - No atoms found for filename: curve25519-dalek/src/backend/serial/u64/scalar.rs
2025-08-25 08:53:46,392 - PopulateAtomsDeps - WARNING - No atoms found for filename: curve25519-dalek/src/backend/serial/u64/subtle_assumes.rs
2025-08-25 08:53:46,392 - PopulateAtomsDeps - WARNING - No atoms found for filename: curve25519-dalek/src/backend/serial/u64/field.rs
2025-08-25 08:53:46,393 - PopulateAtomsDeps - WARNING - No atoms found for filename: curve25519-dalek/src/backend/serial/u64/constants.rs
2025-08-25 08:53:46,393 - PopulateAtomsDeps - WARNING - No atoms found for filename: curve25519-dalek/src/backend/serial/u64/mod.rs
2025-08-25 08:53:46,393 - PopulateAtomsDeps - WARNING - No atoms found for filename: curve25519-dalek/src/backend/serial/u64/scalar_specs.rs
2025-08-25 08:53:46,394 - PopulateAtomsDeps - WARNING - No atoms found for filename: curve25519-dalek/src/montgomery.rs
2025-08-25 08:53:46,394 - PopulateAtomsDeps - WARNING - No atoms found for filename: curve25519-dalek/src/edwards.rs
2025-08-25 08:53:46,394 - PopulateAtomsDeps - WARNING - No atoms found for filename: curve25519-dalek/src/scalar.rs
2025-08-25 08:53:46,394 - PopulateAtomsDeps - WARNING - No atoms found for filename: curve25519-dalek/src/macros.rs
2025-08-25 08:53:46,395 - PopulateAtomsDeps - WARNING - No atoms found for filename: curve25519-dalek/src/field.rs
2025-08-25 08:53:46,395 - PopulateAtomsDeps - WARNING - No atoms found for filename: curve25519-dalek/src/ristretto.rs
2025-08-25 08:53:46,395 - PopulateAtomsDeps - WARNING - No atoms found for filename: curve25519-dalek/src/diagnostics.rs
2025-08-25 08:53:46,396 - PopulateAtomsDeps - WARNING - No atoms found for filename: curve25519-dalek/src/lib.rs
2025-08-25 08:53:46,396 - PopulateAtomsDeps - WARNING - No atoms found for filename: curve25519-dalek/src/constants.rs
2025-08-25 08:53:46,396 - PopulateAtomsDeps - WARNING - No atoms found for filename: curve25519-dalek/src/traits.rs
2025-08-25 08:53:46,396 - PopulateAtomsDeps - WARNING - No atoms found for filename: curve25519-dalek/src/window.rs
2025-08-25 08:53:46,397 - PopulateAtomsDeps - WARNING - No atoms found for filename: curve25519-dalek/src/edwards/affine.rs
2025-08-25 08:53:46,397 - PopulateAtomsDeps - WARNING - No atoms found for filename: curve25519-dalek/build.rs
2025-08-25 08:53:46,397 - PopulateAtomsDeps - INFO - Summary: Found atoms for 0 out of 32 files
2025-08-25 08:53:46,398 - PopulateAtomsDeps - INFO - Setting code_id for file molecules in repo 3245
2025-08-25 08:53:46,399 - PopulateAtomsDeps - INFO - Found 24 file molecules with code_id=0 to update
2025-08-25 08:53:46,399 - PopulateAtomsDeps - INFO - Found 0 file molecules with specific code_ids
2025-08-25 08:53:46,400 - PopulateAtomsDeps - WARNING - No child atoms found for file ID 364416 (file: src/backend/serial/u64/common_verus.rs)
2025-08-25 08:53:46,402 - PopulateAtomsDeps - WARNING - No child atoms found for file ID 364417 (file: src/backend/serial/u64/scalar_specs.rs)
2025-08-25 08:53:46,403 - PopulateAtomsDeps - WARNING - No child atoms found for file ID 364418 (file: src/backend/serial/u64/scalar_lemmas.rs)
2025-08-25 08:53:46,404 - PopulateAtomsDeps - WARNING - No child atoms found for file ID 364419 (file: src/backend/serial/u64/field.rs)
2025-08-25 08:53:46,406 - PopulateAtomsDeps - WARNING - No child atoms found for file ID 364420 (file: src/backend/serial/u64/scalar.rs)
2025-08-25 08:53:46,407 - PopulateAtomsDeps - WARNING - No child atoms found for file ID 364421 (file: src/backend/serial/u64/field_lemmas.rs)
2025-08-25 08:53:46,408 - PopulateAtomsDeps - WARNING - No child atoms found for file ID 364422 (file: src/backend/serial/u64/field_verus.rs)
2025-08-25 08:53:46,410 - PopulateAtomsDeps - WARNING - No child atoms found for file ID 364423 (file: src/backend/serial/u64/subtle_assumes.rs)
2025-08-25 08:53:46,411 - PopulateAtomsDeps - WARNING - No child atoms found for file ID 364424 (file: src/backend/serial/curve_models/mod.rs)
2025-08-25 08:53:46,413 - PopulateAtomsDeps - WARNING - No child atoms found for file ID 364425 (file: src/edwards.rs)
2025-08-25 08:53:46,414 - PopulateAtomsDeps - WARNING - No child atoms found for file ID 364426 (file: src/scalar.rs)
2025-08-25 08:53:46,415 - PopulateAtomsDeps - WARNING - No child atoms found for file ID 364427 (file: src/ristretto.rs)
2025-08-25 08:53:46,417 - PopulateAtomsDeps - WARNING - No child atoms found for file ID 364428 (file: src/window.rs)
2025-08-25 08:53:46,418 - PopulateAtomsDeps - WARNING - No child atoms found for file ID 364429 (file: src/traits.rs)
2025-08-25 08:53:46,419 - PopulateAtomsDeps - WARNING - No child atoms found for file ID 364430 (file: src/field.rs)
2025-08-25 08:53:46,420 - PopulateAtomsDeps - WARNING - No child atoms found for file ID 364431 (file: src/montgomery.rs)
2025-08-25 08:53:46,422 - PopulateAtomsDeps - WARNING - No child atoms found for file ID 364432 (file: src/edwards/affine.rs)
2025-08-25 08:53:46,423 - PopulateAtomsDeps - WARNING - No child atoms found for file ID 364433 (file: src/backend/serial/scalar_mul/straus.rs)
2025-08-25 08:53:46,425 - PopulateAtomsDeps - WARNING - No child atoms found for file ID 364434 (file: src/backend/serial/scalar_mul/pippenger.rs)
2025-08-25 08:53:46,426 - PopulateAtomsDeps - WARNING - No child atoms found for file ID 364435 (file: src/backend/serial/scalar_mul/variable_base.rs)
2025-08-25 08:53:46,427 - PopulateAtomsDeps - WARNING - No child atoms found for file ID 364436 (file: src/backend/serial/scalar_mul/vartime_double_base.rs)
2025-08-25 08:53:46,429 - PopulateAtomsDeps - WARNING - No child atoms found for file ID 364437 (file: src/backend/serial/scalar_mul/precomputed_straus.rs)
2025-08-25 08:53:46,430 - PopulateAtomsDeps - WARNING - No child atoms found for file ID 364438 (file: src/backend/mod.rs)
2025-08-25 08:53:46,431 - PopulateAtomsDeps - WARNING - No child atoms found for file ID 364439 (file: build.rs)
2025-08-25 08:53:46,432 - PopulateAtomsDeps - INFO - No file-to-code_id mappings found
2025-08-25 08:53:46,433 - PopulateAtomsDeps - INFO - Reading atomizer log file: logs/atomizer_3245_20250825_085236.log
2025-08-25 08:53:46,433 - PopulateAtomsDeps - INFO - Successfully read 625 characters from atomizer log
2025-08-25 08:53:46,437 - PopulateAtomsDeps - INFO - Inserted combined logs to atomizerlogs table for repo_id 3245
2025-08-25 08:53:46,438 - PopulateAtomsDeps - INFO - Successfully completed populate_atomsdeps_grouped_rust.py for repo_id 3245
2025-08-25 08:53:46,438 - PopulateAtomsDeps - INFO - Processing completed for JSON file: /var/www/html/rust-atomizer/curve25519-dalek.json
