2025-08-04 08:19:17,826 - PopulateAtomsDeps - INFO - Logging to file: logs/populate_atoms_20250804_081917.log
2025-08-04 08:19:17,826 - PopulateAtomsDeps - INFO - Starting populate_atomsdeps_grouped_rust.py with parameters:
2025-08-04 08:19:17,826 - PopulateAtomsDeps - INFO -   repo_id: 3053
2025-08-04 08:19:17,826 - PopulateAtomsDeps - INFO -   json_path: /var/www/html/rust-atomizer/3053.json
2025-08-04 08:19:17,826 - PopulateAtomsDeps - INFO -   user_id: 460176
2025-08-04 08:19:17,827 - PopulateAtomsDeps - INFO -   JSON file exists: True
2025-08-04 08:19:17,827 - PopulateAtomsDeps - INFO -   JSON file size: 95902 bytes
2025-08-04 08:19:17,827 - PopulateAtomsDeps - INFO -   JSON file modified: 2025-08-04 08:19:17.450274
2025-08-04 08:19:17,828 - PopulateAtomsDeps - INFO - Identified 3 folders containing Rust files
2025-08-04 08:19:17,828 - PopulateAtomsDeps - INFO - Populating folder structure with 3 folders as molecules for repo 3053
2025-08-04 08:19:17,841 - PopulateAtomsDeps - INFO - All folders to create (including parents): ['benches', 'src', 'src/bin']
2025-08-04 08:19:17,869 - PopulateAtomsDeps - INFO - Adding 23 new file molecules in batch
2025-08-04 08:19:17,883 - PopulateAtomsDeps - INFO - Successfully populated 26 folder and file molecules for repo 3053
2025-08-04 08:19:17,885 - PopulateAtomsDeps - INFO - Nb of Codes: 24
2025-08-04 08:19:17,886 - PopulateAtomsDeps - INFO - Found 3 atoms for benches/sort_benchmark.rs
2025-08-04 08:19:17,887 - PopulateAtomsDeps - INFO - Found 7 atoms for src/smooth_sort.rs
2025-08-04 08:19:17,887 - PopulateAtomsDeps - INFO - Found 6 atoms for src/nheap_sort.rs
2025-08-04 08:19:17,887 - PopulateAtomsDeps - INFO - Found 7 atoms for src/shell_sort.rs
2025-08-04 08:19:17,887 - PopulateAtomsDeps - WARNING - No atoms found for filename: bin/powers_of_two.rs
2025-08-04 08:19:17,887 - PopulateAtomsDeps - WARNING - No atoms found for filename: bin/leonardo_numbers.rs
2025-08-04 08:19:17,887 - PopulateAtomsDeps - INFO - Found 4 atoms for src/insertion_sort.rs
2025-08-04 08:19:17,887 - PopulateAtomsDeps - INFO - Found 4 atoms for src/cocktail_sort.rs
2025-08-04 08:19:17,887 - PopulateAtomsDeps - INFO - Found 5 atoms for src/slow_sort.rs
2025-08-04 08:19:17,887 - PopulateAtomsDeps - INFO - Found 12 atoms for src/quick_sort.rs
2025-08-04 08:19:17,888 - PopulateAtomsDeps - INFO - Found 8 atoms for src/gnome_sort.rs
2025-08-04 08:19:17,888 - PopulateAtomsDeps - INFO - Found 6 atoms for src/ksort.rs
2025-08-04 08:19:17,888 - PopulateAtomsDeps - INFO - Found 5 atoms for src/stooge_sort.rs
2025-08-04 08:19:17,888 - PopulateAtomsDeps - INFO - Found 6 atoms for src/pancake_sort.rs
2025-08-04 08:19:17,888 - PopulateAtomsDeps - INFO - Found 9 atoms for src/merge_sort.rs
2025-08-04 08:19:17,888 - PopulateAtomsDeps - INFO - Found 10 atoms for src/bitonic_sort.rs
2025-08-04 08:19:17,888 - PopulateAtomsDeps - INFO - Found 4 atoms for src/comb_sort.rs
2025-08-04 08:19:17,888 - PopulateAtomsDeps - INFO - Found 10 atoms for src/oddeven_sort.rs
2025-08-04 08:19:17,888 - PopulateAtomsDeps - INFO - Found 19 atoms for src/heap_sort.rs
2025-08-04 08:19:17,888 - PopulateAtomsDeps - INFO - Found 4 atoms for src/bubble_sort.rs
2025-08-04 08:19:17,888 - PopulateAtomsDeps - WARNING - No atoms found for filename: src/lib.rs
2025-08-04 08:19:17,889 - PopulateAtomsDeps - INFO - Found 8 atoms for src/selection_sort.rs
2025-08-04 08:19:17,889 - PopulateAtomsDeps - INFO - Found 5 atoms for src/bingo_sort.rs
2025-08-04 08:19:17,889 - PopulateAtomsDeps - INFO - Found 4 atoms for src/cycle_sort.rs
2025-08-04 08:19:17,889 - PopulateAtomsDeps - INFO - Summary: Found atoms for 21 out of 24 files
2025-08-04 08:19:17,889 - PopulateAtomsDeps - INFO - Populating atoms for benches/sort_benchmark.rs and code_id 38784
2025-08-04 08:19:17,896 - PopulateAtomsDeps - INFO - Inserted 3 atoms for file benches/sort_benchmark.rs
2025-08-04 08:19:17,896 - PopulateAtomsDeps - INFO - Populating atoms for src/smooth_sort.rs and code_id 38785
2025-08-04 08:19:17,905 - PopulateAtomsDeps - INFO - Inserted 7 atoms for file src/smooth_sort.rs
2025-08-04 08:19:17,905 - PopulateAtomsDeps - INFO - Populating atoms for src/nheap_sort.rs and code_id 38786
2025-08-04 08:19:17,915 - PopulateAtomsDeps - INFO - Inserted 6 atoms for file src/nheap_sort.rs
2025-08-04 08:19:17,915 - PopulateAtomsDeps - INFO - Populating atoms for src/shell_sort.rs and code_id 38787
2025-08-04 08:19:17,924 - PopulateAtomsDeps - INFO - Inserted 7 atoms for file src/shell_sort.rs
2025-08-04 08:19:17,924 - PopulateAtomsDeps - INFO - Populating atoms for src/insertion_sort.rs and code_id 38790
2025-08-04 08:19:17,932 - PopulateAtomsDeps - INFO - Inserted 4 atoms for file src/insertion_sort.rs
2025-08-04 08:19:17,932 - PopulateAtomsDeps - INFO - Populating atoms for src/cocktail_sort.rs and code_id 38791
2025-08-04 08:19:17,939 - PopulateAtomsDeps - INFO - Inserted 4 atoms for file src/cocktail_sort.rs
2025-08-04 08:19:17,940 - PopulateAtomsDeps - INFO - Populating atoms for src/slow_sort.rs and code_id 38792
2025-08-04 08:19:17,948 - PopulateAtomsDeps - INFO - Inserted 5 atoms for file src/slow_sort.rs
2025-08-04 08:19:17,949 - PopulateAtomsDeps - INFO - Populating atoms for src/quick_sort.rs and code_id 38793
2025-08-04 08:19:17,963 - PopulateAtomsDeps - INFO - Inserted 12 atoms for file src/quick_sort.rs
2025-08-04 08:19:17,963 - PopulateAtomsDeps - INFO - Populating atoms for src/gnome_sort.rs and code_id 38794
2025-08-04 08:19:17,978 - PopulateAtomsDeps - INFO - Inserted 8 atoms for file src/gnome_sort.rs
2025-08-04 08:19:17,978 - PopulateAtomsDeps - INFO - Populating atoms for src/ksort.rs and code_id 38795
2025-08-04 08:19:17,991 - PopulateAtomsDeps - INFO - Inserted 6 atoms for file src/ksort.rs
2025-08-04 08:19:17,991 - PopulateAtomsDeps - INFO - Populating atoms for src/stooge_sort.rs and code_id 38796
2025-08-04 08:19:18,004 - PopulateAtomsDeps - INFO - Inserted 5 atoms for file src/stooge_sort.rs
2025-08-04 08:19:18,004 - PopulateAtomsDeps - INFO - Populating atoms for src/pancake_sort.rs and code_id 38797
2025-08-04 08:19:18,015 - PopulateAtomsDeps - INFO - Inserted 6 atoms for file src/pancake_sort.rs
2025-08-04 08:19:18,015 - PopulateAtomsDeps - INFO - Populating atoms for src/merge_sort.rs and code_id 38798
2025-08-04 08:19:18,030 - PopulateAtomsDeps - INFO - Inserted 9 atoms for file src/merge_sort.rs
2025-08-04 08:19:18,030 - PopulateAtomsDeps - INFO - Populating atoms for src/bitonic_sort.rs and code_id 38799
2025-08-04 08:19:18,046 - PopulateAtomsDeps - INFO - Inserted 10 atoms for file src/bitonic_sort.rs
2025-08-04 08:19:18,046 - PopulateAtomsDeps - INFO - Populating atoms for src/comb_sort.rs and code_id 38800
2025-08-04 08:19:18,053 - PopulateAtomsDeps - INFO - Inserted 4 atoms for file src/comb_sort.rs
2025-08-04 08:19:18,053 - PopulateAtomsDeps - INFO - Populating atoms for src/oddeven_sort.rs and code_id 38801
2025-08-04 08:19:18,062 - PopulateAtomsDeps - INFO - Inserted 10 atoms for file src/oddeven_sort.rs
2025-08-04 08:19:18,063 - PopulateAtomsDeps - INFO - Populating atoms for src/heap_sort.rs and code_id 38802
2025-08-04 08:19:18,074 - PopulateAtomsDeps - INFO - Inserted 19 atoms for file src/heap_sort.rs
2025-08-04 08:19:18,074 - PopulateAtomsDeps - INFO - Populating atoms for src/bubble_sort.rs and code_id 38803
2025-08-04 08:19:18,080 - PopulateAtomsDeps - INFO - Inserted 4 atoms for file src/bubble_sort.rs
2025-08-04 08:19:18,081 - PopulateAtomsDeps - INFO - Populating atoms for src/selection_sort.rs and code_id 38805
2025-08-04 08:19:18,087 - PopulateAtomsDeps - INFO - Inserted 8 atoms for file src/selection_sort.rs
2025-08-04 08:19:18,087 - PopulateAtomsDeps - INFO - Populating atoms for src/bingo_sort.rs and code_id 38806
2025-08-04 08:19:18,094 - PopulateAtomsDeps - INFO - Inserted 5 atoms for file src/bingo_sort.rs
2025-08-04 08:19:18,094 - PopulateAtomsDeps - INFO - Populating atoms for src/cycle_sort.rs and code_id 38807
2025-08-04 08:19:18,099 - PopulateAtomsDeps - INFO - Inserted 4 atoms for file src/cycle_sort.rs
2025-08-04 08:19:18,100 - PopulateAtomsDeps - INFO - Processing 25 dependencies in batch
2025-08-04 08:19:18,163 - PopulateAtomsDeps - INFO - Inserting 25 new dependencies
2025-08-04 08:19:18,171 - PopulateAtomsDeps - INFO - Processing 7 dependencies in batch
2025-08-04 08:19:18,224 - PopulateAtomsDeps - INFO - Inserting 7 new dependencies
2025-08-04 08:19:18,229 - PopulateAtomsDeps - INFO - Processing 5 dependencies in batch
2025-08-04 08:19:18,298 - PopulateAtomsDeps - INFO - Inserting 5 new dependencies
2025-08-04 08:19:18,303 - PopulateAtomsDeps - INFO - Processing 5 dependencies in batch
2025-08-04 08:19:18,353 - PopulateAtomsDeps - INFO - Inserting 5 new dependencies
2025-08-04 08:19:18,359 - PopulateAtomsDeps - INFO - Processing 3 dependencies in batch
2025-08-04 08:19:18,411 - PopulateAtomsDeps - INFO - Inserting 3 new dependencies
2025-08-04 08:19:18,416 - PopulateAtomsDeps - INFO - Processing 3 dependencies in batch
2025-08-04 08:19:18,468 - PopulateAtomsDeps - INFO - Inserting 3 new dependencies
2025-08-04 08:19:18,474 - PopulateAtomsDeps - INFO - Processing 4 dependencies in batch
2025-08-04 08:19:18,527 - PopulateAtomsDeps - INFO - Inserting 4 new dependencies
2025-08-04 08:19:18,532 - PopulateAtomsDeps - INFO - Processing 10 dependencies in batch
2025-08-04 08:19:18,600 - PopulateAtomsDeps - INFO - Inserting 10 new dependencies
2025-08-04 08:19:18,607 - PopulateAtomsDeps - INFO - Processing 6 dependencies in batch
2025-08-04 08:19:18,667 - PopulateAtomsDeps - INFO - Inserting 6 new dependencies
2025-08-04 08:19:18,674 - PopulateAtomsDeps - INFO - Processing 5 dependencies in batch
2025-08-04 08:19:18,724 - PopulateAtomsDeps - INFO - Inserting 5 new dependencies
2025-08-04 08:19:18,729 - PopulateAtomsDeps - INFO - Processing 4 dependencies in batch
2025-08-04 08:19:18,778 - PopulateAtomsDeps - INFO - Inserting 4 new dependencies
2025-08-04 08:19:18,784 - PopulateAtomsDeps - INFO - Processing 5 dependencies in batch
2025-08-04 08:19:18,843 - PopulateAtomsDeps - INFO - Inserting 5 new dependencies
2025-08-04 08:19:18,849 - PopulateAtomsDeps - INFO - Processing 7 dependencies in batch
2025-08-04 08:19:18,905 - PopulateAtomsDeps - INFO - Inserting 7 new dependencies
2025-08-04 08:19:18,912 - PopulateAtomsDeps - INFO - Processing 9 dependencies in batch
2025-08-04 08:19:18,974 - PopulateAtomsDeps - INFO - Inserting 9 new dependencies
2025-08-04 08:19:18,984 - PopulateAtomsDeps - INFO - Processing 3 dependencies in batch
2025-08-04 08:19:19,049 - PopulateAtomsDeps - INFO - Inserting 3 new dependencies
2025-08-04 08:19:19,054 - PopulateAtomsDeps - INFO - Processing 8 dependencies in batch
2025-08-04 08:19:19,122 - PopulateAtomsDeps - INFO - Inserting 8 new dependencies
2025-08-04 08:19:19,130 - PopulateAtomsDeps - INFO - Processing 16 dependencies in batch
2025-08-04 08:19:19,196 - PopulateAtomsDeps - INFO - Inserting 16 new dependencies
2025-08-04 08:19:19,204 - PopulateAtomsDeps - INFO - Processing 3 dependencies in batch
2025-08-04 08:19:19,255 - PopulateAtomsDeps - INFO - Inserting 3 new dependencies
2025-08-04 08:19:19,261 - PopulateAtomsDeps - INFO - Processing 6 dependencies in batch
2025-08-04 08:19:19,316 - PopulateAtomsDeps - INFO - Inserting 6 new dependencies
2025-08-04 08:19:19,322 - PopulateAtomsDeps - INFO - Processing 4 dependencies in batch
2025-08-04 08:19:19,422 - PopulateAtomsDeps - INFO - Inserting 4 new dependencies
2025-08-04 08:19:19,429 - PopulateAtomsDeps - INFO - Processing 3 dependencies in batch
2025-08-04 08:19:19,509 - PopulateAtomsDeps - INFO - Inserting 3 new dependencies
2025-08-04 08:19:19,515 - PopulateAtomsDeps - INFO - Setting code_id for file molecules in repo 3053
2025-08-04 08:19:19,518 - PopulateAtomsDeps - INFO - Found 23 file molecules with code_id=0 to update
2025-08-04 08:19:19,518 - PopulateAtomsDeps - INFO - Found 0 file molecules with specific code_ids
2025-08-04 08:19:19,531 - PopulateAtomsDeps - WARNING - No child atoms found for file ID 313568 (file: src/bin/leonardo_numbers.rs)
2025-08-04 08:19:19,533 - PopulateAtomsDeps - WARNING - No child atoms found for file ID 313569 (file: src/bin/powers_of_two.rs)
2025-08-04 08:19:19,535 - PopulateAtomsDeps - INFO - Found code_id mappings for 21 files
2025-08-04 08:19:19,540 - PopulateAtomsDeps - INFO - Successfully updated code_id for 21 file molecules
2025-08-04 08:19:19,543 - PopulateAtomsDeps - INFO - Reading atomizer log file: logs/atomizer_3053_20250804_081856.log
2025-08-04 08:19:19,543 - PopulateAtomsDeps - INFO - Successfully read 600 characters from atomizer log
2025-08-04 08:19:19,551 - PopulateAtomsDeps - INFO - Inserted combined logs to atomizerlogs table for repo_id 3053
2025-08-04 08:19:19,552 - PopulateAtomsDeps - INFO - Successfully completed populate_atomsdeps_grouped_rust.py for repo_id 3053
2025-08-04 08:19:19,552 - PopulateAtomsDeps - INFO - Processing completed for JSON file: /var/www/html/rust-atomizer/3053.json
