2025-08-22 05:09:57,822 - PopulateAtomsDeps - INFO - Logging to file: logs/populate_atoms_20250822_050957.log
2025-08-22 05:09:57,823 - PopulateAtomsDeps - INFO - Starting populate_atomsdeps_grouped_rust.py with parameters:
2025-08-22 05:09:57,823 - PopulateAtomsDeps - INFO -   repo_id: 3241
2025-08-22 05:09:57,823 - PopulateAtomsDeps - INFO -   json_path: /var/www/html/rust-atomizer/curve25519-dalek.json
2025-08-22 05:09:57,823 - PopulateAtomsDeps - INFO -   user_id: 3241
2025-08-22 05:09:57,823 - PopulateAtomsDeps - INFO -   JSON file exists: True
2025-08-22 05:09:57,823 - PopulateAtomsDeps - INFO -   JSON file size: 462861 bytes
2025-08-22 05:09:57,823 - PopulateAtomsDeps - INFO -   JSON file modified: 2025-08-22 05:09:57.470157
2025-08-22 05:09:57,831 - PopulateAtomsDeps - INFO - Identified 7 folders containing Rust files
2025-08-22 05:09:57,831 - PopulateAtomsDeps - INFO - Populating folder structure with 7 folders as molecules for repo 3241
2025-08-22 05:09:57,833 - PopulateAtomsDeps - INFO - All folders to create (including parents): ['src', 'src/edwards', 'src/backend', 'src/backend/serial', 'src/backend/serial/u64', 'src/backend/serial/curve_models', 'src/backend/serial/scalar_mul']
2025-08-22 05:09:57,841 - PopulateAtomsDeps - INFO - Successfully populated 31 folder and file molecules for repo 3241
2025-08-22 05:09:57,858 - PopulateAtomsDeps - INFO - Nb of Codes: 32
2025-08-22 05:09:57,863 - PopulateAtomsDeps - WARNING - No atoms found for filename: curve25519-dalek/src/backend/mod.rs
2025-08-22 05:09:57,864 - PopulateAtomsDeps - WARNING - No atoms found for filename: curve25519-dalek/src/backend/serial/curve_models/mod.rs
2025-08-22 05:09:57,864 - PopulateAtomsDeps - WARNING - No atoms found for filename: curve25519-dalek/src/backend/serial/scalar_mul/precomputed_straus.rs
2025-08-22 05:09:57,864 - PopulateAtomsDeps - WARNING - No atoms found for filename: curve25519-dalek/src/backend/serial/scalar_mul/pippenger.rs
2025-08-22 05:09:57,865 - PopulateAtomsDeps - WARNING - No atoms found for filename: curve25519-dalek/src/backend/serial/scalar_mul/straus.rs
2025-08-22 05:09:57,865 - PopulateAtomsDeps - WARNING - No atoms found for filename: curve25519-dalek/src/backend/serial/scalar_mul/variable_base.rs
2025-08-22 05:09:57,865 - PopulateAtomsDeps - WARNING - No atoms found for filename: curve25519-dalek/src/backend/serial/scalar_mul/mod.rs
2025-08-22 05:09:57,866 - PopulateAtomsDeps - WARNING - No atoms found for filename: curve25519-dalek/src/backend/serial/scalar_mul/vartime_double_base.rs
2025-08-22 05:09:57,866 - PopulateAtomsDeps - WARNING - No atoms found for filename: curve25519-dalek/src/backend/serial/mod.rs
2025-08-22 05:09:57,866 - PopulateAtomsDeps - WARNING - No atoms found for filename: curve25519-dalek/src/backend/serial/u64/field_verus.rs
2025-08-22 05:09:57,867 - PopulateAtomsDeps - WARNING - No atoms found for filename: curve25519-dalek/src/backend/serial/u64/common_verus.rs
2025-08-22 05:09:57,867 - PopulateAtomsDeps - WARNING - No atoms found for filename: curve25519-dalek/src/backend/serial/u64/scalar_lemmas.rs
2025-08-22 05:09:57,867 - PopulateAtomsDeps - WARNING - No atoms found for filename: curve25519-dalek/src/backend/serial/u64/field_lemmas.rs
2025-08-22 05:09:57,867 - PopulateAtomsDeps - WARNING - No atoms found for filename: curve25519-dalek/src/backend/serial/u64/scalar.rs
2025-08-22 05:09:57,868 - PopulateAtomsDeps - WARNING - No atoms found for filename: curve25519-dalek/src/backend/serial/u64/subtle_assumes.rs
2025-08-22 05:09:57,868 - PopulateAtomsDeps - WARNING - No atoms found for filename: curve25519-dalek/src/backend/serial/u64/field.rs
2025-08-22 05:09:57,868 - PopulateAtomsDeps - WARNING - No atoms found for filename: curve25519-dalek/src/backend/serial/u64/constants.rs
2025-08-22 05:09:57,869 - PopulateAtomsDeps - WARNING - No atoms found for filename: curve25519-dalek/src/backend/serial/u64/mod.rs
2025-08-22 05:09:57,869 - PopulateAtomsDeps - WARNING - No atoms found for filename: curve25519-dalek/src/backend/serial/u64/scalar_specs.rs
2025-08-22 05:09:57,869 - PopulateAtomsDeps - WARNING - No atoms found for filename: curve25519-dalek/src/montgomery.rs
2025-08-22 05:09:57,870 - PopulateAtomsDeps - WARNING - No atoms found for filename: curve25519-dalek/src/edwards.rs
2025-08-22 05:09:57,870 - PopulateAtomsDeps - WARNING - No atoms found for filename: curve25519-dalek/src/scalar.rs
2025-08-22 05:09:57,870 - PopulateAtomsDeps - WARNING - No atoms found for filename: curve25519-dalek/src/macros.rs
2025-08-22 05:09:57,870 - PopulateAtomsDeps - WARNING - No atoms found for filename: curve25519-dalek/src/field.rs
2025-08-22 05:09:57,871 - PopulateAtomsDeps - WARNING - No atoms found for filename: curve25519-dalek/src/ristretto.rs
2025-08-22 05:09:57,871 - PopulateAtomsDeps - WARNING - No atoms found for filename: curve25519-dalek/src/diagnostics.rs
2025-08-22 05:09:57,871 - PopulateAtomsDeps - WARNING - No atoms found for filename: curve25519-dalek/src/lib.rs
2025-08-22 05:09:57,872 - PopulateAtomsDeps - WARNING - No atoms found for filename: curve25519-dalek/src/constants.rs
2025-08-22 05:09:57,872 - PopulateAtomsDeps - WARNING - No atoms found for filename: curve25519-dalek/src/traits.rs
2025-08-22 05:09:57,872 - PopulateAtomsDeps - WARNING - No atoms found for filename: curve25519-dalek/src/window.rs
2025-08-22 05:09:57,872 - PopulateAtomsDeps - WARNING - No atoms found for filename: curve25519-dalek/src/edwards/affine.rs
2025-08-22 05:09:57,873 - PopulateAtomsDeps - WARNING - No atoms found for filename: curve25519-dalek/build.rs
2025-08-22 05:09:57,873 - PopulateAtomsDeps - INFO - Summary: Found atoms for 0 out of 32 files
2025-08-22 05:09:57,873 - PopulateAtomsDeps - INFO - Setting code_id for file molecules in repo 3241
2025-08-22 05:09:57,875 - PopulateAtomsDeps - INFO - Found 24 file molecules with code_id=0 to update
2025-08-22 05:09:57,875 - PopulateAtomsDeps - INFO - Found 0 file molecules with specific code_ids
2025-08-22 05:09:57,876 - PopulateAtomsDeps - WARNING - No child atoms found for file ID 362495 (file: src/ristretto.rs)
2025-08-22 05:09:57,879 - PopulateAtomsDeps - WARNING - No child atoms found for file ID 362496 (file: src/montgomery.rs)
2025-08-22 05:09:57,881 - PopulateAtomsDeps - WARNING - No child atoms found for file ID 362497 (file: src/scalar.rs)
2025-08-22 05:09:57,882 - PopulateAtomsDeps - WARNING - No child atoms found for file ID 362498 (file: src/field.rs)
2025-08-22 05:09:57,884 - PopulateAtomsDeps - WARNING - No child atoms found for file ID 362499 (file: src/window.rs)
2025-08-22 05:09:57,885 - PopulateAtomsDeps - WARNING - No child atoms found for file ID 362500 (file: src/edwards.rs)
2025-08-22 05:09:57,887 - PopulateAtomsDeps - WARNING - No child atoms found for file ID 362501 (file: src/traits.rs)
2025-08-22 05:09:57,889 - PopulateAtomsDeps - WARNING - No child atoms found for file ID 362502 (file: src/backend/serial/u64/field_lemmas.rs)
2025-08-22 05:09:57,890 - PopulateAtomsDeps - WARNING - No child atoms found for file ID 362503 (file: src/backend/serial/u64/field_verus.rs)
2025-08-22 05:09:57,892 - PopulateAtomsDeps - WARNING - No child atoms found for file ID 362504 (file: src/backend/serial/u64/scalar_lemmas.rs)
2025-08-22 05:09:57,893 - PopulateAtomsDeps - WARNING - No child atoms found for file ID 362505 (file: src/backend/serial/u64/scalar_specs.rs)
2025-08-22 05:09:57,894 - PopulateAtomsDeps - WARNING - No child atoms found for file ID 362506 (file: src/backend/serial/u64/common_verus.rs)
2025-08-22 05:09:57,896 - PopulateAtomsDeps - WARNING - No child atoms found for file ID 362507 (file: src/backend/serial/u64/field.rs)
2025-08-22 05:09:57,897 - PopulateAtomsDeps - WARNING - No child atoms found for file ID 362508 (file: src/backend/serial/u64/scalar.rs)
2025-08-22 05:09:57,899 - PopulateAtomsDeps - WARNING - No child atoms found for file ID 362509 (file: src/backend/serial/u64/subtle_assumes.rs)
2025-08-22 05:09:57,900 - PopulateAtomsDeps - WARNING - No child atoms found for file ID 362510 (file: src/edwards/affine.rs)
2025-08-22 05:09:57,901 - PopulateAtomsDeps - WARNING - No child atoms found for file ID 362511 (file: src/backend/mod.rs)
2025-08-22 05:09:57,903 - PopulateAtomsDeps - WARNING - No child atoms found for file ID 362512 (file: src/backend/serial/curve_models/mod.rs)
2025-08-22 05:09:57,904 - PopulateAtomsDeps - WARNING - No child atoms found for file ID 362513 (file: src/backend/serial/scalar_mul/precomputed_straus.rs)
2025-08-22 05:09:57,906 - PopulateAtomsDeps - WARNING - No child atoms found for file ID 362514 (file: src/backend/serial/scalar_mul/straus.rs)
2025-08-22 05:09:57,907 - PopulateAtomsDeps - WARNING - No child atoms found for file ID 362515 (file: src/backend/serial/scalar_mul/variable_base.rs)
2025-08-22 05:09:57,909 - PopulateAtomsDeps - WARNING - No child atoms found for file ID 362516 (file: src/backend/serial/scalar_mul/pippenger.rs)
2025-08-22 05:09:57,910 - PopulateAtomsDeps - WARNING - No child atoms found for file ID 362517 (file: src/backend/serial/scalar_mul/vartime_double_base.rs)
2025-08-22 05:09:57,912 - PopulateAtomsDeps - WARNING - No child atoms found for file ID 362518 (file: build.rs)
2025-08-22 05:09:57,912 - PopulateAtomsDeps - INFO - No file-to-code_id mappings found
2025-08-22 05:09:57,913 - PopulateAtomsDeps - INFO - Reading atomizer log file: logs/atomizer_3241_20250822_050846.log
2025-08-22 05:09:57,914 - PopulateAtomsDeps - INFO - Successfully read 621 characters from atomizer log
2025-08-22 05:09:57,918 - PopulateAtomsDeps - INFO - Inserted combined logs to atomizerlogs table for repo_id 3241
2025-08-22 05:09:57,919 - PopulateAtomsDeps - INFO - Successfully completed populate_atomsdeps_grouped_rust.py for repo_id 3241
2025-08-22 05:09:57,920 - PopulateAtomsDeps - INFO - Processing completed for JSON file: /var/www/html/rust-atomizer/curve25519-dalek.json
