2025-08-14 06:27:22,476 - PopulateAtomsDeps - INFO - Logging to file: logs/populate_atoms_20250814_062722.log
2025-08-14 06:27:22,477 - PopulateAtomsDeps - INFO - Starting populate_atomsdeps_grouped_rust.py with parameters:
2025-08-14 06:27:22,477 - PopulateAtomsDeps - INFO -   repo_id: 3211
2025-08-14 06:27:22,477 - PopulateAtomsDeps - INFO -   json_path: /var/www/html/rust-atomizer/3211.json
2025-08-14 06:27:22,477 - PopulateAtomsDeps - INFO -   user_id: 460176
2025-08-14 06:27:22,478 - PopulateAtomsDeps - INFO -   JSON file exists: True
2025-08-14 06:27:22,478 - PopulateAtomsDeps - INFO -   JSON file size: 663397 bytes
2025-08-14 06:27:22,478 - PopulateAtomsDeps - INFO -   JSON file modified: 2025-08-14 06:27:21.895611
2025-08-14 06:27:22,499 - PopulateAtomsDeps - INFO - Identified 7 folders containing Rust files
2025-08-14 06:27:22,502 - PopulateAtomsDeps - INFO - Populating folder structure with 7 folders as molecules for repo 3211
2025-08-14 06:27:22,528 - PopulateAtomsDeps - INFO - All folders to create (including parents): ['curve25519-dalek', 'curve25519-dalek/src', 'curve25519-dalek/src/edwards', 'curve25519-dalek/src/backend', 'curve25519-dalek/src/backend/serial', 'curve25519-dalek/src/backend/serial/u64', 'curve25519-dalek/src/backend/serial/curve_models', 'curve25519-dalek/src/backend/serial/scalar_mul']
2025-08-14 06:27:22,552 - PopulateAtomsDeps - INFO - Successfully populated 32 folder and file molecules for repo 3211
2025-08-14 06:27:22,569 - PopulateAtomsDeps - INFO - Nb of Codes: 32
2025-08-14 06:27:22,578 - PopulateAtomsDeps - INFO - Found 15 atoms for curve25519-dalek/src/backend/mod.rs
2025-08-14 06:27:22,578 - PopulateAtomsDeps - INFO - Found 16 atoms for curve25519-dalek/src/backend/serial/curve_models/mod.rs
2025-08-14 06:27:22,578 - PopulateAtomsDeps - INFO - Found 2 atoms for curve25519-dalek/src/backend/serial/scalar_mul/precomputed_straus.rs
2025-08-14 06:27:22,579 - PopulateAtomsDeps - INFO - Found 6 atoms for curve25519-dalek/src/backend/serial/scalar_mul/pippenger.rs
2025-08-14 06:27:22,579 - PopulateAtomsDeps - INFO - Found 6 atoms for curve25519-dalek/src/backend/serial/scalar_mul/straus.rs
2025-08-14 06:27:22,579 - PopulateAtomsDeps - INFO - Found 2 atoms for curve25519-dalek/src/backend/serial/scalar_mul/variable_base.rs
2025-08-14 06:27:22,580 - PopulateAtomsDeps - WARNING - No atoms found for filename: curve25519-dalek/src/backend/serial/scalar_mul/mod.rs
2025-08-14 06:27:22,580 - PopulateAtomsDeps - INFO - Found 1 atoms for curve25519-dalek/src/backend/serial/scalar_mul/vartime_double_base.rs
2025-08-14 06:27:22,581 - PopulateAtomsDeps - WARNING - No atoms found for filename: curve25519-dalek/src/backend/serial/mod.rs
2025-08-14 06:27:22,581 - PopulateAtomsDeps - INFO - Found 24 atoms for curve25519-dalek/src/backend/serial/u64/field_verus.rs
2025-08-14 06:27:22,581 - PopulateAtomsDeps - INFO - Found 42 atoms for curve25519-dalek/src/backend/serial/u64/common_verus.rs
2025-08-14 06:27:22,582 - PopulateAtomsDeps - INFO - Found 49 atoms for curve25519-dalek/src/backend/serial/u64/scalar_lemmas.rs
2025-08-14 06:27:22,582 - PopulateAtomsDeps - INFO - Found 45 atoms for curve25519-dalek/src/backend/serial/u64/field_lemmas.rs
2025-08-14 06:27:22,582 - PopulateAtomsDeps - INFO - Found 16 atoms for curve25519-dalek/src/backend/serial/u64/scalar.rs
2025-08-14 06:27:22,583 - PopulateAtomsDeps - INFO - Found 1 atoms for curve25519-dalek/src/backend/serial/u64/subtle_assumes.rs
2025-08-14 06:27:22,583 - PopulateAtomsDeps - INFO - Found 17 atoms for curve25519-dalek/src/backend/serial/u64/field.rs
2025-08-14 06:27:22,583 - PopulateAtomsDeps - WARNING - No atoms found for filename: curve25519-dalek/src/backend/serial/u64/constants.rs
2025-08-14 06:27:22,584 - PopulateAtomsDeps - WARNING - No atoms found for filename: curve25519-dalek/src/backend/serial/u64/mod.rs
2025-08-14 06:27:22,584 - PopulateAtomsDeps - INFO - Found 5 atoms for curve25519-dalek/src/backend/serial/u64/scalar_specs.rs
2025-08-14 06:27:22,585 - PopulateAtomsDeps - INFO - Found 24 atoms for curve25519-dalek/src/montgomery.rs
2025-08-14 06:27:22,585 - PopulateAtomsDeps - INFO - Found 47 atoms for curve25519-dalek/src/edwards.rs
2025-08-14 06:27:22,586 - PopulateAtomsDeps - INFO - Found 59 atoms for curve25519-dalek/src/scalar.rs
2025-08-14 06:27:22,586 - PopulateAtomsDeps - WARNING - No atoms found for filename: curve25519-dalek/src/macros.rs
2025-08-14 06:27:22,586 - PopulateAtomsDeps - INFO - Found 23 atoms for curve25519-dalek/src/field.rs
2025-08-14 06:27:22,587 - PopulateAtomsDeps - INFO - Found 67 atoms for curve25519-dalek/src/ristretto.rs
2025-08-14 06:27:22,587 - PopulateAtomsDeps - WARNING - No atoms found for filename: curve25519-dalek/src/diagnostics.rs
2025-08-14 06:27:22,587 - PopulateAtomsDeps - WARNING - No atoms found for filename: curve25519-dalek/src/lib.rs
2025-08-14 06:27:22,587 - PopulateAtomsDeps - WARNING - No atoms found for filename: curve25519-dalek/src/constants.rs
2025-08-14 06:27:22,588 - PopulateAtomsDeps - INFO - Found 10 atoms for curve25519-dalek/src/traits.rs
2025-08-14 06:27:22,588 - PopulateAtomsDeps - INFO - Found 9 atoms for curve25519-dalek/src/window.rs
2025-08-14 06:27:22,588 - PopulateAtomsDeps - INFO - Found 8 atoms for curve25519-dalek/src/edwards/affine.rs
2025-08-14 06:27:22,588 - PopulateAtomsDeps - INFO - Found 12 atoms for curve25519-dalek/build.rs
2025-08-14 06:27:22,588 - PopulateAtomsDeps - INFO - Summary: Found atoms for 24 out of 32 files
2025-08-14 06:27:22,589 - PopulateAtomsDeps - INFO - Populating atoms for curve25519-dalek/src/backend/mod.rs and code_id 65235
2025-08-14 06:27:22,592 - PopulateAtomsDeps - INFO - Populating atoms for curve25519-dalek/src/backend/serial/curve_models/mod.rs and code_id 65236
2025-08-14 06:27:22,593 - PopulateAtomsDeps - INFO - Populating atoms for curve25519-dalek/src/backend/serial/scalar_mul/precomputed_straus.rs and code_id 65237
2025-08-14 06:27:22,594 - PopulateAtomsDeps - INFO - Populating atoms for curve25519-dalek/src/backend/serial/scalar_mul/pippenger.rs and code_id 65238
2025-08-14 06:27:22,595 - PopulateAtomsDeps - INFO - Populating atoms for curve25519-dalek/src/backend/serial/scalar_mul/straus.rs and code_id 65239
2025-08-14 06:27:22,596 - PopulateAtomsDeps - INFO - Populating atoms for curve25519-dalek/src/backend/serial/scalar_mul/variable_base.rs and code_id 65240
2025-08-14 06:27:22,597 - PopulateAtomsDeps - INFO - Populating atoms for curve25519-dalek/src/backend/serial/scalar_mul/vartime_double_base.rs and code_id 65242
2025-08-14 06:27:22,598 - PopulateAtomsDeps - INFO - Populating atoms for curve25519-dalek/src/backend/serial/u64/field_verus.rs and code_id 65244
2025-08-14 06:27:22,601 - PopulateAtomsDeps - INFO - Populating atoms for curve25519-dalek/src/backend/serial/u64/common_verus.rs and code_id 65245
2025-08-14 06:27:22,605 - PopulateAtomsDeps - INFO - Populating atoms for curve25519-dalek/src/backend/serial/u64/scalar_lemmas.rs and code_id 65246
2025-08-14 06:27:22,609 - PopulateAtomsDeps - INFO - Populating atoms for curve25519-dalek/src/backend/serial/u64/field_lemmas.rs and code_id 65247
2025-08-14 06:27:22,611 - PopulateAtomsDeps - INFO - Populating atoms for curve25519-dalek/src/backend/serial/u64/scalar.rs and code_id 65248
2025-08-14 06:27:22,613 - PopulateAtomsDeps - INFO - Populating atoms for curve25519-dalek/src/backend/serial/u64/subtle_assumes.rs and code_id 65249
2025-08-14 06:27:22,614 - PopulateAtomsDeps - INFO - Populating atoms for curve25519-dalek/src/backend/serial/u64/field.rs and code_id 65250
2025-08-14 06:27:22,615 - PopulateAtomsDeps - INFO - Populating atoms for curve25519-dalek/src/backend/serial/u64/scalar_specs.rs and code_id 65253
2025-08-14 06:27:22,616 - PopulateAtomsDeps - INFO - Populating atoms for curve25519-dalek/src/montgomery.rs and code_id 65254
2025-08-14 06:27:22,618 - PopulateAtomsDeps - INFO - Populating atoms for curve25519-dalek/src/edwards.rs and code_id 65255
2025-08-14 06:27:22,621 - PopulateAtomsDeps - INFO - Populating atoms for curve25519-dalek/src/scalar.rs and code_id 65256
2025-08-14 06:27:22,624 - PopulateAtomsDeps - INFO - Populating atoms for curve25519-dalek/src/field.rs and code_id 65258
2025-08-14 06:27:22,626 - PopulateAtomsDeps - INFO - Populating atoms for curve25519-dalek/src/ristretto.rs and code_id 65259
2025-08-14 06:27:22,630 - PopulateAtomsDeps - INFO - Populating atoms for curve25519-dalek/src/traits.rs and code_id 65263
2025-08-14 06:27:22,631 - PopulateAtomsDeps - INFO - Populating atoms for curve25519-dalek/src/window.rs and code_id 65264
2025-08-14 06:27:22,632 - PopulateAtomsDeps - INFO - Populating atoms for curve25519-dalek/src/edwards/affine.rs and code_id 65265
2025-08-14 06:27:22,633 - PopulateAtomsDeps - INFO - Populating atoms for curve25519-dalek/build.rs and code_id 65266
2025-08-14 06:27:22,635 - PopulateAtomsDeps - INFO - Processing 77 dependencies in batch
2025-08-14 06:27:22,760 - PopulateAtomsDeps - INFO - All dependencies already exist in the database
2025-08-14 06:27:22,761 - PopulateAtomsDeps - INFO - Processing 7 dependencies in batch
2025-08-14 06:27:22,828 - PopulateAtomsDeps - INFO - All dependencies already exist in the database
2025-08-14 06:27:22,828 - PopulateAtomsDeps - INFO - Processing 7 dependencies in batch
2025-08-14 06:27:22,903 - PopulateAtomsDeps - INFO - All dependencies already exist in the database
2025-08-14 06:27:22,904 - PopulateAtomsDeps - INFO - Processing 113 dependencies in batch
2025-08-14 06:27:22,995 - PopulateAtomsDeps - INFO - All dependencies already exist in the database
2025-08-14 06:27:22,996 - PopulateAtomsDeps - INFO - Processing 81 dependencies in batch
2025-08-14 06:27:23,113 - PopulateAtomsDeps - INFO - All dependencies already exist in the database
2025-08-14 06:27:23,130 - PopulateAtomsDeps - INFO - Processing 92 dependencies in batch
2025-08-14 06:27:23,297 - PopulateAtomsDeps - INFO - All dependencies already exist in the database
2025-08-14 06:27:23,299 - PopulateAtomsDeps - INFO - Processing 85 dependencies in batch
2025-08-14 06:27:23,399 - PopulateAtomsDeps - INFO - All dependencies already exist in the database
2025-08-14 06:27:23,399 - PopulateAtomsDeps - INFO - Processing 21 dependencies in batch
2025-08-14 06:27:23,507 - PopulateAtomsDeps - INFO - All dependencies already exist in the database
2025-08-14 06:27:23,507 - PopulateAtomsDeps - INFO - Processing 6 dependencies in batch
2025-08-14 06:27:23,590 - PopulateAtomsDeps - INFO - All dependencies already exist in the database
2025-08-14 06:27:23,590 - PopulateAtomsDeps - INFO - Processing 6 dependencies in batch
2025-08-14 06:27:23,656 - PopulateAtomsDeps - INFO - All dependencies already exist in the database
2025-08-14 06:27:23,656 - PopulateAtomsDeps - INFO - Processing 40 dependencies in batch
2025-08-14 06:27:23,762 - PopulateAtomsDeps - INFO - All dependencies already exist in the database
2025-08-14 06:27:23,763 - PopulateAtomsDeps - INFO - Processing 73 dependencies in batch
2025-08-14 06:27:23,869 - PopulateAtomsDeps - INFO - All dependencies already exist in the database
2025-08-14 06:27:23,871 - PopulateAtomsDeps - INFO - Processing 154 dependencies in batch
2025-08-14 06:27:23,976 - PopulateAtomsDeps - INFO - All dependencies already exist in the database
2025-08-14 06:27:23,977 - PopulateAtomsDeps - INFO - Processing 34 dependencies in batch
2025-08-14 06:27:24,069 - PopulateAtomsDeps - INFO - All dependencies already exist in the database
2025-08-14 06:27:24,071 - PopulateAtomsDeps - INFO - Processing 92 dependencies in batch
2025-08-14 06:27:24,197 - PopulateAtomsDeps - INFO - All dependencies already exist in the database
2025-08-14 06:27:24,198 - PopulateAtomsDeps - INFO - Processing 8 dependencies in batch
2025-08-14 06:27:24,272 - PopulateAtomsDeps - INFO - All dependencies already exist in the database
2025-08-14 06:27:24,272 - PopulateAtomsDeps - INFO - Processing 12 dependencies in batch
2025-08-14 06:27:24,385 - PopulateAtomsDeps - INFO - All dependencies already exist in the database
2025-08-14 06:27:24,387 - PopulateAtomsDeps - INFO - Processing 6 dependencies in batch
2025-08-14 06:27:24,583 - PopulateAtomsDeps - INFO - All dependencies already exist in the database
2025-08-14 06:27:24,584 - PopulateAtomsDeps - INFO - Processing 11 dependencies in batch
2025-08-14 06:27:24,652 - PopulateAtomsDeps - INFO - All dependencies already exist in the database
2025-08-14 06:27:24,652 - PopulateAtomsDeps - INFO - Setting code_id for file molecules in repo 3211
2025-08-14 06:27:24,657 - PopulateAtomsDeps - INFO - Found 0 file molecules with code_id=0 to update
2025-08-14 06:27:24,657 - PopulateAtomsDeps - INFO - Found 24 file molecules with specific code_ids
2025-08-14 06:27:24,657 - PopulateAtomsDeps - INFO - No file molecules with code_id = 0 found to update
2025-08-14 06:27:24,660 - PopulateAtomsDeps - INFO - Reading atomizer log file: logs/atomizer_3211_20250814_062644.log
2025-08-14 06:27:24,660 - PopulateAtomsDeps - INFO - Successfully read 601 characters from atomizer log
2025-08-14 06:27:24,669 - PopulateAtomsDeps - INFO - Inserted combined logs to atomizerlogs table for repo_id 3211
2025-08-14 06:27:24,670 - PopulateAtomsDeps - INFO - Successfully completed populate_atomsdeps_grouped_rust.py for repo_id 3211
2025-08-14 06:27:24,670 - PopulateAtomsDeps - INFO - Processing completed for JSON file: /var/www/html/rust-atomizer/3211.json
