2025-06-23 07:37:02,358 - PopulateAtomsDeps - INFO - Logging to file: logs/populate_atoms_20250623_073702.log
2025-06-23 07:37:02,364 - PopulateAtomsDeps - INFO - Identified 3 folders containing Rust files
2025-06-23 07:37:02,365 - PopulateAtomsDeps - INFO - Populating folder structure with 3 folders as molecules for repo 3053
2025-06-23 07:37:02,377 - PopulateAtomsDeps - INFO - Successfully populated 26 folder and file molecules for repo 3053
2025-06-23 07:37:02,382 - PopulateAtomsDeps - INFO - Nb of Codes: 24
2025-06-23 07:37:02,391 - PopulateAtomsDeps - INFO - Populating atoms for benches/sort_benchmark.rs and code_id 38784
2025-06-23 07:37:02,394 - PopulateAtomsDeps - INFO - Populating atoms for src/smooth_sort.rs and code_id 38785
2025-06-23 07:37:02,399 - PopulateAtomsDeps - INFO - Populating atoms for src/nheap_sort.rs and code_id 38786
2025-06-23 07:37:02,403 - PopulateAtomsDeps - INFO - Populating atoms for src/shell_sort.rs and code_id 38787
2025-06-23 07:37:02,410 - PopulateAtomsDeps - INFO - Populating atoms for bin/powers_of_two.rs and code_id 38788
2025-06-23 07:37:02,414 - PopulateAtomsDeps - INFO - Populating atoms for bin/leonardo_numbers.rs and code_id 38789
2025-06-23 07:37:02,418 - PopulateAtomsDeps - INFO - Populating atoms for src/insertion_sort.rs and code_id 38790
2025-06-23 07:37:02,422 - PopulateAtomsDeps - INFO - Populating atoms for src/cocktail_sort.rs and code_id 38791
2025-06-23 07:37:02,429 - PopulateAtomsDeps - INFO - Populating atoms for src/slow_sort.rs and code_id 38792
2025-06-23 07:37:02,432 - PopulateAtomsDeps - INFO - Populating atoms for src/quick_sort.rs and code_id 38793
2025-06-23 07:37:02,435 - PopulateAtomsDeps - INFO - Populating atoms for src/gnome_sort.rs and code_id 38794
2025-06-23 07:37:02,438 - PopulateAtomsDeps - INFO - Populating atoms for src/ksort.rs and code_id 38795
2025-06-23 07:37:02,448 - PopulateAtomsDeps - INFO - Populating atoms for src/stooge_sort.rs and code_id 38796
2025-06-23 07:37:02,456 - PopulateAtomsDeps - INFO - Populating atoms for src/pancake_sort.rs and code_id 38797
2025-06-23 07:37:02,459 - PopulateAtomsDeps - INFO - Populating atoms for src/merge_sort.rs and code_id 38798
2025-06-23 07:37:02,464 - PopulateAtomsDeps - INFO - Populating atoms for src/bitonic_sort.rs and code_id 38799
2025-06-23 07:37:02,469 - PopulateAtomsDeps - INFO - Populating atoms for src/comb_sort.rs and code_id 38800
2025-06-23 07:37:02,470 - PopulateAtomsDeps - INFO - Populating atoms for src/oddeven_sort.rs and code_id 38801
2025-06-23 07:37:02,479 - PopulateAtomsDeps - INFO - Populating atoms for src/heap_sort.rs and code_id 38802
2025-06-23 07:37:02,493 - PopulateAtomsDeps - INFO - Populating atoms for src/bubble_sort.rs and code_id 38803
2025-06-23 07:37:02,495 - PopulateAtomsDeps - INFO - Populating atoms for src/selection_sort.rs and code_id 38805
2025-06-23 07:37:02,499 - PopulateAtomsDeps - INFO - Populating atoms for src/bingo_sort.rs and code_id 38806
2025-06-23 07:37:02,502 - PopulateAtomsDeps - INFO - Populating atoms for src/cycle_sort.rs and code_id 38807
2025-06-23 07:37:02,503 - PopulateAtomsDeps - INFO - Processing 25 dependencies in batch
2025-06-23 07:37:02,565 - PopulateAtomsDeps - INFO - All dependencies already exist in the database
2025-06-23 07:37:02,566 - PopulateAtomsDeps - INFO - Processing 7 dependencies in batch
2025-06-23 07:37:02,607 - PopulateAtomsDeps - INFO - All dependencies already exist in the database
2025-06-23 07:37:02,607 - PopulateAtomsDeps - INFO - Processing 5 dependencies in batch
2025-06-23 07:37:02,676 - PopulateAtomsDeps - INFO - All dependencies already exist in the database
2025-06-23 07:37:02,677 - PopulateAtomsDeps - INFO - Processing 5 dependencies in batch
2025-06-23 07:37:02,864 - PopulateAtomsDeps - INFO - All dependencies already exist in the database
2025-06-23 07:37:02,864 - PopulateAtomsDeps - INFO - Processing 5 dependencies in batch
2025-06-23 07:37:02,963 - PopulateAtomsDeps - INFO - All dependencies already exist in the database
2025-06-23 07:37:02,964 - PopulateAtomsDeps - INFO - Processing 3 dependencies in batch
2025-06-23 07:37:03,003 - PopulateAtomsDeps - INFO - All dependencies already exist in the database
2025-06-23 07:37:03,004 - PopulateAtomsDeps - INFO - Processing 3 dependencies in batch
2025-06-23 07:37:03,055 - PopulateAtomsDeps - INFO - All dependencies already exist in the database
2025-06-23 07:37:03,056 - PopulateAtomsDeps - INFO - Processing 4 dependencies in batch
2025-06-23 07:37:03,112 - PopulateAtomsDeps - INFO - All dependencies already exist in the database
2025-06-23 07:37:03,113 - PopulateAtomsDeps - INFO - Processing 10 dependencies in batch
2025-06-23 07:37:03,186 - PopulateAtomsDeps - INFO - All dependencies already exist in the database
2025-06-23 07:37:03,186 - PopulateAtomsDeps - INFO - Processing 6 dependencies in batch
2025-06-23 07:37:03,242 - PopulateAtomsDeps - INFO - All dependencies already exist in the database
2025-06-23 07:37:03,242 - PopulateAtomsDeps - INFO - Processing 5 dependencies in batch
2025-06-23 07:37:03,283 - PopulateAtomsDeps - INFO - All dependencies already exist in the database
2025-06-23 07:37:03,283 - PopulateAtomsDeps - INFO - Processing 4 dependencies in batch
2025-06-23 07:37:03,347 - PopulateAtomsDeps - INFO - All dependencies already exist in the database
2025-06-23 07:37:03,348 - PopulateAtomsDeps - INFO - Processing 5 dependencies in batch
2025-06-23 07:37:03,376 - PopulateAtomsDeps - INFO - All dependencies already exist in the database
2025-06-23 07:37:03,377 - PopulateAtomsDeps - INFO - Processing 7 dependencies in batch
2025-06-23 07:37:03,414 - PopulateAtomsDeps - INFO - All dependencies already exist in the database
2025-06-23 07:37:03,415 - PopulateAtomsDeps - INFO - Processing 9 dependencies in batch
2025-06-23 07:37:03,453 - PopulateAtomsDeps - INFO - All dependencies already exist in the database
2025-06-23 07:37:03,454 - PopulateAtomsDeps - INFO - Processing 3 dependencies in batch
2025-06-23 07:37:03,489 - PopulateAtomsDeps - INFO - All dependencies already exist in the database
2025-06-23 07:37:03,490 - PopulateAtomsDeps - INFO - Processing 8 dependencies in batch
2025-06-23 07:37:03,531 - PopulateAtomsDeps - INFO - All dependencies already exist in the database
2025-06-23 07:37:03,531 - PopulateAtomsDeps - INFO - Processing 16 dependencies in batch
2025-06-23 07:37:03,575 - PopulateAtomsDeps - INFO - All dependencies already exist in the database
2025-06-23 07:37:03,576 - PopulateAtomsDeps - INFO - Processing 3 dependencies in batch
2025-06-23 07:37:03,603 - PopulateAtomsDeps - INFO - All dependencies already exist in the database
2025-06-23 07:37:03,604 - PopulateAtomsDeps - INFO - Processing 6 dependencies in batch
2025-06-23 07:37:03,644 - PopulateAtomsDeps - INFO - All dependencies already exist in the database
2025-06-23 07:37:03,645 - PopulateAtomsDeps - INFO - Processing 4 dependencies in batch
2025-06-23 07:37:03,683 - PopulateAtomsDeps - INFO - All dependencies already exist in the database
2025-06-23 07:37:03,684 - PopulateAtomsDeps - INFO - Processing 3 dependencies in batch
2025-06-23 07:37:03,793 - PopulateAtomsDeps - INFO - All dependencies already exist in the database
2025-06-23 07:37:03,796 - PopulateAtomsDeps - INFO - Setting code_id for file molecules in repo 3053
2025-06-23 07:37:03,821 - PopulateAtomsDeps - INFO - No file molecules found with code_id = 0
2025-06-23 07:37:03,822 - PopulateAtomsDeps - INFO - Reading atomizer log file: logs/atomizer_3053_20250623_073642.log
2025-06-23 07:37:03,822 - PopulateAtomsDeps - INFO - Successfully read 600 characters from atomizer log
2025-06-23 07:37:03,862 - PopulateAtomsDeps - INFO - Inserted combined logs to atomizerlogs table for repo_id 3053
