2025-06-12 12:38:08,711 - PopulateAtomsDeps - INFO - Logging to file: logs/populate_atoms_20250612_123808.log
2025-06-12 12:38:08,713 - PopulateAtomsDeps - INFO - Identified 3 folders containing Rust files
2025-06-12 12:38:08,713 - PopulateAtomsDeps - INFO - Populating folder structure with 3 folders as molecules for repo 3008
2025-06-12 12:38:08,721 - PopulateAtomsDeps - INFO - Adding new folder molecules ['src/', 'benches/', 'src/bin/'] in batch
2025-06-12 12:38:08,730 - PopulateAtomsDeps - INFO - Adding 23 new file molecules in batch
2025-06-12 12:38:08,740 - PopulateAtomsDeps - INFO - Successfully populated 26 folder and file molecules for repo 3008
2025-06-12 12:38:08,747 - PopulateAtomsDeps - INFO - Nb of Codes: 24
2025-06-12 12:38:08,749 - PopulateAtomsDeps - INFO - Populating atoms for benches/sort_benchmark.rs and code_id 33922
2025-06-12 12:38:08,756 - PopulateAtomsDeps - INFO - Inserted 3 atoms for file benches/sort_benchmark.rs
2025-06-12 12:38:08,756 - PopulateAtomsDeps - INFO - Populating atoms for src/smooth_sort.rs and code_id 33923
2025-06-12 12:38:08,762 - PopulateAtomsDeps - INFO - Inserted 7 atoms for file src/smooth_sort.rs
2025-06-12 12:38:08,763 - PopulateAtomsDeps - INFO - Populating atoms for src/nheap_sort.rs and code_id 33924
2025-06-12 12:38:08,770 - PopulateAtomsDeps - INFO - Inserted 6 atoms for file src/nheap_sort.rs
2025-06-12 12:38:08,771 - PopulateAtomsDeps - INFO - Populating atoms for src/shell_sort.rs and code_id 33925
2025-06-12 12:38:08,780 - PopulateAtomsDeps - INFO - Inserted 7 atoms for file src/shell_sort.rs
2025-06-12 12:38:08,780 - PopulateAtomsDeps - INFO - Populating atoms for bin/powers_of_two.rs and code_id 33926
2025-06-12 12:38:08,785 - PopulateAtomsDeps - INFO - Inserted 1 atoms for file src/bin/powers_of_two.rs
2025-06-12 12:38:08,785 - PopulateAtomsDeps - INFO - Populating atoms for bin/leonardo_numbers.rs and code_id 33927
2025-06-12 12:38:08,795 - PopulateAtomsDeps - INFO - Inserted 4 atoms for file src/bin/leonardo_numbers.rs
2025-06-12 12:38:08,796 - PopulateAtomsDeps - INFO - Populating atoms for src/insertion_sort.rs and code_id 33928
2025-06-12 12:38:08,803 - PopulateAtomsDeps - INFO - Inserted 4 atoms for file src/insertion_sort.rs
2025-06-12 12:38:08,803 - PopulateAtomsDeps - INFO - Populating atoms for src/cocktail_sort.rs and code_id 33929
2025-06-12 12:38:08,813 - PopulateAtomsDeps - INFO - Inserted 4 atoms for file src/cocktail_sort.rs
2025-06-12 12:38:08,813 - PopulateAtomsDeps - INFO - Populating atoms for src/slow_sort.rs and code_id 33930
2025-06-12 12:38:08,820 - PopulateAtomsDeps - INFO - Inserted 5 atoms for file src/slow_sort.rs
2025-06-12 12:38:08,820 - PopulateAtomsDeps - INFO - Populating atoms for src/quick_sort.rs and code_id 33931
2025-06-12 12:38:08,831 - PopulateAtomsDeps - INFO - Inserted 12 atoms for file src/quick_sort.rs
2025-06-12 12:38:08,832 - PopulateAtomsDeps - INFO - Populating atoms for src/gnome_sort.rs and code_id 33932
2025-06-12 12:38:08,840 - PopulateAtomsDeps - INFO - Inserted 8 atoms for file src/gnome_sort.rs
2025-06-12 12:38:08,841 - PopulateAtomsDeps - INFO - Populating atoms for src/ksort.rs and code_id 33933
2025-06-12 12:38:08,852 - PopulateAtomsDeps - INFO - Inserted 6 atoms for file src/ksort.rs
2025-06-12 12:38:08,853 - PopulateAtomsDeps - INFO - Populating atoms for src/stooge_sort.rs and code_id 33934
2025-06-12 12:38:08,860 - PopulateAtomsDeps - INFO - Inserted 5 atoms for file src/stooge_sort.rs
2025-06-12 12:38:08,861 - PopulateAtomsDeps - INFO - Populating atoms for src/pancake_sort.rs and code_id 33935
2025-06-12 12:38:08,871 - PopulateAtomsDeps - INFO - Inserted 6 atoms for file src/pancake_sort.rs
2025-06-12 12:38:08,872 - PopulateAtomsDeps - INFO - Populating atoms for src/merge_sort.rs and code_id 33936
2025-06-12 12:38:08,882 - PopulateAtomsDeps - INFO - Inserted 9 atoms for file src/merge_sort.rs
2025-06-12 12:38:08,882 - PopulateAtomsDeps - INFO - Populating atoms for src/bitonic_sort.rs and code_id 33937
2025-06-12 12:38:08,893 - PopulateAtomsDeps - INFO - Inserted 10 atoms for file src/bitonic_sort.rs
2025-06-12 12:38:08,894 - PopulateAtomsDeps - INFO - Populating atoms for src/comb_sort.rs and code_id 33938
2025-06-12 12:38:08,901 - PopulateAtomsDeps - INFO - Inserted 4 atoms for file src/comb_sort.rs
2025-06-12 12:38:08,901 - PopulateAtomsDeps - INFO - Populating atoms for src/oddeven_sort.rs and code_id 33939
2025-06-12 12:38:08,913 - PopulateAtomsDeps - INFO - Inserted 10 atoms for file src/oddeven_sort.rs
2025-06-12 12:38:08,913 - PopulateAtomsDeps - INFO - Populating atoms for src/heap_sort.rs and code_id 33940
2025-06-12 12:38:08,943 - PopulateAtomsDeps - INFO - Inserted 19 atoms for file src/heap_sort.rs
2025-06-12 12:38:08,944 - PopulateAtomsDeps - INFO - Populating atoms for src/bubble_sort.rs and code_id 33941
2025-06-12 12:38:08,952 - PopulateAtomsDeps - INFO - Inserted 4 atoms for file src/bubble_sort.rs
2025-06-12 12:38:08,953 - PopulateAtomsDeps - INFO - Populating atoms for src/selection_sort.rs and code_id 33943
2025-06-12 12:38:08,964 - PopulateAtomsDeps - INFO - Inserted 8 atoms for file src/selection_sort.rs
2025-06-12 12:38:08,965 - PopulateAtomsDeps - INFO - Populating atoms for src/bingo_sort.rs and code_id 33944
2025-06-12 12:38:08,972 - PopulateAtomsDeps - INFO - Inserted 5 atoms for file src/bingo_sort.rs
2025-06-12 12:38:08,972 - PopulateAtomsDeps - INFO - Populating atoms for src/cycle_sort.rs and code_id 33945
2025-06-12 12:38:08,980 - PopulateAtomsDeps - INFO - Inserted 4 atoms for file src/cycle_sort.rs
2025-06-12 12:38:08,980 - PopulateAtomsDeps - INFO - Processing 25 dependencies in batch
2025-06-12 12:38:09,004 - PopulateAtomsDeps - INFO - Inserting 25 new dependencies
2025-06-12 12:38:09,016 - PopulateAtomsDeps - INFO - Processing 7 dependencies in batch
2025-06-12 12:38:09,032 - PopulateAtomsDeps - INFO - Inserting 7 new dependencies
2025-06-12 12:38:09,038 - PopulateAtomsDeps - INFO - Processing 5 dependencies in batch
2025-06-12 12:38:09,055 - PopulateAtomsDeps - INFO - Inserting 5 new dependencies
2025-06-12 12:38:09,060 - PopulateAtomsDeps - INFO - Processing 5 dependencies in batch
2025-06-12 12:38:09,076 - PopulateAtomsDeps - INFO - Inserting 5 new dependencies
2025-06-12 12:38:09,082 - PopulateAtomsDeps - INFO - Processing 5 dependencies in batch
2025-06-12 12:38:09,099 - PopulateAtomsDeps - INFO - Inserting 5 new dependencies
2025-06-12 12:38:09,105 - PopulateAtomsDeps - INFO - Processing 3 dependencies in batch
2025-06-12 12:38:09,120 - PopulateAtomsDeps - INFO - Inserting 3 new dependencies
2025-06-12 12:38:09,125 - PopulateAtomsDeps - INFO - Processing 3 dependencies in batch
2025-06-12 12:38:09,140 - PopulateAtomsDeps - INFO - Inserting 3 new dependencies
2025-06-12 12:38:09,144 - PopulateAtomsDeps - INFO - Processing 4 dependencies in batch
2025-06-12 12:38:09,162 - PopulateAtomsDeps - INFO - Inserting 4 new dependencies
2025-06-12 12:38:09,167 - PopulateAtomsDeps - INFO - Processing 10 dependencies in batch
2025-06-12 12:38:09,186 - PopulateAtomsDeps - INFO - Inserting 10 new dependencies
2025-06-12 12:38:09,192 - PopulateAtomsDeps - INFO - Processing 6 dependencies in batch
2025-06-12 12:38:09,209 - PopulateAtomsDeps - INFO - Inserting 6 new dependencies
2025-06-12 12:38:09,214 - PopulateAtomsDeps - INFO - Processing 5 dependencies in batch
2025-06-12 12:38:09,230 - PopulateAtomsDeps - INFO - Inserting 5 new dependencies
2025-06-12 12:38:09,236 - PopulateAtomsDeps - INFO - Processing 4 dependencies in batch
2025-06-12 12:38:09,252 - PopulateAtomsDeps - INFO - Inserting 4 new dependencies
2025-06-12 12:38:09,256 - PopulateAtomsDeps - INFO - Processing 5 dependencies in batch
2025-06-12 12:38:09,274 - PopulateAtomsDeps - INFO - Inserting 5 new dependencies
2025-06-12 12:38:09,280 - PopulateAtomsDeps - INFO - Processing 7 dependencies in batch
2025-06-12 12:38:09,297 - PopulateAtomsDeps - INFO - Inserting 7 new dependencies
2025-06-12 12:38:09,301 - PopulateAtomsDeps - INFO - Processing 9 dependencies in batch
2025-06-12 12:38:09,319 - PopulateAtomsDeps - INFO - Inserting 9 new dependencies
2025-06-12 12:38:09,324 - PopulateAtomsDeps - INFO - Processing 3 dependencies in batch
2025-06-12 12:38:09,347 - PopulateAtomsDeps - INFO - Inserting 3 new dependencies
2025-06-12 12:38:09,353 - PopulateAtomsDeps - INFO - Processing 8 dependencies in batch
2025-06-12 12:38:09,371 - PopulateAtomsDeps - INFO - Inserting 8 new dependencies
2025-06-12 12:38:09,376 - PopulateAtomsDeps - INFO - Processing 16 dependencies in batch
2025-06-12 12:38:09,395 - PopulateAtomsDeps - INFO - Inserting 16 new dependencies
2025-06-12 12:38:09,401 - PopulateAtomsDeps - INFO - Processing 3 dependencies in batch
2025-06-12 12:38:09,417 - PopulateAtomsDeps - INFO - Inserting 3 new dependencies
2025-06-12 12:38:09,422 - PopulateAtomsDeps - INFO - Processing 6 dependencies in batch
2025-06-12 12:38:09,440 - PopulateAtomsDeps - INFO - Inserting 6 new dependencies
2025-06-12 12:38:09,445 - PopulateAtomsDeps - INFO - Processing 4 dependencies in batch
2025-06-12 12:38:09,462 - PopulateAtomsDeps - INFO - Inserting 4 new dependencies
2025-06-12 12:38:09,466 - PopulateAtomsDeps - INFO - Processing 3 dependencies in batch
2025-06-12 12:38:09,482 - PopulateAtomsDeps - INFO - Inserting 3 new dependencies
2025-06-12 12:38:09,487 - PopulateAtomsDeps - INFO - Setting code_id for file molecules in repo 3008
2025-06-12 12:38:09,489 - PopulateAtomsDeps - INFO - Found 23 file molecules to update
2025-06-12 12:38:09,507 - PopulateAtomsDeps - INFO - Found code_id mappings for 23 files
2025-06-12 12:38:09,511 - PopulateAtomsDeps - INFO - Successfully updated code_id for 23 file molecules
2025-06-12 12:38:09,512 - PopulateAtomsDeps - INFO - Reading atomizer log file: logs/atomizer_3008_20250612_123735.log
2025-06-12 12:38:09,512 - PopulateAtomsDeps - INFO - Successfully read 600 characters from atomizer log
2025-06-12 12:38:09,529 - PopulateAtomsDeps - INFO - Inserted combined logs to atomizerlogs table for repo_id 3008
