2025-08-04 07:31:04,207 - PopulateAtomsDeps - INFO - Logging to file: logs/populate_atoms_20250804_073104.log
2025-08-04 07:31:04,208 - PopulateAtomsDeps - INFO - Starting populate_atomsdeps_grouped_rust.py with parameters:
2025-08-04 07:31:04,208 - PopulateAtomsDeps - INFO -   repo_id: 3158
2025-08-04 07:31:04,208 - PopulateAtomsDeps - INFO -   json_path: /var/www/html/rust-atomizer/3158.json
2025-08-04 07:31:04,208 - PopulateAtomsDeps - INFO -   user_id: 460176
2025-08-04 07:31:04,208 - PopulateAtomsDeps - INFO -   JSON file exists: True
2025-08-04 07:31:04,208 - PopulateAtomsDeps - INFO -   JSON file size: 769672 bytes
2025-08-04 07:31:04,208 - PopulateAtomsDeps - INFO -   JSON file modified: 2025-08-04 07:31:03.028277
2025-08-04 07:31:04,242 - PopulateAtomsDeps - INFO - Identified 19 folders containing Rust files
2025-08-04 07:31:04,245 - PopulateAtomsDeps - INFO - Populating folder structure with 19 folders as molecules for repo 3158
2025-08-04 07:31:04,278 - PopulateAtomsDeps - INFO - All folders to create (including parents): ['ed25519-dalek', 'x25519-dalek', 'curve25519-dalek', 'curve25519-dalek-derive', 'x25519-dalek/tests', 'ed25519-dalek/benches', 'x25519-dalek/src', 'curve25519-dalek/src', 'ed25519-dalek/src', 'x25519-dalek/benches', 'ed25519-dalek/tests', 'curve25519-dalek/benches', 'curve25519-dalek-derive/src', 'curve25519-dalek-derive/tests', 'curve25519-dalek/src/edwards', 'curve25519-dalek/src/backend', 'curve25519-dalek/src/backend/serial', 'curve25519-dalek/src/backend/vector', 'curve25519-dalek/src/backend/vector/avx2', 'curve25519-dalek/src/backend/serial/u64', 'curve25519-dalek/src/backend/serial/curve_models', 'curve25519-dalek/src/backend/serial/scalar_mul', 'curve25519-dalek/src/backend/vector/scalar_mul']
2025-08-04 07:31:04,332 - PopulateAtomsDeps - INFO - Successfully populated 69 folder and file molecules for repo 3158
2025-08-04 07:31:04,402 - PopulateAtomsDeps - INFO - Nb of Codes: 80
2025-08-04 07:31:04,434 - PopulateAtomsDeps - INFO - Found 16 atoms for curve25519-dalek-derive/tests/tests.rs
2025-08-04 07:31:04,435 - PopulateAtomsDeps - INFO - Found 11 atoms for curve25519-dalek-derive/src/lib.rs
2025-08-04 07:31:04,435 - PopulateAtomsDeps - INFO - Found 7 atoms for x25519-dalek/tests/x25519_tests.rs
2025-08-04 07:31:04,436 - PopulateAtomsDeps - INFO - Found 2 atoms for x25519-dalek/benches/x25519.rs
2025-08-04 07:31:04,436 - PopulateAtomsDeps - WARNING - No atoms found for filename: x25519-dalek/src/lib.rs
2025-08-04 07:31:04,442 - PopulateAtomsDeps - INFO - Found 23 atoms for x25519-dalek/src/x25519.rs
2025-08-04 07:31:04,443 - PopulateAtomsDeps - INFO - Found 25 atoms for curve25519-dalek/benches/dalek_benchmarks.rs
2025-08-04 07:31:04,443 - PopulateAtomsDeps - INFO - Found 19 atoms for curve25519-dalek/src/backend/vector/avx2/edwards.rs
2025-08-04 07:31:04,444 - PopulateAtomsDeps - INFO - Found 22 atoms for curve25519-dalek/src/backend/vector/avx2/field.rs
2025-08-04 07:31:04,444 - PopulateAtomsDeps - WARNING - No atoms found for filename: curve25519-dalek/src/backend/vector/avx2/constants.rs
2025-08-04 07:31:04,447 - PopulateAtomsDeps - WARNING - No atoms found for filename: curve25519-dalek/src/backend/vector/avx2/mod.rs
2025-08-04 07:31:04,448 - PopulateAtomsDeps - WARNING - No atoms found for filename: curve25519-dalek/src/backend/vector/ifma/edwards.rs
2025-08-04 07:31:04,452 - PopulateAtomsDeps - WARNING - No atoms found for filename: curve25519-dalek/src/backend/vector/ifma/field.rs
2025-08-04 07:31:04,453 - PopulateAtomsDeps - WARNING - No atoms found for filename: curve25519-dalek/src/backend/vector/ifma/constants.rs
2025-08-04 07:31:04,454 - PopulateAtomsDeps - WARNING - No atoms found for filename: curve25519-dalek/src/backend/vector/ifma/mod.rs
2025-08-04 07:31:04,455 - PopulateAtomsDeps - INFO - Found 4 atoms for curve25519-dalek/src/backend/vector/scalar_mul/precomputed_straus.rs
2025-08-04 07:31:04,456 - PopulateAtomsDeps - INFO - Found 1 atoms for curve25519-dalek/src/backend/vector/scalar_mul/pippenger.rs
2025-08-04 07:31:04,465 - PopulateAtomsDeps - INFO - Found 2 atoms for curve25519-dalek/src/backend/vector/scalar_mul/straus.rs
2025-08-04 07:31:04,466 - PopulateAtomsDeps - INFO - Found 1 atoms for curve25519-dalek/src/backend/vector/scalar_mul/variable_base.rs
2025-08-04 07:31:04,466 - PopulateAtomsDeps - WARNING - No atoms found for filename: curve25519-dalek/src/backend/vector/scalar_mul/mod.rs
2025-08-04 07:31:04,468 - PopulateAtomsDeps - INFO - Found 1 atoms for curve25519-dalek/src/backend/vector/scalar_mul/vartime_double_base.rs
2025-08-04 07:31:04,474 - PopulateAtomsDeps - INFO - Found 9 atoms for curve25519-dalek/src/backend/vector/packed_simd.rs
2025-08-04 07:31:04,475 - PopulateAtomsDeps - WARNING - No atoms found for filename: curve25519-dalek/src/backend/vector/mod.rs
2025-08-04 07:31:04,475 - PopulateAtomsDeps - INFO - Found 12 atoms for curve25519-dalek/src/backend/mod.rs
2025-08-04 07:31:04,477 - PopulateAtomsDeps - INFO - Found 26 atoms for curve25519-dalek/src/backend/serial/curve_models/mod.rs
2025-08-04 07:31:04,477 - PopulateAtomsDeps - INFO - Found 4 atoms for curve25519-dalek/src/backend/serial/scalar_mul/precomputed_straus.rs
2025-08-04 07:31:04,481 - PopulateAtomsDeps - INFO - Found 2 atoms for curve25519-dalek/src/backend/serial/scalar_mul/pippenger.rs
2025-08-04 07:31:04,482 - PopulateAtomsDeps - INFO - Found 2 atoms for curve25519-dalek/src/backend/serial/scalar_mul/straus.rs
2025-08-04 07:31:04,483 - PopulateAtomsDeps - INFO - Found 1 atoms for curve25519-dalek/src/backend/serial/scalar_mul/variable_base.rs
2025-08-04 07:31:04,483 - PopulateAtomsDeps - WARNING - No atoms found for filename: curve25519-dalek/src/backend/serial/scalar_mul/mod.rs
2025-08-04 07:31:04,488 - PopulateAtomsDeps - INFO - Found 1 atoms for curve25519-dalek/src/backend/serial/scalar_mul/vartime_double_base.rs
2025-08-04 07:31:04,489 - PopulateAtomsDeps - WARNING - No atoms found for filename: curve25519-dalek/src/backend/serial/fiat_u32/field.rs
2025-08-04 07:31:04,490 - PopulateAtomsDeps - WARNING - No atoms found for filename: curve25519-dalek/src/backend/serial/fiat_u32/mod.rs
2025-08-04 07:31:04,493 - PopulateAtomsDeps - WARNING - No atoms found for filename: curve25519-dalek/src/backend/serial/u32/scalar.rs
2025-08-04 07:31:04,494 - PopulateAtomsDeps - WARNING - No atoms found for filename: curve25519-dalek/src/backend/serial/u32/field.rs
2025-08-04 07:31:04,494 - PopulateAtomsDeps - WARNING - No atoms found for filename: curve25519-dalek/src/backend/serial/u32/constants.rs
2025-08-04 07:31:04,496 - PopulateAtomsDeps - WARNING - No atoms found for filename: curve25519-dalek/src/backend/serial/u32/mod.rs
2025-08-04 07:31:04,498 - PopulateAtomsDeps - WARNING - No atoms found for filename: curve25519-dalek/src/backend/serial/fiat_u64/field.rs
2025-08-04 07:31:04,499 - PopulateAtomsDeps - WARNING - No atoms found for filename: curve25519-dalek/src/backend/serial/fiat_u64/mod.rs
2025-08-04 07:31:04,501 - PopulateAtomsDeps - WARNING - No atoms found for filename: curve25519-dalek/src/backend/serial/mod.rs
2025-08-04 07:31:04,505 - PopulateAtomsDeps - INFO - Found 11 atoms for curve25519-dalek/src/backend/serial/u64/field_verus.rs
2025-08-04 07:31:04,506 - PopulateAtomsDeps - INFO - Found 1 atoms for curve25519-dalek/src/backend/serial/u64/common_verus.rs
2025-08-04 07:31:04,507 - PopulateAtomsDeps - WARNING - No atoms found for filename: curve25519-dalek/src/backend/serial/u64/scalar_lemmas.rs
2025-08-04 07:31:04,509 - PopulateAtomsDeps - INFO - Found 1 atoms for curve25519-dalek/src/backend/serial/u64/field_lemmas.rs
2025-08-04 07:31:04,512 - PopulateAtomsDeps - INFO - Found 30 atoms for curve25519-dalek/src/backend/serial/u64/scalar.rs
2025-08-04 07:31:04,513 - PopulateAtomsDeps - INFO - Found 1 atoms for curve25519-dalek/src/backend/serial/u64/subtle_assumes.rs
2025-08-04 07:31:04,516 - PopulateAtomsDeps - INFO - Found 22 atoms for curve25519-dalek/src/backend/serial/u64/field.rs
2025-08-04 07:31:04,517 - PopulateAtomsDeps - WARNING - No atoms found for filename: curve25519-dalek/src/backend/serial/u64/constants.rs
2025-08-04 07:31:04,517 - PopulateAtomsDeps - WARNING - No atoms found for filename: curve25519-dalek/src/backend/serial/u64/mod.rs
2025-08-04 07:31:04,521 - PopulateAtomsDeps - WARNING - No atoms found for filename: curve25519-dalek/src/backend/serial/u64/scalar_specs.rs
2025-08-04 07:31:04,523 - PopulateAtomsDeps - INFO - Found 36 atoms for curve25519-dalek/src/montgomery.rs
2025-08-04 07:31:04,524 - PopulateAtomsDeps - INFO - Found 101 atoms for curve25519-dalek/src/edwards.rs
2025-08-04 07:31:04,525 - PopulateAtomsDeps - INFO - Found 78 atoms for curve25519-dalek/src/scalar.rs
2025-08-04 07:31:04,525 - PopulateAtomsDeps - WARNING - No atoms found for filename: curve25519-dalek/src/macros.rs
2025-08-04 07:31:04,526 - PopulateAtomsDeps - INFO - Found 26 atoms for curve25519-dalek/src/field.rs
2025-08-04 07:31:04,527 - PopulateAtomsDeps - INFO - Found 70 atoms for curve25519-dalek/src/ristretto.rs
2025-08-04 07:31:04,527 - PopulateAtomsDeps - WARNING - No atoms found for filename: curve25519-dalek/src/diagnostics.rs
2025-08-04 07:31:04,528 - PopulateAtomsDeps - WARNING - No atoms found for filename: curve25519-dalek/src/lib.rs
2025-08-04 07:31:04,528 - PopulateAtomsDeps - INFO - Found 8 atoms for curve25519-dalek/src/constants.rs
2025-08-04 07:31:04,529 - PopulateAtomsDeps - INFO - Found 10 atoms for curve25519-dalek/src/traits.rs
2025-08-04 07:31:04,530 - PopulateAtomsDeps - INFO - Found 8 atoms for curve25519-dalek/src/window.rs
2025-08-04 07:31:04,531 - PopulateAtomsDeps - INFO - Found 11 atoms for curve25519-dalek/src/edwards/affine.rs
2025-08-04 07:31:04,531 - PopulateAtomsDeps - INFO - Found 5 atoms for curve25519-dalek/build.rs
2025-08-04 07:31:04,532 - PopulateAtomsDeps - INFO - Found 6 atoms for ed25519-dalek/tests/ed25519.rs
2025-08-04 07:31:04,533 - PopulateAtomsDeps - INFO - Found 5 atoms for ed25519-dalek/tests/validation_criteria.rs
2025-08-04 07:31:04,534 - PopulateAtomsDeps - WARNING - No atoms found for filename: ed25519-dalek/tests/pkcs8.rs
2025-08-04 07:31:04,535 - PopulateAtomsDeps - INFO - Found 1 atoms for ed25519-dalek/tests/x25519.rs
2025-08-04 07:31:04,535 - PopulateAtomsDeps - INFO - Found 6 atoms for ed25519-dalek/benches/ed25519_benchmarks.rs
2025-08-04 07:31:04,536 - PopulateAtomsDeps - INFO - Found 23 atoms for ed25519-dalek/src/verifying.rs
2025-08-04 07:31:04,536 - PopulateAtomsDeps - WARNING - No atoms found for filename: ed25519-dalek/src/batch.rs
2025-08-04 07:31:04,540 - PopulateAtomsDeps - INFO - Found 13 atoms for ed25519-dalek/src/hazmat.rs
2025-08-04 07:31:04,542 - PopulateAtomsDeps - INFO - Found 6 atoms for ed25519-dalek/src/signature.rs
2025-08-04 07:31:04,543 - PopulateAtomsDeps - INFO - Found 2 atoms for ed25519-dalek/src/errors.rs
2025-08-04 07:31:04,544 - PopulateAtomsDeps - WARNING - No atoms found for filename: ed25519-dalek/src/batch/strobe.rs
2025-08-04 07:31:04,544 - PopulateAtomsDeps - WARNING - No atoms found for filename: ed25519-dalek/src/batch/transcript.rs
2025-08-04 07:31:04,547 - PopulateAtomsDeps - WARNING - No atoms found for filename: ed25519-dalek/src/verifying/stream.rs
2025-08-04 07:31:04,554 - PopulateAtomsDeps - INFO - Found 26 atoms for ed25519-dalek/src/signing.rs
2025-08-04 07:31:04,555 - PopulateAtomsDeps - WARNING - No atoms found for filename: ed25519-dalek/src/context.rs
2025-08-04 07:31:04,555 - PopulateAtomsDeps - WARNING - No atoms found for filename: ed25519-dalek/src/lib.rs
2025-08-04 07:31:04,556 - PopulateAtomsDeps - WARNING - No atoms found for filename: ed25519-dalek/src/constants.rs
2025-08-04 07:31:04,559 - PopulateAtomsDeps - INFO - Summary: Found atoms for 46 out of 80 files
2025-08-04 07:31:04,560 - PopulateAtomsDeps - INFO - Populating atoms for curve25519-dalek-derive/tests/tests.rs and code_id 55843
2025-08-04 07:31:04,567 - PopulateAtomsDeps - INFO - Populating atoms for curve25519-dalek-derive/src/lib.rs and code_id 55847
2025-08-04 07:31:04,570 - PopulateAtomsDeps - INFO - Populating atoms for x25519-dalek/tests/x25519_tests.rs and code_id 55855
2025-08-04 07:31:04,577 - PopulateAtomsDeps - INFO - Populating atoms for x25519-dalek/benches/x25519.rs and code_id 55856
2025-08-04 07:31:04,585 - PopulateAtomsDeps - INFO - Populating atoms for x25519-dalek/src/x25519.rs and code_id 55860
2025-08-04 07:31:04,588 - PopulateAtomsDeps - INFO - Populating atoms for curve25519-dalek/benches/dalek_benchmarks.rs and code_id 55871
2025-08-04 07:31:04,594 - PopulateAtomsDeps - INFO - Populating atoms for curve25519-dalek/src/backend/vector/avx2/edwards.rs and code_id 55875
2025-08-04 07:31:04,604 - PopulateAtomsDeps - INFO - Populating atoms for curve25519-dalek/src/backend/vector/avx2/field.rs and code_id 55876
2025-08-04 07:31:04,611 - PopulateAtomsDeps - INFO - Populating atoms for curve25519-dalek/src/backend/vector/scalar_mul/precomputed_straus.rs and code_id 55883
2025-08-04 07:31:04,612 - PopulateAtomsDeps - INFO - Populating atoms for curve25519-dalek/src/backend/vector/scalar_mul/pippenger.rs and code_id 55884
2025-08-04 07:31:04,634 - PopulateAtomsDeps - INFO - Populating atoms for curve25519-dalek/src/backend/vector/scalar_mul/straus.rs and code_id 55885
2025-08-04 07:31:04,636 - PopulateAtomsDeps - INFO - Populating atoms for curve25519-dalek/src/backend/vector/scalar_mul/variable_base.rs and code_id 55886
2025-08-04 07:31:04,641 - PopulateAtomsDeps - INFO - Populating atoms for curve25519-dalek/src/backend/vector/scalar_mul/vartime_double_base.rs and code_id 55888
2025-08-04 07:31:04,651 - PopulateAtomsDeps - INFO - Populating atoms for curve25519-dalek/src/backend/vector/packed_simd.rs and code_id 55889
2025-08-04 07:31:04,659 - PopulateAtomsDeps - INFO - Populating atoms for curve25519-dalek/src/backend/mod.rs and code_id 55891
2025-08-04 07:31:04,661 - PopulateAtomsDeps - INFO - Populating atoms for curve25519-dalek/src/backend/serial/curve_models/mod.rs and code_id 55892
2025-08-04 07:31:04,676 - PopulateAtomsDeps - INFO - Populating atoms for curve25519-dalek/src/backend/serial/scalar_mul/precomputed_straus.rs and code_id 55893
2025-08-04 07:31:04,683 - PopulateAtomsDeps - INFO - Populating atoms for curve25519-dalek/src/backend/serial/scalar_mul/pippenger.rs and code_id 55894
2025-08-04 07:31:04,688 - PopulateAtomsDeps - INFO - Populating atoms for curve25519-dalek/src/backend/serial/scalar_mul/straus.rs and code_id 55895
2025-08-04 07:31:04,706 - PopulateAtomsDeps - INFO - Populating atoms for curve25519-dalek/src/backend/serial/scalar_mul/variable_base.rs and code_id 55896
2025-08-04 07:31:04,712 - PopulateAtomsDeps - INFO - Populating atoms for curve25519-dalek/src/backend/serial/scalar_mul/vartime_double_base.rs and code_id 55898
2025-08-04 07:31:04,723 - PopulateAtomsDeps - INFO - Populating atoms for curve25519-dalek/src/backend/serial/u64/field_verus.rs and code_id 55908
2025-08-04 07:31:04,736 - PopulateAtomsDeps - INFO - Populating atoms for curve25519-dalek/src/backend/serial/u64/common_verus.rs and code_id 55909
2025-08-04 07:31:04,741 - PopulateAtomsDeps - INFO - Populating atoms for curve25519-dalek/src/backend/serial/u64/field_lemmas.rs and code_id 55911
2025-08-04 07:31:04,749 - PopulateAtomsDeps - INFO - Populating atoms for curve25519-dalek/src/backend/serial/u64/scalar.rs and code_id 55912
2025-08-04 07:31:04,763 - PopulateAtomsDeps - INFO - Populating atoms for curve25519-dalek/src/backend/serial/u64/subtle_assumes.rs and code_id 55913
2025-08-04 07:31:04,764 - PopulateAtomsDeps - INFO - Populating atoms for curve25519-dalek/src/backend/serial/u64/field.rs and code_id 55914
2025-08-04 07:31:04,788 - PopulateAtomsDeps - INFO - Populating atoms for curve25519-dalek/src/montgomery.rs and code_id 55918
2025-08-04 07:31:04,835 - PopulateAtomsDeps - INFO - Populating atoms for curve25519-dalek/src/edwards.rs and code_id 55919
2025-08-04 07:31:04,889 - PopulateAtomsDeps - INFO - Populating atoms for curve25519-dalek/src/scalar.rs and code_id 55920
2025-08-04 07:31:04,939 - PopulateAtomsDeps - INFO - Populating atoms for curve25519-dalek/src/field.rs and code_id 55922
2025-08-04 07:31:04,964 - PopulateAtomsDeps - INFO - Populating atoms for curve25519-dalek/src/ristretto.rs and code_id 55923
2025-08-04 07:31:04,986 - PopulateAtomsDeps - INFO - Populating atoms for curve25519-dalek/src/constants.rs and code_id 55926
2025-08-04 07:31:04,994 - PopulateAtomsDeps - INFO - Populating atoms for curve25519-dalek/src/traits.rs and code_id 55927
2025-08-04 07:31:04,996 - PopulateAtomsDeps - INFO - Populating atoms for curve25519-dalek/src/window.rs and code_id 55928
2025-08-04 07:31:04,998 - PopulateAtomsDeps - INFO - Populating atoms for curve25519-dalek/src/edwards/affine.rs and code_id 55929
2025-08-04 07:31:05,020 - PopulateAtomsDeps - INFO - Populating atoms for curve25519-dalek/build.rs and code_id 55930
2025-08-04 07:31:05,022 - PopulateAtomsDeps - INFO - Populating atoms for ed25519-dalek/tests/ed25519.rs and code_id 55937
2025-08-04 07:31:05,029 - PopulateAtomsDeps - INFO - Populating atoms for ed25519-dalek/tests/validation_criteria.rs and code_id 55938
2025-08-04 07:31:05,031 - PopulateAtomsDeps - INFO - Populating atoms for ed25519-dalek/tests/x25519.rs and code_id 55943
2025-08-04 07:31:05,037 - PopulateAtomsDeps - INFO - Populating atoms for ed25519-dalek/benches/ed25519_benchmarks.rs and code_id 55944
2025-08-04 07:31:05,043 - PopulateAtomsDeps - INFO - Populating atoms for ed25519-dalek/src/verifying.rs and code_id 55948
2025-08-04 07:31:05,046 - PopulateAtomsDeps - INFO - Populating atoms for ed25519-dalek/src/hazmat.rs and code_id 55950
2025-08-04 07:31:05,047 - PopulateAtomsDeps - INFO - Populating atoms for ed25519-dalek/src/signature.rs and code_id 55951
2025-08-04 07:31:05,075 - PopulateAtomsDeps - INFO - Populating atoms for ed25519-dalek/src/errors.rs and code_id 55952
2025-08-04 07:31:05,085 - PopulateAtomsDeps - INFO - Populating atoms for ed25519-dalek/src/signing.rs and code_id 55956
2025-08-04 07:31:05,123 - PopulateAtomsDeps - INFO - Processing 8 dependencies in batch
2025-08-04 07:31:05,231 - PopulateAtomsDeps - INFO - All dependencies already exist in the database
2025-08-04 07:31:05,232 - PopulateAtomsDeps - INFO - Processing 12 dependencies in batch
2025-08-04 07:31:05,488 - PopulateAtomsDeps - INFO - All dependencies already exist in the database
2025-08-04 07:31:05,489 - PopulateAtomsDeps - INFO - Processing 9 dependencies in batch
2025-08-04 07:31:05,671 - PopulateAtomsDeps - INFO - All dependencies already exist in the database
2025-08-04 07:31:05,673 - PopulateAtomsDeps - INFO - Processing 4 dependencies in batch
2025-08-04 07:31:05,764 - PopulateAtomsDeps - INFO - All dependencies already exist in the database
2025-08-04 07:31:05,765 - PopulateAtomsDeps - INFO - Processing 18 dependencies in batch
2025-08-04 07:31:05,850 - PopulateAtomsDeps - INFO - All dependencies already exist in the database
2025-08-04 07:31:05,852 - PopulateAtomsDeps - INFO - Processing 66 dependencies in batch
2025-08-04 07:31:05,976 - PopulateAtomsDeps - INFO - All dependencies already exist in the database
2025-08-04 07:31:05,977 - PopulateAtomsDeps - INFO - Processing 29 dependencies in batch
2025-08-04 07:31:06,153 - PopulateAtomsDeps - INFO - All dependencies already exist in the database
2025-08-04 07:31:06,157 - PopulateAtomsDeps - INFO - Processing 31 dependencies in batch
2025-08-04 07:31:06,254 - PopulateAtomsDeps - INFO - All dependencies already exist in the database
2025-08-04 07:31:06,255 - PopulateAtomsDeps - INFO - Processing 4 dependencies in batch
2025-08-04 07:31:06,356 - PopulateAtomsDeps - INFO - All dependencies already exist in the database
2025-08-04 07:31:06,356 - PopulateAtomsDeps - INFO - Processing 3 dependencies in batch
2025-08-04 07:31:06,496 - PopulateAtomsDeps - INFO - All dependencies already exist in the database
2025-08-04 07:31:06,498 - PopulateAtomsDeps - INFO - Processing 6 dependencies in batch
2025-08-04 07:31:06,625 - PopulateAtomsDeps - INFO - All dependencies already exist in the database
2025-08-04 07:31:06,625 - PopulateAtomsDeps - INFO - Processing 4 dependencies in batch
2025-08-04 07:31:06,786 - PopulateAtomsDeps - INFO - All dependencies already exist in the database
2025-08-04 07:31:06,787 - PopulateAtomsDeps - INFO - Processing 6 dependencies in batch
2025-08-04 07:31:06,950 - PopulateAtomsDeps - INFO - All dependencies already exist in the database
2025-08-04 07:31:06,951 - PopulateAtomsDeps - INFO - Processing 2 dependencies in batch
2025-08-04 07:31:07,026 - PopulateAtomsDeps - INFO - All dependencies already exist in the database
2025-08-04 07:31:07,028 - PopulateAtomsDeps - INFO - Processing 26 dependencies in batch
2025-08-04 07:31:07,127 - PopulateAtomsDeps - INFO - All dependencies already exist in the database
2025-08-04 07:31:07,128 - PopulateAtomsDeps - INFO - Processing 12 dependencies in batch
2025-08-04 07:31:07,248 - PopulateAtomsDeps - INFO - All dependencies already exist in the database
2025-08-04 07:31:07,248 - PopulateAtomsDeps - INFO - Processing 7 dependencies in batch
2025-08-04 07:31:07,334 - PopulateAtomsDeps - INFO - All dependencies already exist in the database
2025-08-04 07:31:07,334 - PopulateAtomsDeps - INFO - Processing 7 dependencies in batch
2025-08-04 07:31:07,419 - PopulateAtomsDeps - INFO - All dependencies already exist in the database
2025-08-04 07:31:07,419 - PopulateAtomsDeps - INFO - Processing 8 dependencies in batch
2025-08-04 07:31:07,510 - PopulateAtomsDeps - INFO - All dependencies already exist in the database
2025-08-04 07:31:07,511 - PopulateAtomsDeps - INFO - Processing 5 dependencies in batch
2025-08-04 07:31:07,572 - PopulateAtomsDeps - INFO - All dependencies already exist in the database
2025-08-04 07:31:07,572 - PopulateAtomsDeps - INFO - Processing 9 dependencies in batch
2025-08-04 07:31:07,639 - PopulateAtomsDeps - INFO - All dependencies already exist in the database
2025-08-04 07:31:07,640 - PopulateAtomsDeps - INFO - Processing 6 dependencies in batch
2025-08-04 07:31:07,724 - PopulateAtomsDeps - INFO - All dependencies already exist in the database
2025-08-04 07:31:07,725 - PopulateAtomsDeps - INFO - Processing 31 dependencies in batch
2025-08-04 07:31:07,860 - PopulateAtomsDeps - INFO - All dependencies already exist in the database
2025-08-04 07:31:07,861 - PopulateAtomsDeps - INFO - Processing 6 dependencies in batch
2025-08-04 07:31:07,949 - PopulateAtomsDeps - INFO - All dependencies already exist in the database
2025-08-04 07:31:07,950 - PopulateAtomsDeps - INFO - Processing 61 dependencies in batch
2025-08-04 07:31:08,102 - PopulateAtomsDeps - INFO - All dependencies already exist in the database
2025-08-04 07:31:08,105 - PopulateAtomsDeps - INFO - Processing 174 dependencies in batch
2025-08-04 07:31:08,333 - PopulateAtomsDeps - INFO - All dependencies already exist in the database
2025-08-04 07:31:08,335 - PopulateAtomsDeps - INFO - Processing 101 dependencies in batch
2025-08-04 07:31:08,557 - PopulateAtomsDeps - INFO - All dependencies already exist in the database
2025-08-04 07:31:08,560 - PopulateAtomsDeps - INFO - Processing 45 dependencies in batch
2025-08-04 07:31:08,659 - PopulateAtomsDeps - INFO - All dependencies already exist in the database
2025-08-04 07:31:08,661 - PopulateAtomsDeps - INFO - Processing 118 dependencies in batch
2025-08-04 07:31:08,769 - PopulateAtomsDeps - INFO - All dependencies already exist in the database
2025-08-04 07:31:08,770 - PopulateAtomsDeps - INFO - Processing 14 dependencies in batch
2025-08-04 07:31:08,860 - PopulateAtomsDeps - INFO - All dependencies already exist in the database
2025-08-04 07:31:08,862 - PopulateAtomsDeps - INFO - Processing 4 dependencies in batch
2025-08-04 07:31:08,926 - PopulateAtomsDeps - INFO - All dependencies already exist in the database
2025-08-04 07:31:08,926 - PopulateAtomsDeps - INFO - Processing 12 dependencies in batch
2025-08-04 07:31:08,984 - PopulateAtomsDeps - INFO - All dependencies already exist in the database
2025-08-04 07:31:08,984 - PopulateAtomsDeps - INFO - Processing 12 dependencies in batch
2025-08-04 07:31:09,072 - PopulateAtomsDeps - INFO - All dependencies already exist in the database
2025-08-04 07:31:09,073 - PopulateAtomsDeps - INFO - Processing 3 dependencies in batch
2025-08-04 07:31:09,140 - PopulateAtomsDeps - INFO - All dependencies already exist in the database
2025-08-04 07:31:09,142 - PopulateAtomsDeps - INFO - Processing 27 dependencies in batch
2025-08-04 07:31:09,213 - PopulateAtomsDeps - INFO - All dependencies already exist in the database
2025-08-04 07:31:09,214 - PopulateAtomsDeps - INFO - Processing 8 dependencies in batch
2025-08-04 07:31:09,269 - PopulateAtomsDeps - INFO - All dependencies already exist in the database
2025-08-04 07:31:09,269 - PopulateAtomsDeps - INFO - Processing 14 dependencies in batch
2025-08-04 07:31:09,350 - PopulateAtomsDeps - INFO - All dependencies already exist in the database
2025-08-04 07:31:09,350 - PopulateAtomsDeps - INFO - Processing 11 dependencies in batch
2025-08-04 07:31:09,412 - PopulateAtomsDeps - INFO - All dependencies already exist in the database
2025-08-04 07:31:09,413 - PopulateAtomsDeps - INFO - Processing 28 dependencies in batch
2025-08-04 07:31:09,473 - PopulateAtomsDeps - INFO - All dependencies already exist in the database
2025-08-04 07:31:09,474 - PopulateAtomsDeps - INFO - Processing 19 dependencies in batch
2025-08-04 07:31:09,530 - PopulateAtomsDeps - INFO - All dependencies already exist in the database
2025-08-04 07:31:09,531 - PopulateAtomsDeps - INFO - Processing 5 dependencies in batch
2025-08-04 07:31:09,595 - PopulateAtomsDeps - INFO - All dependencies already exist in the database
2025-08-04 07:31:09,596 - PopulateAtomsDeps - INFO - Processing 25 dependencies in batch
2025-08-04 07:31:09,654 - PopulateAtomsDeps - INFO - All dependencies already exist in the database
2025-08-04 07:31:09,654 - PopulateAtomsDeps - INFO - Setting code_id for file molecules in repo 3158
2025-08-04 07:31:09,659 - PopulateAtomsDeps - INFO - Found 0 file molecules with code_id=0 to update
2025-08-04 07:31:09,659 - PopulateAtomsDeps - INFO - Found 46 file molecules with specific code_ids
2025-08-04 07:31:09,659 - PopulateAtomsDeps - INFO - No file molecules with code_id = 0 found to update
2025-08-04 07:31:09,661 - PopulateAtomsDeps - INFO - Reading atomizer log file: logs/atomizer_3158_20250804_073008.log
2025-08-04 07:31:09,661 - PopulateAtomsDeps - INFO - Successfully read 600 characters from atomizer log
2025-08-04 07:31:09,671 - PopulateAtomsDeps - INFO - Inserted combined logs to atomizerlogs table for repo_id 3158
2025-08-04 07:31:09,671 - PopulateAtomsDeps - INFO - Successfully completed populate_atomsdeps_grouped_rust.py for repo_id 3158
2025-08-04 07:31:09,671 - PopulateAtomsDeps - INFO - Processing completed for JSON file: /var/www/html/rust-atomizer/3158.json
