2025-08-04 12:38:31,803 - PopulateAtomsDeps - INFO - Logging to file: logs/populate_atoms_20250804_123831.log
2025-08-04 12:38:31,804 - PopulateAtomsDeps - INFO - Starting populate_atomsdeps_grouped_rust.py with parameters:
2025-08-04 12:38:31,804 - PopulateAtomsDeps - INFO -   repo_id: 3164
2025-08-04 12:38:31,804 - PopulateAtomsDeps - INFO -   json_path: /var/www/html/rust-atomizer/3164.json
2025-08-04 12:38:31,804 - PopulateAtomsDeps - INFO -   user_id: 460176
2025-08-04 12:38:31,804 - PopulateAtomsDeps - INFO -   JSON file exists: True
2025-08-04 12:38:31,804 - PopulateAtomsDeps - INFO -   JSON file size: 95902 bytes
2025-08-04 12:38:31,804 - PopulateAtomsDeps - INFO -   JSON file modified: 2025-08-04 12:38:31.507100
2025-08-04 12:38:31,805 - PopulateAtomsDeps - INFO - Identified 3 folders containing Rust files
2025-08-04 12:38:31,806 - PopulateAtomsDeps - INFO - Populating folder structure with 3 folders as molecules for repo 3164
2025-08-04 12:38:31,807 - PopulateAtomsDeps - INFO - All folders to create (including parents): ['src', 'benches', 'src/bin']
2025-08-04 12:38:31,824 - PopulateAtomsDeps - INFO - Adding 23 new file molecules in batch
2025-08-04 12:38:31,837 - PopulateAtomsDeps - INFO - Successfully populated 26 folder and file molecules for repo 3164
2025-08-04 12:38:32,071 - PopulateAtomsDeps - INFO - !!!!!Code ID 58246: filename='LICENSE', folder_id=None, folder_path='None'
2025-08-04 12:38:32,071 - PopulateAtomsDeps - INFO - !!!!!Code ID 58247: filename='benches/sort_benchmark.rs', folder_id=14205, folder_path='benches'
2025-08-04 12:38:32,072 - PopulateAtomsDeps - INFO - !!!!!Code ID 58248: filename='README.md', folder_id=None, folder_path='None'
2025-08-04 12:38:32,072 - PopulateAtomsDeps - INFO - !!!!!Code ID 58249: filename='src/smooth_sort.rs', folder_id=14206, folder_path='src'
2025-08-04 12:38:32,072 - PopulateAtomsDeps - INFO - !!!!!Code ID 58250: filename='src/nheap_sort.rs', folder_id=14206, folder_path='src'
2025-08-04 12:38:32,072 - PopulateAtomsDeps - INFO - !!!!!Code ID 58251: filename='src/shell_sort.rs', folder_id=14206, folder_path='src'
2025-08-04 12:38:32,072 - PopulateAtomsDeps - INFO - !!!!!Code ID 58252: filename='src/bin/powers_of_two.rs', folder_id=14207, folder_path='src/bin'
2025-08-04 12:38:32,072 - PopulateAtomsDeps - INFO - !!!!!Code ID 58253: filename='src/bin/leonardo_numbers.rs', folder_id=14207, folder_path='src/bin'
2025-08-04 12:38:32,072 - PopulateAtomsDeps - INFO - !!!!!Code ID 58254: filename='src/insertion_sort.rs', folder_id=14206, folder_path='src'
2025-08-04 12:38:32,072 - PopulateAtomsDeps - INFO - !!!!!Code ID 58255: filename='src/cocktail_sort.rs', folder_id=14206, folder_path='src'
2025-08-04 12:38:32,072 - PopulateAtomsDeps - INFO - !!!!!Code ID 58256: filename='src/slow_sort.rs', folder_id=14206, folder_path='src'
2025-08-04 12:38:32,072 - PopulateAtomsDeps - INFO - !!!!!Code ID 58257: filename='src/quick_sort.rs', folder_id=14206, folder_path='src'
2025-08-04 12:38:32,072 - PopulateAtomsDeps - INFO - !!!!!Code ID 58258: filename='src/gnome_sort.rs', folder_id=14206, folder_path='src'
2025-08-04 12:38:32,073 - PopulateAtomsDeps - INFO - !!!!!Code ID 58259: filename='src/ksort.rs', folder_id=14206, folder_path='src'
2025-08-04 12:38:32,073 - PopulateAtomsDeps - INFO - !!!!!Code ID 58260: filename='src/stooge_sort.rs', folder_id=14206, folder_path='src'
2025-08-04 12:38:32,073 - PopulateAtomsDeps - INFO - !!!!!Code ID 58261: filename='src/pancake_sort.rs', folder_id=14206, folder_path='src'
2025-08-04 12:38:32,073 - PopulateAtomsDeps - INFO - !!!!!Code ID 58262: filename='src/merge_sort.rs', folder_id=14206, folder_path='src'
2025-08-04 12:38:32,073 - PopulateAtomsDeps - INFO - !!!!!Code ID 58263: filename='src/bitonic_sort.rs', folder_id=14206, folder_path='src'
2025-08-04 12:38:32,073 - PopulateAtomsDeps - INFO - !!!!!Code ID 58264: filename='src/comb_sort.rs', folder_id=14206, folder_path='src'
2025-08-04 12:38:32,073 - PopulateAtomsDeps - INFO - !!!!!Code ID 58265: filename='src/oddeven_sort.rs', folder_id=14206, folder_path='src'
2025-08-04 12:38:32,073 - PopulateAtomsDeps - INFO - !!!!!Code ID 58266: filename='src/heap_sort.rs', folder_id=14206, folder_path='src'
2025-08-04 12:38:32,073 - PopulateAtomsDeps - INFO - !!!!!Code ID 58267: filename='src/bubble_sort.rs', folder_id=14206, folder_path='src'
2025-08-04 12:38:32,073 - PopulateAtomsDeps - INFO - !!!!!Code ID 58268: filename='src/lib.rs', folder_id=14206, folder_path='src'
2025-08-04 12:38:32,073 - PopulateAtomsDeps - INFO - !!!!!Code ID 58269: filename='src/selection_sort.rs', folder_id=14206, folder_path='src'
2025-08-04 12:38:32,074 - PopulateAtomsDeps - INFO - !!!!!Code ID 58270: filename='src/bingo_sort.rs', folder_id=14206, folder_path='src'
2025-08-04 12:38:32,074 - PopulateAtomsDeps - INFO - !!!!!Code ID 58271: filename='src/cycle_sort.rs', folder_id=14206, folder_path='src'
2025-08-04 12:38:32,074 - PopulateAtomsDeps - INFO - !!!!!Code ID 58272: filename='Cargo.toml', folder_id=None, folder_path='None'
2025-08-04 12:38:32,074 - PopulateAtomsDeps - INFO - Retrieved 27 codes from database
2025-08-04 12:38:32,075 - PopulateAtomsDeps - WARNING - Failed to load/create codes cache: name 'codes_cache_path' is not defined
2025-08-04 12:38:32,407 - PopulateAtomsDeps - INFO - !!!!!Code ID 58246: filename='LICENSE', folder_id=None, folder_path='None'
2025-08-04 12:38:32,407 - PopulateAtomsDeps - INFO - !!!!!Code ID 58247: filename='benches/sort_benchmark.rs', folder_id=14205, folder_path='benches'
2025-08-04 12:38:32,407 - PopulateAtomsDeps - INFO - !!!!!Code ID 58248: filename='README.md', folder_id=None, folder_path='None'
2025-08-04 12:38:32,407 - PopulateAtomsDeps - INFO - !!!!!Code ID 58249: filename='src/smooth_sort.rs', folder_id=14206, folder_path='src'
2025-08-04 12:38:32,407 - PopulateAtomsDeps - INFO - !!!!!Code ID 58250: filename='src/nheap_sort.rs', folder_id=14206, folder_path='src'
2025-08-04 12:38:32,407 - PopulateAtomsDeps - INFO - !!!!!Code ID 58251: filename='src/shell_sort.rs', folder_id=14206, folder_path='src'
2025-08-04 12:38:32,408 - PopulateAtomsDeps - INFO - !!!!!Code ID 58252: filename='src/bin/powers_of_two.rs', folder_id=14207, folder_path='src/bin'
2025-08-04 12:38:32,408 - PopulateAtomsDeps - INFO - !!!!!Code ID 58253: filename='src/bin/leonardo_numbers.rs', folder_id=14207, folder_path='src/bin'
2025-08-04 12:38:32,408 - PopulateAtomsDeps - INFO - !!!!!Code ID 58254: filename='src/insertion_sort.rs', folder_id=14206, folder_path='src'
2025-08-04 12:38:32,408 - PopulateAtomsDeps - INFO - !!!!!Code ID 58255: filename='src/cocktail_sort.rs', folder_id=14206, folder_path='src'
2025-08-04 12:38:32,408 - PopulateAtomsDeps - INFO - !!!!!Code ID 58256: filename='src/slow_sort.rs', folder_id=14206, folder_path='src'
2025-08-04 12:38:32,408 - PopulateAtomsDeps - INFO - !!!!!Code ID 58257: filename='src/quick_sort.rs', folder_id=14206, folder_path='src'
2025-08-04 12:38:32,408 - PopulateAtomsDeps - INFO - !!!!!Code ID 58258: filename='src/gnome_sort.rs', folder_id=14206, folder_path='src'
2025-08-04 12:38:32,408 - PopulateAtomsDeps - INFO - !!!!!Code ID 58259: filename='src/ksort.rs', folder_id=14206, folder_path='src'
2025-08-04 12:38:32,408 - PopulateAtomsDeps - INFO - !!!!!Code ID 58260: filename='src/stooge_sort.rs', folder_id=14206, folder_path='src'
2025-08-04 12:38:32,408 - PopulateAtomsDeps - INFO - !!!!!Code ID 58261: filename='src/pancake_sort.rs', folder_id=14206, folder_path='src'
2025-08-04 12:38:32,408 - PopulateAtomsDeps - INFO - !!!!!Code ID 58262: filename='src/merge_sort.rs', folder_id=14206, folder_path='src'
2025-08-04 12:38:32,408 - PopulateAtomsDeps - INFO - !!!!!Code ID 58263: filename='src/bitonic_sort.rs', folder_id=14206, folder_path='src'
2025-08-04 12:38:32,408 - PopulateAtomsDeps - INFO - !!!!!Code ID 58264: filename='src/comb_sort.rs', folder_id=14206, folder_path='src'
2025-08-04 12:38:32,409 - PopulateAtomsDeps - INFO - !!!!!Code ID 58265: filename='src/oddeven_sort.rs', folder_id=14206, folder_path='src'
2025-08-04 12:38:32,409 - PopulateAtomsDeps - INFO - !!!!!Code ID 58266: filename='src/heap_sort.rs', folder_id=14206, folder_path='src'
2025-08-04 12:38:32,409 - PopulateAtomsDeps - INFO - !!!!!Code ID 58267: filename='src/bubble_sort.rs', folder_id=14206, folder_path='src'
2025-08-04 12:38:32,409 - PopulateAtomsDeps - INFO - !!!!!Code ID 58268: filename='src/lib.rs', folder_id=14206, folder_path='src'
2025-08-04 12:38:32,409 - PopulateAtomsDeps - INFO - !!!!!Code ID 58269: filename='src/selection_sort.rs', folder_id=14206, folder_path='src'
2025-08-04 12:38:32,409 - PopulateAtomsDeps - INFO - !!!!!Code ID 58270: filename='src/bingo_sort.rs', folder_id=14206, folder_path='src'
2025-08-04 12:38:32,409 - PopulateAtomsDeps - INFO - !!!!!Code ID 58271: filename='src/cycle_sort.rs', folder_id=14206, folder_path='src'
2025-08-04 12:38:32,409 - PopulateAtomsDeps - INFO - !!!!!Code ID 58272: filename='Cargo.toml', folder_id=None, folder_path='None'
2025-08-04 12:38:32,409 - PopulateAtomsDeps - INFO - Retrieved 27 codes from database
2025-08-04 12:38:32,411 - PopulateAtomsDeps - INFO - Nb of Codes: 24
2025-08-04 12:38:32,412 - PopulateAtomsDeps - INFO - Found 3 atoms for benches/sort_benchmark.rs
2025-08-04 12:38:32,412 - PopulateAtomsDeps - INFO - Found 7 atoms for src/smooth_sort.rs
2025-08-04 12:38:32,412 - PopulateAtomsDeps - INFO - Found 6 atoms for src/nheap_sort.rs
2025-08-04 12:38:32,412 - PopulateAtomsDeps - INFO - Found 7 atoms for src/shell_sort.rs
2025-08-04 12:38:32,412 - PopulateAtomsDeps - INFO - Found 1 atoms for src/bin/powers_of_two.rs
2025-08-04 12:38:32,412 - PopulateAtomsDeps - INFO - Found 4 atoms for src/bin/leonardo_numbers.rs
2025-08-04 12:38:32,412 - PopulateAtomsDeps - INFO - Found 4 atoms for src/insertion_sort.rs
2025-08-04 12:38:32,413 - PopulateAtomsDeps - INFO - Found 4 atoms for src/cocktail_sort.rs
2025-08-04 12:38:32,413 - PopulateAtomsDeps - INFO - Found 5 atoms for src/slow_sort.rs
2025-08-04 12:38:32,413 - PopulateAtomsDeps - INFO - Found 12 atoms for src/quick_sort.rs
2025-08-04 12:38:32,413 - PopulateAtomsDeps - INFO - Found 8 atoms for src/gnome_sort.rs
2025-08-04 12:38:32,413 - PopulateAtomsDeps - INFO - Found 6 atoms for src/ksort.rs
2025-08-04 12:38:32,413 - PopulateAtomsDeps - INFO - Found 5 atoms for src/stooge_sort.rs
2025-08-04 12:38:32,413 - PopulateAtomsDeps - INFO - Found 6 atoms for src/pancake_sort.rs
2025-08-04 12:38:32,413 - PopulateAtomsDeps - INFO - Found 9 atoms for src/merge_sort.rs
2025-08-04 12:38:32,414 - PopulateAtomsDeps - INFO - Found 10 atoms for src/bitonic_sort.rs
2025-08-04 12:38:32,414 - PopulateAtomsDeps - INFO - Found 4 atoms for src/comb_sort.rs
2025-08-04 12:38:32,414 - PopulateAtomsDeps - INFO - Found 10 atoms for src/oddeven_sort.rs
2025-08-04 12:38:32,414 - PopulateAtomsDeps - INFO - Found 19 atoms for src/heap_sort.rs
2025-08-04 12:38:32,414 - PopulateAtomsDeps - INFO - Found 4 atoms for src/bubble_sort.rs
2025-08-04 12:38:32,414 - PopulateAtomsDeps - WARNING - No atoms found for filename: src/lib.rs
2025-08-04 12:38:32,414 - PopulateAtomsDeps - INFO - Found 8 atoms for src/selection_sort.rs
2025-08-04 12:38:32,414 - PopulateAtomsDeps - INFO - Found 5 atoms for src/bingo_sort.rs
2025-08-04 12:38:32,415 - PopulateAtomsDeps - INFO - Found 4 atoms for src/cycle_sort.rs
2025-08-04 12:38:32,415 - PopulateAtomsDeps - INFO - Summary: Found atoms for 23 out of 24 files
2025-08-04 12:38:32,415 - PopulateAtomsDeps - INFO - Populating atoms for benches/sort_benchmark.rs and code_id 58247
2025-08-04 12:38:32,425 - PopulateAtomsDeps - INFO - Inserted 3 atoms for file benches/sort_benchmark.rs
2025-08-04 12:38:32,426 - PopulateAtomsDeps - INFO - Populating atoms for src/smooth_sort.rs and code_id 58249
2025-08-04 12:38:32,435 - PopulateAtomsDeps - INFO - Inserted 7 atoms for file src/smooth_sort.rs
2025-08-04 12:38:32,435 - PopulateAtomsDeps - INFO - Populating atoms for src/nheap_sort.rs and code_id 58250
2025-08-04 12:38:32,443 - PopulateAtomsDeps - INFO - Inserted 6 atoms for file src/nheap_sort.rs
2025-08-04 12:38:32,443 - PopulateAtomsDeps - INFO - Populating atoms for src/shell_sort.rs and code_id 58251
2025-08-04 12:38:32,450 - PopulateAtomsDeps - INFO - Inserted 7 atoms for file src/shell_sort.rs
2025-08-04 12:38:32,451 - PopulateAtomsDeps - INFO - Populating atoms for src/bin/powers_of_two.rs and code_id 58252
2025-08-04 12:38:32,456 - PopulateAtomsDeps - INFO - Inserted 1 atoms for file src/bin/powers_of_two.rs
2025-08-04 12:38:32,456 - PopulateAtomsDeps - INFO - Populating atoms for src/bin/leonardo_numbers.rs and code_id 58253
2025-08-04 12:38:32,463 - PopulateAtomsDeps - INFO - Inserted 4 atoms for file src/bin/leonardo_numbers.rs
2025-08-04 12:38:32,463 - PopulateAtomsDeps - INFO - Populating atoms for src/insertion_sort.rs and code_id 58254
2025-08-04 12:38:32,470 - PopulateAtomsDeps - INFO - Inserted 4 atoms for file src/insertion_sort.rs
2025-08-04 12:38:32,470 - PopulateAtomsDeps - INFO - Populating atoms for src/cocktail_sort.rs and code_id 58255
2025-08-04 12:38:32,481 - PopulateAtomsDeps - INFO - Inserted 4 atoms for file src/cocktail_sort.rs
2025-08-04 12:38:32,481 - PopulateAtomsDeps - INFO - Populating atoms for src/slow_sort.rs and code_id 58256
2025-08-04 12:38:32,487 - PopulateAtomsDeps - INFO - Inserted 5 atoms for file src/slow_sort.rs
2025-08-04 12:38:32,487 - PopulateAtomsDeps - INFO - Populating atoms for src/quick_sort.rs and code_id 58257
2025-08-04 12:38:32,494 - PopulateAtomsDeps - INFO - Inserted 12 atoms for file src/quick_sort.rs
2025-08-04 12:38:32,495 - PopulateAtomsDeps - INFO - Populating atoms for src/gnome_sort.rs and code_id 58258
2025-08-04 12:38:32,501 - PopulateAtomsDeps - INFO - Inserted 8 atoms for file src/gnome_sort.rs
2025-08-04 12:38:32,501 - PopulateAtomsDeps - INFO - Populating atoms for src/ksort.rs and code_id 58259
2025-08-04 12:38:32,507 - PopulateAtomsDeps - INFO - Inserted 6 atoms for file src/ksort.rs
2025-08-04 12:38:32,508 - PopulateAtomsDeps - INFO - Populating atoms for src/stooge_sort.rs and code_id 58260
2025-08-04 12:38:32,513 - PopulateAtomsDeps - INFO - Inserted 5 atoms for file src/stooge_sort.rs
2025-08-04 12:38:32,514 - PopulateAtomsDeps - INFO - Populating atoms for src/pancake_sort.rs and code_id 58261
2025-08-04 12:38:32,520 - PopulateAtomsDeps - INFO - Inserted 6 atoms for file src/pancake_sort.rs
2025-08-04 12:38:32,520 - PopulateAtomsDeps - INFO - Populating atoms for src/merge_sort.rs and code_id 58262
2025-08-04 12:38:32,527 - PopulateAtomsDeps - INFO - Inserted 9 atoms for file src/merge_sort.rs
2025-08-04 12:38:32,527 - PopulateAtomsDeps - INFO - Populating atoms for src/bitonic_sort.rs and code_id 58263
2025-08-04 12:38:32,535 - PopulateAtomsDeps - INFO - Inserted 10 atoms for file src/bitonic_sort.rs
2025-08-04 12:38:32,535 - PopulateAtomsDeps - INFO - Populating atoms for src/comb_sort.rs and code_id 58264
2025-08-04 12:38:32,541 - PopulateAtomsDeps - INFO - Inserted 4 atoms for file src/comb_sort.rs
2025-08-04 12:38:32,541 - PopulateAtomsDeps - INFO - Populating atoms for src/oddeven_sort.rs and code_id 58265
2025-08-04 12:38:32,549 - PopulateAtomsDeps - INFO - Inserted 10 atoms for file src/oddeven_sort.rs
2025-08-04 12:38:32,549 - PopulateAtomsDeps - INFO - Populating atoms for src/heap_sort.rs and code_id 58266
2025-08-04 12:38:32,556 - PopulateAtomsDeps - INFO - Inserted 19 atoms for file src/heap_sort.rs
2025-08-04 12:38:32,557 - PopulateAtomsDeps - INFO - Populating atoms for src/bubble_sort.rs and code_id 58267
2025-08-04 12:38:32,562 - PopulateAtomsDeps - INFO - Inserted 4 atoms for file src/bubble_sort.rs
2025-08-04 12:38:32,562 - PopulateAtomsDeps - INFO - Populating atoms for src/selection_sort.rs and code_id 58269
2025-08-04 12:38:32,569 - PopulateAtomsDeps - INFO - Inserted 8 atoms for file src/selection_sort.rs
2025-08-04 12:38:32,569 - PopulateAtomsDeps - INFO - Populating atoms for src/bingo_sort.rs and code_id 58270
2025-08-04 12:38:32,575 - PopulateAtomsDeps - INFO - Inserted 5 atoms for file src/bingo_sort.rs
2025-08-04 12:38:32,575 - PopulateAtomsDeps - INFO - Populating atoms for src/cycle_sort.rs and code_id 58271
2025-08-04 12:38:32,580 - PopulateAtomsDeps - INFO - Inserted 4 atoms for file src/cycle_sort.rs
2025-08-04 12:38:32,581 - PopulateAtomsDeps - INFO - Processing 25 dependencies in batch
2025-08-04 12:38:32,639 - PopulateAtomsDeps - INFO - Inserting 25 new dependencies
2025-08-04 12:38:32,645 - PopulateAtomsDeps - INFO - Processing 7 dependencies in batch
2025-08-04 12:38:32,694 - PopulateAtomsDeps - INFO - Inserting 7 new dependencies
2025-08-04 12:38:32,702 - PopulateAtomsDeps - INFO - Processing 5 dependencies in batch
2025-08-04 12:38:32,763 - PopulateAtomsDeps - INFO - Inserting 5 new dependencies
2025-08-04 12:38:32,768 - PopulateAtomsDeps - INFO - Processing 5 dependencies in batch
2025-08-04 12:38:32,818 - PopulateAtomsDeps - INFO - Inserting 5 new dependencies
2025-08-04 12:38:32,822 - PopulateAtomsDeps - INFO - Processing 5 dependencies in batch
2025-08-04 12:38:32,889 - PopulateAtomsDeps - INFO - Inserting 5 new dependencies
2025-08-04 12:38:32,894 - PopulateAtomsDeps - INFO - Processing 3 dependencies in batch
2025-08-04 12:38:33,024 - PopulateAtomsDeps - INFO - Inserting 3 new dependencies
2025-08-04 12:38:33,034 - PopulateAtomsDeps - INFO - Processing 3 dependencies in batch
2025-08-04 12:38:33,102 - PopulateAtomsDeps - INFO - Inserting 3 new dependencies
2025-08-04 12:38:33,106 - PopulateAtomsDeps - INFO - Processing 4 dependencies in batch
2025-08-04 12:38:33,156 - PopulateAtomsDeps - INFO - Inserting 4 new dependencies
2025-08-04 12:38:33,160 - PopulateAtomsDeps - INFO - Processing 10 dependencies in batch
2025-08-04 12:38:33,213 - PopulateAtomsDeps - INFO - Inserting 10 new dependencies
2025-08-04 12:38:33,218 - PopulateAtomsDeps - INFO - Processing 6 dependencies in batch
2025-08-04 12:38:33,269 - PopulateAtomsDeps - INFO - Inserting 6 new dependencies
2025-08-04 12:38:33,275 - PopulateAtomsDeps - INFO - Processing 5 dependencies in batch
2025-08-04 12:38:33,325 - PopulateAtomsDeps - INFO - Inserting 5 new dependencies
2025-08-04 12:38:33,329 - PopulateAtomsDeps - INFO - Processing 4 dependencies in batch
2025-08-04 12:38:33,383 - PopulateAtomsDeps - INFO - Inserting 4 new dependencies
2025-08-04 12:38:33,387 - PopulateAtomsDeps - INFO - Processing 5 dependencies in batch
2025-08-04 12:38:33,440 - PopulateAtomsDeps - INFO - Inserting 5 new dependencies
2025-08-04 12:38:33,445 - PopulateAtomsDeps - INFO - Processing 7 dependencies in batch
2025-08-04 12:38:33,498 - PopulateAtomsDeps - INFO - Inserting 7 new dependencies
2025-08-04 12:38:33,503 - PopulateAtomsDeps - INFO - Processing 9 dependencies in batch
2025-08-04 12:38:33,554 - PopulateAtomsDeps - INFO - Inserting 9 new dependencies
2025-08-04 12:38:33,558 - PopulateAtomsDeps - INFO - Processing 3 dependencies in batch
2025-08-04 12:38:33,626 - PopulateAtomsDeps - INFO - Inserting 3 new dependencies
2025-08-04 12:38:33,630 - PopulateAtomsDeps - INFO - Processing 8 dependencies in batch
2025-08-04 12:38:33,682 - PopulateAtomsDeps - INFO - Inserting 8 new dependencies
2025-08-04 12:38:33,687 - PopulateAtomsDeps - INFO - Processing 16 dependencies in batch
2025-08-04 12:38:33,741 - PopulateAtomsDeps - INFO - Inserting 16 new dependencies
2025-08-04 12:38:33,745 - PopulateAtomsDeps - INFO - Processing 3 dependencies in batch
2025-08-04 12:38:33,796 - PopulateAtomsDeps - INFO - Inserting 3 new dependencies
2025-08-04 12:38:33,800 - PopulateAtomsDeps - INFO - Processing 6 dependencies in batch
2025-08-04 12:38:33,852 - PopulateAtomsDeps - INFO - Inserting 6 new dependencies
2025-08-04 12:38:33,856 - PopulateAtomsDeps - INFO - Processing 4 dependencies in batch
2025-08-04 12:38:33,906 - PopulateAtomsDeps - INFO - Inserting 4 new dependencies
2025-08-04 12:38:33,910 - PopulateAtomsDeps - INFO - Processing 3 dependencies in batch
2025-08-04 12:38:33,967 - PopulateAtomsDeps - INFO - Inserting 3 new dependencies
2025-08-04 12:38:33,971 - PopulateAtomsDeps - INFO - Setting code_id for file molecules in repo 3164
2025-08-04 12:38:33,975 - PopulateAtomsDeps - INFO - Found 23 file molecules with code_id=0 to update
2025-08-04 12:38:33,975 - PopulateAtomsDeps - INFO - Found 0 file molecules with specific code_ids
2025-08-04 12:38:33,991 - PopulateAtomsDeps - INFO - Found code_id mappings for 23 files
2025-08-04 12:38:33,996 - PopulateAtomsDeps - INFO - Successfully updated code_id for 23 file molecules
2025-08-04 12:38:33,997 - PopulateAtomsDeps - INFO - Reading atomizer log file: logs/atomizer_3164_20250804_123759.log
2025-08-04 12:38:33,997 - PopulateAtomsDeps - INFO - Successfully read 600 characters from atomizer log
2025-08-04 12:38:34,012 - PopulateAtomsDeps - INFO - Inserted combined logs to atomizerlogs table for repo_id 3164
2025-08-04 12:38:34,013 - PopulateAtomsDeps - INFO - Successfully completed populate_atomsdeps_grouped_rust.py for repo_id 3164
2025-08-04 12:38:34,013 - PopulateAtomsDeps - INFO - Processing completed for JSON file: /var/www/html/rust-atomizer/3164.json
