2025-07-25 15:50:08,095 - PopulateAtomsDeps - INFO - Logging to file: logs/populate_atoms_20250725_155008.log
2025-07-25 15:50:08,096 - PopulateAtomsDeps - INFO - Starting populate_atomsdeps_grouped_rust.py with parameters:
2025-07-25 15:50:08,096 - PopulateAtomsDeps - INFO -   repo_id: 3141
2025-07-25 15:50:08,096 - PopulateAtomsDeps - INFO -   json_path: /var/www/html/rust-atomizer/3141.json
2025-07-25 15:50:08,096 - PopulateAtomsDeps - INFO -   user_id: 460176
2025-07-25 15:50:08,096 - PopulateAtomsDeps - INFO -   JSON file exists: True
2025-07-25 15:50:08,096 - PopulateAtomsDeps - INFO -   JSON file size: 54078 bytes
2025-07-25 15:50:08,097 - PopulateAtomsDeps - INFO -   JSON file modified: 2025-07-25 15:50:06.931888
2025-07-25 15:50:08,098 - PopulateAtomsDeps - INFO - Identified 1 folders containing Rust files
2025-07-25 15:50:08,098 - PopulateAtomsDeps - INFO - Populating folder structure with 1 folders as molecules for repo 3141
2025-07-25 15:50:08,133 - PopulateAtomsDeps - INFO - All folders to create (including parents): ['src']
2025-07-25 15:50:08,156 - PopulateAtomsDeps - INFO - Adding 2 new file molecules in batch
2025-07-25 15:50:08,169 - PopulateAtomsDeps - INFO - Successfully populated 3 folder and file molecules for repo 3141
2025-07-25 15:50:09,172 - PopulateAtomsDeps - INFO - !!!!!Code ID 51758: filename='src/scalar_verus.rs', folder_id=12255, folder_path='src'
2025-07-25 15:50:09,173 - PopulateAtomsDeps - INFO - !!!!!Code ID 51759: filename='src/field_verus.rs', folder_id=12255, folder_path='src'
2025-07-25 15:50:09,173 - PopulateAtomsDeps - INFO - !!!!!Code ID 51760: filename='src/lib.rs', folder_id=12255, folder_path='src'
2025-07-25 15:50:09,173 - PopulateAtomsDeps - INFO - !!!!!Code ID 51761: filename='Cargo.toml', folder_id=None, folder_path='None'
2025-07-25 15:50:09,173 - PopulateAtomsDeps - INFO - Retrieved 4 codes from database
2025-07-25 15:50:09,180 - PopulateAtomsDeps - INFO - Nb of Codes: 3
2025-07-25 15:50:09,181 - PopulateAtomsDeps - INFO - Found 20 atoms for src/scalar_verus.rs
2025-07-25 15:50:09,181 - PopulateAtomsDeps - INFO - Found 11 atoms for src/field_verus.rs
2025-07-25 15:50:09,181 - PopulateAtomsDeps - WARNING - No atoms found for filename: src/lib.rs
2025-07-25 15:50:09,182 - PopulateAtomsDeps - INFO - Summary: Found atoms for 2 out of 3 files
2025-07-25 15:50:09,182 - PopulateAtomsDeps - INFO - Populating atoms for src/scalar_verus.rs and code_id 51758
2025-07-25 15:50:09,197 - PopulateAtomsDeps - INFO - Inserted 20 atoms for file src/scalar_verus.rs
2025-07-25 15:50:09,197 - PopulateAtomsDeps - INFO - Populating atoms for src/field_verus.rs and code_id 51759
2025-07-25 15:50:09,210 - PopulateAtomsDeps - INFO - Inserted 11 atoms for file src/field_verus.rs
2025-07-25 15:50:09,211 - PopulateAtomsDeps - INFO - Processing 22 dependencies in batch
2025-07-25 15:50:09,297 - PopulateAtomsDeps - INFO - Inserting 22 new dependencies
2025-07-25 15:50:09,316 - PopulateAtomsDeps - INFO - Processing 6 dependencies in batch
2025-07-25 15:50:09,390 - PopulateAtomsDeps - INFO - Inserting 6 new dependencies
2025-07-25 15:50:09,396 - PopulateAtomsDeps - INFO - Setting code_id for file molecules in repo 3141
2025-07-25 15:50:09,398 - PopulateAtomsDeps - INFO - Found 2 file molecules with code_id=0 to update
2025-07-25 15:50:09,398 - PopulateAtomsDeps - INFO - Found 0 file molecules with specific code_ids
2025-07-25 15:50:09,406 - PopulateAtomsDeps - INFO - Found code_id mappings for 2 files
2025-07-25 15:50:09,411 - PopulateAtomsDeps - INFO - Successfully updated code_id for 2 file molecules
2025-07-25 15:50:09,412 - PopulateAtomsDeps - INFO - Reading atomizer log file: logs/atomizer_3141_20250725_154918.log
2025-07-25 15:50:09,412 - PopulateAtomsDeps - INFO - Successfully read 600 characters from atomizer log
2025-07-25 15:50:09,423 - PopulateAtomsDeps - INFO - Inserted combined logs to atomizerlogs table for repo_id 3141
2025-07-25 15:50:09,423 - PopulateAtomsDeps - INFO - Successfully completed populate_atomsdeps_grouped_rust.py for repo_id 3141
2025-07-25 15:50:09,423 - PopulateAtomsDeps - INFO - Processing completed for JSON file: /var/www/html/rust-atomizer/3141.json
