2025-07-25 16:02:41,610 - PopulateAtomsDeps - INFO - Logging to file: logs/populate_atoms_20250725_160241.log
2025-07-25 16:02:41,610 - PopulateAtomsDeps - INFO - Starting populate_atomsdeps_grouped_rust.py with parameters:
2025-07-25 16:02:41,610 - PopulateAtomsDeps - INFO -   repo_id: 3143
2025-07-25 16:02:41,611 - PopulateAtomsDeps - INFO -   json_path: /var/www/html/rust-atomizer/3143.json
2025-07-25 16:02:41,611 - PopulateAtomsDeps - INFO -   user_id: 460176
2025-07-25 16:02:41,611 - PopulateAtomsDeps - INFO -   JSON file exists: True
2025-07-25 16:02:41,611 - PopulateAtomsDeps - INFO -   JSON file size: 54078 bytes
2025-07-25 16:02:41,611 - PopulateAtomsDeps - INFO -   JSON file modified: 2025-07-25 16:02:41.093362
2025-07-25 16:02:41,612 - PopulateAtomsDeps - INFO - Identified 1 folders containing Rust files
2025-07-25 16:02:41,612 - PopulateAtomsDeps - INFO - Populating folder structure with 1 folders as molecules for repo 3143
2025-07-25 16:02:41,614 - PopulateAtomsDeps - INFO - All folders to create (including parents): ['src']
2025-07-25 16:02:41,621 - PopulateAtomsDeps - INFO - Adding 2 new file molecules in batch
2025-07-25 16:02:41,636 - PopulateAtomsDeps - INFO - Successfully populated 3 folder and file molecules for repo 3143
2025-07-25 16:02:41,909 - PopulateAtomsDeps - INFO - !!!!!Code ID 51766: filename='src/scalar_verus.rs', folder_id=12257, folder_path='src'
2025-07-25 16:02:41,909 - PopulateAtomsDeps - INFO - !!!!!Code ID 51767: filename='src/field_verus.rs', folder_id=12257, folder_path='src'
2025-07-25 16:02:41,909 - PopulateAtomsDeps - INFO - !!!!!Code ID 51768: filename='src/lib.rs', folder_id=12257, folder_path='src'
2025-07-25 16:02:41,909 - PopulateAtomsDeps - INFO - !!!!!Code ID 51769: filename='Cargo.toml', folder_id=None, folder_path='None'
2025-07-25 16:02:41,909 - PopulateAtomsDeps - INFO - Retrieved 4 codes from database
2025-07-25 16:02:41,911 - PopulateAtomsDeps - INFO - Nb of Codes: 3
2025-07-25 16:02:41,912 - PopulateAtomsDeps - INFO - Found 20 atoms for src/scalar_verus.rs
2025-07-25 16:02:41,912 - PopulateAtomsDeps - INFO - Found 11 atoms for src/field_verus.rs
2025-07-25 16:02:41,912 - PopulateAtomsDeps - WARNING - No atoms found for filename: src/lib.rs
2025-07-25 16:02:41,912 - PopulateAtomsDeps - INFO - Summary: Found atoms for 2 out of 3 files
2025-07-25 16:02:41,912 - PopulateAtomsDeps - INFO - Populating atoms for src/scalar_verus.rs and code_id 51766
2025-07-25 16:02:41,921 - PopulateAtomsDeps - INFO - Inserted 20 atoms for file src/scalar_verus.rs
2025-07-25 16:02:41,922 - PopulateAtomsDeps - INFO - Populating atoms for src/field_verus.rs and code_id 51767
2025-07-25 16:02:41,931 - PopulateAtomsDeps - INFO - Inserted 11 atoms for file src/field_verus.rs
2025-07-25 16:02:41,932 - PopulateAtomsDeps - INFO - Processing 22 dependencies in batch
2025-07-25 16:02:41,999 - PopulateAtomsDeps - INFO - Inserting 22 new dependencies
2025-07-25 16:02:42,008 - PopulateAtomsDeps - INFO - Processing 6 dependencies in batch
2025-07-25 16:02:42,062 - PopulateAtomsDeps - INFO - Inserting 6 new dependencies
2025-07-25 16:02:42,068 - PopulateAtomsDeps - INFO - Setting code_id for file molecules in repo 3143
2025-07-25 16:02:42,070 - PopulateAtomsDeps - INFO - Found 2 file molecules with code_id=0 to update
2025-07-25 16:02:42,070 - PopulateAtomsDeps - INFO - Found 0 file molecules with specific code_ids
2025-07-25 16:02:42,072 - PopulateAtomsDeps - INFO - Found code_id mappings for 2 files
2025-07-25 16:02:42,076 - PopulateAtomsDeps - INFO - Successfully updated code_id for 2 file molecules
2025-07-25 16:02:42,077 - PopulateAtomsDeps - INFO - Reading atomizer log file: logs/atomizer_3143_20250725_160156.log
2025-07-25 16:02:42,077 - PopulateAtomsDeps - INFO - Successfully read 600 characters from atomizer log
2025-07-25 16:02:42,083 - PopulateAtomsDeps - INFO - Inserted combined logs to atomizerlogs table for repo_id 3143
2025-07-25 16:02:42,084 - PopulateAtomsDeps - INFO - Successfully completed populate_atomsdeps_grouped_rust.py for repo_id 3143
2025-07-25 16:02:42,084 - PopulateAtomsDeps - INFO - Processing completed for JSON file: /var/www/html/rust-atomizer/3143.json
