2025-07-25 15:55:41,531 - PopulateAtomsDeps - INFO - Logging to file: logs/populate_atoms_20250725_155541.log
2025-07-25 15:55:41,531 - PopulateAtomsDeps - INFO - Starting populate_atomsdeps_grouped_rust.py with parameters:
2025-07-25 15:55:41,531 - PopulateAtomsDeps - INFO -   repo_id: 3142
2025-07-25 15:55:41,531 - PopulateAtomsDeps - INFO -   json_path: /var/www/html/rust-atomizer/3142.json
2025-07-25 15:55:41,531 - PopulateAtomsDeps - INFO -   user_id: 460176
2025-07-25 15:55:41,531 - PopulateAtomsDeps - INFO -   JSON file exists: True
2025-07-25 15:55:41,531 - PopulateAtomsDeps - INFO -   JSON file size: 54078 bytes
2025-07-25 15:55:41,531 - PopulateAtomsDeps - INFO -   JSON file modified: 2025-07-25 15:55:40.963654
2025-07-25 15:55:41,532 - PopulateAtomsDeps - INFO - Identified 1 folders containing Rust files
2025-07-25 15:55:41,532 - PopulateAtomsDeps - INFO - Populating folder structure with 1 folders as molecules for repo 3142
2025-07-25 15:55:41,533 - PopulateAtomsDeps - INFO - All folders to create (including parents): ['src']
2025-07-25 15:55:41,539 - PopulateAtomsDeps - INFO - Adding 2 new file molecules in batch
2025-07-25 15:55:41,544 - PopulateAtomsDeps - INFO - Successfully populated 3 folder and file molecules for repo 3142
2025-07-25 15:55:41,831 - PopulateAtomsDeps - INFO - !!!!!Code ID 51762: filename='src/scalar_verus.rs', folder_id=12256, folder_path='src'
2025-07-25 15:55:41,831 - PopulateAtomsDeps - INFO - !!!!!Code ID 51763: filename='src/field_verus.rs', folder_id=12256, folder_path='src'
2025-07-25 15:55:41,831 - PopulateAtomsDeps - INFO - !!!!!Code ID 51764: filename='src/lib.rs', folder_id=12256, folder_path='src'
2025-07-25 15:55:41,831 - PopulateAtomsDeps - INFO - !!!!!Code ID 51765: filename='Cargo.toml', folder_id=None, folder_path='None'
2025-07-25 15:55:41,831 - PopulateAtomsDeps - INFO - Retrieved 4 codes from database
2025-07-25 15:55:41,833 - PopulateAtomsDeps - INFO - Nb of Codes: 3
2025-07-25 15:55:41,834 - PopulateAtomsDeps - INFO - Found 20 atoms for src/scalar_verus.rs
2025-07-25 15:55:41,834 - PopulateAtomsDeps - INFO - Found 11 atoms for src/field_verus.rs
2025-07-25 15:55:41,834 - PopulateAtomsDeps - WARNING - No atoms found for filename: src/lib.rs
2025-07-25 15:55:41,834 - PopulateAtomsDeps - INFO - Summary: Found atoms for 2 out of 3 files
2025-07-25 15:55:41,835 - PopulateAtomsDeps - INFO - Populating atoms for src/scalar_verus.rs and code_id 51762
2025-07-25 15:55:41,844 - PopulateAtomsDeps - INFO - Inserted 20 atoms for file src/scalar_verus.rs
2025-07-25 15:55:41,844 - PopulateAtomsDeps - INFO - Populating atoms for src/field_verus.rs and code_id 51763
2025-07-25 15:55:41,858 - PopulateAtomsDeps - INFO - Inserted 11 atoms for file src/field_verus.rs
2025-07-25 15:55:41,859 - PopulateAtomsDeps - INFO - Processing 22 dependencies in batch
2025-07-25 15:55:41,919 - PopulateAtomsDeps - INFO - Inserting 22 new dependencies
2025-07-25 15:55:41,926 - PopulateAtomsDeps - INFO - Processing 6 dependencies in batch
2025-07-25 15:55:41,979 - PopulateAtomsDeps - INFO - Inserting 6 new dependencies
2025-07-25 15:55:41,984 - PopulateAtomsDeps - INFO - Setting code_id for file molecules in repo 3142
2025-07-25 15:55:41,986 - PopulateAtomsDeps - INFO - Found 2 file molecules with code_id=0 to update
2025-07-25 15:55:41,986 - PopulateAtomsDeps - INFO - Found 0 file molecules with specific code_ids
2025-07-25 15:55:41,990 - PopulateAtomsDeps - INFO - Found code_id mappings for 2 files
2025-07-25 15:55:41,995 - PopulateAtomsDeps - INFO - Successfully updated code_id for 2 file molecules
2025-07-25 15:55:41,996 - PopulateAtomsDeps - INFO - Reading atomizer log file: logs/atomizer_3142_20250725_155453.log
2025-07-25 15:55:41,996 - PopulateAtomsDeps - INFO - Successfully read 600 characters from atomizer log
2025-07-25 15:55:42,004 - PopulateAtomsDeps - INFO - Inserted combined logs to atomizerlogs table for repo_id 3142
2025-07-25 15:55:42,005 - PopulateAtomsDeps - INFO - Successfully completed populate_atomsdeps_grouped_rust.py for repo_id 3142
2025-07-25 15:55:42,005 - PopulateAtomsDeps - INFO - Processing completed for JSON file: /var/www/html/rust-atomizer/3142.json
