2025-08-12 10:48:45,043 - PopulateAtomsDeps - INFO - Logging to file: logs/populate_atoms_20250812_104845.log
2025-08-12 10:48:45,043 - PopulateAtomsDeps - INFO - Starting populate_atomsdeps_grouped_rust.py with parameters:
2025-08-12 10:48:45,043 - PopulateAtomsDeps - INFO -   repo_id: 3206
2025-08-12 10:48:45,043 - PopulateAtomsDeps - INFO -   json_path: /var/www/html/rust-atomizer/3206.json
2025-08-12 10:48:45,043 - PopulateAtomsDeps - INFO -   user_id: 460176
2025-08-12 10:48:45,043 - PopulateAtomsDeps - INFO -   JSON file exists: True
2025-08-12 10:48:45,044 - PopulateAtomsDeps - INFO -   JSON file size: 667347 bytes
2025-08-12 10:48:45,044 - PopulateAtomsDeps - INFO -   JSON file modified: 2025-08-12 10:48:44.674083
2025-08-12 10:48:45,061 - PopulateAtomsDeps - INFO - Identified 7 folders containing Rust files
2025-08-12 10:48:45,062 - PopulateAtomsDeps - INFO - Populating folder structure with 7 folders as molecules for repo 3206
2025-08-12 10:48:45,063 - PopulateAtomsDeps - INFO - All folders to create (including parents): ['curve25519-dalek', 'curve25519-dalek/src', 'curve25519-dalek/src/backend', 'curve25519-dalek/src/edwards', 'curve25519-dalek/src/backend/serial', 'curve25519-dalek/src/backend/serial/u64', 'curve25519-dalek/src/backend/serial/scalar_mul', 'curve25519-dalek/src/backend/serial/curve_models']
2025-08-12 10:48:45,109 - PopulateAtomsDeps - INFO - Adding 24 new file molecules in batch
2025-08-12 10:48:45,128 - PopulateAtomsDeps - INFO - Successfully populated 32 folder and file molecules for repo 3206
2025-08-12 10:48:45,148 - PopulateAtomsDeps - INFO - Nb of Codes: 32
2025-08-12 10:48:45,157 - PopulateAtomsDeps - INFO - Found 15 atoms for curve25519-dalek/src/backend/mod.rs
2025-08-12 10:48:45,157 - PopulateAtomsDeps - INFO - Found 16 atoms for curve25519-dalek/src/backend/serial/curve_models/mod.rs
2025-08-12 10:48:45,158 - PopulateAtomsDeps - INFO - Found 2 atoms for curve25519-dalek/src/backend/serial/scalar_mul/precomputed_straus.rs
2025-08-12 10:48:45,158 - PopulateAtomsDeps - INFO - Found 6 atoms for curve25519-dalek/src/backend/serial/scalar_mul/pippenger.rs
2025-08-12 10:48:45,158 - PopulateAtomsDeps - INFO - Found 6 atoms for curve25519-dalek/src/backend/serial/scalar_mul/straus.rs
2025-08-12 10:48:45,159 - PopulateAtomsDeps - INFO - Found 2 atoms for curve25519-dalek/src/backend/serial/scalar_mul/variable_base.rs
2025-08-12 10:48:45,159 - PopulateAtomsDeps - WARNING - No atoms found for filename: curve25519-dalek/src/backend/serial/scalar_mul/mod.rs
2025-08-12 10:48:45,160 - PopulateAtomsDeps - INFO - Found 1 atoms for curve25519-dalek/src/backend/serial/scalar_mul/vartime_double_base.rs
2025-08-12 10:48:45,160 - PopulateAtomsDeps - WARNING - No atoms found for filename: curve25519-dalek/src/backend/serial/mod.rs
2025-08-12 10:48:45,160 - PopulateAtomsDeps - INFO - Found 24 atoms for curve25519-dalek/src/backend/serial/u64/field_verus.rs
2025-08-12 10:48:45,161 - PopulateAtomsDeps - INFO - Found 42 atoms for curve25519-dalek/src/backend/serial/u64/common_verus.rs
2025-08-12 10:48:45,161 - PopulateAtomsDeps - INFO - Found 49 atoms for curve25519-dalek/src/backend/serial/u64/scalar_lemmas.rs
2025-08-12 10:48:45,162 - PopulateAtomsDeps - INFO - Found 45 atoms for curve25519-dalek/src/backend/serial/u64/field_lemmas.rs
2025-08-12 10:48:45,162 - PopulateAtomsDeps - INFO - Found 16 atoms for curve25519-dalek/src/backend/serial/u64/scalar.rs
2025-08-12 10:48:45,162 - PopulateAtomsDeps - INFO - Found 1 atoms for curve25519-dalek/src/backend/serial/u64/subtle_assumes.rs
2025-08-12 10:48:45,163 - PopulateAtomsDeps - INFO - Found 17 atoms for curve25519-dalek/src/backend/serial/u64/field.rs
2025-08-12 10:48:45,163 - PopulateAtomsDeps - WARNING - No atoms found for filename: curve25519-dalek/src/backend/serial/u64/constants.rs
2025-08-12 10:48:45,164 - PopulateAtomsDeps - WARNING - No atoms found for filename: curve25519-dalek/src/backend/serial/u64/mod.rs
2025-08-12 10:48:45,164 - PopulateAtomsDeps - INFO - Found 5 atoms for curve25519-dalek/src/backend/serial/u64/scalar_specs.rs
2025-08-12 10:48:45,164 - PopulateAtomsDeps - INFO - Found 24 atoms for curve25519-dalek/src/montgomery.rs
2025-08-12 10:48:45,165 - PopulateAtomsDeps - INFO - Found 47 atoms for curve25519-dalek/src/edwards.rs
2025-08-12 10:48:45,165 - PopulateAtomsDeps - INFO - Found 59 atoms for curve25519-dalek/src/scalar.rs
2025-08-12 10:48:45,166 - PopulateAtomsDeps - WARNING - No atoms found for filename: curve25519-dalek/src/macros.rs
2025-08-12 10:48:45,166 - PopulateAtomsDeps - INFO - Found 23 atoms for curve25519-dalek/src/field.rs
2025-08-12 10:48:45,167 - PopulateAtomsDeps - INFO - Found 67 atoms for curve25519-dalek/src/ristretto.rs
2025-08-12 10:48:45,167 - PopulateAtomsDeps - WARNING - No atoms found for filename: curve25519-dalek/src/diagnostics.rs
2025-08-12 10:48:45,167 - PopulateAtomsDeps - WARNING - No atoms found for filename: curve25519-dalek/src/lib.rs
2025-08-12 10:48:45,168 - PopulateAtomsDeps - WARNING - No atoms found for filename: curve25519-dalek/src/constants.rs
2025-08-12 10:48:45,169 - PopulateAtomsDeps - INFO - Found 10 atoms for curve25519-dalek/src/traits.rs
2025-08-12 10:48:45,169 - PopulateAtomsDeps - INFO - Found 9 atoms for curve25519-dalek/src/window.rs
2025-08-12 10:48:45,169 - PopulateAtomsDeps - INFO - Found 8 atoms for curve25519-dalek/src/edwards/affine.rs
2025-08-12 10:48:45,170 - PopulateAtomsDeps - INFO - Found 12 atoms for curve25519-dalek/build.rs
2025-08-12 10:48:45,170 - PopulateAtomsDeps - INFO - Summary: Found atoms for 24 out of 32 files
2025-08-12 10:48:45,170 - PopulateAtomsDeps - INFO - Populating atoms for curve25519-dalek/src/backend/mod.rs and code_id 64725
2025-08-12 10:48:45,185 - PopulateAtomsDeps - INFO - Inserted 15 atoms for file curve25519-dalek/src/backend/mod.rs
2025-08-12 10:48:45,185 - PopulateAtomsDeps - INFO - Populating atoms for curve25519-dalek/src/backend/serial/curve_models/mod.rs and code_id 64726
2025-08-12 10:48:45,237 - PopulateAtomsDeps - INFO - Inserted 16 atoms for file curve25519-dalek/src/backend/serial/curve_models/mod.rs
2025-08-12 10:48:45,237 - PopulateAtomsDeps - INFO - Populating atoms for curve25519-dalek/src/backend/serial/scalar_mul/precomputed_straus.rs and code_id 64727
2025-08-12 10:48:45,243 - PopulateAtomsDeps - INFO - Inserted 2 atoms for file curve25519-dalek/src/backend/serial/scalar_mul/precomputed_straus.rs
2025-08-12 10:48:45,243 - PopulateAtomsDeps - INFO - Populating atoms for curve25519-dalek/src/backend/serial/scalar_mul/pippenger.rs and code_id 64728
2025-08-12 10:48:45,252 - PopulateAtomsDeps - INFO - Inserted 6 atoms for file curve25519-dalek/src/backend/serial/scalar_mul/pippenger.rs
2025-08-12 10:48:45,253 - PopulateAtomsDeps - INFO - Populating atoms for curve25519-dalek/src/backend/serial/scalar_mul/straus.rs and code_id 64729
2025-08-12 10:48:45,261 - PopulateAtomsDeps - INFO - Inserted 6 atoms for file curve25519-dalek/src/backend/serial/scalar_mul/straus.rs
2025-08-12 10:48:45,261 - PopulateAtomsDeps - INFO - Populating atoms for curve25519-dalek/src/backend/serial/scalar_mul/variable_base.rs and code_id 64730
2025-08-12 10:48:45,267 - PopulateAtomsDeps - INFO - Inserted 2 atoms for file curve25519-dalek/src/backend/serial/scalar_mul/variable_base.rs
2025-08-12 10:48:45,267 - PopulateAtomsDeps - INFO - Populating atoms for curve25519-dalek/src/backend/serial/scalar_mul/vartime_double_base.rs and code_id 64732
2025-08-12 10:48:45,272 - PopulateAtomsDeps - INFO - Inserted 1 atoms for file curve25519-dalek/src/backend/serial/scalar_mul/vartime_double_base.rs
2025-08-12 10:48:45,273 - PopulateAtomsDeps - INFO - Populating atoms for curve25519-dalek/src/backend/serial/u64/field_verus.rs and code_id 64734
2025-08-12 10:48:45,300 - PopulateAtomsDeps - INFO - Inserted 24 atoms for file curve25519-dalek/src/backend/serial/u64/field_verus.rs
2025-08-12 10:48:45,301 - PopulateAtomsDeps - INFO - Populating atoms for curve25519-dalek/src/backend/serial/u64/common_verus.rs and code_id 64735
2025-08-12 10:48:45,343 - PopulateAtomsDeps - INFO - Inserted 42 atoms for file curve25519-dalek/src/backend/serial/u64/common_verus.rs
2025-08-12 10:48:45,345 - PopulateAtomsDeps - INFO - Populating atoms for curve25519-dalek/src/backend/serial/u64/scalar_lemmas.rs and code_id 64736
2025-08-12 10:48:45,370 - PopulateAtomsDeps - INFO - Inserted 49 atoms for file curve25519-dalek/src/backend/serial/u64/scalar_lemmas.rs
2025-08-12 10:48:45,371 - PopulateAtomsDeps - INFO - Populating atoms for curve25519-dalek/src/backend/serial/u64/field_lemmas.rs and code_id 64737
2025-08-12 10:48:45,386 - PopulateAtomsDeps - INFO - Inserted 45 atoms for file curve25519-dalek/src/backend/serial/u64/field_lemmas.rs
2025-08-12 10:48:45,387 - PopulateAtomsDeps - INFO - Populating atoms for curve25519-dalek/src/backend/serial/u64/scalar.rs and code_id 64738
2025-08-12 10:48:45,394 - PopulateAtomsDeps - INFO - Inserted 16 atoms for file curve25519-dalek/src/backend/serial/u64/scalar.rs
2025-08-12 10:48:45,394 - PopulateAtomsDeps - INFO - Populating atoms for curve25519-dalek/src/backend/serial/u64/subtle_assumes.rs and code_id 64739
2025-08-12 10:48:45,399 - PopulateAtomsDeps - INFO - Inserted 1 atoms for file curve25519-dalek/src/backend/serial/u64/subtle_assumes.rs
2025-08-12 10:48:45,400 - PopulateAtomsDeps - INFO - Populating atoms for curve25519-dalek/src/backend/serial/u64/field.rs and code_id 64740
2025-08-12 10:48:45,408 - PopulateAtomsDeps - INFO - Inserted 17 atoms for file curve25519-dalek/src/backend/serial/u64/field.rs
2025-08-12 10:48:45,409 - PopulateAtomsDeps - INFO - Populating atoms for curve25519-dalek/src/backend/serial/u64/scalar_specs.rs and code_id 64743
2025-08-12 10:48:45,414 - PopulateAtomsDeps - INFO - Inserted 5 atoms for file curve25519-dalek/src/backend/serial/u64/scalar_specs.rs
2025-08-12 10:48:45,415 - PopulateAtomsDeps - INFO - Populating atoms for curve25519-dalek/src/montgomery.rs and code_id 64744
2025-08-12 10:48:45,431 - PopulateAtomsDeps - INFO - Inserted 24 atoms for file curve25519-dalek/src/montgomery.rs
2025-08-12 10:48:45,432 - PopulateAtomsDeps - INFO - Populating atoms for curve25519-dalek/src/edwards.rs and code_id 64745
2025-08-12 10:48:45,444 - PopulateAtomsDeps - INFO - Inserted 47 atoms for file curve25519-dalek/src/edwards.rs
2025-08-12 10:48:45,445 - PopulateAtomsDeps - INFO - Populating atoms for curve25519-dalek/src/scalar.rs and code_id 64746
2025-08-12 10:48:45,468 - PopulateAtomsDeps - INFO - Inserted 59 atoms for file curve25519-dalek/src/scalar.rs
2025-08-12 10:48:45,468 - PopulateAtomsDeps - INFO - Populating atoms for curve25519-dalek/src/field.rs and code_id 64748
2025-08-12 10:48:45,479 - PopulateAtomsDeps - INFO - Inserted 23 atoms for file curve25519-dalek/src/field.rs
2025-08-12 10:48:45,480 - PopulateAtomsDeps - INFO - Populating atoms for curve25519-dalek/src/ristretto.rs and code_id 64749
2025-08-12 10:48:45,495 - PopulateAtomsDeps - INFO - Inserted 67 atoms for file curve25519-dalek/src/ristretto.rs
2025-08-12 10:48:45,495 - PopulateAtomsDeps - INFO - Populating atoms for curve25519-dalek/src/traits.rs and code_id 64753
2025-08-12 10:48:45,502 - PopulateAtomsDeps - INFO - Inserted 10 atoms for file curve25519-dalek/src/traits.rs
2025-08-12 10:48:45,503 - PopulateAtomsDeps - INFO - Populating atoms for curve25519-dalek/src/window.rs and code_id 64754
2025-08-12 10:48:45,510 - PopulateAtomsDeps - INFO - Inserted 9 atoms for file curve25519-dalek/src/window.rs
2025-08-12 10:48:45,510 - PopulateAtomsDeps - INFO - Populating atoms for curve25519-dalek/src/edwards/affine.rs and code_id 64755
2025-08-12 10:48:45,517 - PopulateAtomsDeps - INFO - Inserted 8 atoms for file curve25519-dalek/src/edwards/affine.rs
2025-08-12 10:48:45,517 - PopulateAtomsDeps - INFO - Populating atoms for curve25519-dalek/build.rs and code_id 64756
2025-08-12 10:48:45,524 - PopulateAtomsDeps - INFO - Inserted 12 atoms for file curve25519-dalek/build.rs
2025-08-12 10:48:45,524 - PopulateAtomsDeps - INFO - Processing 77 dependencies in batch
2025-08-12 10:48:45,664 - PopulateAtomsDeps - INFO - Inserting 77 new dependencies
2025-08-12 10:48:45,676 - PopulateAtomsDeps - INFO - Processing 7 dependencies in batch
2025-08-12 10:48:45,740 - PopulateAtomsDeps - INFO - Inserting 7 new dependencies
2025-08-12 10:48:45,746 - PopulateAtomsDeps - INFO - Processing 7 dependencies in batch
2025-08-12 10:48:45,812 - PopulateAtomsDeps - INFO - Inserting 7 new dependencies
2025-08-12 10:48:45,819 - PopulateAtomsDeps - INFO - Processing 113 dependencies in batch
2025-08-12 10:48:45,902 - PopulateAtomsDeps - INFO - Inserting 113 new dependencies
2025-08-12 10:48:45,924 - PopulateAtomsDeps - INFO - Processing 81 dependencies in batch
2025-08-12 10:48:45,999 - PopulateAtomsDeps - INFO - Inserting 81 new dependencies
2025-08-12 10:48:46,007 - PopulateAtomsDeps - INFO - Processing 92 dependencies in batch
2025-08-12 10:48:46,081 - PopulateAtomsDeps - INFO - Inserting 92 new dependencies
2025-08-12 10:48:46,088 - PopulateAtomsDeps - INFO - Processing 85 dependencies in batch
2025-08-12 10:48:46,178 - PopulateAtomsDeps - INFO - Inserting 85 new dependencies
2025-08-12 10:48:46,184 - PopulateAtomsDeps - INFO - Processing 21 dependencies in batch
2025-08-12 10:48:46,254 - PopulateAtomsDeps - INFO - Inserting 21 new dependencies
2025-08-12 10:48:46,260 - PopulateAtomsDeps - INFO - Processing 6 dependencies in batch
2025-08-12 10:48:46,319 - PopulateAtomsDeps - INFO - Inserting 6 new dependencies
2025-08-12 10:48:46,323 - PopulateAtomsDeps - INFO - Processing 6 dependencies in batch
2025-08-12 10:48:46,384 - PopulateAtomsDeps - INFO - Inserting 6 new dependencies
2025-08-12 10:48:46,388 - PopulateAtomsDeps - INFO - Processing 40 dependencies in batch
2025-08-12 10:48:46,480 - PopulateAtomsDeps - INFO - Inserting 40 new dependencies
2025-08-12 10:48:46,486 - PopulateAtomsDeps - INFO - Processing 73 dependencies in batch
2025-08-12 10:48:46,641 - PopulateAtomsDeps - INFO - Inserting 73 new dependencies
2025-08-12 10:48:46,652 - PopulateAtomsDeps - INFO - Processing 154 dependencies in batch
2025-08-12 10:48:46,817 - PopulateAtomsDeps - INFO - Inserting 154 new dependencies
2025-08-12 10:48:46,824 - PopulateAtomsDeps - INFO - Processing 34 dependencies in batch
2025-08-12 10:48:46,894 - PopulateAtomsDeps - INFO - Inserting 34 new dependencies
2025-08-12 10:48:46,900 - PopulateAtomsDeps - INFO - Processing 92 dependencies in batch
2025-08-12 10:48:46,993 - PopulateAtomsDeps - INFO - Inserting 92 new dependencies
2025-08-12 10:48:46,999 - PopulateAtomsDeps - INFO - Processing 8 dependencies in batch
2025-08-12 10:48:47,063 - PopulateAtomsDeps - INFO - Inserting 8 new dependencies
2025-08-12 10:48:47,068 - PopulateAtomsDeps - INFO - Processing 12 dependencies in batch
2025-08-12 10:48:47,128 - PopulateAtomsDeps - INFO - Inserting 12 new dependencies
2025-08-12 10:48:47,133 - PopulateAtomsDeps - INFO - Processing 6 dependencies in batch
2025-08-12 10:48:47,205 - PopulateAtomsDeps - INFO - Inserting 6 new dependencies
2025-08-12 10:48:47,212 - PopulateAtomsDeps - INFO - Processing 11 dependencies in batch
2025-08-12 10:48:47,294 - PopulateAtomsDeps - INFO - Inserting 11 new dependencies
2025-08-12 10:48:47,300 - PopulateAtomsDeps - INFO - Setting code_id for file molecules in repo 3206
2025-08-12 10:48:47,308 - PopulateAtomsDeps - INFO - Found 24 file molecules with code_id=0 to update
2025-08-12 10:48:47,308 - PopulateAtomsDeps - INFO - Found 0 file molecules with specific code_ids
2025-08-12 10:48:47,324 - PopulateAtomsDeps - INFO - Found code_id mappings for 24 files
2025-08-12 10:48:47,329 - PopulateAtomsDeps - INFO - Successfully updated code_id for 24 file molecules
2025-08-12 10:48:47,330 - PopulateAtomsDeps - INFO - Reading atomizer log file: logs/atomizer_3206_20250812_104813.log
2025-08-12 10:48:47,330 - PopulateAtomsDeps - INFO - Successfully read 601 characters from atomizer log
2025-08-12 10:48:47,335 - PopulateAtomsDeps - INFO - Inserted combined logs to atomizerlogs table for repo_id 3206
2025-08-12 10:48:47,336 - PopulateAtomsDeps - INFO - Successfully completed populate_atomsdeps_grouped_rust.py for repo_id 3206
2025-08-12 10:48:47,336 - PopulateAtomsDeps - INFO - Processing completed for JSON file: /var/www/html/rust-atomizer/3206.json
