2025-06-11 12:34:09,570 - PopulateAtomsDeps - INFO - Logging to file: logs/populate_atoms_20250611_123409.log
2025-06-11 12:34:09,572 - PopulateAtomsDeps - INFO - Identified 3 folders containing Rust files
2025-06-11 12:34:09,572 - PopulateAtomsDeps - INFO - Populating folder structure with 3 folders as molecules for repo 2988
2025-06-11 12:34:09,582 - PopulateAtomsDeps - INFO - Successfully populated 26 folder and file molecules for repo 2988
2025-06-11 12:34:09,584 - PopulateAtomsDeps - INFO - Nb of Codes: 24
2025-06-11 12:34:09,587 - PopulateAtomsDeps - INFO - Populating atoms for benches/sort_benchmark.rs and code_id 32148
2025-06-11 12:34:09,588 - PopulateAtomsDeps - INFO - Populating atoms for src/smooth_sort.rs and code_id 32149
2025-06-11 12:34:09,589 - PopulateAtomsDeps - INFO - Populating atoms for src/nheap_sort.rs and code_id 32150
2025-06-11 12:34:09,590 - PopulateAtomsDeps - INFO - Populating atoms for src/shell_sort.rs and code_id 32151
2025-06-11 12:34:09,591 - PopulateAtomsDeps - INFO - Populating atoms for bin/powers_of_two.rs and code_id 32152
2025-06-11 12:34:09,594 - PopulateAtomsDeps - INFO - Populating atoms for bin/leonardo_numbers.rs and code_id 32153
2025-06-11 12:34:09,595 - PopulateAtomsDeps - INFO - Populating atoms for src/insertion_sort.rs and code_id 32154
2025-06-11 12:34:09,596 - PopulateAtomsDeps - INFO - Populating atoms for src/cocktail_sort.rs and code_id 32155
2025-06-11 12:34:09,596 - PopulateAtomsDeps - INFO - Populating atoms for src/slow_sort.rs and code_id 32156
2025-06-11 12:34:09,597 - PopulateAtomsDeps - INFO - Populating atoms for src/quick_sort.rs and code_id 32157
2025-06-11 12:34:09,598 - PopulateAtomsDeps - INFO - Populating atoms for src/gnome_sort.rs and code_id 32158
2025-06-11 12:34:09,599 - PopulateAtomsDeps - INFO - Populating atoms for src/ksort.rs and code_id 32159
2025-06-11 12:34:09,600 - PopulateAtomsDeps - INFO - Populating atoms for src/stooge_sort.rs and code_id 32160
2025-06-11 12:34:09,601 - PopulateAtomsDeps - INFO - Populating atoms for src/pancake_sort.rs and code_id 32161
2025-06-11 12:34:09,602 - PopulateAtomsDeps - INFO - Populating atoms for src/merge_sort.rs and code_id 32162
2025-06-11 12:34:09,603 - PopulateAtomsDeps - INFO - Populating atoms for src/bitonic_sort.rs and code_id 32163
2025-06-11 12:34:09,603 - PopulateAtomsDeps - INFO - Populating atoms for src/comb_sort.rs and code_id 32164
2025-06-11 12:34:09,604 - PopulateAtomsDeps - INFO - Populating atoms for src/oddeven_sort.rs and code_id 32165
2025-06-11 12:34:09,605 - PopulateAtomsDeps - INFO - Populating atoms for src/heap_sort.rs and code_id 32166
2025-06-11 12:34:09,607 - PopulateAtomsDeps - INFO - Populating atoms for src/bubble_sort.rs and code_id 32167
2025-06-11 12:34:09,607 - PopulateAtomsDeps - INFO - Populating atoms for src/selection_sort.rs and code_id 32169
2025-06-11 12:34:09,608 - PopulateAtomsDeps - INFO - Populating atoms for src/bingo_sort.rs and code_id 32170
2025-06-11 12:34:09,609 - PopulateAtomsDeps - INFO - Populating atoms for src/cycle_sort.rs and code_id 32171
2025-06-11 12:34:09,610 - PopulateAtomsDeps - INFO - Processing 25 dependencies in batch
2025-06-11 12:34:09,631 - PopulateAtomsDeps - INFO - All dependencies already exist in the database
2025-06-11 12:34:09,631 - PopulateAtomsDeps - INFO - Processing 7 dependencies in batch
2025-06-11 12:34:09,645 - PopulateAtomsDeps - INFO - All dependencies already exist in the database
2025-06-11 12:34:09,645 - PopulateAtomsDeps - INFO - Processing 5 dependencies in batch
2025-06-11 12:34:09,668 - PopulateAtomsDeps - INFO - All dependencies already exist in the database
2025-06-11 12:34:09,668 - PopulateAtomsDeps - INFO - Processing 5 dependencies in batch
2025-06-11 12:34:09,689 - PopulateAtomsDeps - INFO - All dependencies already exist in the database
2025-06-11 12:34:09,689 - PopulateAtomsDeps - INFO - Processing 5 dependencies in batch
2025-06-11 12:34:09,703 - PopulateAtomsDeps - INFO - All dependencies already exist in the database
2025-06-11 12:34:09,703 - PopulateAtomsDeps - INFO - Processing 3 dependencies in batch
2025-06-11 12:34:09,716 - PopulateAtomsDeps - INFO - All dependencies already exist in the database
2025-06-11 12:34:09,716 - PopulateAtomsDeps - INFO - Processing 3 dependencies in batch
2025-06-11 12:34:09,729 - PopulateAtomsDeps - INFO - All dependencies already exist in the database
2025-06-11 12:34:09,729 - PopulateAtomsDeps - INFO - Processing 4 dependencies in batch
2025-06-11 12:34:09,742 - PopulateAtomsDeps - INFO - All dependencies already exist in the database
2025-06-11 12:34:09,742 - PopulateAtomsDeps - INFO - Processing 10 dependencies in batch
2025-06-11 12:34:09,757 - PopulateAtomsDeps - INFO - All dependencies already exist in the database
2025-06-11 12:34:09,757 - PopulateAtomsDeps - INFO - Processing 6 dependencies in batch
2025-06-11 12:34:09,771 - PopulateAtomsDeps - INFO - All dependencies already exist in the database
2025-06-11 12:34:09,771 - PopulateAtomsDeps - INFO - Processing 5 dependencies in batch
2025-06-11 12:34:09,784 - PopulateAtomsDeps - INFO - All dependencies already exist in the database
2025-06-11 12:34:09,784 - PopulateAtomsDeps - INFO - Processing 4 dependencies in batch
2025-06-11 12:34:09,797 - PopulateAtomsDeps - INFO - All dependencies already exist in the database
2025-06-11 12:34:09,797 - PopulateAtomsDeps - INFO - Processing 5 dependencies in batch
2025-06-11 12:34:09,810 - PopulateAtomsDeps - INFO - All dependencies already exist in the database
2025-06-11 12:34:09,810 - PopulateAtomsDeps - INFO - Processing 7 dependencies in batch
2025-06-11 12:34:09,824 - PopulateAtomsDeps - INFO - All dependencies already exist in the database
2025-06-11 12:34:09,824 - PopulateAtomsDeps - INFO - Processing 9 dependencies in batch
2025-06-11 12:34:09,838 - PopulateAtomsDeps - INFO - All dependencies already exist in the database
2025-06-11 12:34:09,839 - PopulateAtomsDeps - INFO - Processing 3 dependencies in batch
2025-06-11 12:34:09,851 - PopulateAtomsDeps - INFO - All dependencies already exist in the database
2025-06-11 12:34:09,851 - PopulateAtomsDeps - INFO - Processing 8 dependencies in batch
2025-06-11 12:34:09,865 - PopulateAtomsDeps - INFO - All dependencies already exist in the database
2025-06-11 12:34:09,866 - PopulateAtomsDeps - INFO - Processing 16 dependencies in batch
2025-06-11 12:34:09,882 - PopulateAtomsDeps - INFO - All dependencies already exist in the database
2025-06-11 12:34:09,882 - PopulateAtomsDeps - INFO - Processing 3 dependencies in batch
2025-06-11 12:34:09,895 - PopulateAtomsDeps - INFO - All dependencies already exist in the database
2025-06-11 12:34:09,895 - PopulateAtomsDeps - INFO - Processing 6 dependencies in batch
2025-06-11 12:34:09,909 - PopulateAtomsDeps - INFO - All dependencies already exist in the database
2025-06-11 12:34:09,909 - PopulateAtomsDeps - INFO - Processing 4 dependencies in batch
2025-06-11 12:34:09,921 - PopulateAtomsDeps - INFO - All dependencies already exist in the database
2025-06-11 12:34:09,922 - PopulateAtomsDeps - INFO - Processing 3 dependencies in batch
2025-06-11 12:34:09,934 - PopulateAtomsDeps - INFO - All dependencies already exist in the database
2025-06-11 12:34:09,935 - PopulateAtomsDeps - INFO - Setting code_id for file molecules in repo 2988
2025-06-11 12:34:09,937 - PopulateAtomsDeps - INFO - No file molecules found with code_id = 0
2025-06-11 12:34:09,938 - PopulateAtomsDeps - INFO - Reading atomizer log file: logs/atomizer_2988_20250611_123351.log
2025-06-11 12:34:09,938 - PopulateAtomsDeps - INFO - Successfully read 600 characters from atomizer log
2025-06-11 12:34:09,955 - PopulateAtomsDeps - INFO - Inserted combined logs to atomizerlogs table for repo_id 2988
