2025-06-23 07:30:43,814 - PopulateAtomsDeps - INFO - Logging to file: logs/populate_atoms_20250623_073043.log
2025-06-23 07:30:43,816 - PopulateAtomsDeps - INFO - Identified 3 folders containing Rust files
2025-06-23 07:30:43,817 - PopulateAtomsDeps - INFO - Populating folder structure with 3 folders as molecules for repo 3053
2025-06-23 07:30:43,832 - PopulateAtomsDeps - INFO - Successfully populated 26 folder and file molecules for repo 3053
2025-06-23 07:30:43,837 - PopulateAtomsDeps - INFO - Nb of Codes: 24
2025-06-23 07:30:43,841 - PopulateAtomsDeps - INFO - Populating atoms for benches/sort_benchmark.rs and code_id 38784
2025-06-23 07:30:43,844 - PopulateAtomsDeps - INFO - Populating atoms for src/smooth_sort.rs and code_id 38785
2025-06-23 07:30:43,845 - PopulateAtomsDeps - INFO - Populating atoms for src/nheap_sort.rs and code_id 38786
2025-06-23 07:30:43,847 - PopulateAtomsDeps - INFO - Populating atoms for src/shell_sort.rs and code_id 38787
2025-06-23 07:30:43,848 - PopulateAtomsDeps - INFO - Populating atoms for bin/powers_of_two.rs and code_id 38788
2025-06-23 07:30:43,849 - PopulateAtomsDeps - INFO - Populating atoms for bin/leonardo_numbers.rs and code_id 38789
2025-06-23 07:30:43,850 - PopulateAtomsDeps - INFO - Populating atoms for src/insertion_sort.rs and code_id 38790
2025-06-23 07:30:43,851 - PopulateAtomsDeps - INFO - Populating atoms for src/cocktail_sort.rs and code_id 38791
2025-06-23 07:30:43,852 - PopulateAtomsDeps - INFO - Populating atoms for src/slow_sort.rs and code_id 38792
2025-06-23 07:30:43,853 - PopulateAtomsDeps - INFO - Populating atoms for src/quick_sort.rs and code_id 38793
2025-06-23 07:30:43,855 - PopulateAtomsDeps - INFO - Populating atoms for src/gnome_sort.rs and code_id 38794
2025-06-23 07:30:43,856 - PopulateAtomsDeps - INFO - Populating atoms for src/ksort.rs and code_id 38795
2025-06-23 07:30:43,858 - PopulateAtomsDeps - INFO - Populating atoms for src/stooge_sort.rs and code_id 38796
2025-06-23 07:30:43,859 - PopulateAtomsDeps - INFO - Populating atoms for src/pancake_sort.rs and code_id 38797
2025-06-23 07:30:43,860 - PopulateAtomsDeps - INFO - Populating atoms for src/merge_sort.rs and code_id 38798
2025-06-23 07:30:43,861 - PopulateAtomsDeps - INFO - Populating atoms for src/bitonic_sort.rs and code_id 38799
2025-06-23 07:30:43,863 - PopulateAtomsDeps - INFO - Populating atoms for src/comb_sort.rs and code_id 38800
2025-06-23 07:30:43,864 - PopulateAtomsDeps - INFO - Populating atoms for src/oddeven_sort.rs and code_id 38801
2025-06-23 07:30:43,865 - PopulateAtomsDeps - INFO - Populating atoms for src/heap_sort.rs and code_id 38802
2025-06-23 07:30:43,867 - PopulateAtomsDeps - INFO - Populating atoms for src/bubble_sort.rs and code_id 38803
2025-06-23 07:30:43,868 - PopulateAtomsDeps - INFO - Populating atoms for src/selection_sort.rs and code_id 38805
2025-06-23 07:30:43,870 - PopulateAtomsDeps - INFO - Populating atoms for src/bingo_sort.rs and code_id 38806
2025-06-23 07:30:43,871 - PopulateAtomsDeps - INFO - Populating atoms for src/cycle_sort.rs and code_id 38807
2025-06-23 07:30:43,872 - PopulateAtomsDeps - INFO - Processing 25 dependencies in batch
2025-06-23 07:30:43,927 - PopulateAtomsDeps - INFO - All dependencies already exist in the database
2025-06-23 07:30:43,928 - PopulateAtomsDeps - INFO - Processing 7 dependencies in batch
2025-06-23 07:30:43,961 - PopulateAtomsDeps - INFO - All dependencies already exist in the database
2025-06-23 07:30:43,961 - PopulateAtomsDeps - INFO - Processing 5 dependencies in batch
2025-06-23 07:30:43,985 - PopulateAtomsDeps - INFO - All dependencies already exist in the database
2025-06-23 07:30:43,985 - PopulateAtomsDeps - INFO - Processing 5 dependencies in batch
2025-06-23 07:30:44,019 - PopulateAtomsDeps - INFO - All dependencies already exist in the database
2025-06-23 07:30:44,020 - PopulateAtomsDeps - INFO - Processing 5 dependencies in batch
2025-06-23 07:30:44,056 - PopulateAtomsDeps - INFO - All dependencies already exist in the database
2025-06-23 07:30:44,057 - PopulateAtomsDeps - INFO - Processing 3 dependencies in batch
2025-06-23 07:30:44,094 - PopulateAtomsDeps - INFO - All dependencies already exist in the database
2025-06-23 07:30:44,094 - PopulateAtomsDeps - INFO - Processing 3 dependencies in batch
2025-06-23 07:30:44,131 - PopulateAtomsDeps - INFO - All dependencies already exist in the database
2025-06-23 07:30:44,131 - PopulateAtomsDeps - INFO - Processing 4 dependencies in batch
2025-06-23 07:30:44,157 - PopulateAtomsDeps - INFO - All dependencies already exist in the database
2025-06-23 07:30:44,157 - PopulateAtomsDeps - INFO - Processing 10 dependencies in batch
2025-06-23 07:30:44,184 - PopulateAtomsDeps - INFO - All dependencies already exist in the database
2025-06-23 07:30:44,184 - PopulateAtomsDeps - INFO - Processing 6 dependencies in batch
2025-06-23 07:30:44,223 - PopulateAtomsDeps - INFO - All dependencies already exist in the database
2025-06-23 07:30:44,224 - PopulateAtomsDeps - INFO - Processing 5 dependencies in batch
2025-06-23 07:30:44,258 - PopulateAtomsDeps - INFO - All dependencies already exist in the database
2025-06-23 07:30:44,259 - PopulateAtomsDeps - INFO - Processing 4 dependencies in batch
2025-06-23 07:30:44,282 - PopulateAtomsDeps - INFO - All dependencies already exist in the database
2025-06-23 07:30:44,282 - PopulateAtomsDeps - INFO - Processing 5 dependencies in batch
2025-06-23 07:30:44,306 - PopulateAtomsDeps - INFO - All dependencies already exist in the database
2025-06-23 07:30:44,307 - PopulateAtomsDeps - INFO - Processing 7 dependencies in batch
2025-06-23 07:30:44,331 - PopulateAtomsDeps - INFO - All dependencies already exist in the database
2025-06-23 07:30:44,332 - PopulateAtomsDeps - INFO - Processing 9 dependencies in batch
2025-06-23 07:30:44,356 - PopulateAtomsDeps - INFO - All dependencies already exist in the database
2025-06-23 07:30:44,356 - PopulateAtomsDeps - INFO - Processing 3 dependencies in batch
2025-06-23 07:30:44,379 - PopulateAtomsDeps - INFO - All dependencies already exist in the database
2025-06-23 07:30:44,379 - PopulateAtomsDeps - INFO - Processing 8 dependencies in batch
2025-06-23 07:30:44,404 - PopulateAtomsDeps - INFO - All dependencies already exist in the database
2025-06-23 07:30:44,404 - PopulateAtomsDeps - INFO - Processing 16 dependencies in batch
2025-06-23 07:30:44,431 - PopulateAtomsDeps - INFO - All dependencies already exist in the database
2025-06-23 07:30:44,432 - PopulateAtomsDeps - INFO - Processing 3 dependencies in batch
2025-06-23 07:30:44,454 - PopulateAtomsDeps - INFO - All dependencies already exist in the database
2025-06-23 07:30:44,454 - PopulateAtomsDeps - INFO - Processing 6 dependencies in batch
2025-06-23 07:30:44,479 - PopulateAtomsDeps - INFO - All dependencies already exist in the database
2025-06-23 07:30:44,479 - PopulateAtomsDeps - INFO - Processing 4 dependencies in batch
2025-06-23 07:30:44,503 - PopulateAtomsDeps - INFO - All dependencies already exist in the database
2025-06-23 07:30:44,503 - PopulateAtomsDeps - INFO - Processing 3 dependencies in batch
2025-06-23 07:30:44,540 - PopulateAtomsDeps - INFO - All dependencies already exist in the database
2025-06-23 07:30:44,540 - PopulateAtomsDeps - INFO - Setting code_id for file molecules in repo 3053
2025-06-23 07:30:44,542 - PopulateAtomsDeps - INFO - No file molecules found with code_id = 0
2025-06-23 07:30:44,542 - PopulateAtomsDeps - INFO - Reading atomizer log file: logs/atomizer_3053_20250623_073024.log
2025-06-23 07:30:44,543 - PopulateAtomsDeps - INFO - Successfully read 600 characters from atomizer log
2025-06-23 07:30:44,571 - PopulateAtomsDeps - INFO - Inserted combined logs to atomizerlogs table for repo_id 3053
