2025-08-19 16:54:46,564 - PopulateAtomsDeps - INFO - Logging to file: logs/populate_atoms_20250819_165446.log
2025-08-19 16:54:46,564 - PopulateAtomsDeps - INFO - Starting populate_atomsdeps_grouped_rust.py with parameters:
2025-08-19 16:54:46,564 - PopulateAtomsDeps - INFO -   repo_id: 3214
2025-08-19 16:54:46,564 - PopulateAtomsDeps - INFO -   json_path: /var/www/html/rust-atomizer/curve25519-dalek.json
2025-08-19 16:54:46,564 - PopulateAtomsDeps - INFO -   user_id: 460176
2025-08-19 16:54:46,564 - PopulateAtomsDeps - INFO -   JSON file exists: True
2025-08-19 16:54:46,564 - PopulateAtomsDeps - INFO -   JSON file size: 698135 bytes
2025-08-19 16:54:46,564 - PopulateAtomsDeps - INFO -   JSON file modified: 2025-08-19 16:54:45.768732
2025-08-19 16:54:46,573 - PopulateAtomsDeps - INFO - Identified 7 folders containing Rust files
2025-08-19 16:54:46,573 - PopulateAtomsDeps - INFO - Populating folder structure with 7 folders as molecules for repo 3214
2025-08-19 16:54:46,578 - PopulateAtomsDeps - INFO - All folders to create (including parents): ['src', 'src/backend', 'src/edwards', 'src/backend/serial', 'src/backend/serial/u64', 'src/backend/serial/curve_models', 'src/backend/serial/scalar_mul']
2025-08-19 16:54:46,592 - PopulateAtomsDeps - INFO - Successfully populated 29 folder and file molecules for repo 3214
2025-08-19 16:54:46,604 - PopulateAtomsDeps - INFO - Nb of Codes: 32
2025-08-19 16:54:46,610 - PopulateAtomsDeps - WARNING - No atoms found for filename: curve25519-dalek/src/backend/mod.rs
2025-08-19 16:54:46,611 - PopulateAtomsDeps - WARNING - No atoms found for filename: curve25519-dalek/src/backend/serial/curve_models/mod.rs
2025-08-19 16:54:46,611 - PopulateAtomsDeps - WARNING - No atoms found for filename: curve25519-dalek/src/backend/serial/scalar_mul/precomputed_straus.rs
2025-08-19 16:54:46,612 - PopulateAtomsDeps - WARNING - No atoms found for filename: curve25519-dalek/src/backend/serial/scalar_mul/pippenger.rs
2025-08-19 16:54:46,612 - PopulateAtomsDeps - WARNING - No atoms found for filename: curve25519-dalek/src/backend/serial/scalar_mul/straus.rs
2025-08-19 16:54:46,612 - PopulateAtomsDeps - WARNING - No atoms found for filename: curve25519-dalek/src/backend/serial/scalar_mul/variable_base.rs
2025-08-19 16:54:46,612 - PopulateAtomsDeps - WARNING - No atoms found for filename: curve25519-dalek/src/backend/serial/scalar_mul/mod.rs
2025-08-19 16:54:46,613 - PopulateAtomsDeps - WARNING - No atoms found for filename: curve25519-dalek/src/backend/serial/scalar_mul/vartime_double_base.rs
2025-08-19 16:54:46,613 - PopulateAtomsDeps - WARNING - No atoms found for filename: curve25519-dalek/src/backend/serial/mod.rs
2025-08-19 16:54:46,614 - PopulateAtomsDeps - WARNING - No atoms found for filename: curve25519-dalek/src/backend/serial/u64/field_verus.rs
2025-08-19 16:54:46,614 - PopulateAtomsDeps - WARNING - No atoms found for filename: curve25519-dalek/src/backend/serial/u64/common_verus.rs
2025-08-19 16:54:46,614 - PopulateAtomsDeps - WARNING - No atoms found for filename: curve25519-dalek/src/backend/serial/u64/scalar_lemmas.rs
2025-08-19 16:54:46,615 - PopulateAtomsDeps - WARNING - No atoms found for filename: curve25519-dalek/src/backend/serial/u64/field_lemmas.rs
2025-08-19 16:54:46,615 - PopulateAtomsDeps - WARNING - No atoms found for filename: curve25519-dalek/src/backend/serial/u64/scalar.rs
2025-08-19 16:54:46,615 - PopulateAtomsDeps - WARNING - No atoms found for filename: curve25519-dalek/src/backend/serial/u64/subtle_assumes.rs
2025-08-19 16:54:46,615 - PopulateAtomsDeps - WARNING - No atoms found for filename: curve25519-dalek/src/backend/serial/u64/field.rs
2025-08-19 16:54:46,616 - PopulateAtomsDeps - WARNING - No atoms found for filename: curve25519-dalek/src/backend/serial/u64/constants.rs
2025-08-19 16:54:46,616 - PopulateAtomsDeps - WARNING - No atoms found for filename: curve25519-dalek/src/backend/serial/u64/mod.rs
2025-08-19 16:54:46,616 - PopulateAtomsDeps - WARNING - No atoms found for filename: curve25519-dalek/src/backend/serial/u64/scalar_specs.rs
2025-08-19 16:54:46,617 - PopulateAtomsDeps - WARNING - No atoms found for filename: curve25519-dalek/src/montgomery.rs
2025-08-19 16:54:46,617 - PopulateAtomsDeps - WARNING - No atoms found for filename: curve25519-dalek/src/edwards.rs
2025-08-19 16:54:46,617 - PopulateAtomsDeps - WARNING - No atoms found for filename: curve25519-dalek/src/scalar.rs
2025-08-19 16:54:46,618 - PopulateAtomsDeps - WARNING - No atoms found for filename: curve25519-dalek/src/macros.rs
2025-08-19 16:54:46,618 - PopulateAtomsDeps - WARNING - No atoms found for filename: curve25519-dalek/src/field.rs
2025-08-19 16:54:46,618 - PopulateAtomsDeps - WARNING - No atoms found for filename: curve25519-dalek/src/ristretto.rs
2025-08-19 16:54:46,619 - PopulateAtomsDeps - WARNING - No atoms found for filename: curve25519-dalek/src/diagnostics.rs
2025-08-19 16:54:46,619 - PopulateAtomsDeps - WARNING - No atoms found for filename: curve25519-dalek/src/lib.rs
2025-08-19 16:54:46,619 - PopulateAtomsDeps - WARNING - No atoms found for filename: curve25519-dalek/src/constants.rs
2025-08-19 16:54:46,619 - PopulateAtomsDeps - WARNING - No atoms found for filename: curve25519-dalek/src/traits.rs
2025-08-19 16:54:46,620 - PopulateAtomsDeps - WARNING - No atoms found for filename: curve25519-dalek/src/window.rs
2025-08-19 16:54:46,620 - PopulateAtomsDeps - WARNING - No atoms found for filename: curve25519-dalek/src/edwards/affine.rs
2025-08-19 16:54:46,620 - PopulateAtomsDeps - WARNING - No atoms found for filename: curve25519-dalek/build.rs
2025-08-19 16:54:46,620 - PopulateAtomsDeps - INFO - Summary: Found atoms for 0 out of 32 files
2025-08-19 16:54:46,621 - PopulateAtomsDeps - INFO - Setting code_id for file molecules in repo 3214
2025-08-19 16:54:46,627 - PopulateAtomsDeps - INFO - Found 24 file molecules with code_id=0 to update
2025-08-19 16:54:46,627 - PopulateAtomsDeps - INFO - Found 24 file molecules with specific code_ids
2025-08-19 16:54:46,628 - PopulateAtomsDeps - WARNING - No child atoms found for file ID 359374 (file: src/montgomery.rs)
2025-08-19 16:54:46,633 - PopulateAtomsDeps - WARNING - No child atoms found for file ID 359375 (file: src/ristretto.rs)
2025-08-19 16:54:46,638 - PopulateAtomsDeps - WARNING - No child atoms found for file ID 359376 (file: src/edwards.rs)
2025-08-19 16:54:46,643 - PopulateAtomsDeps - WARNING - No child atoms found for file ID 359377 (file: src/scalar.rs)
2025-08-19 16:54:46,648 - PopulateAtomsDeps - WARNING - No child atoms found for file ID 359378 (file: src/field.rs)
2025-08-19 16:54:46,654 - PopulateAtomsDeps - WARNING - No child atoms found for file ID 359379 (file: src/traits.rs)
2025-08-19 16:54:46,659 - PopulateAtomsDeps - WARNING - No child atoms found for file ID 359380 (file: src/window.rs)
2025-08-19 16:54:46,664 - PopulateAtomsDeps - WARNING - No child atoms found for file ID 359381 (file: src/backend/serial/u64/scalar_lemmas.rs)
2025-08-19 16:54:46,669 - PopulateAtomsDeps - WARNING - No child atoms found for file ID 359382 (file: src/backend/serial/u64/field.rs)
2025-08-19 16:54:46,674 - PopulateAtomsDeps - WARNING - No child atoms found for file ID 359383 (file: src/backend/serial/u64/field_lemmas.rs)
2025-08-19 16:54:46,679 - PopulateAtomsDeps - WARNING - No child atoms found for file ID 359384 (file: src/backend/serial/u64/scalar.rs)
2025-08-19 16:54:46,683 - PopulateAtomsDeps - WARNING - No child atoms found for file ID 359385 (file: src/backend/serial/u64/common_verus.rs)
2025-08-19 16:54:46,689 - PopulateAtomsDeps - WARNING - No child atoms found for file ID 359386 (file: src/backend/serial/u64/scalar_specs.rs)
2025-08-19 16:54:46,694 - PopulateAtomsDeps - WARNING - No child atoms found for file ID 359387 (file: src/backend/serial/u64/field_verus.rs)
2025-08-19 16:54:46,699 - PopulateAtomsDeps - WARNING - No child atoms found for file ID 359388 (file: src/backend/serial/u64/subtle_assumes.rs)
2025-08-19 16:54:46,704 - PopulateAtomsDeps - WARNING - No child atoms found for file ID 359389 (file: build.rs)
2025-08-19 16:54:46,709 - PopulateAtomsDeps - WARNING - No child atoms found for file ID 359390 (file: src/backend/serial/curve_models/mod.rs)
2025-08-19 16:54:46,714 - PopulateAtomsDeps - WARNING - No child atoms found for file ID 359391 (file: src/backend/serial/scalar_mul/straus.rs)
2025-08-19 16:54:46,719 - PopulateAtomsDeps - WARNING - No child atoms found for file ID 359392 (file: src/backend/serial/scalar_mul/pippenger.rs)
2025-08-19 16:54:46,724 - PopulateAtomsDeps - WARNING - No child atoms found for file ID 359393 (file: src/backend/serial/scalar_mul/vartime_double_base.rs)
2025-08-19 16:54:46,729 - PopulateAtomsDeps - WARNING - No child atoms found for file ID 359394 (file: src/backend/serial/scalar_mul/precomputed_straus.rs)
2025-08-19 16:54:46,734 - PopulateAtomsDeps - WARNING - No child atoms found for file ID 359395 (file: src/backend/serial/scalar_mul/variable_base.rs)
2025-08-19 16:54:46,746 - PopulateAtomsDeps - WARNING - No child atoms found for file ID 359396 (file: src/edwards/affine.rs)
2025-08-19 16:54:46,755 - PopulateAtomsDeps - WARNING - No child atoms found for file ID 359397 (file: src/backend/mod.rs)
2025-08-19 16:54:46,762 - PopulateAtomsDeps - INFO - No file-to-code_id mappings found
2025-08-19 16:54:46,763 - PopulateAtomsDeps - INFO - Reading atomizer log file: logs/atomizer_3214_20250819_165406.log
2025-08-19 16:54:46,763 - PopulateAtomsDeps - INFO - Successfully read 625 characters from atomizer log
2025-08-19 16:54:46,768 - PopulateAtomsDeps - INFO - Inserted combined logs to atomizerlogs table for repo_id 3214
2025-08-19 16:54:46,768 - PopulateAtomsDeps - INFO - Successfully completed populate_atomsdeps_grouped_rust.py for repo_id 3214
2025-08-19 16:54:46,768 - PopulateAtomsDeps - INFO - Processing completed for JSON file: /var/www/html/rust-atomizer/curve25519-dalek.json
