2025-08-04 08:41:23,653 - PopulateAtomsDeps - INFO - Logging to file: logs/populate_atoms_20250804_084123.log
2025-08-04 08:41:23,653 - PopulateAtomsDeps - INFO - Starting populate_atomsdeps_grouped_rust.py with parameters:
2025-08-04 08:41:23,653 - PopulateAtomsDeps - INFO -   repo_id: 3053
2025-08-04 08:41:23,653 - PopulateAtomsDeps - INFO -   json_path: /var/www/html/rust-atomizer/3053.json
2025-08-04 08:41:23,653 - PopulateAtomsDeps - INFO -   user_id: 460176
2025-08-04 08:41:23,653 - PopulateAtomsDeps - INFO -   JSON file exists: True
2025-08-04 08:41:23,653 - PopulateAtomsDeps - INFO -   JSON file size: 95902 bytes
2025-08-04 08:41:23,653 - PopulateAtomsDeps - INFO -   JSON file modified: 2025-08-04 08:41:23.326855
2025-08-04 08:41:23,655 - PopulateAtomsDeps - INFO - Identified 3 folders containing Rust files
2025-08-04 08:41:23,655 - PopulateAtomsDeps - INFO - Populating folder structure with 3 folders as molecules for repo 3053
2025-08-04 08:41:23,656 - PopulateAtomsDeps - INFO - All folders to create (including parents): ['benches', 'src', 'src/bin']
2025-08-04 08:41:23,672 - PopulateAtomsDeps - INFO - Adding 23 new file molecules in batch
2025-08-04 08:41:23,696 - PopulateAtomsDeps - INFO - Successfully populated 26 folder and file molecules for repo 3053
2025-08-04 08:41:23,979 - PopulateAtomsDeps - INFO - !!!!!Code ID 56778: filename='LICENSE', folder_id=None, folder_path='None'
2025-08-04 08:41:23,979 - PopulateAtomsDeps - INFO - !!!!!Code ID 56779: filename='benches/sort_benchmark.rs', folder_id=13723, folder_path='benches'
2025-08-04 08:41:23,979 - PopulateAtomsDeps - INFO - !!!!!Code ID 56780: filename='README.md', folder_id=None, folder_path='None'
2025-08-04 08:41:23,979 - PopulateAtomsDeps - INFO - !!!!!Code ID 56781: filename='src/smooth_sort.rs', folder_id=13724, folder_path='src'
2025-08-04 08:41:23,980 - PopulateAtomsDeps - INFO - !!!!!Code ID 56782: filename='src/nheap_sort.rs', folder_id=13724, folder_path='src'
2025-08-04 08:41:23,980 - PopulateAtomsDeps - INFO - !!!!!Code ID 56783: filename='src/shell_sort.rs', folder_id=13724, folder_path='src'
2025-08-04 08:41:23,980 - PopulateAtomsDeps - INFO - !!!!!Code ID 56784: filename='src/bin/powers_of_two.rs', folder_id=13725, folder_path='src/bin'
2025-08-04 08:41:23,980 - PopulateAtomsDeps - INFO - !!!!!Code ID 56785: filename='src/bin/leonardo_numbers.rs', folder_id=13725, folder_path='src/bin'
2025-08-04 08:41:23,980 - PopulateAtomsDeps - INFO - !!!!!Code ID 56786: filename='src/insertion_sort.rs', folder_id=13724, folder_path='src'
2025-08-04 08:41:23,980 - PopulateAtomsDeps - INFO - !!!!!Code ID 56787: filename='src/cocktail_sort.rs', folder_id=13724, folder_path='src'
2025-08-04 08:41:23,980 - PopulateAtomsDeps - INFO - !!!!!Code ID 56788: filename='src/slow_sort.rs', folder_id=13724, folder_path='src'
2025-08-04 08:41:23,980 - PopulateAtomsDeps - INFO - !!!!!Code ID 56789: filename='src/quick_sort.rs', folder_id=13724, folder_path='src'
2025-08-04 08:41:23,980 - PopulateAtomsDeps - INFO - !!!!!Code ID 56790: filename='src/gnome_sort.rs', folder_id=13724, folder_path='src'
2025-08-04 08:41:23,980 - PopulateAtomsDeps - INFO - !!!!!Code ID 56791: filename='src/ksort.rs', folder_id=13724, folder_path='src'
2025-08-04 08:41:23,980 - PopulateAtomsDeps - INFO - !!!!!Code ID 56792: filename='src/stooge_sort.rs', folder_id=13724, folder_path='src'
2025-08-04 08:41:23,980 - PopulateAtomsDeps - INFO - !!!!!Code ID 56793: filename='src/pancake_sort.rs', folder_id=13724, folder_path='src'
2025-08-04 08:41:23,981 - PopulateAtomsDeps - INFO - !!!!!Code ID 56794: filename='src/merge_sort.rs', folder_id=13724, folder_path='src'
2025-08-04 08:41:23,981 - PopulateAtomsDeps - INFO - !!!!!Code ID 56795: filename='src/bitonic_sort.rs', folder_id=13724, folder_path='src'
2025-08-04 08:41:23,981 - PopulateAtomsDeps - INFO - !!!!!Code ID 56796: filename='src/comb_sort.rs', folder_id=13724, folder_path='src'
2025-08-04 08:41:23,981 - PopulateAtomsDeps - INFO - !!!!!Code ID 56797: filename='src/oddeven_sort.rs', folder_id=13724, folder_path='src'
2025-08-04 08:41:23,981 - PopulateAtomsDeps - INFO - !!!!!Code ID 56798: filename='src/heap_sort.rs', folder_id=13724, folder_path='src'
2025-08-04 08:41:23,981 - PopulateAtomsDeps - INFO - !!!!!Code ID 56799: filename='src/bubble_sort.rs', folder_id=13724, folder_path='src'
2025-08-04 08:41:23,981 - PopulateAtomsDeps - INFO - !!!!!Code ID 56800: filename='src/lib.rs', folder_id=13724, folder_path='src'
2025-08-04 08:41:23,981 - PopulateAtomsDeps - INFO - !!!!!Code ID 56801: filename='src/selection_sort.rs', folder_id=13724, folder_path='src'
2025-08-04 08:41:23,981 - PopulateAtomsDeps - INFO - !!!!!Code ID 56802: filename='src/bingo_sort.rs', folder_id=13724, folder_path='src'
2025-08-04 08:41:23,981 - PopulateAtomsDeps - INFO - !!!!!Code ID 56803: filename='src/cycle_sort.rs', folder_id=13724, folder_path='src'
2025-08-04 08:41:23,981 - PopulateAtomsDeps - INFO - !!!!!Code ID 56804: filename='Cargo.toml', folder_id=None, folder_path='None'
2025-08-04 08:41:23,982 - PopulateAtomsDeps - INFO - Retrieved 27 codes from database
2025-08-04 08:41:23,983 - PopulateAtomsDeps - WARNING - Failed to load/create codes cache: name 'codes_cache_path' is not defined
2025-08-04 08:41:24,225 - PopulateAtomsDeps - INFO - !!!!!Code ID 56778: filename='LICENSE', folder_id=None, folder_path='None'
2025-08-04 08:41:24,225 - PopulateAtomsDeps - INFO - !!!!!Code ID 56779: filename='benches/sort_benchmark.rs', folder_id=13723, folder_path='benches'
2025-08-04 08:41:24,225 - PopulateAtomsDeps - INFO - !!!!!Code ID 56780: filename='README.md', folder_id=None, folder_path='None'
2025-08-04 08:41:24,225 - PopulateAtomsDeps - INFO - !!!!!Code ID 56781: filename='src/smooth_sort.rs', folder_id=13724, folder_path='src'
2025-08-04 08:41:24,225 - PopulateAtomsDeps - INFO - !!!!!Code ID 56782: filename='src/nheap_sort.rs', folder_id=13724, folder_path='src'
2025-08-04 08:41:24,225 - PopulateAtomsDeps - INFO - !!!!!Code ID 56783: filename='src/shell_sort.rs', folder_id=13724, folder_path='src'
2025-08-04 08:41:24,225 - PopulateAtomsDeps - INFO - !!!!!Code ID 56784: filename='src/bin/powers_of_two.rs', folder_id=13725, folder_path='src/bin'
2025-08-04 08:41:24,226 - PopulateAtomsDeps - INFO - !!!!!Code ID 56785: filename='src/bin/leonardo_numbers.rs', folder_id=13725, folder_path='src/bin'
2025-08-04 08:41:24,226 - PopulateAtomsDeps - INFO - !!!!!Code ID 56786: filename='src/insertion_sort.rs', folder_id=13724, folder_path='src'
2025-08-04 08:41:24,226 - PopulateAtomsDeps - INFO - !!!!!Code ID 56787: filename='src/cocktail_sort.rs', folder_id=13724, folder_path='src'
2025-08-04 08:41:24,226 - PopulateAtomsDeps - INFO - !!!!!Code ID 56788: filename='src/slow_sort.rs', folder_id=13724, folder_path='src'
2025-08-04 08:41:24,226 - PopulateAtomsDeps - INFO - !!!!!Code ID 56789: filename='src/quick_sort.rs', folder_id=13724, folder_path='src'
2025-08-04 08:41:24,226 - PopulateAtomsDeps - INFO - !!!!!Code ID 56790: filename='src/gnome_sort.rs', folder_id=13724, folder_path='src'
2025-08-04 08:41:24,226 - PopulateAtomsDeps - INFO - !!!!!Code ID 56791: filename='src/ksort.rs', folder_id=13724, folder_path='src'
2025-08-04 08:41:24,226 - PopulateAtomsDeps - INFO - !!!!!Code ID 56792: filename='src/stooge_sort.rs', folder_id=13724, folder_path='src'
2025-08-04 08:41:24,226 - PopulateAtomsDeps - INFO - !!!!!Code ID 56793: filename='src/pancake_sort.rs', folder_id=13724, folder_path='src'
2025-08-04 08:41:24,226 - PopulateAtomsDeps - INFO - !!!!!Code ID 56794: filename='src/merge_sort.rs', folder_id=13724, folder_path='src'
2025-08-04 08:41:24,226 - PopulateAtomsDeps - INFO - !!!!!Code ID 56795: filename='src/bitonic_sort.rs', folder_id=13724, folder_path='src'
2025-08-04 08:41:24,227 - PopulateAtomsDeps - INFO - !!!!!Code ID 56796: filename='src/comb_sort.rs', folder_id=13724, folder_path='src'
2025-08-04 08:41:24,227 - PopulateAtomsDeps - INFO - !!!!!Code ID 56797: filename='src/oddeven_sort.rs', folder_id=13724, folder_path='src'
2025-08-04 08:41:24,227 - PopulateAtomsDeps - INFO - !!!!!Code ID 56798: filename='src/heap_sort.rs', folder_id=13724, folder_path='src'
2025-08-04 08:41:24,227 - PopulateAtomsDeps - INFO - !!!!!Code ID 56799: filename='src/bubble_sort.rs', folder_id=13724, folder_path='src'
2025-08-04 08:41:24,227 - PopulateAtomsDeps - INFO - !!!!!Code ID 56800: filename='src/lib.rs', folder_id=13724, folder_path='src'
2025-08-04 08:41:24,227 - PopulateAtomsDeps - INFO - !!!!!Code ID 56801: filename='src/selection_sort.rs', folder_id=13724, folder_path='src'
2025-08-04 08:41:24,227 - PopulateAtomsDeps - INFO - !!!!!Code ID 56802: filename='src/bingo_sort.rs', folder_id=13724, folder_path='src'
2025-08-04 08:41:24,227 - PopulateAtomsDeps - INFO - !!!!!Code ID 56803: filename='src/cycle_sort.rs', folder_id=13724, folder_path='src'
2025-08-04 08:41:24,227 - PopulateAtomsDeps - INFO - !!!!!Code ID 56804: filename='Cargo.toml', folder_id=None, folder_path='None'
2025-08-04 08:41:24,227 - PopulateAtomsDeps - INFO - Retrieved 27 codes from database
2025-08-04 08:41:24,229 - PopulateAtomsDeps - INFO - Nb of Codes: 24
2025-08-04 08:41:24,230 - PopulateAtomsDeps - INFO - Found 3 atoms for benches/sort_benchmark.rs
2025-08-04 08:41:24,230 - PopulateAtomsDeps - INFO - Found 7 atoms for src/smooth_sort.rs
2025-08-04 08:41:24,230 - PopulateAtomsDeps - INFO - Found 6 atoms for src/nheap_sort.rs
2025-08-04 08:41:24,230 - PopulateAtomsDeps - INFO - Found 7 atoms for src/shell_sort.rs
2025-08-04 08:41:24,230 - PopulateAtomsDeps - INFO - Found 1 atoms for src/bin/powers_of_two.rs
2025-08-04 08:41:24,231 - PopulateAtomsDeps - INFO - Found 4 atoms for src/bin/leonardo_numbers.rs
2025-08-04 08:41:24,231 - PopulateAtomsDeps - INFO - Found 4 atoms for src/insertion_sort.rs
2025-08-04 08:41:24,231 - PopulateAtomsDeps - INFO - Found 4 atoms for src/cocktail_sort.rs
2025-08-04 08:41:24,231 - PopulateAtomsDeps - INFO - Found 5 atoms for src/slow_sort.rs
2025-08-04 08:41:24,231 - PopulateAtomsDeps - INFO - Found 12 atoms for src/quick_sort.rs
2025-08-04 08:41:24,231 - PopulateAtomsDeps - INFO - Found 8 atoms for src/gnome_sort.rs
2025-08-04 08:41:24,231 - PopulateAtomsDeps - INFO - Found 6 atoms for src/ksort.rs
2025-08-04 08:41:24,231 - PopulateAtomsDeps - INFO - Found 5 atoms for src/stooge_sort.rs
2025-08-04 08:41:24,232 - PopulateAtomsDeps - INFO - Found 6 atoms for src/pancake_sort.rs
2025-08-04 08:41:24,232 - PopulateAtomsDeps - INFO - Found 9 atoms for src/merge_sort.rs
2025-08-04 08:41:24,232 - PopulateAtomsDeps - INFO - Found 10 atoms for src/bitonic_sort.rs
2025-08-04 08:41:24,232 - PopulateAtomsDeps - INFO - Found 4 atoms for src/comb_sort.rs
2025-08-04 08:41:24,232 - PopulateAtomsDeps - INFO - Found 10 atoms for src/oddeven_sort.rs
2025-08-04 08:41:24,232 - PopulateAtomsDeps - INFO - Found 19 atoms for src/heap_sort.rs
2025-08-04 08:41:24,232 - PopulateAtomsDeps - INFO - Found 4 atoms for src/bubble_sort.rs
2025-08-04 08:41:24,232 - PopulateAtomsDeps - WARNING - No atoms found for filename: src/lib.rs
2025-08-04 08:41:24,233 - PopulateAtomsDeps - INFO - Found 8 atoms for src/selection_sort.rs
2025-08-04 08:41:24,233 - PopulateAtomsDeps - INFO - Found 5 atoms for src/bingo_sort.rs
2025-08-04 08:41:24,233 - PopulateAtomsDeps - INFO - Found 4 atoms for src/cycle_sort.rs
2025-08-04 08:41:24,233 - PopulateAtomsDeps - INFO - Summary: Found atoms for 23 out of 24 files
2025-08-04 08:41:24,233 - PopulateAtomsDeps - INFO - Populating atoms for benches/sort_benchmark.rs and code_id 56779
2025-08-04 08:41:24,238 - PopulateAtomsDeps - INFO - Inserted 3 atoms for file benches/sort_benchmark.rs
2025-08-04 08:41:24,239 - PopulateAtomsDeps - INFO - Populating atoms for src/smooth_sort.rs and code_id 56781
2025-08-04 08:41:24,245 - PopulateAtomsDeps - INFO - Inserted 7 atoms for file src/smooth_sort.rs
2025-08-04 08:41:24,246 - PopulateAtomsDeps - INFO - Populating atoms for src/nheap_sort.rs and code_id 56782
2025-08-04 08:41:24,253 - PopulateAtomsDeps - INFO - Inserted 6 atoms for file src/nheap_sort.rs
2025-08-04 08:41:24,254 - PopulateAtomsDeps - INFO - Populating atoms for src/shell_sort.rs and code_id 56783
2025-08-04 08:41:24,261 - PopulateAtomsDeps - INFO - Inserted 7 atoms for file src/shell_sort.rs
2025-08-04 08:41:24,262 - PopulateAtomsDeps - INFO - Populating atoms for src/bin/powers_of_two.rs and code_id 56784
2025-08-04 08:41:24,268 - PopulateAtomsDeps - INFO - Inserted 1 atoms for file src/bin/powers_of_two.rs
2025-08-04 08:41:24,268 - PopulateAtomsDeps - INFO - Populating atoms for src/bin/leonardo_numbers.rs and code_id 56785
2025-08-04 08:41:24,275 - PopulateAtomsDeps - INFO - Inserted 4 atoms for file src/bin/leonardo_numbers.rs
2025-08-04 08:41:24,275 - PopulateAtomsDeps - INFO - Populating atoms for src/insertion_sort.rs and code_id 56786
2025-08-04 08:41:24,281 - PopulateAtomsDeps - INFO - Inserted 4 atoms for file src/insertion_sort.rs
2025-08-04 08:41:24,281 - PopulateAtomsDeps - INFO - Populating atoms for src/cocktail_sort.rs and code_id 56787
2025-08-04 08:41:24,287 - PopulateAtomsDeps - INFO - Inserted 4 atoms for file src/cocktail_sort.rs
2025-08-04 08:41:24,287 - PopulateAtomsDeps - INFO - Populating atoms for src/slow_sort.rs and code_id 56788
2025-08-04 08:41:24,294 - PopulateAtomsDeps - INFO - Inserted 5 atoms for file src/slow_sort.rs
2025-08-04 08:41:24,294 - PopulateAtomsDeps - INFO - Populating atoms for src/quick_sort.rs and code_id 56789
2025-08-04 08:41:24,303 - PopulateAtomsDeps - INFO - Inserted 12 atoms for file src/quick_sort.rs
2025-08-04 08:41:24,303 - PopulateAtomsDeps - INFO - Populating atoms for src/gnome_sort.rs and code_id 56790
2025-08-04 08:41:24,312 - PopulateAtomsDeps - INFO - Inserted 8 atoms for file src/gnome_sort.rs
2025-08-04 08:41:24,312 - PopulateAtomsDeps - INFO - Populating atoms for src/ksort.rs and code_id 56791
2025-08-04 08:41:24,321 - PopulateAtomsDeps - INFO - Inserted 6 atoms for file src/ksort.rs
2025-08-04 08:41:24,321 - PopulateAtomsDeps - INFO - Populating atoms for src/stooge_sort.rs and code_id 56792
2025-08-04 08:41:24,329 - PopulateAtomsDeps - INFO - Inserted 5 atoms for file src/stooge_sort.rs
2025-08-04 08:41:24,329 - PopulateAtomsDeps - INFO - Populating atoms for src/pancake_sort.rs and code_id 56793
2025-08-04 08:41:24,336 - PopulateAtomsDeps - INFO - Inserted 6 atoms for file src/pancake_sort.rs
2025-08-04 08:41:24,337 - PopulateAtomsDeps - INFO - Populating atoms for src/merge_sort.rs and code_id 56794
2025-08-04 08:41:24,347 - PopulateAtomsDeps - INFO - Inserted 9 atoms for file src/merge_sort.rs
2025-08-04 08:41:24,348 - PopulateAtomsDeps - INFO - Populating atoms for src/bitonic_sort.rs and code_id 56795
2025-08-04 08:41:24,359 - PopulateAtomsDeps - INFO - Inserted 10 atoms for file src/bitonic_sort.rs
2025-08-04 08:41:24,359 - PopulateAtomsDeps - INFO - Populating atoms for src/comb_sort.rs and code_id 56796
2025-08-04 08:41:24,375 - PopulateAtomsDeps - INFO - Inserted 4 atoms for file src/comb_sort.rs
2025-08-04 08:41:24,375 - PopulateAtomsDeps - INFO - Populating atoms for src/oddeven_sort.rs and code_id 56797
2025-08-04 08:41:24,388 - PopulateAtomsDeps - INFO - Inserted 10 atoms for file src/oddeven_sort.rs
2025-08-04 08:41:24,388 - PopulateAtomsDeps - INFO - Populating atoms for src/heap_sort.rs and code_id 56798
2025-08-04 08:41:24,404 - PopulateAtomsDeps - INFO - Inserted 19 atoms for file src/heap_sort.rs
2025-08-04 08:41:24,404 - PopulateAtomsDeps - INFO - Populating atoms for src/bubble_sort.rs and code_id 56799
2025-08-04 08:41:24,411 - PopulateAtomsDeps - INFO - Inserted 4 atoms for file src/bubble_sort.rs
2025-08-04 08:41:24,412 - PopulateAtomsDeps - INFO - Populating atoms for src/selection_sort.rs and code_id 56801
2025-08-04 08:41:24,421 - PopulateAtomsDeps - INFO - Inserted 8 atoms for file src/selection_sort.rs
2025-08-04 08:41:24,421 - PopulateAtomsDeps - INFO - Populating atoms for src/bingo_sort.rs and code_id 56802
2025-08-04 08:41:24,436 - PopulateAtomsDeps - INFO - Inserted 5 atoms for file src/bingo_sort.rs
2025-08-04 08:41:24,436 - PopulateAtomsDeps - INFO - Populating atoms for src/cycle_sort.rs and code_id 56803
2025-08-04 08:41:24,442 - PopulateAtomsDeps - INFO - Inserted 4 atoms for file src/cycle_sort.rs
2025-08-04 08:41:24,442 - PopulateAtomsDeps - INFO - Processing 25 dependencies in batch
2025-08-04 08:41:24,504 - PopulateAtomsDeps - INFO - Inserting 25 new dependencies
2025-08-04 08:41:24,509 - PopulateAtomsDeps - INFO - Processing 7 dependencies in batch
2025-08-04 08:41:24,560 - PopulateAtomsDeps - INFO - Inserting 7 new dependencies
2025-08-04 08:41:24,565 - PopulateAtomsDeps - INFO - Processing 5 dependencies in batch
2025-08-04 08:41:24,615 - PopulateAtomsDeps - INFO - Inserting 5 new dependencies
2025-08-04 08:41:24,620 - PopulateAtomsDeps - INFO - Processing 5 dependencies in batch
2025-08-04 08:41:24,670 - PopulateAtomsDeps - INFO - Inserting 5 new dependencies
2025-08-04 08:41:24,675 - PopulateAtomsDeps - INFO - Processing 5 dependencies in batch
2025-08-04 08:41:24,739 - PopulateAtomsDeps - INFO - Inserting 5 new dependencies
2025-08-04 08:41:24,743 - PopulateAtomsDeps - INFO - Processing 3 dependencies in batch
2025-08-04 08:41:24,791 - PopulateAtomsDeps - INFO - Inserting 3 new dependencies
2025-08-04 08:41:24,796 - PopulateAtomsDeps - INFO - Processing 3 dependencies in batch
2025-08-04 08:41:24,846 - PopulateAtomsDeps - INFO - Inserting 3 new dependencies
2025-08-04 08:41:24,851 - PopulateAtomsDeps - INFO - Processing 4 dependencies in batch
2025-08-04 08:41:24,901 - PopulateAtomsDeps - INFO - Inserting 4 new dependencies
2025-08-04 08:41:24,906 - PopulateAtomsDeps - INFO - Processing 10 dependencies in batch
2025-08-04 08:41:24,958 - PopulateAtomsDeps - INFO - Inserting 10 new dependencies
2025-08-04 08:41:24,963 - PopulateAtomsDeps - INFO - Processing 6 dependencies in batch
2025-08-04 08:41:25,027 - PopulateAtomsDeps - INFO - Inserting 6 new dependencies
2025-08-04 08:41:25,031 - PopulateAtomsDeps - INFO - Processing 5 dependencies in batch
2025-08-04 08:41:25,085 - PopulateAtomsDeps - INFO - Inserting 5 new dependencies
2025-08-04 08:41:25,089 - PopulateAtomsDeps - INFO - Processing 4 dependencies in batch
2025-08-04 08:41:25,139 - PopulateAtomsDeps - INFO - Inserting 4 new dependencies
2025-08-04 08:41:25,144 - PopulateAtomsDeps - INFO - Processing 5 dependencies in batch
2025-08-04 08:41:25,207 - PopulateAtomsDeps - INFO - Inserting 5 new dependencies
2025-08-04 08:41:25,211 - PopulateAtomsDeps - INFO - Processing 7 dependencies in batch
2025-08-04 08:41:25,337 - PopulateAtomsDeps - INFO - Inserting 7 new dependencies
2025-08-04 08:41:25,343 - PopulateAtomsDeps - INFO - Processing 9 dependencies in batch
2025-08-04 08:41:25,426 - PopulateAtomsDeps - INFO - Inserting 9 new dependencies
2025-08-04 08:41:25,430 - PopulateAtomsDeps - INFO - Processing 3 dependencies in batch
2025-08-04 08:41:25,480 - PopulateAtomsDeps - INFO - Inserting 3 new dependencies
2025-08-04 08:41:25,484 - PopulateAtomsDeps - INFO - Processing 8 dependencies in batch
2025-08-04 08:41:25,538 - PopulateAtomsDeps - INFO - Inserting 8 new dependencies
2025-08-04 08:41:25,543 - PopulateAtomsDeps - INFO - Processing 16 dependencies in batch
2025-08-04 08:41:25,613 - PopulateAtomsDeps - INFO - Inserting 16 new dependencies
2025-08-04 08:41:25,618 - PopulateAtomsDeps - INFO - Processing 3 dependencies in batch
2025-08-04 08:41:25,669 - PopulateAtomsDeps - INFO - Inserting 3 new dependencies
2025-08-04 08:41:25,673 - PopulateAtomsDeps - INFO - Processing 6 dependencies in batch
2025-08-04 08:41:25,726 - PopulateAtomsDeps - INFO - Inserting 6 new dependencies
2025-08-04 08:41:25,731 - PopulateAtomsDeps - INFO - Processing 4 dependencies in batch
2025-08-04 08:41:25,852 - PopulateAtomsDeps - INFO - Inserting 4 new dependencies
2025-08-04 08:41:25,857 - PopulateAtomsDeps - INFO - Processing 3 dependencies in batch
2025-08-04 08:41:25,965 - PopulateAtomsDeps - INFO - Inserting 3 new dependencies
2025-08-04 08:41:25,974 - PopulateAtomsDeps - INFO - Setting code_id for file molecules in repo 3053
2025-08-04 08:41:25,976 - PopulateAtomsDeps - INFO - Found 23 file molecules with code_id=0 to update
2025-08-04 08:41:25,976 - PopulateAtomsDeps - INFO - Found 0 file molecules with specific code_ids
2025-08-04 08:41:25,988 - PopulateAtomsDeps - INFO - Found code_id mappings for 23 files
2025-08-04 08:41:25,999 - PopulateAtomsDeps - INFO - Successfully updated code_id for 23 file molecules
2025-08-04 08:41:26,001 - PopulateAtomsDeps - INFO - Reading atomizer log file: logs/atomizer_3053_20250804_084108.log
2025-08-04 08:41:26,001 - PopulateAtomsDeps - INFO - Successfully read 600 characters from atomizer log
2025-08-04 08:41:26,008 - PopulateAtomsDeps - INFO - Inserted combined logs to atomizerlogs table for repo_id 3053
2025-08-04 08:41:26,008 - PopulateAtomsDeps - INFO - Successfully completed populate_atomsdeps_grouped_rust.py for repo_id 3053
2025-08-04 08:41:26,008 - PopulateAtomsDeps - INFO - Processing completed for JSON file: /var/www/html/rust-atomizer/3053.json
