2025-06-23 07:23:10,227 - PopulateAtomsDeps - INFO - Logging to file: logs/populate_atoms_20250623_072310.log
2025-06-23 07:23:10,228 - PopulateAtomsDeps - INFO - Identified 3 folders containing Rust files
2025-06-23 07:23:10,228 - PopulateAtomsDeps - INFO - Populating folder structure with 3 folders as molecules for repo 3053
2025-06-23 07:23:10,239 - PopulateAtomsDeps - INFO - Successfully populated 26 folder and file molecules for repo 3053
2025-06-23 07:23:10,241 - PopulateAtomsDeps - INFO - Nb of Codes: 24
2025-06-23 07:23:10,243 - PopulateAtomsDeps - INFO - Populating atoms for benches/sort_benchmark.rs and code_id 38784
2025-06-23 07:23:10,245 - PopulateAtomsDeps - INFO - Populating atoms for src/smooth_sort.rs and code_id 38785
2025-06-23 07:23:10,246 - PopulateAtomsDeps - INFO - Populating atoms for src/nheap_sort.rs and code_id 38786
2025-06-23 07:23:10,247 - PopulateAtomsDeps - INFO - Populating atoms for src/shell_sort.rs and code_id 38787
2025-06-23 07:23:10,247 - PopulateAtomsDeps - INFO - Populating atoms for bin/powers_of_two.rs and code_id 38788
2025-06-23 07:23:10,248 - PopulateAtomsDeps - INFO - Populating atoms for bin/leonardo_numbers.rs and code_id 38789
2025-06-23 07:23:10,249 - PopulateAtomsDeps - INFO - Populating atoms for src/insertion_sort.rs and code_id 38790
2025-06-23 07:23:10,250 - PopulateAtomsDeps - INFO - Populating atoms for src/cocktail_sort.rs and code_id 38791
2025-06-23 07:23:10,251 - PopulateAtomsDeps - INFO - Populating atoms for src/slow_sort.rs and code_id 38792
2025-06-23 07:23:10,252 - PopulateAtomsDeps - INFO - Populating atoms for src/quick_sort.rs and code_id 38793
2025-06-23 07:23:10,253 - PopulateAtomsDeps - INFO - Populating atoms for src/gnome_sort.rs and code_id 38794
2025-06-23 07:23:10,254 - PopulateAtomsDeps - INFO - Populating atoms for src/ksort.rs and code_id 38795
2025-06-23 07:23:10,255 - PopulateAtomsDeps - INFO - Populating atoms for src/stooge_sort.rs and code_id 38796
2025-06-23 07:23:10,255 - PopulateAtomsDeps - INFO - Populating atoms for src/pancake_sort.rs and code_id 38797
2025-06-23 07:23:10,257 - PopulateAtomsDeps - INFO - Populating atoms for src/merge_sort.rs and code_id 38798
2025-06-23 07:23:10,257 - PopulateAtomsDeps - INFO - Populating atoms for src/bitonic_sort.rs and code_id 38799
2025-06-23 07:23:10,258 - PopulateAtomsDeps - INFO - Populating atoms for src/comb_sort.rs and code_id 38800
2025-06-23 07:23:10,260 - PopulateAtomsDeps - INFO - Populating atoms for src/oddeven_sort.rs and code_id 38801
2025-06-23 07:23:10,261 - PopulateAtomsDeps - INFO - Populating atoms for src/heap_sort.rs and code_id 38802
2025-06-23 07:23:10,263 - PopulateAtomsDeps - INFO - Populating atoms for src/bubble_sort.rs and code_id 38803
2025-06-23 07:23:10,263 - PopulateAtomsDeps - INFO - Populating atoms for src/selection_sort.rs and code_id 38805
2025-06-23 07:23:10,264 - PopulateAtomsDeps - INFO - Populating atoms for src/bingo_sort.rs and code_id 38806
2025-06-23 07:23:10,265 - PopulateAtomsDeps - INFO - Populating atoms for src/cycle_sort.rs and code_id 38807
2025-06-23 07:23:10,266 - PopulateAtomsDeps - INFO - Processing 25 dependencies in batch
2025-06-23 07:23:10,298 - PopulateAtomsDeps - INFO - All dependencies already exist in the database
2025-06-23 07:23:10,298 - PopulateAtomsDeps - INFO - Processing 7 dependencies in batch
2025-06-23 07:23:10,322 - PopulateAtomsDeps - INFO - All dependencies already exist in the database
2025-06-23 07:23:10,323 - PopulateAtomsDeps - INFO - Processing 5 dependencies in batch
2025-06-23 07:23:10,346 - PopulateAtomsDeps - INFO - All dependencies already exist in the database
2025-06-23 07:23:10,347 - PopulateAtomsDeps - INFO - Processing 5 dependencies in batch
2025-06-23 07:23:10,370 - PopulateAtomsDeps - INFO - All dependencies already exist in the database
2025-06-23 07:23:10,371 - PopulateAtomsDeps - INFO - Processing 5 dependencies in batch
2025-06-23 07:23:10,395 - PopulateAtomsDeps - INFO - All dependencies already exist in the database
2025-06-23 07:23:10,395 - PopulateAtomsDeps - INFO - Processing 3 dependencies in batch
2025-06-23 07:23:10,422 - PopulateAtomsDeps - INFO - All dependencies already exist in the database
2025-06-23 07:23:10,423 - PopulateAtomsDeps - INFO - Processing 3 dependencies in batch
2025-06-23 07:23:10,454 - PopulateAtomsDeps - INFO - All dependencies already exist in the database
2025-06-23 07:23:10,454 - PopulateAtomsDeps - INFO - Processing 4 dependencies in batch
2025-06-23 07:23:10,491 - PopulateAtomsDeps - INFO - All dependencies already exist in the database
2025-06-23 07:23:10,492 - PopulateAtomsDeps - INFO - Processing 10 dependencies in batch
2025-06-23 07:23:10,535 - PopulateAtomsDeps - INFO - All dependencies already exist in the database
2025-06-23 07:23:10,535 - PopulateAtomsDeps - INFO - Processing 6 dependencies in batch
2025-06-23 07:23:10,566 - PopulateAtomsDeps - INFO - All dependencies already exist in the database
2025-06-23 07:23:10,566 - PopulateAtomsDeps - INFO - Processing 5 dependencies in batch
2025-06-23 07:23:10,591 - PopulateAtomsDeps - INFO - All dependencies already exist in the database
2025-06-23 07:23:10,591 - PopulateAtomsDeps - INFO - Processing 4 dependencies in batch
2025-06-23 07:23:10,615 - PopulateAtomsDeps - INFO - All dependencies already exist in the database
2025-06-23 07:23:10,616 - PopulateAtomsDeps - INFO - Processing 5 dependencies in batch
2025-06-23 07:23:10,649 - PopulateAtomsDeps - INFO - All dependencies already exist in the database
2025-06-23 07:23:10,650 - PopulateAtomsDeps - INFO - Processing 7 dependencies in batch
2025-06-23 07:23:10,688 - PopulateAtomsDeps - INFO - All dependencies already exist in the database
2025-06-23 07:23:10,689 - PopulateAtomsDeps - INFO - Processing 9 dependencies in batch
2025-06-23 07:23:10,720 - PopulateAtomsDeps - INFO - All dependencies already exist in the database
2025-06-23 07:23:10,720 - PopulateAtomsDeps - INFO - Processing 3 dependencies in batch
2025-06-23 07:23:10,743 - PopulateAtomsDeps - INFO - All dependencies already exist in the database
2025-06-23 07:23:10,743 - PopulateAtomsDeps - INFO - Processing 8 dependencies in batch
2025-06-23 07:23:10,768 - PopulateAtomsDeps - INFO - All dependencies already exist in the database
2025-06-23 07:23:10,768 - PopulateAtomsDeps - INFO - Processing 16 dependencies in batch
2025-06-23 07:23:10,796 - PopulateAtomsDeps - INFO - All dependencies already exist in the database
2025-06-23 07:23:10,796 - PopulateAtomsDeps - INFO - Processing 3 dependencies in batch
2025-06-23 07:23:10,819 - PopulateAtomsDeps - INFO - All dependencies already exist in the database
2025-06-23 07:23:10,819 - PopulateAtomsDeps - INFO - Processing 6 dependencies in batch
2025-06-23 07:23:10,844 - PopulateAtomsDeps - INFO - All dependencies already exist in the database
2025-06-23 07:23:10,844 - PopulateAtomsDeps - INFO - Processing 4 dependencies in batch
2025-06-23 07:23:10,867 - PopulateAtomsDeps - INFO - All dependencies already exist in the database
2025-06-23 07:23:10,867 - PopulateAtomsDeps - INFO - Processing 3 dependencies in batch
2025-06-23 07:23:10,890 - PopulateAtomsDeps - INFO - All dependencies already exist in the database
2025-06-23 07:23:10,891 - PopulateAtomsDeps - INFO - Setting code_id for file molecules in repo 3053
2025-06-23 07:23:10,901 - PopulateAtomsDeps - INFO - No file molecules found with code_id = 0
2025-06-23 07:23:10,902 - PopulateAtomsDeps - INFO - Reading atomizer log file: logs/atomizer_3053_20250623_072250.log
2025-06-23 07:23:10,902 - PopulateAtomsDeps - INFO - Successfully read 600 characters from atomizer log
2025-06-23 07:23:10,967 - PopulateAtomsDeps - INFO - Inserted combined logs to atomizerlogs table for repo_id 3053
