2025-08-01 08:55:38,152 - PopulateAtomsDeps - INFO - Logging to file: logs/populate_atoms_20250801_085538.log
2025-08-01 08:55:38,152 - PopulateAtomsDeps - INFO - Starting populate_atomsdeps_grouped_rust.py with parameters:
2025-08-01 08:55:38,152 - PopulateAtomsDeps - INFO -   repo_id: 3154
2025-08-01 08:55:38,153 - PopulateAtomsDeps - INFO -   json_path: /var/www/html/rust-atomizer/3154.json
2025-08-01 08:55:38,153 - PopulateAtomsDeps - INFO -   user_id: 460176
2025-08-01 08:55:38,153 - PopulateAtomsDeps - INFO -   JSON file exists: True
2025-08-01 08:55:38,153 - PopulateAtomsDeps - INFO -   JSON file size: 794966 bytes
2025-08-01 08:55:38,153 - PopulateAtomsDeps - INFO -   JSON file modified: 2025-08-01 08:55:37.403611
2025-08-01 08:55:38,163 - PopulateAtomsDeps - INFO - Identified 19 folders containing Rust files
2025-08-01 08:55:38,163 - PopulateAtomsDeps - INFO - Populating folder structure with 19 folders as molecules for repo 3154
2025-08-01 08:55:38,189 - PopulateAtomsDeps - INFO - All folders to create (including parents): ['ed25519-dalek', 'curve25519-dalek', 'curve25519-dalek-derive', 'x25519-dalek', 'curve25519-dalek/src', 'ed25519-dalek/benches', 'ed25519-dalek/tests', 'x25519-dalek/tests', 'curve25519-dalek-derive/src', 'curve25519-dalek/benches', 'x25519-dalek/src', 'x25519-dalek/benches', 'curve25519-dalek-derive/tests', 'ed25519-dalek/src', 'curve25519-dalek/src/backend', 'curve25519-dalek/src/edwards', 'curve25519-dalek/src/backend/vector', 'curve25519-dalek/src/backend/serial', 'curve25519-dalek/src/backend/serial/curve_models', 'curve25519-dalek/src/backend/serial/u64', 'curve25519-dalek/src/backend/vector/avx2', 'curve25519-dalek/src/backend/serial/scalar_mul', 'curve25519-dalek/src/backend/vector/scalar_mul']
2025-08-01 08:55:38,231 - PopulateAtomsDeps - INFO - Successfully populated 69 folder and file molecules for repo 3154
2025-08-01 08:55:38,256 - PopulateAtomsDeps - INFO - Nb of Codes: 77
2025-08-01 08:55:38,262 - PopulateAtomsDeps - INFO - Found 16 atoms for curve25519-dalek-derive/tests/tests.rs
2025-08-01 08:55:38,263 - PopulateAtomsDeps - INFO - Found 11 atoms for curve25519-dalek-derive/src/lib.rs
2025-08-01 08:55:38,263 - PopulateAtomsDeps - INFO - Found 7 atoms for x25519-dalek/tests/x25519_tests.rs
2025-08-01 08:55:38,263 - PopulateAtomsDeps - INFO - Found 2 atoms for x25519-dalek/benches/x25519.rs
2025-08-01 08:55:38,263 - PopulateAtomsDeps - WARNING - No atoms found for filename: x25519-dalek/src/lib.rs
2025-08-01 08:55:38,264 - PopulateAtomsDeps - INFO - Found 23 atoms for x25519-dalek/src/x25519.rs
2025-08-01 08:55:38,264 - PopulateAtomsDeps - INFO - Found 25 atoms for curve25519-dalek/benches/dalek_benchmarks.rs
2025-08-01 08:55:38,264 - PopulateAtomsDeps - INFO - Found 19 atoms for curve25519-dalek/src/backend/vector/avx2/edwards.rs
2025-08-01 08:55:38,264 - PopulateAtomsDeps - INFO - Found 22 atoms for curve25519-dalek/src/backend/vector/avx2/field.rs
2025-08-01 08:55:38,265 - PopulateAtomsDeps - WARNING - No atoms found for filename: curve25519-dalek/src/backend/vector/avx2/constants.rs
2025-08-01 08:55:38,265 - PopulateAtomsDeps - WARNING - No atoms found for filename: curve25519-dalek/src/backend/vector/avx2/mod.rs
2025-08-01 08:55:38,265 - PopulateAtomsDeps - WARNING - No atoms found for filename: curve25519-dalek/src/backend/vector/ifma/edwards.rs
2025-08-01 08:55:38,266 - PopulateAtomsDeps - WARNING - No atoms found for filename: curve25519-dalek/src/backend/vector/ifma/field.rs
2025-08-01 08:55:38,266 - PopulateAtomsDeps - WARNING - No atoms found for filename: curve25519-dalek/src/backend/vector/ifma/constants.rs
2025-08-01 08:55:38,266 - PopulateAtomsDeps - WARNING - No atoms found for filename: curve25519-dalek/src/backend/vector/ifma/mod.rs
2025-08-01 08:55:38,266 - PopulateAtomsDeps - INFO - Found 4 atoms for curve25519-dalek/src/backend/vector/scalar_mul/precomputed_straus.rs
2025-08-01 08:55:38,267 - PopulateAtomsDeps - INFO - Found 1 atoms for curve25519-dalek/src/backend/vector/scalar_mul/pippenger.rs
2025-08-01 08:55:38,267 - PopulateAtomsDeps - INFO - Found 2 atoms for curve25519-dalek/src/backend/vector/scalar_mul/straus.rs
2025-08-01 08:55:38,267 - PopulateAtomsDeps - INFO - Found 1 atoms for curve25519-dalek/src/backend/vector/scalar_mul/variable_base.rs
2025-08-01 08:55:38,267 - PopulateAtomsDeps - WARNING - No atoms found for filename: curve25519-dalek/src/backend/vector/scalar_mul/mod.rs
2025-08-01 08:55:38,268 - PopulateAtomsDeps - INFO - Found 1 atoms for curve25519-dalek/src/backend/vector/scalar_mul/vartime_double_base.rs
2025-08-01 08:55:38,268 - PopulateAtomsDeps - INFO - Found 9 atoms for curve25519-dalek/src/backend/vector/packed_simd.rs
2025-08-01 08:55:38,268 - PopulateAtomsDeps - WARNING - No atoms found for filename: curve25519-dalek/src/backend/vector/mod.rs
2025-08-01 08:55:38,268 - PopulateAtomsDeps - INFO - Found 12 atoms for curve25519-dalek/src/backend/mod.rs
2025-08-01 08:55:38,269 - PopulateAtomsDeps - INFO - Found 26 atoms for curve25519-dalek/src/backend/serial/curve_models/mod.rs
2025-08-01 08:55:38,269 - PopulateAtomsDeps - INFO - Found 4 atoms for curve25519-dalek/src/backend/serial/scalar_mul/precomputed_straus.rs
2025-08-01 08:55:38,269 - PopulateAtomsDeps - INFO - Found 2 atoms for curve25519-dalek/src/backend/serial/scalar_mul/pippenger.rs
2025-08-01 08:55:38,269 - PopulateAtomsDeps - INFO - Found 2 atoms for curve25519-dalek/src/backend/serial/scalar_mul/straus.rs
2025-08-01 08:55:38,270 - PopulateAtomsDeps - INFO - Found 1 atoms for curve25519-dalek/src/backend/serial/scalar_mul/variable_base.rs
2025-08-01 08:55:38,270 - PopulateAtomsDeps - WARNING - No atoms found for filename: curve25519-dalek/src/backend/serial/scalar_mul/mod.rs
2025-08-01 08:55:38,270 - PopulateAtomsDeps - INFO - Found 1 atoms for curve25519-dalek/src/backend/serial/scalar_mul/vartime_double_base.rs
2025-08-01 08:55:38,271 - PopulateAtomsDeps - WARNING - No atoms found for filename: curve25519-dalek/src/backend/serial/fiat_u32/field.rs
2025-08-01 08:55:38,271 - PopulateAtomsDeps - WARNING - No atoms found for filename: curve25519-dalek/src/backend/serial/fiat_u32/mod.rs
2025-08-01 08:55:38,271 - PopulateAtomsDeps - WARNING - No atoms found for filename: curve25519-dalek/src/backend/serial/u32/scalar.rs
2025-08-01 08:55:38,272 - PopulateAtomsDeps - WARNING - No atoms found for filename: curve25519-dalek/src/backend/serial/u32/field.rs
2025-08-01 08:55:38,272 - PopulateAtomsDeps - WARNING - No atoms found for filename: curve25519-dalek/src/backend/serial/u32/constants.rs
2025-08-01 08:55:38,272 - PopulateAtomsDeps - WARNING - No atoms found for filename: curve25519-dalek/src/backend/serial/u32/mod.rs
2025-08-01 08:55:38,273 - PopulateAtomsDeps - WARNING - No atoms found for filename: curve25519-dalek/src/backend/serial/fiat_u64/field.rs
2025-08-01 08:55:38,273 - PopulateAtomsDeps - WARNING - No atoms found for filename: curve25519-dalek/src/backend/serial/fiat_u64/mod.rs
2025-08-01 08:55:38,273 - PopulateAtomsDeps - WARNING - No atoms found for filename: curve25519-dalek/src/backend/serial/mod.rs
2025-08-01 08:55:38,274 - PopulateAtomsDeps - INFO - Found 20 atoms for curve25519-dalek/src/backend/serial/u64/scalar_verus.rs
2025-08-01 08:55:38,274 - PopulateAtomsDeps - INFO - Found 11 atoms for curve25519-dalek/src/backend/serial/u64/field_verus.rs
2025-08-01 08:55:38,274 - PopulateAtomsDeps - INFO - Found 1 atoms for curve25519-dalek/src/backend/serial/u64/common_verus.rs
2025-08-01 08:55:38,274 - PopulateAtomsDeps - INFO - Found 30 atoms for curve25519-dalek/src/backend/serial/u64/scalar.rs
2025-08-01 08:55:38,275 - PopulateAtomsDeps - INFO - Found 22 atoms for curve25519-dalek/src/backend/serial/u64/field.rs
2025-08-01 08:55:38,275 - PopulateAtomsDeps - WARNING - No atoms found for filename: curve25519-dalek/src/backend/serial/u64/constants.rs
2025-08-01 08:55:38,275 - PopulateAtomsDeps - WARNING - No atoms found for filename: curve25519-dalek/src/backend/serial/u64/mod.rs
2025-08-01 08:55:38,276 - PopulateAtomsDeps - INFO - Found 36 atoms for curve25519-dalek/src/montgomery.rs
2025-08-01 08:55:38,276 - PopulateAtomsDeps - INFO - Found 101 atoms for curve25519-dalek/src/edwards.rs
2025-08-01 08:55:38,276 - PopulateAtomsDeps - INFO - Found 78 atoms for curve25519-dalek/src/scalar.rs
2025-08-01 08:55:38,276 - PopulateAtomsDeps - WARNING - No atoms found for filename: curve25519-dalek/src/macros.rs
2025-08-01 08:55:38,277 - PopulateAtomsDeps - INFO - Found 26 atoms for curve25519-dalek/src/field.rs
2025-08-01 08:55:38,277 - PopulateAtomsDeps - INFO - Found 70 atoms for curve25519-dalek/src/ristretto.rs
2025-08-01 08:55:38,277 - PopulateAtomsDeps - WARNING - No atoms found for filename: curve25519-dalek/src/diagnostics.rs
2025-08-01 08:55:38,278 - PopulateAtomsDeps - WARNING - No atoms found for filename: curve25519-dalek/src/lib.rs
2025-08-01 08:55:38,278 - PopulateAtomsDeps - INFO - Found 8 atoms for curve25519-dalek/src/constants.rs
2025-08-01 08:55:38,278 - PopulateAtomsDeps - INFO - Found 10 atoms for curve25519-dalek/src/traits.rs
2025-08-01 08:55:38,279 - PopulateAtomsDeps - INFO - Found 8 atoms for curve25519-dalek/src/window.rs
2025-08-01 08:55:38,279 - PopulateAtomsDeps - INFO - Found 11 atoms for curve25519-dalek/src/edwards/affine.rs
2025-08-01 08:55:38,279 - PopulateAtomsDeps - INFO - Found 5 atoms for curve25519-dalek/build.rs
2025-08-01 08:55:38,279 - PopulateAtomsDeps - INFO - Found 6 atoms for ed25519-dalek/tests/ed25519.rs
2025-08-01 08:55:38,280 - PopulateAtomsDeps - INFO - Found 5 atoms for ed25519-dalek/tests/validation_criteria.rs
2025-08-01 08:55:38,280 - PopulateAtomsDeps - WARNING - No atoms found for filename: ed25519-dalek/tests/pkcs8.rs
2025-08-01 08:55:38,280 - PopulateAtomsDeps - INFO - Found 1 atoms for ed25519-dalek/tests/x25519.rs
2025-08-01 08:55:38,280 - PopulateAtomsDeps - INFO - Found 6 atoms for ed25519-dalek/benches/ed25519_benchmarks.rs
2025-08-01 08:55:38,281 - PopulateAtomsDeps - INFO - Found 23 atoms for ed25519-dalek/src/verifying.rs
2025-08-01 08:55:38,281 - PopulateAtomsDeps - WARNING - No atoms found for filename: ed25519-dalek/src/batch.rs
2025-08-01 08:55:38,281 - PopulateAtomsDeps - INFO - Found 13 atoms for ed25519-dalek/src/hazmat.rs
2025-08-01 08:55:38,282 - PopulateAtomsDeps - INFO - Found 6 atoms for ed25519-dalek/src/signature.rs
2025-08-01 08:55:38,282 - PopulateAtomsDeps - INFO - Found 2 atoms for ed25519-dalek/src/errors.rs
2025-08-01 08:55:38,282 - PopulateAtomsDeps - WARNING - No atoms found for filename: ed25519-dalek/src/batch/strobe.rs
2025-08-01 08:55:38,282 - PopulateAtomsDeps - WARNING - No atoms found for filename: ed25519-dalek/src/batch/transcript.rs
2025-08-01 08:55:38,283 - PopulateAtomsDeps - WARNING - No atoms found for filename: ed25519-dalek/src/verifying/stream.rs
2025-08-01 08:55:38,283 - PopulateAtomsDeps - INFO - Found 26 atoms for ed25519-dalek/src/signing.rs
2025-08-01 08:55:38,283 - PopulateAtomsDeps - WARNING - No atoms found for filename: ed25519-dalek/src/context.rs
2025-08-01 08:55:38,284 - PopulateAtomsDeps - WARNING - No atoms found for filename: ed25519-dalek/src/lib.rs
2025-08-01 08:55:38,284 - PopulateAtomsDeps - WARNING - No atoms found for filename: ed25519-dalek/src/constants.rs
2025-08-01 08:55:38,284 - PopulateAtomsDeps - INFO - Summary: Found atoms for 45 out of 77 files
2025-08-01 08:55:38,284 - PopulateAtomsDeps - INFO - Populating atoms for curve25519-dalek-derive/tests/tests.rs and code_id 52194
2025-08-01 08:55:38,287 - PopulateAtomsDeps - INFO - Populating atoms for curve25519-dalek-derive/src/lib.rs and code_id 52198
2025-08-01 08:55:38,289 - PopulateAtomsDeps - INFO - Populating atoms for x25519-dalek/tests/x25519_tests.rs and code_id 52206
2025-08-01 08:55:38,290 - PopulateAtomsDeps - INFO - Populating atoms for x25519-dalek/benches/x25519.rs and code_id 52207
2025-08-01 08:55:38,291 - PopulateAtomsDeps - INFO - Populating atoms for x25519-dalek/src/x25519.rs and code_id 52211
2025-08-01 08:55:38,292 - PopulateAtomsDeps - INFO - Populating atoms for curve25519-dalek/benches/dalek_benchmarks.rs and code_id 52222
2025-08-01 08:55:38,294 - PopulateAtomsDeps - INFO - Populating atoms for curve25519-dalek/src/backend/vector/avx2/edwards.rs and code_id 52226
2025-08-01 08:55:38,296 - PopulateAtomsDeps - INFO - Populating atoms for curve25519-dalek/src/backend/vector/avx2/field.rs and code_id 52227
2025-08-01 08:55:38,298 - PopulateAtomsDeps - INFO - Populating atoms for curve25519-dalek/src/backend/vector/scalar_mul/precomputed_straus.rs and code_id 52234
2025-08-01 08:55:38,298 - PopulateAtomsDeps - INFO - Populating atoms for curve25519-dalek/src/backend/vector/scalar_mul/pippenger.rs and code_id 52235
2025-08-01 08:55:38,299 - PopulateAtomsDeps - INFO - Populating atoms for curve25519-dalek/src/backend/vector/scalar_mul/straus.rs and code_id 52236
2025-08-01 08:55:38,300 - PopulateAtomsDeps - INFO - Populating atoms for curve25519-dalek/src/backend/vector/scalar_mul/variable_base.rs and code_id 52237
2025-08-01 08:55:38,300 - PopulateAtomsDeps - INFO - Populating atoms for curve25519-dalek/src/backend/vector/scalar_mul/vartime_double_base.rs and code_id 52239
2025-08-01 08:55:38,301 - PopulateAtomsDeps - INFO - Populating atoms for curve25519-dalek/src/backend/vector/packed_simd.rs and code_id 52240
2025-08-01 08:55:38,302 - PopulateAtomsDeps - INFO - Populating atoms for curve25519-dalek/src/backend/mod.rs and code_id 52242
2025-08-01 08:55:38,303 - PopulateAtomsDeps - INFO - Populating atoms for curve25519-dalek/src/backend/serial/curve_models/mod.rs and code_id 52243
2025-08-01 08:55:38,305 - PopulateAtomsDeps - INFO - Populating atoms for curve25519-dalek/src/backend/serial/scalar_mul/precomputed_straus.rs and code_id 52244
2025-08-01 08:55:38,306 - PopulateAtomsDeps - INFO - Populating atoms for curve25519-dalek/src/backend/serial/scalar_mul/pippenger.rs and code_id 52245
2025-08-01 08:55:38,306 - PopulateAtomsDeps - INFO - Populating atoms for curve25519-dalek/src/backend/serial/scalar_mul/straus.rs and code_id 52246
2025-08-01 08:55:38,307 - PopulateAtomsDeps - INFO - Populating atoms for curve25519-dalek/src/backend/serial/scalar_mul/variable_base.rs and code_id 52247
2025-08-01 08:55:38,308 - PopulateAtomsDeps - INFO - Populating atoms for curve25519-dalek/src/backend/serial/scalar_mul/vartime_double_base.rs and code_id 52249
2025-08-01 08:55:38,309 - PopulateAtomsDeps - INFO - Populating atoms for curve25519-dalek/src/backend/serial/u64/scalar_verus.rs and code_id 52259
2025-08-01 08:55:38,310 - PopulateAtomsDeps - INFO - Populating atoms for curve25519-dalek/src/backend/serial/u64/field_verus.rs and code_id 52260
2025-08-01 08:55:38,311 - PopulateAtomsDeps - INFO - Populating atoms for curve25519-dalek/src/backend/serial/u64/common_verus.rs and code_id 52261
2025-08-01 08:55:38,312 - PopulateAtomsDeps - INFO - Populating atoms for curve25519-dalek/src/backend/serial/u64/scalar.rs and code_id 52262
2025-08-01 08:55:38,314 - PopulateAtomsDeps - INFO - Populating atoms for curve25519-dalek/src/backend/serial/u64/field.rs and code_id 52263
2025-08-01 08:55:38,316 - PopulateAtomsDeps - INFO - Populating atoms for curve25519-dalek/src/montgomery.rs and code_id 52266
2025-08-01 08:55:38,319 - PopulateAtomsDeps - INFO - Populating atoms for curve25519-dalek/src/edwards.rs and code_id 52267
2025-08-01 08:55:38,324 - PopulateAtomsDeps - INFO - Populating atoms for curve25519-dalek/src/scalar.rs and code_id 52268
2025-08-01 08:55:38,328 - PopulateAtomsDeps - INFO - Populating atoms for curve25519-dalek/src/field.rs and code_id 52270
2025-08-01 08:55:38,330 - PopulateAtomsDeps - INFO - Populating atoms for curve25519-dalek/src/ristretto.rs and code_id 52271
2025-08-01 08:55:38,344 - PopulateAtomsDeps - INFO - Populating atoms for curve25519-dalek/src/constants.rs and code_id 52274
2025-08-01 08:55:38,346 - PopulateAtomsDeps - INFO - Populating atoms for curve25519-dalek/src/traits.rs and code_id 52275
2025-08-01 08:55:38,348 - PopulateAtomsDeps - INFO - Populating atoms for curve25519-dalek/src/window.rs and code_id 52276
2025-08-01 08:55:38,349 - PopulateAtomsDeps - INFO - Populating atoms for curve25519-dalek/src/edwards/affine.rs and code_id 52277
2025-08-01 08:55:38,351 - PopulateAtomsDeps - INFO - Populating atoms for curve25519-dalek/build.rs and code_id 52278
2025-08-01 08:55:38,352 - PopulateAtomsDeps - INFO - Populating atoms for ed25519-dalek/tests/ed25519.rs and code_id 52285
2025-08-01 08:55:38,354 - PopulateAtomsDeps - INFO - Populating atoms for ed25519-dalek/tests/validation_criteria.rs and code_id 52286
2025-08-01 08:55:38,355 - PopulateAtomsDeps - INFO - Populating atoms for ed25519-dalek/tests/x25519.rs and code_id 52291
2025-08-01 08:55:38,356 - PopulateAtomsDeps - INFO - Populating atoms for ed25519-dalek/benches/ed25519_benchmarks.rs and code_id 52292
2025-08-01 08:55:38,357 - PopulateAtomsDeps - INFO - Populating atoms for ed25519-dalek/src/verifying.rs and code_id 52296
2025-08-01 08:55:38,359 - PopulateAtomsDeps - INFO - Populating atoms for ed25519-dalek/src/hazmat.rs and code_id 52298
2025-08-01 08:55:38,360 - PopulateAtomsDeps - INFO - Populating atoms for ed25519-dalek/src/signature.rs and code_id 52299
2025-08-01 08:55:38,361 - PopulateAtomsDeps - INFO - Populating atoms for ed25519-dalek/src/errors.rs and code_id 52300
2025-08-01 08:55:38,362 - PopulateAtomsDeps - INFO - Populating atoms for ed25519-dalek/src/signing.rs and code_id 52304
2025-08-01 08:55:38,364 - PopulateAtomsDeps - INFO - Processing 8 dependencies in batch
2025-08-01 08:55:38,414 - PopulateAtomsDeps - INFO - All dependencies already exist in the database
2025-08-01 08:55:38,414 - PopulateAtomsDeps - INFO - Processing 12 dependencies in batch
2025-08-01 08:55:38,464 - PopulateAtomsDeps - INFO - All dependencies already exist in the database
2025-08-01 08:55:38,465 - PopulateAtomsDeps - INFO - Processing 9 dependencies in batch
2025-08-01 08:55:38,515 - PopulateAtomsDeps - INFO - All dependencies already exist in the database
2025-08-01 08:55:38,515 - PopulateAtomsDeps - INFO - Processing 4 dependencies in batch
2025-08-01 08:55:38,562 - PopulateAtomsDeps - INFO - All dependencies already exist in the database
2025-08-01 08:55:38,562 - PopulateAtomsDeps - INFO - Processing 18 dependencies in batch
2025-08-01 08:55:38,626 - PopulateAtomsDeps - INFO - All dependencies already exist in the database
2025-08-01 08:55:38,627 - PopulateAtomsDeps - INFO - Processing 66 dependencies in batch
2025-08-01 08:55:38,718 - PopulateAtomsDeps - INFO - All dependencies already exist in the database
2025-08-01 08:55:38,719 - PopulateAtomsDeps - INFO - Processing 29 dependencies in batch
2025-08-01 08:55:38,816 - PopulateAtomsDeps - INFO - All dependencies already exist in the database
2025-08-01 08:55:38,818 - PopulateAtomsDeps - INFO - Processing 31 dependencies in batch
2025-08-01 08:55:38,880 - PopulateAtomsDeps - INFO - All dependencies already exist in the database
2025-08-01 08:55:38,881 - PopulateAtomsDeps - INFO - Processing 4 dependencies in batch
2025-08-01 08:55:38,941 - PopulateAtomsDeps - INFO - All dependencies already exist in the database
2025-08-01 08:55:38,941 - PopulateAtomsDeps - INFO - Processing 3 dependencies in batch
2025-08-01 08:55:39,001 - PopulateAtomsDeps - INFO - All dependencies already exist in the database
2025-08-01 08:55:39,001 - PopulateAtomsDeps - INFO - Processing 6 dependencies in batch
2025-08-01 08:55:39,055 - PopulateAtomsDeps - INFO - All dependencies already exist in the database
2025-08-01 08:55:39,055 - PopulateAtomsDeps - INFO - Processing 4 dependencies in batch
2025-08-01 08:55:39,108 - PopulateAtomsDeps - INFO - All dependencies already exist in the database
2025-08-01 08:55:39,108 - PopulateAtomsDeps - INFO - Processing 6 dependencies in batch
2025-08-01 08:55:39,163 - PopulateAtomsDeps - INFO - All dependencies already exist in the database
2025-08-01 08:55:39,163 - PopulateAtomsDeps - INFO - Processing 2 dependencies in batch
2025-08-01 08:55:39,227 - PopulateAtomsDeps - INFO - All dependencies already exist in the database
2025-08-01 08:55:39,227 - PopulateAtomsDeps - INFO - Processing 26 dependencies in batch
2025-08-01 08:55:39,290 - PopulateAtomsDeps - INFO - All dependencies already exist in the database
2025-08-01 08:55:39,291 - PopulateAtomsDeps - INFO - Processing 12 dependencies in batch
2025-08-01 08:55:39,351 - PopulateAtomsDeps - INFO - All dependencies already exist in the database
2025-08-01 08:55:39,351 - PopulateAtomsDeps - INFO - Processing 7 dependencies in batch
2025-08-01 08:55:39,406 - PopulateAtomsDeps - INFO - All dependencies already exist in the database
2025-08-01 08:55:39,406 - PopulateAtomsDeps - INFO - Processing 7 dependencies in batch
2025-08-01 08:55:39,462 - PopulateAtomsDeps - INFO - All dependencies already exist in the database
2025-08-01 08:55:39,463 - PopulateAtomsDeps - INFO - Processing 8 dependencies in batch
2025-08-01 08:55:39,537 - PopulateAtomsDeps - INFO - All dependencies already exist in the database
2025-08-01 08:55:39,538 - PopulateAtomsDeps - INFO - Processing 5 dependencies in batch
2025-08-01 08:55:39,611 - PopulateAtomsDeps - INFO - All dependencies already exist in the database
2025-08-01 08:55:39,611 - PopulateAtomsDeps - INFO - Processing 9 dependencies in batch
2025-08-01 08:55:39,694 - PopulateAtomsDeps - INFO - All dependencies already exist in the database
2025-08-01 08:55:39,695 - PopulateAtomsDeps - INFO - Processing 22 dependencies in batch
2025-08-01 08:55:39,786 - PopulateAtomsDeps - INFO - All dependencies already exist in the database
2025-08-01 08:55:39,787 - PopulateAtomsDeps - INFO - Processing 6 dependencies in batch
2025-08-01 08:55:39,896 - PopulateAtomsDeps - INFO - All dependencies already exist in the database
2025-08-01 08:55:39,897 - PopulateAtomsDeps - INFO - Processing 29 dependencies in batch
2025-08-01 08:55:40,048 - PopulateAtomsDeps - INFO - All dependencies already exist in the database
2025-08-01 08:55:40,048 - PopulateAtomsDeps - INFO - Processing 6 dependencies in batch
2025-08-01 08:55:40,123 - PopulateAtomsDeps - INFO - All dependencies already exist in the database
2025-08-01 08:55:40,123 - PopulateAtomsDeps - INFO - Processing 61 dependencies in batch
2025-08-01 08:55:40,226 - PopulateAtomsDeps - INFO - All dependencies already exist in the database
2025-08-01 08:55:40,228 - PopulateAtomsDeps - INFO - Processing 174 dependencies in batch
2025-08-01 08:55:40,338 - PopulateAtomsDeps - INFO - All dependencies already exist in the database
2025-08-01 08:55:40,340 - PopulateAtomsDeps - INFO - Processing 101 dependencies in batch
2025-08-01 08:55:40,439 - PopulateAtomsDeps - INFO - All dependencies already exist in the database
2025-08-01 08:55:40,440 - PopulateAtomsDeps - INFO - Processing 45 dependencies in batch
2025-08-01 08:55:40,526 - PopulateAtomsDeps - INFO - All dependencies already exist in the database
2025-08-01 08:55:40,528 - PopulateAtomsDeps - INFO - Processing 118 dependencies in batch
2025-08-01 08:55:40,600 - PopulateAtomsDeps - INFO - All dependencies already exist in the database
2025-08-01 08:55:40,601 - PopulateAtomsDeps - INFO - Processing 14 dependencies in batch
2025-08-01 08:55:40,680 - PopulateAtomsDeps - INFO - All dependencies already exist in the database
2025-08-01 08:55:40,681 - PopulateAtomsDeps - INFO - Processing 4 dependencies in batch
2025-08-01 08:55:40,735 - PopulateAtomsDeps - INFO - All dependencies already exist in the database
2025-08-01 08:55:40,735 - PopulateAtomsDeps - INFO - Processing 12 dependencies in batch
2025-08-01 08:55:40,798 - PopulateAtomsDeps - INFO - All dependencies already exist in the database
2025-08-01 08:55:40,798 - PopulateAtomsDeps - INFO - Processing 12 dependencies in batch
2025-08-01 08:55:40,852 - PopulateAtomsDeps - INFO - All dependencies already exist in the database
2025-08-01 08:55:40,852 - PopulateAtomsDeps - INFO - Processing 3 dependencies in batch
2025-08-01 08:55:40,901 - PopulateAtomsDeps - INFO - All dependencies already exist in the database
2025-08-01 08:55:40,901 - PopulateAtomsDeps - INFO - Processing 27 dependencies in batch
2025-08-01 08:55:40,956 - PopulateAtomsDeps - INFO - All dependencies already exist in the database
2025-08-01 08:55:40,956 - PopulateAtomsDeps - INFO - Processing 8 dependencies in batch
2025-08-01 08:55:41,004 - PopulateAtomsDeps - INFO - All dependencies already exist in the database
2025-08-01 08:55:41,005 - PopulateAtomsDeps - INFO - Processing 14 dependencies in batch
2025-08-01 08:55:41,066 - PopulateAtomsDeps - INFO - All dependencies already exist in the database
2025-08-01 08:55:41,066 - PopulateAtomsDeps - INFO - Processing 11 dependencies in batch
2025-08-01 08:55:41,127 - PopulateAtomsDeps - INFO - All dependencies already exist in the database
2025-08-01 08:55:41,127 - PopulateAtomsDeps - INFO - Processing 28 dependencies in batch
2025-08-01 08:55:41,183 - PopulateAtomsDeps - INFO - All dependencies already exist in the database
2025-08-01 08:55:41,183 - PopulateAtomsDeps - INFO - Processing 19 dependencies in batch
2025-08-01 08:55:41,236 - PopulateAtomsDeps - INFO - All dependencies already exist in the database
2025-08-01 08:55:41,237 - PopulateAtomsDeps - INFO - Processing 5 dependencies in batch
2025-08-01 08:55:41,284 - PopulateAtomsDeps - INFO - All dependencies already exist in the database
2025-08-01 08:55:41,285 - PopulateAtomsDeps - INFO - Processing 25 dependencies in batch
2025-08-01 08:55:41,343 - PopulateAtomsDeps - INFO - All dependencies already exist in the database
2025-08-01 08:55:41,345 - PopulateAtomsDeps - INFO - Setting code_id for file molecules in repo 3154
2025-08-01 08:55:41,353 - PopulateAtomsDeps - INFO - Found 1 file molecules with code_id=0 to update
2025-08-01 08:55:41,354 - PopulateAtomsDeps - INFO - Found 45 file molecules with specific code_ids
2025-08-01 08:55:41,356 - PopulateAtomsDeps - WARNING - No child atoms found for file ID 309027 (file: curve25519-dalek/src/backend/serial/u64/field_lemmas.rs)
2025-08-01 08:55:41,363 - PopulateAtomsDeps - INFO - No file-to-code_id mappings found
2025-08-01 08:55:41,364 - PopulateAtomsDeps - INFO - Reading atomizer log file: logs/atomizer_3154_20250801_085435.log
2025-08-01 08:55:41,364 - PopulateAtomsDeps - INFO - Successfully read 600 characters from atomizer log
2025-08-01 08:55:41,375 - PopulateAtomsDeps - INFO - Inserted combined logs to atomizerlogs table for repo_id 3154
2025-08-01 08:55:41,375 - PopulateAtomsDeps - INFO - Successfully completed populate_atomsdeps_grouped_rust.py for repo_id 3154
2025-08-01 08:55:41,375 - PopulateAtomsDeps - INFO - Processing completed for JSON file: /var/www/html/rust-atomizer/3154.json
