2025-08-12 10:02:36,784 - PopulateAtomsDeps - INFO - Logging to file: logs/populate_atoms_20250812_100236.log
2025-08-12 10:02:36,784 - PopulateAtomsDeps - INFO - Starting populate_atomsdeps_grouped_rust.py with parameters:
2025-08-12 10:02:36,785 - PopulateAtomsDeps - INFO -   repo_id: 3192
2025-08-12 10:02:36,785 - PopulateAtomsDeps - INFO -   json_path: /var/www/html/rust-atomizer/3192.json
2025-08-12 10:02:36,785 - PopulateAtomsDeps - INFO -   user_id: 460176
2025-08-12 10:02:36,785 - PopulateAtomsDeps - INFO -   JSON file exists: True
2025-08-12 10:02:36,785 - PopulateAtomsDeps - INFO -   JSON file size: 667347 bytes
2025-08-12 10:02:36,785 - PopulateAtomsDeps - INFO -   JSON file modified: 2025-08-12 10:02:36.491508
2025-08-12 10:02:36,793 - PopulateAtomsDeps - INFO - Identified 7 folders containing Rust files
2025-08-12 10:02:36,793 - PopulateAtomsDeps - INFO - Populating folder structure with 7 folders as molecules for repo 3192
2025-08-12 10:02:36,798 - PopulateAtomsDeps - INFO - All folders to create (including parents): ['curve25519-dalek', 'curve25519-dalek/src', 'curve25519-dalek/src/edwards', 'curve25519-dalek/src/backend', 'curve25519-dalek/src/backend/serial', 'curve25519-dalek/src/backend/serial/u64', 'curve25519-dalek/src/backend/serial/scalar_mul', 'curve25519-dalek/src/backend/serial/curve_models']
2025-08-12 10:02:36,813 - PopulateAtomsDeps - INFO - Successfully populated 32 folder and file molecules for repo 3192
2025-08-12 10:02:36,832 - PopulateAtomsDeps - INFO - Nb of Codes: 82
2025-08-12 10:02:36,839 - PopulateAtomsDeps - WARNING - No atoms found for filename: curve25519-dalek-derive/tests/tests.rs
2025-08-12 10:02:36,839 - PopulateAtomsDeps - WARNING - No atoms found for filename: curve25519-dalek-derive/src/lib.rs
2025-08-12 10:02:36,840 - PopulateAtomsDeps - WARNING - No atoms found for filename: x25519-dalek/tests/x25519_tests.rs
2025-08-12 10:02:36,840 - PopulateAtomsDeps - WARNING - No atoms found for filename: x25519-dalek/benches/x25519.rs
2025-08-12 10:02:36,840 - PopulateAtomsDeps - WARNING - No atoms found for filename: x25519-dalek/src/lib.rs
2025-08-12 10:02:36,841 - PopulateAtomsDeps - WARNING - No atoms found for filename: x25519-dalek/src/x25519.rs
2025-08-12 10:02:36,841 - PopulateAtomsDeps - WARNING - No atoms found for filename: curve25519-dalek/edwards.rs
2025-08-12 10:02:36,841 - PopulateAtomsDeps - WARNING - No atoms found for filename: curve25519-dalek/benches/dalek_benchmarks.rs
2025-08-12 10:02:36,842 - PopulateAtomsDeps - WARNING - No atoms found for filename: curve25519-dalek/src/backend/vector/avx2/edwards.rs
2025-08-12 10:02:36,842 - PopulateAtomsDeps - WARNING - No atoms found for filename: curve25519-dalek/src/backend/vector/avx2/field.rs
2025-08-12 10:02:36,842 - PopulateAtomsDeps - WARNING - No atoms found for filename: curve25519-dalek/src/backend/vector/avx2/constants.rs
2025-08-12 10:02:36,843 - PopulateAtomsDeps - WARNING - No atoms found for filename: curve25519-dalek/src/backend/vector/avx2/mod.rs
2025-08-12 10:02:36,843 - PopulateAtomsDeps - WARNING - No atoms found for filename: curve25519-dalek/src/backend/vector/ifma/edwards.rs
2025-08-12 10:02:36,843 - PopulateAtomsDeps - WARNING - No atoms found for filename: curve25519-dalek/src/backend/vector/ifma/field.rs
2025-08-12 10:02:36,843 - PopulateAtomsDeps - WARNING - No atoms found for filename: curve25519-dalek/src/backend/vector/ifma/constants.rs
2025-08-12 10:02:36,844 - PopulateAtomsDeps - WARNING - No atoms found for filename: curve25519-dalek/src/backend/vector/ifma/mod.rs
2025-08-12 10:02:36,844 - PopulateAtomsDeps - WARNING - No atoms found for filename: curve25519-dalek/src/backend/vector/scalar_mul/precomputed_straus.rs
2025-08-12 10:02:36,844 - PopulateAtomsDeps - WARNING - No atoms found for filename: curve25519-dalek/src/backend/vector/scalar_mul/pippenger.rs
2025-08-12 10:02:36,845 - PopulateAtomsDeps - WARNING - No atoms found for filename: curve25519-dalek/src/backend/vector/scalar_mul/straus.rs
2025-08-12 10:02:36,845 - PopulateAtomsDeps - WARNING - No atoms found for filename: curve25519-dalek/src/backend/vector/scalar_mul/variable_base.rs
2025-08-12 10:02:36,845 - PopulateAtomsDeps - WARNING - No atoms found for filename: curve25519-dalek/src/backend/vector/scalar_mul/mod.rs
2025-08-12 10:02:36,846 - PopulateAtomsDeps - WARNING - No atoms found for filename: curve25519-dalek/src/backend/vector/scalar_mul/vartime_double_base.rs
2025-08-12 10:02:36,846 - PopulateAtomsDeps - WARNING - No atoms found for filename: curve25519-dalek/src/backend/vector/packed_simd.rs
2025-08-12 10:02:36,846 - PopulateAtomsDeps - WARNING - No atoms found for filename: curve25519-dalek/src/backend/vector/mod.rs
2025-08-12 10:02:36,846 - PopulateAtomsDeps - INFO - Found 15 atoms for curve25519-dalek/src/backend/mod.rs
2025-08-12 10:02:36,847 - PopulateAtomsDeps - INFO - Found 16 atoms for curve25519-dalek/src/backend/serial/curve_models/mod.rs
2025-08-12 10:02:36,847 - PopulateAtomsDeps - INFO - Found 2 atoms for curve25519-dalek/src/backend/serial/scalar_mul/precomputed_straus.rs
2025-08-12 10:02:36,847 - PopulateAtomsDeps - INFO - Found 6 atoms for curve25519-dalek/src/backend/serial/scalar_mul/pippenger.rs
2025-08-12 10:02:36,847 - PopulateAtomsDeps - INFO - Found 6 atoms for curve25519-dalek/src/backend/serial/scalar_mul/straus.rs
2025-08-12 10:02:36,847 - PopulateAtomsDeps - INFO - Found 2 atoms for curve25519-dalek/src/backend/serial/scalar_mul/variable_base.rs
2025-08-12 10:02:36,848 - PopulateAtomsDeps - WARNING - No atoms found for filename: curve25519-dalek/src/backend/serial/scalar_mul/mod.rs
2025-08-12 10:02:36,848 - PopulateAtomsDeps - INFO - Found 1 atoms for curve25519-dalek/src/backend/serial/scalar_mul/vartime_double_base.rs
2025-08-12 10:02:36,848 - PopulateAtomsDeps - WARNING - No atoms found for filename: curve25519-dalek/src/backend/serial/fiat_u32/field.rs
2025-08-12 10:02:36,848 - PopulateAtomsDeps - WARNING - No atoms found for filename: curve25519-dalek/src/backend/serial/fiat_u32/mod.rs
2025-08-12 10:02:36,849 - PopulateAtomsDeps - WARNING - No atoms found for filename: curve25519-dalek/src/backend/serial/u32/scalar.rs
2025-08-12 10:02:36,849 - PopulateAtomsDeps - WARNING - No atoms found for filename: curve25519-dalek/src/backend/serial/u32/field.rs
2025-08-12 10:02:36,849 - PopulateAtomsDeps - WARNING - No atoms found for filename: curve25519-dalek/src/backend/serial/u32/constants.rs
2025-08-12 10:02:36,850 - PopulateAtomsDeps - WARNING - No atoms found for filename: curve25519-dalek/src/backend/serial/u32/mod.rs
2025-08-12 10:02:36,850 - PopulateAtomsDeps - WARNING - No atoms found for filename: curve25519-dalek/src/backend/serial/fiat_u64/field.rs
2025-08-12 10:02:36,850 - PopulateAtomsDeps - WARNING - No atoms found for filename: curve25519-dalek/src/backend/serial/fiat_u64/mod.rs
2025-08-12 10:02:36,850 - PopulateAtomsDeps - WARNING - No atoms found for filename: curve25519-dalek/src/backend/serial/mod.rs
2025-08-12 10:02:36,851 - PopulateAtomsDeps - WARNING - No atoms found for filename: curve25519-dalek/src/backend/serial/u64/vstd_u128.rs
2025-08-12 10:02:36,851 - PopulateAtomsDeps - INFO - Found 24 atoms for curve25519-dalek/src/backend/serial/u64/field_verus.rs
2025-08-12 10:02:36,851 - PopulateAtomsDeps - INFO - Found 42 atoms for curve25519-dalek/src/backend/serial/u64/common_verus.rs
2025-08-12 10:02:36,851 - PopulateAtomsDeps - INFO - Found 49 atoms for curve25519-dalek/src/backend/serial/u64/scalar_lemmas.rs
2025-08-12 10:02:36,852 - PopulateAtomsDeps - INFO - Found 45 atoms for curve25519-dalek/src/backend/serial/u64/field_lemmas.rs
2025-08-12 10:02:36,852 - PopulateAtomsDeps - INFO - Found 16 atoms for curve25519-dalek/src/backend/serial/u64/scalar.rs
2025-08-12 10:02:36,852 - PopulateAtomsDeps - INFO - Found 1 atoms for curve25519-dalek/src/backend/serial/u64/subtle_assumes.rs
2025-08-12 10:02:36,852 - PopulateAtomsDeps - INFO - Found 17 atoms for curve25519-dalek/src/backend/serial/u64/field.rs
2025-08-12 10:02:36,852 - PopulateAtomsDeps - WARNING - No atoms found for filename: curve25519-dalek/src/backend/serial/u64/constants.rs
2025-08-12 10:02:36,853 - PopulateAtomsDeps - WARNING - No atoms found for filename: curve25519-dalek/src/backend/serial/u64/mod.rs
2025-08-12 10:02:36,853 - PopulateAtomsDeps - INFO - Found 5 atoms for curve25519-dalek/src/backend/serial/u64/scalar_specs.rs
2025-08-12 10:02:36,853 - PopulateAtomsDeps - INFO - Found 24 atoms for curve25519-dalek/src/montgomery.rs
2025-08-12 10:02:36,853 - PopulateAtomsDeps - INFO - Found 47 atoms for curve25519-dalek/src/edwards.rs
2025-08-12 10:02:36,854 - PopulateAtomsDeps - INFO - Found 59 atoms for curve25519-dalek/src/scalar.rs
2025-08-12 10:02:36,854 - PopulateAtomsDeps - WARNING - No atoms found for filename: curve25519-dalek/src/macros.rs
2025-08-12 10:02:36,854 - PopulateAtomsDeps - INFO - Found 23 atoms for curve25519-dalek/src/field.rs
2025-08-12 10:02:36,854 - PopulateAtomsDeps - INFO - Found 67 atoms for curve25519-dalek/src/ristretto.rs
2025-08-12 10:02:36,855 - PopulateAtomsDeps - WARNING - No atoms found for filename: curve25519-dalek/src/diagnostics.rs
2025-08-12 10:02:36,855 - PopulateAtomsDeps - WARNING - No atoms found for filename: curve25519-dalek/src/lib.rs
2025-08-12 10:02:36,855 - PopulateAtomsDeps - WARNING - No atoms found for filename: curve25519-dalek/src/constants.rs
2025-08-12 10:02:36,856 - PopulateAtomsDeps - INFO - Found 10 atoms for curve25519-dalek/src/traits.rs
2025-08-12 10:02:36,856 - PopulateAtomsDeps - INFO - Found 9 atoms for curve25519-dalek/src/window.rs
2025-08-12 10:02:36,856 - PopulateAtomsDeps - INFO - Found 8 atoms for curve25519-dalek/src/edwards/affine.rs
2025-08-12 10:02:36,856 - PopulateAtomsDeps - INFO - Found 12 atoms for curve25519-dalek/build.rs
2025-08-12 10:02:36,856 - PopulateAtomsDeps - WARNING - No atoms found for filename: ed25519-dalek/tests/ed25519.rs
2025-08-12 10:02:36,857 - PopulateAtomsDeps - WARNING - No atoms found for filename: ed25519-dalek/tests/validation_criteria.rs
2025-08-12 10:02:36,857 - PopulateAtomsDeps - WARNING - No atoms found for filename: ed25519-dalek/tests/pkcs8.rs
2025-08-12 10:02:36,857 - PopulateAtomsDeps - WARNING - No atoms found for filename: ed25519-dalek/tests/x25519.rs
2025-08-12 10:02:36,857 - PopulateAtomsDeps - WARNING - No atoms found for filename: ed25519-dalek/benches/ed25519_benchmarks.rs
2025-08-12 10:02:36,858 - PopulateAtomsDeps - WARNING - No atoms found for filename: ed25519-dalek/src/verifying.rs
2025-08-12 10:02:36,858 - PopulateAtomsDeps - WARNING - No atoms found for filename: ed25519-dalek/src/batch.rs
2025-08-12 10:02:36,858 - PopulateAtomsDeps - WARNING - No atoms found for filename: ed25519-dalek/src/hazmat.rs
2025-08-12 10:02:36,859 - PopulateAtomsDeps - WARNING - No atoms found for filename: ed25519-dalek/src/signature.rs
2025-08-12 10:02:36,859 - PopulateAtomsDeps - WARNING - No atoms found for filename: ed25519-dalek/src/errors.rs
2025-08-12 10:02:36,859 - PopulateAtomsDeps - WARNING - No atoms found for filename: ed25519-dalek/src/batch/strobe.rs
2025-08-12 10:02:36,860 - PopulateAtomsDeps - WARNING - No atoms found for filename: ed25519-dalek/src/batch/transcript.rs
2025-08-12 10:02:36,860 - PopulateAtomsDeps - WARNING - No atoms found for filename: ed25519-dalek/src/verifying/stream.rs
2025-08-12 10:02:36,860 - PopulateAtomsDeps - WARNING - No atoms found for filename: ed25519-dalek/src/signing.rs
2025-08-12 10:02:36,861 - PopulateAtomsDeps - WARNING - No atoms found for filename: ed25519-dalek/src/context.rs
2025-08-12 10:02:36,861 - PopulateAtomsDeps - WARNING - No atoms found for filename: ed25519-dalek/src/lib.rs
2025-08-12 10:02:36,861 - PopulateAtomsDeps - WARNING - No atoms found for filename: ed25519-dalek/src/constants.rs
2025-08-12 10:02:36,861 - PopulateAtomsDeps - INFO - Summary: Found atoms for 24 out of 82 files
2025-08-12 10:02:36,862 - PopulateAtomsDeps - INFO - Populating atoms for curve25519-dalek/src/backend/mod.rs and code_id 63613
2025-08-12 10:02:36,864 - PopulateAtomsDeps - INFO - Populating atoms for curve25519-dalek/src/backend/serial/curve_models/mod.rs and code_id 63614
2025-08-12 10:02:36,865 - PopulateAtomsDeps - INFO - Populating atoms for curve25519-dalek/src/backend/serial/scalar_mul/precomputed_straus.rs and code_id 63615
2025-08-12 10:02:36,866 - PopulateAtomsDeps - INFO - Populating atoms for curve25519-dalek/src/backend/serial/scalar_mul/pippenger.rs and code_id 63616
2025-08-12 10:02:36,867 - PopulateAtomsDeps - INFO - Populating atoms for curve25519-dalek/src/backend/serial/scalar_mul/straus.rs and code_id 63617
2025-08-12 10:02:36,868 - PopulateAtomsDeps - INFO - Populating atoms for curve25519-dalek/src/backend/serial/scalar_mul/variable_base.rs and code_id 63618
2025-08-12 10:02:36,869 - PopulateAtomsDeps - INFO - Populating atoms for curve25519-dalek/src/backend/serial/scalar_mul/vartime_double_base.rs and code_id 63620
2025-08-12 10:02:36,870 - PopulateAtomsDeps - INFO - Populating atoms for curve25519-dalek/src/backend/serial/u64/field_verus.rs and code_id 63631
2025-08-12 10:02:36,872 - PopulateAtomsDeps - INFO - Populating atoms for curve25519-dalek/src/backend/serial/u64/common_verus.rs and code_id 63632
2025-08-12 10:02:36,876 - PopulateAtomsDeps - INFO - Populating atoms for curve25519-dalek/src/backend/serial/u64/scalar_lemmas.rs and code_id 63633
2025-08-12 10:02:36,880 - PopulateAtomsDeps - INFO - Populating atoms for curve25519-dalek/src/backend/serial/u64/field_lemmas.rs and code_id 63634
2025-08-12 10:02:36,882 - PopulateAtomsDeps - INFO - Populating atoms for curve25519-dalek/src/backend/serial/u64/scalar.rs and code_id 63635
2025-08-12 10:02:36,883 - PopulateAtomsDeps - INFO - Populating atoms for curve25519-dalek/src/backend/serial/u64/subtle_assumes.rs and code_id 63636
2025-08-12 10:02:36,884 - PopulateAtomsDeps - INFO - Populating atoms for curve25519-dalek/src/backend/serial/u64/field.rs and code_id 63637
2025-08-12 10:02:36,886 - PopulateAtomsDeps - INFO - Populating atoms for curve25519-dalek/src/backend/serial/u64/scalar_specs.rs and code_id 63640
2025-08-12 10:02:36,887 - PopulateAtomsDeps - INFO - Populating atoms for curve25519-dalek/src/montgomery.rs and code_id 63641
2025-08-12 10:02:36,889 - PopulateAtomsDeps - INFO - Populating atoms for curve25519-dalek/src/edwards.rs and code_id 63642
2025-08-12 10:02:36,891 - PopulateAtomsDeps - INFO - Populating atoms for curve25519-dalek/src/scalar.rs and code_id 63643
2025-08-12 10:02:36,894 - PopulateAtomsDeps - INFO - Populating atoms for curve25519-dalek/src/field.rs and code_id 63645
2025-08-12 10:02:36,897 - PopulateAtomsDeps - INFO - Populating atoms for curve25519-dalek/src/ristretto.rs and code_id 63646
2025-08-12 10:02:36,900 - PopulateAtomsDeps - INFO - Populating atoms for curve25519-dalek/src/traits.rs and code_id 63650
2025-08-12 10:02:36,901 - PopulateAtomsDeps - INFO - Populating atoms for curve25519-dalek/src/window.rs and code_id 63651
2025-08-12 10:02:36,906 - PopulateAtomsDeps - INFO - Populating atoms for curve25519-dalek/src/edwards/affine.rs and code_id 63652
2025-08-12 10:02:36,907 - PopulateAtomsDeps - INFO - Populating atoms for curve25519-dalek/build.rs and code_id 63653
2025-08-12 10:02:36,910 - PopulateAtomsDeps - INFO - Processing 77 dependencies in batch
2025-08-12 10:02:37,105 - PopulateAtomsDeps - INFO - All dependencies already exist in the database
2025-08-12 10:02:37,115 - PopulateAtomsDeps - INFO - Processing 7 dependencies in batch
2025-08-12 10:02:37,221 - PopulateAtomsDeps - INFO - All dependencies already exist in the database
2025-08-12 10:02:37,221 - PopulateAtomsDeps - INFO - Processing 7 dependencies in batch
2025-08-12 10:02:37,280 - PopulateAtomsDeps - INFO - All dependencies already exist in the database
2025-08-12 10:02:37,281 - PopulateAtomsDeps - INFO - Processing 113 dependencies in batch
2025-08-12 10:02:37,371 - PopulateAtomsDeps - INFO - All dependencies already exist in the database
2025-08-12 10:02:37,373 - PopulateAtomsDeps - INFO - Processing 81 dependencies in batch
2025-08-12 10:02:37,449 - PopulateAtomsDeps - INFO - All dependencies already exist in the database
2025-08-12 10:02:37,452 - PopulateAtomsDeps - INFO - Processing 92 dependencies in batch
2025-08-12 10:02:37,524 - PopulateAtomsDeps - INFO - All dependencies already exist in the database
2025-08-12 10:02:37,526 - PopulateAtomsDeps - INFO - Processing 85 dependencies in batch
2025-08-12 10:02:37,597 - PopulateAtomsDeps - INFO - All dependencies already exist in the database
2025-08-12 10:02:37,598 - PopulateAtomsDeps - INFO - Processing 21 dependencies in batch
2025-08-12 10:02:37,712 - PopulateAtomsDeps - INFO - All dependencies already exist in the database
2025-08-12 10:02:37,713 - PopulateAtomsDeps - INFO - Processing 6 dependencies in batch
2025-08-12 10:02:37,838 - PopulateAtomsDeps - INFO - All dependencies already exist in the database
2025-08-12 10:02:37,838 - PopulateAtomsDeps - INFO - Processing 6 dependencies in batch
2025-08-12 10:02:37,941 - PopulateAtomsDeps - INFO - All dependencies already exist in the database
2025-08-12 10:02:37,942 - PopulateAtomsDeps - INFO - Processing 40 dependencies in batch
2025-08-12 10:02:38,020 - PopulateAtomsDeps - INFO - All dependencies already exist in the database
2025-08-12 10:02:38,021 - PopulateAtomsDeps - INFO - Processing 73 dependencies in batch
2025-08-12 10:02:38,109 - PopulateAtomsDeps - INFO - All dependencies already exist in the database
2025-08-12 10:02:38,111 - PopulateAtomsDeps - INFO - Processing 154 dependencies in batch
2025-08-12 10:02:38,227 - PopulateAtomsDeps - INFO - All dependencies already exist in the database
2025-08-12 10:02:38,228 - PopulateAtomsDeps - INFO - Processing 34 dependencies in batch
2025-08-12 10:02:38,297 - PopulateAtomsDeps - INFO - All dependencies already exist in the database
2025-08-12 10:02:38,299 - PopulateAtomsDeps - INFO - Processing 92 dependencies in batch
2025-08-12 10:02:38,391 - PopulateAtomsDeps - INFO - All dependencies already exist in the database
2025-08-12 10:02:38,392 - PopulateAtomsDeps - INFO - Processing 8 dependencies in batch
2025-08-12 10:02:38,455 - PopulateAtomsDeps - INFO - All dependencies already exist in the database
2025-08-12 10:02:38,455 - PopulateAtomsDeps - INFO - Processing 12 dependencies in batch
2025-08-12 10:02:38,528 - PopulateAtomsDeps - INFO - All dependencies already exist in the database
2025-08-12 10:02:38,529 - PopulateAtomsDeps - INFO - Processing 6 dependencies in batch
2025-08-12 10:02:38,590 - PopulateAtomsDeps - INFO - All dependencies already exist in the database
2025-08-12 10:02:38,591 - PopulateAtomsDeps - INFO - Processing 11 dependencies in batch
2025-08-12 10:02:38,654 - PopulateAtomsDeps - INFO - All dependencies already exist in the database
2025-08-12 10:02:38,654 - PopulateAtomsDeps - INFO - Setting code_id for file molecules in repo 3192
2025-08-12 10:02:38,659 - PopulateAtomsDeps - INFO - Found 0 file molecules with code_id=0 to update
2025-08-12 10:02:38,659 - PopulateAtomsDeps - INFO - Found 24 file molecules with specific code_ids
2025-08-12 10:02:38,659 - PopulateAtomsDeps - INFO - No file molecules with code_id = 0 found to update
2025-08-12 10:02:38,660 - PopulateAtomsDeps - INFO - Reading atomizer log file: logs/atomizer_3192_20250812_100152.log
2025-08-12 10:02:38,660 - PopulateAtomsDeps - INFO - Successfully read 601 characters from atomizer log
2025-08-12 10:02:38,666 - PopulateAtomsDeps - INFO - Inserted combined logs to atomizerlogs table for repo_id 3192
2025-08-12 10:02:38,666 - PopulateAtomsDeps - INFO - Successfully completed populate_atomsdeps_grouped_rust.py for repo_id 3192
2025-08-12 10:02:38,666 - PopulateAtomsDeps - INFO - Processing completed for JSON file: /var/www/html/rust-atomizer/3192.json
