2025-08-20 09:41:08,904 - PopulateAtomsDeps - INFO - Logging to file: logs/populate_atoms_20250820_094108.log
2025-08-20 09:41:08,904 - PopulateAtomsDeps - INFO - Starting populate_atomsdeps_grouped_rust.py with parameters:
2025-08-20 09:41:08,904 - PopulateAtomsDeps - INFO -   repo_id: 3214
2025-08-20 09:41:08,904 - PopulateAtomsDeps - INFO -   json_path: /var/www/html/rust-atomizer/curve25519-dalek.json
2025-08-20 09:41:08,904 - PopulateAtomsDeps - INFO -   user_id: 460176
2025-08-20 09:41:08,905 - PopulateAtomsDeps - INFO -   JSON file exists: True
2025-08-20 09:41:08,905 - PopulateAtomsDeps - INFO -   JSON file size: 192569 bytes
2025-08-20 09:41:08,905 - PopulateAtomsDeps - INFO -   JSON file modified: 2025-08-20 09:34:21.846643
2025-08-20 09:41:08,909 - PopulateAtomsDeps - INFO - Identified 7 folders containing Rust files
2025-08-20 09:41:08,924 - PopulateAtomsDeps - INFO - Populating folder structure with 7 folders as molecules for repo 3214
2025-08-20 09:41:08,933 - PopulateAtomsDeps - INFO - All folders to create (including parents): ['src', 'src/edwards', 'src/backend', 'src/backend/serial', 'src/backend/serial/u64', 'src/backend/serial/scalar_mul', 'src/backend/serial/curve_models']
2025-08-20 09:41:08,972 - PopulateAtomsDeps - INFO - Successfully populated 31 folder and file molecules for repo 3214
2025-08-20 09:41:09,007 - PopulateAtomsDeps - INFO - Nb of Codes: 32
2025-08-20 09:41:09,011 - PopulateAtomsDeps - WARNING - No atoms found for filename: curve25519-dalek/src/backend/mod.rs
2025-08-20 09:41:09,017 - PopulateAtomsDeps - WARNING - No atoms found for filename: curve25519-dalek/src/backend/serial/curve_models/mod.rs
2025-08-20 09:41:09,017 - PopulateAtomsDeps - WARNING - No atoms found for filename: curve25519-dalek/src/backend/serial/scalar_mul/precomputed_straus.rs
2025-08-20 09:41:09,018 - PopulateAtomsDeps - WARNING - No atoms found for filename: curve25519-dalek/src/backend/serial/scalar_mul/pippenger.rs
2025-08-20 09:41:09,019 - PopulateAtomsDeps - WARNING - No atoms found for filename: curve25519-dalek/src/backend/serial/scalar_mul/straus.rs
2025-08-20 09:41:09,019 - PopulateAtomsDeps - WARNING - No atoms found for filename: curve25519-dalek/src/backend/serial/scalar_mul/variable_base.rs
2025-08-20 09:41:09,020 - PopulateAtomsDeps - WARNING - No atoms found for filename: curve25519-dalek/src/backend/serial/scalar_mul/mod.rs
2025-08-20 09:41:09,020 - PopulateAtomsDeps - WARNING - No atoms found for filename: curve25519-dalek/src/backend/serial/scalar_mul/vartime_double_base.rs
2025-08-20 09:41:09,021 - PopulateAtomsDeps - WARNING - No atoms found for filename: curve25519-dalek/src/backend/serial/mod.rs
2025-08-20 09:41:09,021 - PopulateAtomsDeps - WARNING - No atoms found for filename: curve25519-dalek/src/backend/serial/u64/field_verus.rs
2025-08-20 09:41:09,022 - PopulateAtomsDeps - WARNING - No atoms found for filename: curve25519-dalek/src/backend/serial/u64/common_verus.rs
2025-08-20 09:41:09,023 - PopulateAtomsDeps - WARNING - No atoms found for filename: curve25519-dalek/src/backend/serial/u64/scalar_lemmas.rs
2025-08-20 09:41:09,023 - PopulateAtomsDeps - WARNING - No atoms found for filename: curve25519-dalek/src/backend/serial/u64/field_lemmas.rs
2025-08-20 09:41:09,024 - PopulateAtomsDeps - WARNING - No atoms found for filename: curve25519-dalek/src/backend/serial/u64/scalar.rs
2025-08-20 09:41:09,024 - PopulateAtomsDeps - WARNING - No atoms found for filename: curve25519-dalek/src/backend/serial/u64/subtle_assumes.rs
2025-08-20 09:41:09,025 - PopulateAtomsDeps - WARNING - No atoms found for filename: curve25519-dalek/src/backend/serial/u64/field.rs
2025-08-20 09:41:09,025 - PopulateAtomsDeps - WARNING - No atoms found for filename: curve25519-dalek/src/backend/serial/u64/constants.rs
2025-08-20 09:41:09,026 - PopulateAtomsDeps - WARNING - No atoms found for filename: curve25519-dalek/src/backend/serial/u64/mod.rs
2025-08-20 09:41:09,027 - PopulateAtomsDeps - WARNING - No atoms found for filename: curve25519-dalek/src/backend/serial/u64/scalar_specs.rs
2025-08-20 09:41:09,027 - PopulateAtomsDeps - WARNING - No atoms found for filename: curve25519-dalek/src/montgomery.rs
2025-08-20 09:41:09,028 - PopulateAtomsDeps - WARNING - No atoms found for filename: curve25519-dalek/src/edwards.rs
2025-08-20 09:41:09,028 - PopulateAtomsDeps - WARNING - No atoms found for filename: curve25519-dalek/src/scalar.rs
2025-08-20 09:41:09,029 - PopulateAtomsDeps - WARNING - No atoms found for filename: curve25519-dalek/src/macros.rs
2025-08-20 09:41:09,029 - PopulateAtomsDeps - WARNING - No atoms found for filename: curve25519-dalek/src/field.rs
2025-08-20 09:41:09,030 - PopulateAtomsDeps - WARNING - No atoms found for filename: curve25519-dalek/src/ristretto.rs
2025-08-20 09:41:09,031 - PopulateAtomsDeps - WARNING - No atoms found for filename: curve25519-dalek/src/diagnostics.rs
2025-08-20 09:41:09,031 - PopulateAtomsDeps - WARNING - No atoms found for filename: curve25519-dalek/src/lib.rs
2025-08-20 09:41:09,032 - PopulateAtomsDeps - WARNING - No atoms found for filename: curve25519-dalek/src/constants.rs
2025-08-20 09:41:09,032 - PopulateAtomsDeps - WARNING - No atoms found for filename: curve25519-dalek/src/traits.rs
2025-08-20 09:41:09,033 - PopulateAtomsDeps - WARNING - No atoms found for filename: curve25519-dalek/src/window.rs
2025-08-20 09:41:09,033 - PopulateAtomsDeps - WARNING - No atoms found for filename: curve25519-dalek/src/edwards/affine.rs
2025-08-20 09:41:09,034 - PopulateAtomsDeps - WARNING - No atoms found for filename: curve25519-dalek/build.rs
2025-08-20 09:41:09,034 - PopulateAtomsDeps - INFO - Summary: Found atoms for 0 out of 32 files
2025-08-20 09:41:09,035 - PopulateAtomsDeps - INFO - Setting code_id for file molecules in repo 3214
2025-08-20 09:41:09,044 - PopulateAtomsDeps - INFO - Found 24 file molecules with code_id=0 to update
2025-08-20 09:41:09,044 - PopulateAtomsDeps - INFO - Found 24 file molecules with specific code_ids
2025-08-20 09:41:09,045 - PopulateAtomsDeps - WARNING - No child atoms found for file ID 359374 (file: src/montgomery.rs)
2025-08-20 09:41:09,053 - PopulateAtomsDeps - WARNING - No child atoms found for file ID 359375 (file: src/ristretto.rs)
2025-08-20 09:41:09,062 - PopulateAtomsDeps - WARNING - No child atoms found for file ID 359376 (file: src/edwards.rs)
2025-08-20 09:41:09,070 - PopulateAtomsDeps - WARNING - No child atoms found for file ID 359377 (file: src/scalar.rs)
2025-08-20 09:41:09,076 - PopulateAtomsDeps - WARNING - No child atoms found for file ID 359378 (file: src/field.rs)
2025-08-20 09:41:09,081 - PopulateAtomsDeps - WARNING - No child atoms found for file ID 359379 (file: src/traits.rs)
2025-08-20 09:41:09,086 - PopulateAtomsDeps - WARNING - No child atoms found for file ID 359380 (file: src/window.rs)
2025-08-20 09:41:09,090 - PopulateAtomsDeps - WARNING - No child atoms found for file ID 359381 (file: src/backend/serial/u64/scalar_lemmas.rs)
2025-08-20 09:41:09,095 - PopulateAtomsDeps - WARNING - No child atoms found for file ID 359382 (file: src/backend/serial/u64/field.rs)
2025-08-20 09:41:09,100 - PopulateAtomsDeps - WARNING - No child atoms found for file ID 359383 (file: src/backend/serial/u64/field_lemmas.rs)
2025-08-20 09:41:09,105 - PopulateAtomsDeps - WARNING - No child atoms found for file ID 359384 (file: src/backend/serial/u64/scalar.rs)
2025-08-20 09:41:09,110 - PopulateAtomsDeps - WARNING - No child atoms found for file ID 359385 (file: src/backend/serial/u64/common_verus.rs)
2025-08-20 09:41:09,115 - PopulateAtomsDeps - WARNING - No child atoms found for file ID 359386 (file: src/backend/serial/u64/scalar_specs.rs)
2025-08-20 09:41:09,120 - PopulateAtomsDeps - WARNING - No child atoms found for file ID 359387 (file: src/backend/serial/u64/field_verus.rs)
2025-08-20 09:41:09,125 - PopulateAtomsDeps - WARNING - No child atoms found for file ID 359388 (file: src/backend/serial/u64/subtle_assumes.rs)
2025-08-20 09:41:09,130 - PopulateAtomsDeps - WARNING - No child atoms found for file ID 359389 (file: build.rs)
2025-08-20 09:41:09,134 - PopulateAtomsDeps - WARNING - No child atoms found for file ID 359390 (file: src/backend/serial/curve_models/mod.rs)
2025-08-20 09:41:09,139 - PopulateAtomsDeps - WARNING - No child atoms found for file ID 359391 (file: src/backend/serial/scalar_mul/straus.rs)
2025-08-20 09:41:09,144 - PopulateAtomsDeps - WARNING - No child atoms found for file ID 359392 (file: src/backend/serial/scalar_mul/pippenger.rs)
2025-08-20 09:41:09,149 - PopulateAtomsDeps - WARNING - No child atoms found for file ID 359393 (file: src/backend/serial/scalar_mul/vartime_double_base.rs)
2025-08-20 09:41:09,154 - PopulateAtomsDeps - WARNING - No child atoms found for file ID 359394 (file: src/backend/serial/scalar_mul/precomputed_straus.rs)
2025-08-20 09:41:09,158 - PopulateAtomsDeps - WARNING - No child atoms found for file ID 359395 (file: src/backend/serial/scalar_mul/variable_base.rs)
2025-08-20 09:41:09,163 - PopulateAtomsDeps - WARNING - No child atoms found for file ID 359396 (file: src/edwards/affine.rs)
2025-08-20 09:41:09,168 - PopulateAtomsDeps - WARNING - No child atoms found for file ID 359397 (file: src/backend/mod.rs)
2025-08-20 09:41:09,172 - PopulateAtomsDeps - INFO - No file-to-code_id mappings found
2025-08-20 09:41:09,173 - PopulateAtomsDeps - INFO - Reading atomizer log file: logs/atomizer_3214_20250820_093350.log
2025-08-20 09:41:09,173 - PopulateAtomsDeps - INFO - Successfully read 625 characters from atomizer log
2025-08-20 09:41:09,178 - PopulateAtomsDeps - INFO - Inserted combined logs to atomizerlogs table for repo_id 3214
2025-08-20 09:41:09,179 - PopulateAtomsDeps - INFO - Successfully completed populate_atomsdeps_grouped_rust.py for repo_id 3214
2025-08-20 09:41:09,179 - PopulateAtomsDeps - INFO - Processing completed for JSON file: /var/www/html/rust-atomizer/curve25519-dalek.json
