2025-07-25 14:20:09,350 - PopulateAtomsDeps - INFO - Logging to file: logs/populate_atoms_20250725_142009.log
2025-07-25 14:20:09,352 - PopulateAtomsDeps - INFO - Starting populate_atomsdeps_grouped_rust.py with parameters:
2025-07-25 14:20:09,352 - PopulateAtomsDeps - INFO -   repo_id: 3140
2025-07-25 14:20:09,352 - PopulateAtomsDeps - INFO -   json_path: /var/www/html/rust-atomizer/3140.json
2025-07-25 14:20:09,352 - PopulateAtomsDeps - INFO -   user_id: 460176
2025-07-25 14:20:09,352 - PopulateAtomsDeps - INFO -   JSON file exists: True
2025-07-25 14:20:09,354 - PopulateAtomsDeps - INFO -   JSON file size: 54078 bytes
2025-07-25 14:20:09,354 - PopulateAtomsDeps - INFO -   JSON file modified: 2025-07-25 14:20:08.533687
2025-07-25 14:20:09,354 - PopulateAtomsDeps - INFO - Identified 1 folders containing Rust files
2025-07-25 14:20:09,355 - PopulateAtomsDeps - INFO - Populating folder structure with 1 folders as molecules for repo 3140
2025-07-25 14:20:09,368 - PopulateAtomsDeps - INFO - All folders to create (including parents): ['src']
2025-07-25 14:20:09,383 - PopulateAtomsDeps - INFO - Adding 2 new file molecules in batch
2025-07-25 14:20:09,389 - PopulateAtomsDeps - INFO - Successfully populated 3 folder and file molecules for repo 3140
2025-07-25 14:20:09,766 - PopulateAtomsDeps - INFO - !!!!!Code ID 51754: filename='src/scalar_verus.rs', folder_id=12254, folder_path='src'
2025-07-25 14:20:09,766 - PopulateAtomsDeps - INFO - !!!!!Code ID 51755: filename='src/field_verus.rs', folder_id=12254, folder_path='src'
2025-07-25 14:20:09,766 - PopulateAtomsDeps - INFO - !!!!!Code ID 51756: filename='src/lib.rs', folder_id=12254, folder_path='src'
2025-07-25 14:20:09,766 - PopulateAtomsDeps - INFO - !!!!!Code ID 51757: filename='Cargo.toml', folder_id=None, folder_path='None'
2025-07-25 14:20:09,766 - PopulateAtomsDeps - INFO - Retrieved 4 codes from database
2025-07-25 14:20:09,769 - PopulateAtomsDeps - INFO - Nb of Codes: 3
2025-07-25 14:20:09,769 - PopulateAtomsDeps - INFO - Found 20 atoms for src/scalar_verus.rs
2025-07-25 14:20:09,769 - PopulateAtomsDeps - INFO - Found 11 atoms for src/field_verus.rs
2025-07-25 14:20:09,769 - PopulateAtomsDeps - WARNING - No atoms found for filename: src/lib.rs
2025-07-25 14:20:09,770 - PopulateAtomsDeps - INFO - Summary: Found atoms for 2 out of 3 files
2025-07-25 14:20:09,770 - PopulateAtomsDeps - INFO - Populating atoms for src/scalar_verus.rs and code_id 51754
2025-07-25 14:20:09,789 - PopulateAtomsDeps - INFO - Inserted 20 atoms for file src/scalar_verus.rs
2025-07-25 14:20:09,790 - PopulateAtomsDeps - INFO - Populating atoms for src/field_verus.rs and code_id 51755
2025-07-25 14:20:09,807 - PopulateAtomsDeps - INFO - Inserted 11 atoms for file src/field_verus.rs
2025-07-25 14:20:09,808 - PopulateAtomsDeps - INFO - Processing 22 dependencies in batch
2025-07-25 14:20:09,974 - PopulateAtomsDeps - INFO - Inserting 22 new dependencies
2025-07-25 14:20:09,980 - PopulateAtomsDeps - INFO - Processing 6 dependencies in batch
2025-07-25 14:20:10,068 - PopulateAtomsDeps - INFO - Inserting 6 new dependencies
2025-07-25 14:20:10,075 - PopulateAtomsDeps - INFO - Setting code_id for file molecules in repo 3140
2025-07-25 14:20:10,076 - PopulateAtomsDeps - INFO - Found 2 file molecules with code_id=0 to update
2025-07-25 14:20:10,076 - PopulateAtomsDeps - INFO - Found 0 file molecules with specific code_ids
2025-07-25 14:20:10,078 - PopulateAtomsDeps - INFO - Found code_id mappings for 2 files
2025-07-25 14:20:10,083 - PopulateAtomsDeps - INFO - Successfully updated code_id for 2 file molecules
2025-07-25 14:20:10,085 - PopulateAtomsDeps - INFO - Reading atomizer log file: logs/atomizer_3140_20250725_141921.log
2025-07-25 14:20:10,089 - PopulateAtomsDeps - INFO - Successfully read 600 characters from atomizer log
2025-07-25 14:20:10,108 - PopulateAtomsDeps - INFO - Inserted combined logs to atomizerlogs table for repo_id 3140
2025-07-25 14:20:10,109 - PopulateAtomsDeps - INFO - Successfully completed populate_atomsdeps_grouped_rust.py for repo_id 3140
2025-07-25 14:20:10,109 - PopulateAtomsDeps - INFO - Processing completed for JSON file: /var/www/html/rust-atomizer/3140.json
