2025-07-25 11:52:51,796 - PopulateAtomsDeps - INFO - Logging to file: logs/populate_atoms_20250725_115251.log
2025-07-25 11:52:51,796 - PopulateAtomsDeps - INFO - Starting populate_atomsdeps_grouped_rust.py with parameters:
2025-07-25 11:52:51,796 - PopulateAtomsDeps - INFO -   repo_id: 3132
2025-07-25 11:52:51,796 - PopulateAtomsDeps - INFO -   json_path: /var/www/html/rust-atomizer/3132.json
2025-07-25 11:52:51,796 - PopulateAtomsDeps - INFO -   user_id: 460176
2025-07-25 11:52:51,796 - PopulateAtomsDeps - INFO -   JSON file exists: True
2025-07-25 11:52:51,797 - PopulateAtomsDeps - INFO -   JSON file size: 54078 bytes
2025-07-25 11:52:51,797 - PopulateAtomsDeps - INFO -   JSON file modified: 2025-07-25 11:52:51.363762
2025-07-25 11:52:51,798 - PopulateAtomsDeps - INFO - Identified 1 folders containing Rust files
2025-07-25 11:52:51,798 - PopulateAtomsDeps - INFO - Populating folder structure with 1 folders as molecules for repo 3132
2025-07-25 11:52:51,800 - PopulateAtomsDeps - INFO - All folders to create (including parents): ['src']
2025-07-25 11:52:51,807 - PopulateAtomsDeps - INFO - Adding 2 new file molecules in batch
2025-07-25 11:52:51,813 - PopulateAtomsDeps - INFO - Successfully populated 3 folder and file molecules for repo 3132
2025-07-25 11:52:52,156 - PopulateAtomsDeps - INFO - !!!!!Code ID 51723: filename='src/scalar_verus.rs', folder_id=12250, folder_path='src'
2025-07-25 11:52:52,157 - PopulateAtomsDeps - INFO - !!!!!Code ID 51724: filename='src/field_verus.rs', folder_id=12250, folder_path='src'
2025-07-25 11:52:52,157 - PopulateAtomsDeps - INFO - !!!!!Code ID 51725: filename='src/lib.rs', folder_id=12250, folder_path='src'
2025-07-25 11:52:52,157 - PopulateAtomsDeps - INFO - !!!!!Code ID 51726: filename='Cargo.toml', folder_id=None, folder_path='None'
2025-07-25 11:52:52,157 - PopulateAtomsDeps - INFO - Retrieved 4 codes from database
2025-07-25 11:52:52,160 - PopulateAtomsDeps - INFO - Nb of Codes: 3
2025-07-25 11:52:52,161 - PopulateAtomsDeps - INFO - Found 20 atoms for src/scalar_verus.rs
2025-07-25 11:52:52,161 - PopulateAtomsDeps - INFO - Found 11 atoms for src/field_verus.rs
2025-07-25 11:52:52,161 - PopulateAtomsDeps - WARNING - No atoms found for filename: src/lib.rs
2025-07-25 11:52:52,162 - PopulateAtomsDeps - INFO - Summary: Found atoms for 2 out of 3 files
2025-07-25 11:52:52,162 - PopulateAtomsDeps - INFO - Populating atoms for src/scalar_verus.rs and code_id 51723
2025-07-25 11:52:52,176 - PopulateAtomsDeps - INFO - Inserted 20 atoms for file src/scalar_verus.rs
2025-07-25 11:52:52,177 - PopulateAtomsDeps - INFO - Populating atoms for src/field_verus.rs and code_id 51724
2025-07-25 11:52:52,193 - PopulateAtomsDeps - INFO - Inserted 11 atoms for file src/field_verus.rs
2025-07-25 11:52:52,194 - PopulateAtomsDeps - INFO - Processing 22 dependencies in batch
2025-07-25 11:52:52,255 - PopulateAtomsDeps - INFO - Inserting 22 new dependencies
2025-07-25 11:52:52,262 - PopulateAtomsDeps - INFO - Processing 6 dependencies in batch
2025-07-25 11:52:52,314 - PopulateAtomsDeps - INFO - Inserting 6 new dependencies
2025-07-25 11:52:52,320 - PopulateAtomsDeps - INFO - Setting code_id for file molecules in repo 3132
2025-07-25 11:52:52,322 - PopulateAtomsDeps - INFO - Found 2 file molecules with code_id=0 to update
2025-07-25 11:52:52,322 - PopulateAtomsDeps - INFO - Found 0 file molecules with specific code_ids
2025-07-25 11:52:52,324 - PopulateAtomsDeps - INFO - Found code_id mappings for 2 files
2025-07-25 11:52:52,328 - PopulateAtomsDeps - INFO - Successfully updated code_id for 2 file molecules
2025-07-25 11:52:52,329 - PopulateAtomsDeps - INFO - Reading atomizer log file: logs/atomizer_3132_20250725_115209.log
2025-07-25 11:52:52,329 - PopulateAtomsDeps - INFO - Successfully read 600 characters from atomizer log
2025-07-25 11:52:52,335 - PopulateAtomsDeps - INFO - Inserted combined logs to atomizerlogs table for repo_id 3132
2025-07-25 11:52:52,335 - PopulateAtomsDeps - INFO - Successfully completed populate_atomsdeps_grouped_rust.py for repo_id 3132
2025-07-25 11:52:52,335 - PopulateAtomsDeps - INFO - Processing completed for JSON file: /var/www/html/rust-atomizer/3132.json
