2025-08-19 08:39:18,717 - PopulateAtomsDeps - INFO - Logging to file: logs/populate_atoms_20250819_083918.log
2025-08-19 08:39:18,717 - PopulateAtomsDeps - INFO - Starting populate_atomsdeps_grouped_rust.py with parameters:
2025-08-19 08:39:18,717 - PopulateAtomsDeps - INFO -   repo_id: 3232
2025-08-19 08:39:18,717 - PopulateAtomsDeps - INFO -   json_path: /var/www/html/rust-atomizer/3232.json
2025-08-19 08:39:18,717 - PopulateAtomsDeps - INFO -   user_id: 460176
2025-08-19 08:39:18,717 - PopulateAtomsDeps - INFO -   JSON file exists: True
2025-08-19 08:39:18,717 - PopulateAtomsDeps - INFO -   JSON file size: 37687 bytes
2025-08-19 08:39:18,717 - PopulateAtomsDeps - INFO -   JSON file modified: 2025-08-19 08:39:18.172971
2025-08-19 08:39:18,718 - PopulateAtomsDeps - INFO - Identified 1 folders containing Rust files
2025-08-19 08:39:18,718 - PopulateAtomsDeps - INFO - Populating folder structure with 1 folders as molecules for repo 3232
2025-08-19 08:39:18,718 - PopulateAtomsDeps - INFO - All folders to create (including parents): []
2025-08-19 08:39:18,719 - PopulateAtomsDeps - INFO - Adding 1 new file molecules in batch
2025-08-19 08:39:18,725 - PopulateAtomsDeps - INFO - Successfully populated 1 folder and file molecules for repo 3232
2025-08-19 08:39:18,726 - PopulateAtomsDeps - INFO - !!!!!Code ID 65459: filename='scalar_toptest.rs', folder_id=None, folder_path='None'
2025-08-19 08:39:18,726 - PopulateAtomsDeps - INFO - Retrieved 1 codes from database
2025-08-19 08:39:18,728 - PopulateAtomsDeps - INFO - Nb of Codes: 1
2025-08-19 08:39:18,728 - PopulateAtomsDeps - INFO - Found 69 atoms for scalar_toptest.rs
2025-08-19 08:39:18,728 - PopulateAtomsDeps - INFO - Summary: Found atoms for 1 out of 1 files
2025-08-19 08:39:18,729 - PopulateAtomsDeps - INFO - Populating atoms for scalar_toptest.rs and code_id 65459
2025-08-19 08:39:18,762 - PopulateAtomsDeps - INFO - Inserted 69 atoms for file scalar_toptest.rs
2025-08-19 08:39:18,763 - PopulateAtomsDeps - INFO - Processing 52 dependencies in batch
2025-08-19 08:39:18,834 - PopulateAtomsDeps - INFO - Inserting 52 new dependencies
2025-08-19 08:39:18,842 - PopulateAtomsDeps - INFO - Setting code_id for file molecules in repo 3232
2025-08-19 08:39:18,843 - PopulateAtomsDeps - INFO - Found 1 file molecules with code_id=0 to update
2025-08-19 08:39:18,843 - PopulateAtomsDeps - INFO - Found 0 file molecules with specific code_ids
2025-08-19 08:39:18,844 - PopulateAtomsDeps - INFO - Found code_id mappings for 1 files
2025-08-19 08:39:18,849 - PopulateAtomsDeps - INFO - Successfully updated code_id for 1 file molecules
2025-08-19 08:39:18,850 - PopulateAtomsDeps - INFO - Reading atomizer log file: logs/atomizer_3232_20250819_083908.log
2025-08-19 08:39:18,850 - PopulateAtomsDeps - INFO - Successfully read 775 characters from atomizer log
2025-08-19 08:39:18,854 - PopulateAtomsDeps - INFO - Inserted combined logs to atomizerlogs table for repo_id 3232
2025-08-19 08:39:18,855 - PopulateAtomsDeps - INFO - Successfully completed populate_atomsdeps_grouped_rust.py for repo_id 3232
2025-08-19 08:39:18,855 - PopulateAtomsDeps - INFO - Processing completed for JSON file: /var/www/html/rust-atomizer/3232.json
