2025-07-29 06:35:32,877 - PopulateAtomsDeps - INFO - Logging to file: logs/populate_atoms_20250729_063532.log
2025-07-29 06:35:32,877 - PopulateAtomsDeps - INFO - Starting populate_atomsdeps_grouped_rust.py with parameters:
2025-07-29 06:35:32,877 - PopulateAtomsDeps - INFO -   repo_id: 3150
2025-07-29 06:35:32,877 - PopulateAtomsDeps - INFO -   json_path: /var/www/html/rust-atomizer/3150.json
2025-07-29 06:35:32,877 - PopulateAtomsDeps - INFO -   user_id: 460176
2025-07-29 06:35:32,878 - PopulateAtomsDeps - INFO -   JSON file exists: True
2025-07-29 06:35:32,878 - PopulateAtomsDeps - INFO -   JSON file size: 54078 bytes
2025-07-29 06:35:32,878 - PopulateAtomsDeps - INFO -   JSON file modified: 2025-07-29 06:35:32.196814
2025-07-29 06:35:32,879 - PopulateAtomsDeps - INFO - Identified 1 folders containing Rust files
2025-07-29 06:35:32,879 - PopulateAtomsDeps - INFO - Populating folder structure with 1 folders as molecules for repo 3150
2025-07-29 06:35:32,896 - PopulateAtomsDeps - INFO - All folders to create (including parents): ['src']
2025-07-29 06:35:32,915 - PopulateAtomsDeps - INFO - Adding 2 new file molecules in batch
2025-07-29 06:35:32,920 - PopulateAtomsDeps - INFO - Successfully populated 3 folder and file molecules for repo 3150
2025-07-29 06:35:33,216 - PopulateAtomsDeps - INFO - !!!!!Code ID 51816: filename='src/scalar_verus.rs', folder_id=12266, folder_path='src'
2025-07-29 06:35:33,216 - PopulateAtomsDeps - INFO - !!!!!Code ID 51817: filename='src/field_verus.rs', folder_id=12266, folder_path='src'
2025-07-29 06:35:33,216 - PopulateAtomsDeps - INFO - !!!!!Code ID 51818: filename='src/lib.rs', folder_id=12266, folder_path='src'
2025-07-29 06:35:33,216 - PopulateAtomsDeps - INFO - !!!!!Code ID 51819: filename='Cargo.toml', folder_id=None, folder_path='None'
2025-07-29 06:35:33,216 - PopulateAtomsDeps - INFO - Retrieved 4 codes from database
2025-07-29 06:35:33,220 - PopulateAtomsDeps - INFO - Nb of Codes: 3
2025-07-29 06:35:33,220 - PopulateAtomsDeps - INFO - Found 20 atoms for src/scalar_verus.rs
2025-07-29 06:35:33,221 - PopulateAtomsDeps - INFO - Found 11 atoms for src/field_verus.rs
2025-07-29 06:35:33,221 - PopulateAtomsDeps - WARNING - No atoms found for filename: src/lib.rs
2025-07-29 06:35:33,221 - PopulateAtomsDeps - INFO - Summary: Found atoms for 2 out of 3 files
2025-07-29 06:35:33,221 - PopulateAtomsDeps - INFO - Populating atoms for src/scalar_verus.rs and code_id 51816
2025-07-29 06:35:33,260 - PopulateAtomsDeps - INFO - Inserted 20 atoms for file src/scalar_verus.rs
2025-07-29 06:35:33,263 - PopulateAtomsDeps - INFO - Populating atoms for src/field_verus.rs and code_id 51817
2025-07-29 06:35:33,287 - PopulateAtomsDeps - INFO - Inserted 11 atoms for file src/field_verus.rs
2025-07-29 06:35:33,288 - PopulateAtomsDeps - INFO - Processing 22 dependencies in batch
2025-07-29 06:35:33,364 - PopulateAtomsDeps - INFO - Inserting 22 new dependencies
2025-07-29 06:35:33,373 - PopulateAtomsDeps - INFO - Processing 6 dependencies in batch
2025-07-29 06:35:33,437 - PopulateAtomsDeps - INFO - Inserting 6 new dependencies
2025-07-29 06:35:33,442 - PopulateAtomsDeps - INFO - Setting code_id for file molecules in repo 3150
2025-07-29 06:35:33,444 - PopulateAtomsDeps - INFO - Found 2 file molecules with code_id=0 to update
2025-07-29 06:35:33,444 - PopulateAtomsDeps - INFO - Found 0 file molecules with specific code_ids
2025-07-29 06:35:33,446 - PopulateAtomsDeps - INFO - Found code_id mappings for 2 files
2025-07-29 06:35:33,452 - PopulateAtomsDeps - INFO - Successfully updated code_id for 2 file molecules
2025-07-29 06:35:33,454 - PopulateAtomsDeps - INFO - Reading atomizer log file: logs/atomizer_3150_20250729_063440.log
2025-07-29 06:35:33,455 - PopulateAtomsDeps - INFO - Successfully read 600 characters from atomizer log
2025-07-29 06:35:33,466 - PopulateAtomsDeps - INFO - Inserted combined logs to atomizerlogs table for repo_id 3150
2025-07-29 06:35:33,466 - PopulateAtomsDeps - INFO - Successfully completed populate_atomsdeps_grouped_rust.py for repo_id 3150
2025-07-29 06:35:33,466 - PopulateAtomsDeps - INFO - Processing completed for JSON file: /var/www/html/rust-atomizer/3150.json
