2025-07-16 09:17:42,450 - PopulateAtomsDeps - INFO - Logging to file: logs/populate_atoms_20250716_091742.log
2025-07-16 09:17:42,460 - PopulateAtomsDeps - INFO - Identified 19 folders containing Rust files
2025-07-16 09:17:42,460 - PopulateAtomsDeps - INFO - Populating folder structure with 19 folders as molecules for repo 3118
2025-07-16 09:17:42,478 - PopulateAtomsDeps - INFO - Adding new folder molecules ['curve25519-dalek/src/', 'ed25519-dalek/src/', 'curve25519-dalek/src/backend/serial/u64/', 'curve25519-dalek/src/backend/serial/curve_models/', 'curve25519-dalek/src/backend/serial/scalar_mul/', 'curve25519-dalek/src/backend/', 'x25519-dalek/src/', 'curve25519-dalek/src/backend/vector/avx2/', 'curve25519-dalek/src/backend/vector/scalar_mul/', 'curve25519-dalek/benches/', 'curve25519-dalek-derive/tests/', 'curve25519-dalek/src/backend/vector/', 'curve25519-dalek/src/edwards/', 'ed25519-dalek/tests/', 'curve25519-dalek-derive/src/', 'x25519-dalek/tests/', 'curve25519-dalek/', 'ed25519-dalek/benches/', 'x25519-dalek/benches/'] in batch
2025-07-16 09:17:42,499 - PopulateAtomsDeps - INFO - Adding 43 new file molecules in batch
2025-07-16 09:17:42,518 - PopulateAtomsDeps - INFO - Successfully populated 62 folder and file molecules for repo 3118
2025-07-16 09:17:42,547 - PopulateAtomsDeps - INFO - Nb of Codes: 75
2025-07-16 09:17:42,568 - PopulateAtomsDeps - INFO - Populating atoms for tests/tests.rs and code_id 49149
2025-07-16 09:17:42,581 - PopulateAtomsDeps - INFO - Inserted 16 atoms for file curve25519-dalek-derive/tests/tests.rs
2025-07-16 09:17:42,582 - PopulateAtomsDeps - INFO - Populating atoms for src/lib.rs and code_id 49152
2025-07-16 09:17:42,590 - PopulateAtomsDeps - INFO - Inserted 11 atoms for file curve25519-dalek-derive/src/lib.rs
2025-07-16 09:17:42,591 - PopulateAtomsDeps - INFO - Populating atoms for tests/x25519_tests.rs and code_id 49160
2025-07-16 09:17:42,598 - PopulateAtomsDeps - INFO - Inserted 7 atoms for file x25519-dalek/tests/x25519_tests.rs
2025-07-16 09:17:42,598 - PopulateAtomsDeps - INFO - Populating atoms for benches/x25519.rs and code_id 49161
2025-07-16 09:17:42,604 - PopulateAtomsDeps - INFO - Inserted 2 atoms for file x25519-dalek/benches/x25519.rs
2025-07-16 09:17:42,604 - PopulateAtomsDeps - INFO - Populating atoms for src/x25519.rs and code_id 49164
2025-07-16 09:17:42,617 - PopulateAtomsDeps - INFO - Inserted 21 atoms for file x25519-dalek/src/x25519.rs
2025-07-16 09:17:42,618 - PopulateAtomsDeps - INFO - Populating atoms for benches/dalek_benchmarks.rs and code_id 49175
2025-07-16 09:17:42,633 - PopulateAtomsDeps - INFO - Inserted 25 atoms for file curve25519-dalek/benches/dalek_benchmarks.rs
2025-07-16 09:17:42,634 - PopulateAtomsDeps - INFO - Populating atoms for avx2/edwards.rs and code_id 49177
2025-07-16 09:17:42,654 - PopulateAtomsDeps - INFO - Inserted 19 atoms for file curve25519-dalek/src/backend/vector/avx2/edwards.rs
2025-07-16 09:17:42,655 - PopulateAtomsDeps - INFO - Populating atoms for avx2/field.rs and code_id 49178
2025-07-16 09:17:42,669 - PopulateAtomsDeps - INFO - Inserted 22 atoms for file curve25519-dalek/src/backend/vector/avx2/field.rs
2025-07-16 09:17:42,670 - PopulateAtomsDeps - INFO - Populating atoms for scalar_mul/precomputed_straus.rs and code_id 49185
2025-07-16 09:17:42,676 - PopulateAtomsDeps - INFO - Inserted 4 atoms for file curve25519-dalek/src/backend/vector/scalar_mul/precomputed_straus.rs
2025-07-16 09:17:42,676 - PopulateAtomsDeps - INFO - Populating atoms for scalar_mul/pippenger.rs and code_id 49186
2025-07-16 09:17:42,682 - PopulateAtomsDeps - INFO - Inserted 2 atoms for file curve25519-dalek/src/backend/vector/scalar_mul/pippenger.rs
2025-07-16 09:17:42,682 - PopulateAtomsDeps - INFO - Populating atoms for scalar_mul/straus.rs and code_id 49187
2025-07-16 09:17:42,687 - PopulateAtomsDeps - INFO - Inserted 2 atoms for file curve25519-dalek/src/backend/vector/scalar_mul/straus.rs
2025-07-16 09:17:42,687 - PopulateAtomsDeps - INFO - Populating atoms for scalar_mul/variable_base.rs and code_id 49188
2025-07-16 09:17:42,692 - PopulateAtomsDeps - INFO - Inserted 1 atoms for file curve25519-dalek/src/backend/serial/scalar_mul/variable_base.rs
2025-07-16 09:17:42,692 - PopulateAtomsDeps - INFO - Populating atoms for scalar_mul/vartime_double_base.rs and code_id 49190
2025-07-16 09:17:42,698 - PopulateAtomsDeps - INFO - Inserted 1 atoms for file curve25519-dalek/src/backend/vector/scalar_mul/vartime_double_base.rs
2025-07-16 09:17:42,698 - PopulateAtomsDeps - INFO - Populating atoms for vector/packed_simd.rs and code_id 49191
2025-07-16 09:17:42,706 - PopulateAtomsDeps - INFO - Inserted 9 atoms for file curve25519-dalek/src/backend/vector/packed_simd.rs
2025-07-16 09:17:42,706 - PopulateAtomsDeps - INFO - Populating atoms for backend/mod.rs and code_id 49193
2025-07-16 09:17:42,712 - PopulateAtomsDeps - INFO - Inserted 12 atoms for file curve25519-dalek/src/backend/mod.rs
2025-07-16 09:17:42,712 - PopulateAtomsDeps - INFO - Populating atoms for curve_models/mod.rs and code_id 49194
2025-07-16 09:17:42,720 - PopulateAtomsDeps - INFO - Inserted 24 atoms for file curve25519-dalek/src/backend/serial/curve_models/mod.rs
2025-07-16 09:17:42,720 - PopulateAtomsDeps - INFO - Populating atoms for u64/scalar_verus.rs and code_id 49210
2025-07-16 09:17:42,727 - PopulateAtomsDeps - INFO - Inserted 20 atoms for file curve25519-dalek/src/backend/serial/u64/scalar_verus.rs
2025-07-16 09:17:42,728 - PopulateAtomsDeps - INFO - Populating atoms for u64/scalar.rs and code_id 49211
2025-07-16 09:17:42,735 - PopulateAtomsDeps - INFO - Inserted 30 atoms for file curve25519-dalek/src/backend/serial/u64/scalar.rs
2025-07-16 09:17:42,736 - PopulateAtomsDeps - INFO - Populating atoms for u64/field.rs and code_id 49212
2025-07-16 09:17:42,743 - PopulateAtomsDeps - INFO - Inserted 22 atoms for file curve25519-dalek/src/backend/serial/u64/field.rs
2025-07-16 09:17:42,744 - PopulateAtomsDeps - INFO - Populating atoms for src/montgomery.rs and code_id 49215
2025-07-16 09:17:42,753 - PopulateAtomsDeps - INFO - Inserted 36 atoms for file curve25519-dalek/src/montgomery.rs
2025-07-16 09:17:42,754 - PopulateAtomsDeps - INFO - Populating atoms for src/edwards.rs and code_id 49216
2025-07-16 09:17:42,771 - PopulateAtomsDeps - INFO - Inserted 101 atoms for file curve25519-dalek/src/edwards.rs
2025-07-16 09:17:42,772 - PopulateAtomsDeps - INFO - Populating atoms for src/scalar.rs and code_id 49217
2025-07-16 09:17:42,785 - PopulateAtomsDeps - INFO - Inserted 74 atoms for file curve25519-dalek/src/scalar.rs
2025-07-16 09:17:42,785 - PopulateAtomsDeps - INFO - Populating atoms for src/field.rs and code_id 49219
2025-07-16 09:17:42,794 - PopulateAtomsDeps - INFO - Inserted 26 atoms for file curve25519-dalek/src/field.rs
2025-07-16 09:17:42,795 - PopulateAtomsDeps - INFO - Populating atoms for src/ristretto.rs and code_id 49220
2025-07-16 09:17:42,807 - PopulateAtomsDeps - INFO - Inserted 69 atoms for file curve25519-dalek/src/ristretto.rs
2025-07-16 09:17:42,807 - PopulateAtomsDeps - INFO - Populating atoms for src/constants.rs and code_id 49223
2025-07-16 09:17:42,814 - PopulateAtomsDeps - INFO - Inserted 8 atoms for file curve25519-dalek/src/constants.rs
2025-07-16 09:17:42,814 - PopulateAtomsDeps - INFO - Populating atoms for src/traits.rs and code_id 49224
2025-07-16 09:17:42,820 - PopulateAtomsDeps - INFO - Inserted 10 atoms for file curve25519-dalek/src/traits.rs
2025-07-16 09:17:42,820 - PopulateAtomsDeps - INFO - Populating atoms for src/window.rs and code_id 49225
2025-07-16 09:17:42,827 - PopulateAtomsDeps - INFO - Inserted 6 atoms for file curve25519-dalek/src/window.rs
2025-07-16 09:17:42,827 - PopulateAtomsDeps - INFO - Populating atoms for edwards/affine.rs and code_id 49226
2025-07-16 09:17:42,834 - PopulateAtomsDeps - INFO - Inserted 10 atoms for file curve25519-dalek/src/edwards/affine.rs
2025-07-16 09:17:42,834 - PopulateAtomsDeps - INFO - Populating atoms for curve25519-dalek/build.rs and code_id 49227
2025-07-16 09:17:42,839 - PopulateAtomsDeps - INFO - Inserted 5 atoms for file curve25519-dalek/build.rs
2025-07-16 09:17:42,839 - PopulateAtomsDeps - INFO - Populating atoms for tests/ed25519.rs and code_id 49233
2025-07-16 09:17:42,845 - PopulateAtomsDeps - INFO - Inserted 6 atoms for file ed25519-dalek/tests/ed25519.rs
2025-07-16 09:17:42,845 - PopulateAtomsDeps - INFO - Populating atoms for tests/validation_criteria.rs and code_id 49234
2025-07-16 09:17:42,851 - PopulateAtomsDeps - INFO - Inserted 5 atoms for file ed25519-dalek/tests/validation_criteria.rs
2025-07-16 09:17:42,851 - PopulateAtomsDeps - INFO - Populating atoms for tests/x25519.rs and code_id 49239
2025-07-16 09:17:42,856 - PopulateAtomsDeps - INFO - Inserted 1 atoms for file ed25519-dalek/tests/x25519.rs
2025-07-16 09:17:42,857 - PopulateAtomsDeps - INFO - Populating atoms for benches/ed25519_benchmarks.rs and code_id 49240
2025-07-16 09:17:42,862 - PopulateAtomsDeps - INFO - Inserted 6 atoms for file ed25519-dalek/benches/ed25519_benchmarks.rs
2025-07-16 09:17:42,862 - PopulateAtomsDeps - INFO - Populating atoms for src/verifying.rs and code_id 49243
2025-07-16 09:17:42,869 - PopulateAtomsDeps - INFO - Inserted 21 atoms for file ed25519-dalek/src/verifying.rs
2025-07-16 09:17:42,869 - PopulateAtomsDeps - INFO - Populating atoms for src/hazmat.rs and code_id 49245
2025-07-16 09:17:42,876 - PopulateAtomsDeps - INFO - Inserted 13 atoms for file ed25519-dalek/src/hazmat.rs
2025-07-16 09:17:42,877 - PopulateAtomsDeps - INFO - Populating atoms for src/signature.rs and code_id 49246
2025-07-16 09:17:42,883 - PopulateAtomsDeps - INFO - Inserted 6 atoms for file ed25519-dalek/src/signature.rs
2025-07-16 09:17:42,883 - PopulateAtomsDeps - INFO - Populating atoms for src/errors.rs and code_id 49247
2025-07-16 09:17:42,888 - PopulateAtomsDeps - INFO - Inserted 2 atoms for file ed25519-dalek/src/errors.rs
2025-07-16 09:17:42,889 - PopulateAtomsDeps - INFO - Populating atoms for src/signing.rs and code_id 49251
2025-07-16 09:17:42,899 - PopulateAtomsDeps - INFO - Inserted 25 atoms for file ed25519-dalek/src/signing.rs
2025-07-16 09:17:42,899 - PopulateAtomsDeps - INFO - Processing 6 dependencies in batch
2025-07-16 09:17:42,943 - PopulateAtomsDeps - INFO - Inserting 6 new dependencies
2025-07-16 09:17:42,950 - PopulateAtomsDeps - INFO - Processing 12 dependencies in batch
2025-07-16 09:17:42,989 - PopulateAtomsDeps - INFO - Inserting 12 new dependencies
2025-07-16 09:17:42,994 - PopulateAtomsDeps - INFO - Processing 9 dependencies in batch
2025-07-16 09:17:43,053 - PopulateAtomsDeps - INFO - Inserting 9 new dependencies
2025-07-16 09:17:43,058 - PopulateAtomsDeps - INFO - Processing 4 dependencies in batch
2025-07-16 09:17:43,122 - PopulateAtomsDeps - INFO - Inserting 4 new dependencies
2025-07-16 09:17:43,126 - PopulateAtomsDeps - INFO - Processing 12 dependencies in batch
2025-07-16 09:17:43,180 - PopulateAtomsDeps - INFO - All dependencies already exist in the database
2025-07-16 09:17:43,180 - PopulateAtomsDeps - INFO - Processing 18 dependencies in batch
2025-07-16 09:17:43,234 - PopulateAtomsDeps - INFO - Inserting 18 new dependencies
2025-07-16 09:17:43,240 - PopulateAtomsDeps - INFO - Processing 66 dependencies in batch
2025-07-16 09:17:43,283 - PopulateAtomsDeps - INFO - Inserting 66 new dependencies
2025-07-16 09:17:43,299 - PopulateAtomsDeps - INFO - Processing 29 dependencies in batch
2025-07-16 09:17:43,340 - PopulateAtomsDeps - INFO - Inserting 29 new dependencies
2025-07-16 09:17:43,352 - PopulateAtomsDeps - INFO - Processing 31 dependencies in batch
2025-07-16 09:17:43,401 - PopulateAtomsDeps - INFO - Inserting 31 new dependencies
2025-07-16 09:17:43,410 - PopulateAtomsDeps - INFO - Processing 11 dependencies in batch
2025-07-16 09:17:43,452 - PopulateAtomsDeps - INFO - Inserting 4 new dependencies
2025-07-16 09:17:43,456 - PopulateAtomsDeps - INFO - Processing 14 dependencies in batch
2025-07-16 09:17:43,509 - PopulateAtomsDeps - INFO - Inserting 7 new dependencies
2025-07-16 09:17:43,513 - PopulateAtomsDeps - INFO - Processing 14 dependencies in batch
2025-07-16 09:17:43,554 - PopulateAtomsDeps - INFO - Inserting 6 new dependencies
2025-07-16 09:17:43,559 - PopulateAtomsDeps - INFO - Processing 9 dependencies in batch
2025-07-16 09:17:43,621 - PopulateAtomsDeps - INFO - Inserting 5 new dependencies
2025-07-16 09:17:43,632 - PopulateAtomsDeps - INFO - Processing 15 dependencies in batch
2025-07-16 09:17:43,700 - PopulateAtomsDeps - INFO - Inserting 6 new dependencies
2025-07-16 09:17:43,704 - PopulateAtomsDeps - INFO - Processing 2 dependencies in batch
2025-07-16 09:17:43,769 - PopulateAtomsDeps - INFO - Inserting 2 new dependencies
2025-07-16 09:17:43,780 - PopulateAtomsDeps - INFO - Processing 17 dependencies in batch
2025-07-16 09:17:43,832 - PopulateAtomsDeps - INFO - Inserting 9 new dependencies
2025-07-16 09:17:43,836 - PopulateAtomsDeps - INFO - Processing 12 dependencies in batch
2025-07-16 09:17:43,875 - PopulateAtomsDeps - INFO - Inserting 12 new dependencies
2025-07-16 09:17:43,880 - PopulateAtomsDeps - INFO - Processing 11 dependencies in batch
2025-07-16 09:17:43,920 - PopulateAtomsDeps - INFO - All dependencies already exist in the database
2025-07-16 09:17:43,921 - PopulateAtomsDeps - INFO - Processing 14 dependencies in batch
2025-07-16 09:17:43,960 - PopulateAtomsDeps - INFO - All dependencies already exist in the database
2025-07-16 09:17:43,960 - PopulateAtomsDeps - INFO - Processing 14 dependencies in batch
2025-07-16 09:17:44,000 - PopulateAtomsDeps - INFO - All dependencies already exist in the database
2025-07-16 09:17:44,000 - PopulateAtomsDeps - INFO - Processing 9 dependencies in batch
2025-07-16 09:17:44,040 - PopulateAtomsDeps - INFO - All dependencies already exist in the database
2025-07-16 09:17:44,040 - PopulateAtomsDeps - INFO - Processing 15 dependencies in batch
2025-07-16 09:17:44,093 - PopulateAtomsDeps - INFO - All dependencies already exist in the database
2025-07-16 09:17:44,093 - PopulateAtomsDeps - INFO - Processing 22 dependencies in batch
2025-07-16 09:17:44,133 - PopulateAtomsDeps - INFO - Inserting 22 new dependencies
2025-07-16 09:17:44,138 - PopulateAtomsDeps - INFO - Processing 29 dependencies in batch
2025-07-16 09:17:44,179 - PopulateAtomsDeps - INFO - Inserting 29 new dependencies
2025-07-16 09:17:44,184 - PopulateAtomsDeps - INFO - Processing 6 dependencies in batch
2025-07-16 09:17:44,223 - PopulateAtomsDeps - INFO - Inserting 6 new dependencies
2025-07-16 09:17:44,227 - PopulateAtomsDeps - INFO - Processing 61 dependencies in batch
2025-07-16 09:17:44,271 - PopulateAtomsDeps - INFO - Inserting 61 new dependencies
2025-07-16 09:17:44,278 - PopulateAtomsDeps - INFO - Processing 174 dependencies in batch
2025-07-16 09:17:44,328 - PopulateAtomsDeps - INFO - Inserting 174 new dependencies
2025-07-16 09:17:44,345 - PopulateAtomsDeps - INFO - Processing 101 dependencies in batch
2025-07-16 09:17:44,399 - PopulateAtomsDeps - INFO - Inserting 101 new dependencies
2025-07-16 09:17:44,408 - PopulateAtomsDeps - INFO - Processing 45 dependencies in batch
2025-07-16 09:17:44,452 - PopulateAtomsDeps - INFO - Inserting 45 new dependencies
2025-07-16 09:17:44,458 - PopulateAtomsDeps - INFO - Processing 118 dependencies in batch
2025-07-16 09:17:44,503 - PopulateAtomsDeps - INFO - Inserting 118 new dependencies
2025-07-16 09:17:44,510 - PopulateAtomsDeps - INFO - Processing 12 dependencies in batch
2025-07-16 09:17:44,549 - PopulateAtomsDeps - INFO - All dependencies already exist in the database
2025-07-16 09:17:44,549 - PopulateAtomsDeps - INFO - Processing 14 dependencies in batch
2025-07-16 09:17:44,591 - PopulateAtomsDeps - INFO - Inserting 14 new dependencies
2025-07-16 09:17:44,595 - PopulateAtomsDeps - INFO - Processing 4 dependencies in batch
2025-07-16 09:17:44,650 - PopulateAtomsDeps - INFO - Inserting 4 new dependencies
2025-07-16 09:17:44,654 - PopulateAtomsDeps - INFO - Processing 12 dependencies in batch
2025-07-16 09:17:44,692 - PopulateAtomsDeps - INFO - Inserting 12 new dependencies
2025-07-16 09:17:44,696 - PopulateAtomsDeps - INFO - Processing 12 dependencies in batch
2025-07-16 09:17:44,736 - PopulateAtomsDeps - INFO - Inserting 12 new dependencies
2025-07-16 09:17:44,741 - PopulateAtomsDeps - INFO - Processing 3 dependencies in batch
2025-07-16 09:17:44,778 - PopulateAtomsDeps - INFO - Inserting 3 new dependencies
2025-07-16 09:17:44,782 - PopulateAtomsDeps - INFO - Processing 27 dependencies in batch
2025-07-16 09:17:44,823 - PopulateAtomsDeps - INFO - Inserting 27 new dependencies
2025-07-16 09:17:44,828 - PopulateAtomsDeps - INFO - Processing 8 dependencies in batch
2025-07-16 09:17:44,866 - PopulateAtomsDeps - INFO - Inserting 8 new dependencies
2025-07-16 09:17:44,870 - PopulateAtomsDeps - INFO - Processing 14 dependencies in batch
2025-07-16 09:17:44,924 - PopulateAtomsDeps - INFO - Inserting 14 new dependencies
2025-07-16 09:17:44,929 - PopulateAtomsDeps - INFO - Processing 11 dependencies in batch
2025-07-16 09:17:44,970 - PopulateAtomsDeps - INFO - Inserting 11 new dependencies
2025-07-16 09:17:44,974 - PopulateAtomsDeps - INFO - Processing 28 dependencies in batch
2025-07-16 09:17:45,020 - PopulateAtomsDeps - INFO - Inserting 28 new dependencies
2025-07-16 09:17:45,034 - PopulateAtomsDeps - INFO - Processing 19 dependencies in batch
2025-07-16 09:17:45,084 - PopulateAtomsDeps - INFO - Inserting 19 new dependencies
2025-07-16 09:17:45,090 - PopulateAtomsDeps - INFO - Processing 5 dependencies in batch
2025-07-16 09:17:45,132 - PopulateAtomsDeps - INFO - Inserting 5 new dependencies
2025-07-16 09:17:45,137 - PopulateAtomsDeps - INFO - Processing 25 dependencies in batch
2025-07-16 09:17:45,192 - PopulateAtomsDeps - INFO - Inserting 25 new dependencies
2025-07-16 09:17:45,198 - PopulateAtomsDeps - INFO - Processing 12 dependencies in batch
2025-07-16 09:17:45,242 - PopulateAtomsDeps - INFO - All dependencies already exist in the database
2025-07-16 09:17:45,243 - PopulateAtomsDeps - INFO - Processing 14 dependencies in batch
2025-07-16 09:17:45,288 - PopulateAtomsDeps - INFO - All dependencies already exist in the database
2025-07-16 09:17:45,289 - PopulateAtomsDeps - INFO - Setting code_id for file molecules in repo 3118
2025-07-16 09:17:45,293 - PopulateAtomsDeps - INFO - Found 43 file molecules to update
2025-07-16 09:17:45,302 - PopulateAtomsDeps - WARNING - No child atoms found for file ID 282956
2025-07-16 09:17:45,302 - PopulateAtomsDeps - WARNING - No child atoms found for file ID 282957
2025-07-16 09:17:45,303 - PopulateAtomsDeps - WARNING - No child atoms found for file ID 282958
2025-07-16 09:17:45,303 - PopulateAtomsDeps - WARNING - No child atoms found for file ID 282959
2025-07-16 09:17:45,306 - PopulateAtomsDeps - WARNING - No child atoms found for file ID 282965
2025-07-16 09:17:45,313 - PopulateAtomsDeps - INFO - Found code_id mappings for 38 files
2025-07-16 09:17:45,318 - PopulateAtomsDeps - INFO - Successfully updated code_id for 38 file molecules
2025-07-16 09:17:45,319 - PopulateAtomsDeps - INFO - Reading atomizer log file: logs/atomizer_3118_20250716_091616.log
2025-07-16 09:17:45,319 - PopulateAtomsDeps - INFO - Successfully read 600 characters from atomizer log
2025-07-16 09:17:45,330 - PopulateAtomsDeps - INFO - Inserted combined logs to atomizerlogs table for repo_id 3118
