2025-08-04 09:01:32,177 - PopulateAtomsDeps - INFO - Logging to file: logs/populate_atoms_20250804_090132.log
2025-08-04 09:01:32,177 - PopulateAtomsDeps - INFO - Starting populate_atomsdeps_grouped_rust.py with parameters:
2025-08-04 09:01:32,177 - PopulateAtomsDeps - INFO -   repo_id: 3053
2025-08-04 09:01:32,177 - PopulateAtomsDeps - INFO -   json_path: /var/www/html/rust-atomizer/3053.json
2025-08-04 09:01:32,177 - PopulateAtomsDeps - INFO -   user_id: 460176
2025-08-04 09:01:32,177 - PopulateAtomsDeps - INFO -   JSON file exists: True
2025-08-04 09:01:32,177 - PopulateAtomsDeps - INFO -   JSON file size: 95902 bytes
2025-08-04 09:01:32,177 - PopulateAtomsDeps - INFO -   JSON file modified: 2025-08-04 09:01:31.857274
2025-08-04 09:01:32,179 - PopulateAtomsDeps - INFO - Identified 3 folders containing Rust files
2025-08-04 09:01:32,179 - PopulateAtomsDeps - INFO - Populating folder structure with 3 folders as molecules for repo 3053
2025-08-04 09:01:32,181 - PopulateAtomsDeps - INFO - All folders to create (including parents): ['benches', 'src', 'src/bin']
2025-08-04 09:01:32,204 - PopulateAtomsDeps - INFO - Adding 23 new file molecules in batch
2025-08-04 09:01:32,214 - PopulateAtomsDeps - INFO - Successfully populated 26 folder and file molecules for repo 3053
2025-08-04 09:01:32,583 - PopulateAtomsDeps - INFO - !!!!!Code ID 56931: filename='LICENSE', folder_id=None, folder_path='None'
2025-08-04 09:01:32,584 - PopulateAtomsDeps - INFO - !!!!!Code ID 56932: filename='benches/sort_benchmark.rs', folder_id=13769, folder_path='benches'
2025-08-04 09:01:32,584 - PopulateAtomsDeps - INFO - !!!!!Code ID 56933: filename='README.md', folder_id=None, folder_path='None'
2025-08-04 09:01:32,584 - PopulateAtomsDeps - INFO - !!!!!Code ID 56934: filename='src/smooth_sort.rs', folder_id=13770, folder_path='src'
2025-08-04 09:01:32,584 - PopulateAtomsDeps - INFO - !!!!!Code ID 56935: filename='src/nheap_sort.rs', folder_id=13770, folder_path='src'
2025-08-04 09:01:32,584 - PopulateAtomsDeps - INFO - !!!!!Code ID 56936: filename='src/shell_sort.rs', folder_id=13770, folder_path='src'
2025-08-04 09:01:32,584 - PopulateAtomsDeps - INFO - !!!!!Code ID 56937: filename='src/bin/powers_of_two.rs', folder_id=13771, folder_path='src/bin'
2025-08-04 09:01:32,584 - PopulateAtomsDeps - INFO - !!!!!Code ID 56938: filename='src/bin/leonardo_numbers.rs', folder_id=13771, folder_path='src/bin'
2025-08-04 09:01:32,584 - PopulateAtomsDeps - INFO - !!!!!Code ID 56939: filename='src/insertion_sort.rs', folder_id=13770, folder_path='src'
2025-08-04 09:01:32,584 - PopulateAtomsDeps - INFO - !!!!!Code ID 56940: filename='src/cocktail_sort.rs', folder_id=13770, folder_path='src'
2025-08-04 09:01:32,584 - PopulateAtomsDeps - INFO - !!!!!Code ID 56941: filename='src/slow_sort.rs', folder_id=13770, folder_path='src'
2025-08-04 09:01:32,584 - PopulateAtomsDeps - INFO - !!!!!Code ID 56942: filename='src/quick_sort.rs', folder_id=13770, folder_path='src'
2025-08-04 09:01:32,584 - PopulateAtomsDeps - INFO - !!!!!Code ID 56943: filename='src/gnome_sort.rs', folder_id=13770, folder_path='src'
2025-08-04 09:01:32,585 - PopulateAtomsDeps - INFO - !!!!!Code ID 56944: filename='src/ksort.rs', folder_id=13770, folder_path='src'
2025-08-04 09:01:32,585 - PopulateAtomsDeps - INFO - !!!!!Code ID 56945: filename='src/stooge_sort.rs', folder_id=13770, folder_path='src'
2025-08-04 09:01:32,585 - PopulateAtomsDeps - INFO - !!!!!Code ID 56946: filename='src/pancake_sort.rs', folder_id=13770, folder_path='src'
2025-08-04 09:01:32,585 - PopulateAtomsDeps - INFO - !!!!!Code ID 56947: filename='src/merge_sort.rs', folder_id=13770, folder_path='src'
2025-08-04 09:01:32,585 - PopulateAtomsDeps - INFO - !!!!!Code ID 56948: filename='src/bitonic_sort.rs', folder_id=13770, folder_path='src'
2025-08-04 09:01:32,585 - PopulateAtomsDeps - INFO - !!!!!Code ID 56949: filename='src/comb_sort.rs', folder_id=13770, folder_path='src'
2025-08-04 09:01:32,585 - PopulateAtomsDeps - INFO - !!!!!Code ID 56950: filename='src/oddeven_sort.rs', folder_id=13770, folder_path='src'
2025-08-04 09:01:32,585 - PopulateAtomsDeps - INFO - !!!!!Code ID 56951: filename='src/heap_sort.rs', folder_id=13770, folder_path='src'
2025-08-04 09:01:32,585 - PopulateAtomsDeps - INFO - !!!!!Code ID 56952: filename='src/bubble_sort.rs', folder_id=13770, folder_path='src'
2025-08-04 09:01:32,585 - PopulateAtomsDeps - INFO - !!!!!Code ID 56953: filename='src/lib.rs', folder_id=13770, folder_path='src'
2025-08-04 09:01:32,585 - PopulateAtomsDeps - INFO - !!!!!Code ID 56954: filename='src/selection_sort.rs', folder_id=13770, folder_path='src'
2025-08-04 09:01:32,585 - PopulateAtomsDeps - INFO - !!!!!Code ID 56955: filename='src/bingo_sort.rs', folder_id=13770, folder_path='src'
2025-08-04 09:01:32,586 - PopulateAtomsDeps - INFO - !!!!!Code ID 56956: filename='src/cycle_sort.rs', folder_id=13770, folder_path='src'
2025-08-04 09:01:32,586 - PopulateAtomsDeps - INFO - !!!!!Code ID 56957: filename='Cargo.toml', folder_id=None, folder_path='None'
2025-08-04 09:01:32,586 - PopulateAtomsDeps - INFO - Retrieved 27 codes from database
2025-08-04 09:01:32,587 - PopulateAtomsDeps - WARNING - Failed to load/create codes cache: name 'codes_cache_path' is not defined
2025-08-04 09:01:32,823 - PopulateAtomsDeps - INFO - !!!!!Code ID 56931: filename='LICENSE', folder_id=None, folder_path='None'
2025-08-04 09:01:32,823 - PopulateAtomsDeps - INFO - !!!!!Code ID 56932: filename='benches/sort_benchmark.rs', folder_id=13769, folder_path='benches'
2025-08-04 09:01:32,823 - PopulateAtomsDeps - INFO - !!!!!Code ID 56933: filename='README.md', folder_id=None, folder_path='None'
2025-08-04 09:01:32,823 - PopulateAtomsDeps - INFO - !!!!!Code ID 56934: filename='src/smooth_sort.rs', folder_id=13770, folder_path='src'
2025-08-04 09:01:32,823 - PopulateAtomsDeps - INFO - !!!!!Code ID 56935: filename='src/nheap_sort.rs', folder_id=13770, folder_path='src'
2025-08-04 09:01:32,823 - PopulateAtomsDeps - INFO - !!!!!Code ID 56936: filename='src/shell_sort.rs', folder_id=13770, folder_path='src'
2025-08-04 09:01:32,823 - PopulateAtomsDeps - INFO - !!!!!Code ID 56937: filename='src/bin/powers_of_two.rs', folder_id=13771, folder_path='src/bin'
2025-08-04 09:01:32,823 - PopulateAtomsDeps - INFO - !!!!!Code ID 56938: filename='src/bin/leonardo_numbers.rs', folder_id=13771, folder_path='src/bin'
2025-08-04 09:01:32,823 - PopulateAtomsDeps - INFO - !!!!!Code ID 56939: filename='src/insertion_sort.rs', folder_id=13770, folder_path='src'
2025-08-04 09:01:32,824 - PopulateAtomsDeps - INFO - !!!!!Code ID 56940: filename='src/cocktail_sort.rs', folder_id=13770, folder_path='src'
2025-08-04 09:01:32,824 - PopulateAtomsDeps - INFO - !!!!!Code ID 56941: filename='src/slow_sort.rs', folder_id=13770, folder_path='src'
2025-08-04 09:01:32,824 - PopulateAtomsDeps - INFO - !!!!!Code ID 56942: filename='src/quick_sort.rs', folder_id=13770, folder_path='src'
2025-08-04 09:01:32,824 - PopulateAtomsDeps - INFO - !!!!!Code ID 56943: filename='src/gnome_sort.rs', folder_id=13770, folder_path='src'
2025-08-04 09:01:32,824 - PopulateAtomsDeps - INFO - !!!!!Code ID 56944: filename='src/ksort.rs', folder_id=13770, folder_path='src'
2025-08-04 09:01:32,824 - PopulateAtomsDeps - INFO - !!!!!Code ID 56945: filename='src/stooge_sort.rs', folder_id=13770, folder_path='src'
2025-08-04 09:01:32,824 - PopulateAtomsDeps - INFO - !!!!!Code ID 56946: filename='src/pancake_sort.rs', folder_id=13770, folder_path='src'
2025-08-04 09:01:32,824 - PopulateAtomsDeps - INFO - !!!!!Code ID 56947: filename='src/merge_sort.rs', folder_id=13770, folder_path='src'
2025-08-04 09:01:32,824 - PopulateAtomsDeps - INFO - !!!!!Code ID 56948: filename='src/bitonic_sort.rs', folder_id=13770, folder_path='src'
2025-08-04 09:01:32,824 - PopulateAtomsDeps - INFO - !!!!!Code ID 56949: filename='src/comb_sort.rs', folder_id=13770, folder_path='src'
2025-08-04 09:01:32,824 - PopulateAtomsDeps - INFO - !!!!!Code ID 56950: filename='src/oddeven_sort.rs', folder_id=13770, folder_path='src'
2025-08-04 09:01:32,824 - PopulateAtomsDeps - INFO - !!!!!Code ID 56951: filename='src/heap_sort.rs', folder_id=13770, folder_path='src'
2025-08-04 09:01:32,825 - PopulateAtomsDeps - INFO - !!!!!Code ID 56952: filename='src/bubble_sort.rs', folder_id=13770, folder_path='src'
2025-08-04 09:01:32,825 - PopulateAtomsDeps - INFO - !!!!!Code ID 56953: filename='src/lib.rs', folder_id=13770, folder_path='src'
2025-08-04 09:01:32,825 - PopulateAtomsDeps - INFO - !!!!!Code ID 56954: filename='src/selection_sort.rs', folder_id=13770, folder_path='src'
2025-08-04 09:01:32,825 - PopulateAtomsDeps - INFO - !!!!!Code ID 56955: filename='src/bingo_sort.rs', folder_id=13770, folder_path='src'
2025-08-04 09:01:32,825 - PopulateAtomsDeps - INFO - !!!!!Code ID 56956: filename='src/cycle_sort.rs', folder_id=13770, folder_path='src'
2025-08-04 09:01:32,825 - PopulateAtomsDeps - INFO - !!!!!Code ID 56957: filename='Cargo.toml', folder_id=None, folder_path='None'
2025-08-04 09:01:32,825 - PopulateAtomsDeps - INFO - Retrieved 27 codes from database
2025-08-04 09:01:32,826 - PopulateAtomsDeps - INFO - Nb of Codes: 24
2025-08-04 09:01:32,828 - PopulateAtomsDeps - INFO - Found 3 atoms for benches/sort_benchmark.rs
2025-08-04 09:01:32,828 - PopulateAtomsDeps - INFO - Found 7 atoms for src/smooth_sort.rs
2025-08-04 09:01:32,828 - PopulateAtomsDeps - INFO - Found 6 atoms for src/nheap_sort.rs
2025-08-04 09:01:32,828 - PopulateAtomsDeps - INFO - Found 7 atoms for src/shell_sort.rs
2025-08-04 09:01:32,828 - PopulateAtomsDeps - INFO - Found 1 atoms for src/bin/powers_of_two.rs
2025-08-04 09:01:32,828 - PopulateAtomsDeps - INFO - Found 4 atoms for src/bin/leonardo_numbers.rs
2025-08-04 09:01:32,828 - PopulateAtomsDeps - INFO - Found 4 atoms for src/insertion_sort.rs
2025-08-04 09:01:32,828 - PopulateAtomsDeps - INFO - Found 4 atoms for src/cocktail_sort.rs
2025-08-04 09:01:32,829 - PopulateAtomsDeps - INFO - Found 5 atoms for src/slow_sort.rs
2025-08-04 09:01:32,829 - PopulateAtomsDeps - INFO - Found 12 atoms for src/quick_sort.rs
2025-08-04 09:01:32,829 - PopulateAtomsDeps - INFO - Found 8 atoms for src/gnome_sort.rs
2025-08-04 09:01:32,829 - PopulateAtomsDeps - INFO - Found 6 atoms for src/ksort.rs
2025-08-04 09:01:32,829 - PopulateAtomsDeps - INFO - Found 5 atoms for src/stooge_sort.rs
2025-08-04 09:01:32,829 - PopulateAtomsDeps - INFO - Found 6 atoms for src/pancake_sort.rs
2025-08-04 09:01:32,829 - PopulateAtomsDeps - INFO - Found 9 atoms for src/merge_sort.rs
2025-08-04 09:01:32,829 - PopulateAtomsDeps - INFO - Found 10 atoms for src/bitonic_sort.rs
2025-08-04 09:01:32,830 - PopulateAtomsDeps - INFO - Found 4 atoms for src/comb_sort.rs
2025-08-04 09:01:32,830 - PopulateAtomsDeps - INFO - Found 10 atoms for src/oddeven_sort.rs
2025-08-04 09:01:32,830 - PopulateAtomsDeps - INFO - Found 19 atoms for src/heap_sort.rs
2025-08-04 09:01:32,830 - PopulateAtomsDeps - INFO - Found 4 atoms for src/bubble_sort.rs
2025-08-04 09:01:32,830 - PopulateAtomsDeps - WARNING - No atoms found for filename: src/lib.rs
2025-08-04 09:01:32,830 - PopulateAtomsDeps - INFO - Found 8 atoms for src/selection_sort.rs
2025-08-04 09:01:32,830 - PopulateAtomsDeps - INFO - Found 5 atoms for src/bingo_sort.rs
2025-08-04 09:01:32,831 - PopulateAtomsDeps - INFO - Found 4 atoms for src/cycle_sort.rs
2025-08-04 09:01:32,831 - PopulateAtomsDeps - INFO - Summary: Found atoms for 23 out of 24 files
2025-08-04 09:01:32,831 - PopulateAtomsDeps - INFO - Populating atoms for benches/sort_benchmark.rs and code_id 56932
2025-08-04 09:01:32,836 - PopulateAtomsDeps - INFO - Inserted 3 atoms for file benches/sort_benchmark.rs
2025-08-04 09:01:32,836 - PopulateAtomsDeps - INFO - Populating atoms for src/smooth_sort.rs and code_id 56934
2025-08-04 09:01:32,842 - PopulateAtomsDeps - INFO - Inserted 7 atoms for file src/smooth_sort.rs
2025-08-04 09:01:32,842 - PopulateAtomsDeps - INFO - Populating atoms for src/nheap_sort.rs and code_id 56935
2025-08-04 09:01:32,848 - PopulateAtomsDeps - INFO - Inserted 6 atoms for file src/nheap_sort.rs
2025-08-04 09:01:32,848 - PopulateAtomsDeps - INFO - Populating atoms for src/shell_sort.rs and code_id 56936
2025-08-04 09:01:32,854 - PopulateAtomsDeps - INFO - Inserted 7 atoms for file src/shell_sort.rs
2025-08-04 09:01:32,855 - PopulateAtomsDeps - INFO - Populating atoms for src/bin/powers_of_two.rs and code_id 56937
2025-08-04 09:01:32,859 - PopulateAtomsDeps - INFO - Inserted 1 atoms for file src/bin/powers_of_two.rs
2025-08-04 09:01:32,860 - PopulateAtomsDeps - INFO - Populating atoms for src/bin/leonardo_numbers.rs and code_id 56938
2025-08-04 09:01:32,865 - PopulateAtomsDeps - INFO - Inserted 4 atoms for file src/bin/leonardo_numbers.rs
2025-08-04 09:01:32,865 - PopulateAtomsDeps - INFO - Populating atoms for src/insertion_sort.rs and code_id 56939
2025-08-04 09:01:32,871 - PopulateAtomsDeps - INFO - Inserted 4 atoms for file src/insertion_sort.rs
2025-08-04 09:01:32,871 - PopulateAtomsDeps - INFO - Populating atoms for src/cocktail_sort.rs and code_id 56940
2025-08-04 09:01:32,877 - PopulateAtomsDeps - INFO - Inserted 4 atoms for file src/cocktail_sort.rs
2025-08-04 09:01:32,877 - PopulateAtomsDeps - INFO - Populating atoms for src/slow_sort.rs and code_id 56941
2025-08-04 09:01:32,883 - PopulateAtomsDeps - INFO - Inserted 5 atoms for file src/slow_sort.rs
2025-08-04 09:01:32,883 - PopulateAtomsDeps - INFO - Populating atoms for src/quick_sort.rs and code_id 56942
2025-08-04 09:01:32,889 - PopulateAtomsDeps - INFO - Inserted 12 atoms for file src/quick_sort.rs
2025-08-04 09:01:32,890 - PopulateAtomsDeps - INFO - Populating atoms for src/gnome_sort.rs and code_id 56943
2025-08-04 09:01:32,895 - PopulateAtomsDeps - INFO - Inserted 8 atoms for file src/gnome_sort.rs
2025-08-04 09:01:32,896 - PopulateAtomsDeps - INFO - Populating atoms for src/ksort.rs and code_id 56944
2025-08-04 09:01:32,902 - PopulateAtomsDeps - INFO - Inserted 6 atoms for file src/ksort.rs
2025-08-04 09:01:32,902 - PopulateAtomsDeps - INFO - Populating atoms for src/stooge_sort.rs and code_id 56945
2025-08-04 09:01:32,908 - PopulateAtomsDeps - INFO - Inserted 5 atoms for file src/stooge_sort.rs
2025-08-04 09:01:32,908 - PopulateAtomsDeps - INFO - Populating atoms for src/pancake_sort.rs and code_id 56946
2025-08-04 09:01:32,914 - PopulateAtomsDeps - INFO - Inserted 6 atoms for file src/pancake_sort.rs
2025-08-04 09:01:32,914 - PopulateAtomsDeps - INFO - Populating atoms for src/merge_sort.rs and code_id 56947
2025-08-04 09:01:32,920 - PopulateAtomsDeps - INFO - Inserted 9 atoms for file src/merge_sort.rs
2025-08-04 09:01:32,921 - PopulateAtomsDeps - INFO - Populating atoms for src/bitonic_sort.rs and code_id 56948
2025-08-04 09:01:32,927 - PopulateAtomsDeps - INFO - Inserted 10 atoms for file src/bitonic_sort.rs
2025-08-04 09:01:32,928 - PopulateAtomsDeps - INFO - Populating atoms for src/comb_sort.rs and code_id 56949
2025-08-04 09:01:32,934 - PopulateAtomsDeps - INFO - Inserted 4 atoms for file src/comb_sort.rs
2025-08-04 09:01:32,934 - PopulateAtomsDeps - INFO - Populating atoms for src/oddeven_sort.rs and code_id 56950
2025-08-04 09:01:32,942 - PopulateAtomsDeps - INFO - Inserted 10 atoms for file src/oddeven_sort.rs
2025-08-04 09:01:32,942 - PopulateAtomsDeps - INFO - Populating atoms for src/heap_sort.rs and code_id 56951
2025-08-04 09:01:32,949 - PopulateAtomsDeps - INFO - Inserted 19 atoms for file src/heap_sort.rs
2025-08-04 09:01:32,949 - PopulateAtomsDeps - INFO - Populating atoms for src/bubble_sort.rs and code_id 56952
2025-08-04 09:01:32,954 - PopulateAtomsDeps - INFO - Inserted 4 atoms for file src/bubble_sort.rs
2025-08-04 09:01:32,955 - PopulateAtomsDeps - INFO - Populating atoms for src/selection_sort.rs and code_id 56954
2025-08-04 09:01:32,960 - PopulateAtomsDeps - INFO - Inserted 8 atoms for file src/selection_sort.rs
2025-08-04 09:01:32,961 - PopulateAtomsDeps - INFO - Populating atoms for src/bingo_sort.rs and code_id 56955
2025-08-04 09:01:32,966 - PopulateAtomsDeps - INFO - Inserted 5 atoms for file src/bingo_sort.rs
2025-08-04 09:01:32,967 - PopulateAtomsDeps - INFO - Populating atoms for src/cycle_sort.rs and code_id 56956
2025-08-04 09:01:32,972 - PopulateAtomsDeps - INFO - Inserted 4 atoms for file src/cycle_sort.rs
2025-08-04 09:01:32,973 - PopulateAtomsDeps - INFO - Processing 25 dependencies in batch
2025-08-04 09:01:33,033 - PopulateAtomsDeps - INFO - Inserting 25 new dependencies
2025-08-04 09:01:33,039 - PopulateAtomsDeps - INFO - Processing 7 dependencies in batch
2025-08-04 09:01:33,091 - PopulateAtomsDeps - INFO - Inserting 7 new dependencies
2025-08-04 09:01:33,096 - PopulateAtomsDeps - INFO - Processing 5 dependencies in batch
2025-08-04 09:01:33,148 - PopulateAtomsDeps - INFO - Inserting 5 new dependencies
2025-08-04 09:01:33,152 - PopulateAtomsDeps - INFO - Processing 5 dependencies in batch
2025-08-04 09:01:33,205 - PopulateAtomsDeps - INFO - Inserting 5 new dependencies
2025-08-04 09:01:33,209 - PopulateAtomsDeps - INFO - Processing 5 dependencies in batch
2025-08-04 09:01:33,271 - PopulateAtomsDeps - INFO - Inserting 5 new dependencies
2025-08-04 09:01:33,276 - PopulateAtomsDeps - INFO - Processing 3 dependencies in batch
2025-08-04 09:01:33,335 - PopulateAtomsDeps - INFO - Inserting 3 new dependencies
2025-08-04 09:01:33,340 - PopulateAtomsDeps - INFO - Processing 3 dependencies in batch
2025-08-04 09:01:33,390 - PopulateAtomsDeps - INFO - Inserting 3 new dependencies
2025-08-04 09:01:33,396 - PopulateAtomsDeps - INFO - Processing 4 dependencies in batch
2025-08-04 09:01:33,450 - PopulateAtomsDeps - INFO - Inserting 4 new dependencies
2025-08-04 09:01:33,455 - PopulateAtomsDeps - INFO - Processing 10 dependencies in batch
2025-08-04 09:01:33,525 - PopulateAtomsDeps - INFO - Inserting 10 new dependencies
2025-08-04 09:01:33,530 - PopulateAtomsDeps - INFO - Processing 6 dependencies in batch
2025-08-04 09:01:33,588 - PopulateAtomsDeps - INFO - Inserting 6 new dependencies
2025-08-04 09:01:33,592 - PopulateAtomsDeps - INFO - Processing 5 dependencies in batch
2025-08-04 09:01:33,656 - PopulateAtomsDeps - INFO - Inserting 5 new dependencies
2025-08-04 09:01:33,661 - PopulateAtomsDeps - INFO - Processing 4 dependencies in batch
2025-08-04 09:01:33,712 - PopulateAtomsDeps - INFO - Inserting 4 new dependencies
2025-08-04 09:01:33,716 - PopulateAtomsDeps - INFO - Processing 5 dependencies in batch
2025-08-04 09:01:33,765 - PopulateAtomsDeps - INFO - Inserting 5 new dependencies
2025-08-04 09:01:33,771 - PopulateAtomsDeps - INFO - Processing 7 dependencies in batch
2025-08-04 09:01:33,836 - PopulateAtomsDeps - INFO - Inserting 7 new dependencies
2025-08-04 09:01:33,841 - PopulateAtomsDeps - INFO - Processing 9 dependencies in batch
2025-08-04 09:01:33,925 - PopulateAtomsDeps - INFO - Inserting 9 new dependencies
2025-08-04 09:01:33,930 - PopulateAtomsDeps - INFO - Processing 3 dependencies in batch
2025-08-04 09:01:33,982 - PopulateAtomsDeps - INFO - Inserting 3 new dependencies
2025-08-04 09:01:33,987 - PopulateAtomsDeps - INFO - Processing 8 dependencies in batch
2025-08-04 09:01:34,054 - PopulateAtomsDeps - INFO - Inserting 8 new dependencies
2025-08-04 09:01:34,078 - PopulateAtomsDeps - INFO - Processing 16 dependencies in batch
2025-08-04 09:01:34,173 - PopulateAtomsDeps - INFO - Inserting 16 new dependencies
2025-08-04 09:01:34,178 - PopulateAtomsDeps - INFO - Processing 3 dependencies in batch
2025-08-04 09:01:34,241 - PopulateAtomsDeps - INFO - Inserting 3 new dependencies
2025-08-04 09:01:34,249 - PopulateAtomsDeps - INFO - Processing 6 dependencies in batch
2025-08-04 09:01:34,309 - PopulateAtomsDeps - INFO - Inserting 6 new dependencies
2025-08-04 09:01:34,314 - PopulateAtomsDeps - INFO - Processing 4 dependencies in batch
2025-08-04 09:01:34,371 - PopulateAtomsDeps - INFO - Inserting 4 new dependencies
2025-08-04 09:01:34,375 - PopulateAtomsDeps - INFO - Processing 3 dependencies in batch
2025-08-04 09:01:34,433 - PopulateAtomsDeps - INFO - Inserting 3 new dependencies
2025-08-04 09:01:34,438 - PopulateAtomsDeps - INFO - Setting code_id for file molecules in repo 3053
2025-08-04 09:01:34,440 - PopulateAtomsDeps - INFO - Found 23 file molecules with code_id=0 to update
2025-08-04 09:01:34,440 - PopulateAtomsDeps - INFO - Found 0 file molecules with specific code_ids
2025-08-04 09:01:34,454 - PopulateAtomsDeps - INFO - Found code_id mappings for 23 files
2025-08-04 09:01:34,459 - PopulateAtomsDeps - INFO - Successfully updated code_id for 23 file molecules
2025-08-04 09:01:34,460 - PopulateAtomsDeps - INFO - Reading atomizer log file: logs/atomizer_3053_20250804_090117.log
2025-08-04 09:01:34,460 - PopulateAtomsDeps - INFO - Successfully read 600 characters from atomizer log
2025-08-04 09:01:34,467 - PopulateAtomsDeps - INFO - Inserted combined logs to atomizerlogs table for repo_id 3053
2025-08-04 09:01:34,467 - PopulateAtomsDeps - INFO - Successfully completed populate_atomsdeps_grouped_rust.py for repo_id 3053
2025-08-04 09:01:34,467 - PopulateAtomsDeps - INFO - Processing completed for JSON file: /var/www/html/rust-atomizer/3053.json
