2025-08-12 10:34:51,748 - PopulateAtomsDeps - INFO - Logging to file: logs/populate_atoms_20250812_103451.log
2025-08-12 10:34:51,748 - PopulateAtomsDeps - INFO - Starting populate_atomsdeps_grouped_rust.py with parameters:
2025-08-12 10:34:51,748 - PopulateAtomsDeps - INFO -   repo_id: 3205
2025-08-12 10:34:51,748 - PopulateAtomsDeps - INFO -   json_path: /var/www/html/rust-atomizer/3205.json
2025-08-12 10:34:51,748 - PopulateAtomsDeps - INFO -   user_id: 460176
2025-08-12 10:34:51,748 - PopulateAtomsDeps - INFO -   JSON file exists: True
2025-08-12 10:34:51,748 - PopulateAtomsDeps - INFO -   JSON file size: 667347 bytes
2025-08-12 10:34:51,748 - PopulateAtomsDeps - INFO -   JSON file modified: 2025-08-12 10:34:51.360405
2025-08-12 10:34:51,779 - PopulateAtomsDeps - INFO - Identified 7 folders containing Rust files
2025-08-12 10:34:51,780 - PopulateAtomsDeps - INFO - Populating folder structure with 7 folders as molecules for repo 3205
2025-08-12 10:34:51,781 - PopulateAtomsDeps - INFO - All folders to create (including parents): ['curve25519-dalek', 'curve25519-dalek/src', 'curve25519-dalek/src/backend', 'curve25519-dalek/src/edwards', 'curve25519-dalek/src/backend/serial', 'curve25519-dalek/src/backend/serial/u64', 'curve25519-dalek/src/backend/serial/curve_models', 'curve25519-dalek/src/backend/serial/scalar_mul']
2025-08-12 10:34:51,832 - PopulateAtomsDeps - INFO - Adding 24 new file molecules in batch
2025-08-12 10:34:51,847 - PopulateAtomsDeps - INFO - Successfully populated 32 folder and file molecules for repo 3205
2025-08-12 10:34:51,864 - PopulateAtomsDeps - INFO - Nb of Codes: 32
2025-08-12 10:34:51,873 - PopulateAtomsDeps - INFO - Found 15 atoms for curve25519-dalek/src/backend/mod.rs
2025-08-12 10:34:51,874 - PopulateAtomsDeps - INFO - Found 16 atoms for curve25519-dalek/src/backend/serial/curve_models/mod.rs
2025-08-12 10:34:51,874 - PopulateAtomsDeps - INFO - Found 2 atoms for curve25519-dalek/src/backend/serial/scalar_mul/precomputed_straus.rs
2025-08-12 10:34:51,874 - PopulateAtomsDeps - INFO - Found 6 atoms for curve25519-dalek/src/backend/serial/scalar_mul/pippenger.rs
2025-08-12 10:34:51,874 - PopulateAtomsDeps - INFO - Found 6 atoms for curve25519-dalek/src/backend/serial/scalar_mul/straus.rs
2025-08-12 10:34:51,875 - PopulateAtomsDeps - INFO - Found 2 atoms for curve25519-dalek/src/backend/serial/scalar_mul/variable_base.rs
2025-08-12 10:34:51,875 - PopulateAtomsDeps - WARNING - No atoms found for filename: curve25519-dalek/src/backend/serial/scalar_mul/mod.rs
2025-08-12 10:34:51,875 - PopulateAtomsDeps - INFO - Found 1 atoms for curve25519-dalek/src/backend/serial/scalar_mul/vartime_double_base.rs
2025-08-12 10:34:51,875 - PopulateAtomsDeps - WARNING - No atoms found for filename: curve25519-dalek/src/backend/serial/mod.rs
2025-08-12 10:34:51,876 - PopulateAtomsDeps - INFO - Found 24 atoms for curve25519-dalek/src/backend/serial/u64/field_verus.rs
2025-08-12 10:34:51,876 - PopulateAtomsDeps - INFO - Found 42 atoms for curve25519-dalek/src/backend/serial/u64/common_verus.rs
2025-08-12 10:34:51,876 - PopulateAtomsDeps - INFO - Found 49 atoms for curve25519-dalek/src/backend/serial/u64/scalar_lemmas.rs
2025-08-12 10:34:51,876 - PopulateAtomsDeps - INFO - Found 45 atoms for curve25519-dalek/src/backend/serial/u64/field_lemmas.rs
2025-08-12 10:34:51,877 - PopulateAtomsDeps - INFO - Found 16 atoms for curve25519-dalek/src/backend/serial/u64/scalar.rs
2025-08-12 10:34:51,877 - PopulateAtomsDeps - INFO - Found 1 atoms for curve25519-dalek/src/backend/serial/u64/subtle_assumes.rs
2025-08-12 10:34:51,877 - PopulateAtomsDeps - INFO - Found 17 atoms for curve25519-dalek/src/backend/serial/u64/field.rs
2025-08-12 10:34:51,877 - PopulateAtomsDeps - WARNING - No atoms found for filename: curve25519-dalek/src/backend/serial/u64/constants.rs
2025-08-12 10:34:51,877 - PopulateAtomsDeps - WARNING - No atoms found for filename: curve25519-dalek/src/backend/serial/u64/mod.rs
2025-08-12 10:34:51,878 - PopulateAtomsDeps - INFO - Found 5 atoms for curve25519-dalek/src/backend/serial/u64/scalar_specs.rs
2025-08-12 10:34:51,878 - PopulateAtomsDeps - INFO - Found 24 atoms for curve25519-dalek/src/montgomery.rs
2025-08-12 10:34:51,878 - PopulateAtomsDeps - INFO - Found 47 atoms for curve25519-dalek/src/edwards.rs
2025-08-12 10:34:51,878 - PopulateAtomsDeps - INFO - Found 59 atoms for curve25519-dalek/src/scalar.rs
2025-08-12 10:34:51,879 - PopulateAtomsDeps - WARNING - No atoms found for filename: curve25519-dalek/src/macros.rs
2025-08-12 10:34:51,879 - PopulateAtomsDeps - INFO - Found 23 atoms for curve25519-dalek/src/field.rs
2025-08-12 10:34:51,879 - PopulateAtomsDeps - INFO - Found 67 atoms for curve25519-dalek/src/ristretto.rs
2025-08-12 10:34:51,879 - PopulateAtomsDeps - WARNING - No atoms found for filename: curve25519-dalek/src/diagnostics.rs
2025-08-12 10:34:51,880 - PopulateAtomsDeps - WARNING - No atoms found for filename: curve25519-dalek/src/lib.rs
2025-08-12 10:34:51,880 - PopulateAtomsDeps - WARNING - No atoms found for filename: curve25519-dalek/src/constants.rs
2025-08-12 10:34:51,880 - PopulateAtomsDeps - INFO - Found 10 atoms for curve25519-dalek/src/traits.rs
2025-08-12 10:34:51,881 - PopulateAtomsDeps - INFO - Found 9 atoms for curve25519-dalek/src/window.rs
2025-08-12 10:34:51,881 - PopulateAtomsDeps - INFO - Found 8 atoms for curve25519-dalek/src/edwards/affine.rs
2025-08-12 10:34:51,881 - PopulateAtomsDeps - INFO - Found 12 atoms for curve25519-dalek/build.rs
2025-08-12 10:34:51,881 - PopulateAtomsDeps - INFO - Summary: Found atoms for 24 out of 32 files
2025-08-12 10:34:51,881 - PopulateAtomsDeps - INFO - Populating atoms for curve25519-dalek/src/backend/mod.rs and code_id 64623
2025-08-12 10:34:51,890 - PopulateAtomsDeps - INFO - Inserted 15 atoms for file curve25519-dalek/src/backend/mod.rs
2025-08-12 10:34:51,891 - PopulateAtomsDeps - INFO - Populating atoms for curve25519-dalek/src/backend/serial/curve_models/mod.rs and code_id 64624
2025-08-12 10:34:51,901 - PopulateAtomsDeps - INFO - Inserted 16 atoms for file curve25519-dalek/src/backend/serial/curve_models/mod.rs
2025-08-12 10:34:51,902 - PopulateAtomsDeps - INFO - Populating atoms for curve25519-dalek/src/backend/serial/scalar_mul/precomputed_straus.rs and code_id 64625
2025-08-12 10:34:51,907 - PopulateAtomsDeps - INFO - Inserted 2 atoms for file curve25519-dalek/src/backend/serial/scalar_mul/precomputed_straus.rs
2025-08-12 10:34:51,908 - PopulateAtomsDeps - INFO - Populating atoms for curve25519-dalek/src/backend/serial/scalar_mul/pippenger.rs and code_id 64626
2025-08-12 10:34:51,917 - PopulateAtomsDeps - INFO - Inserted 6 atoms for file curve25519-dalek/src/backend/serial/scalar_mul/pippenger.rs
2025-08-12 10:34:51,917 - PopulateAtomsDeps - INFO - Populating atoms for curve25519-dalek/src/backend/serial/scalar_mul/straus.rs and code_id 64627
2025-08-12 10:34:51,925 - PopulateAtomsDeps - INFO - Inserted 6 atoms for file curve25519-dalek/src/backend/serial/scalar_mul/straus.rs
2025-08-12 10:34:51,925 - PopulateAtomsDeps - INFO - Populating atoms for curve25519-dalek/src/backend/serial/scalar_mul/variable_base.rs and code_id 64628
2025-08-12 10:34:51,931 - PopulateAtomsDeps - INFO - Inserted 2 atoms for file curve25519-dalek/src/backend/serial/scalar_mul/variable_base.rs
2025-08-12 10:34:51,931 - PopulateAtomsDeps - INFO - Populating atoms for curve25519-dalek/src/backend/serial/scalar_mul/vartime_double_base.rs and code_id 64630
2025-08-12 10:34:51,936 - PopulateAtomsDeps - INFO - Inserted 1 atoms for file curve25519-dalek/src/backend/serial/scalar_mul/vartime_double_base.rs
2025-08-12 10:34:51,937 - PopulateAtomsDeps - INFO - Populating atoms for curve25519-dalek/src/backend/serial/u64/field_verus.rs and code_id 64632
2025-08-12 10:34:51,961 - PopulateAtomsDeps - INFO - Inserted 24 atoms for file curve25519-dalek/src/backend/serial/u64/field_verus.rs
2025-08-12 10:34:51,962 - PopulateAtomsDeps - INFO - Populating atoms for curve25519-dalek/src/backend/serial/u64/common_verus.rs and code_id 64633
2025-08-12 10:34:52,001 - PopulateAtomsDeps - INFO - Inserted 42 atoms for file curve25519-dalek/src/backend/serial/u64/common_verus.rs
2025-08-12 10:34:52,003 - PopulateAtomsDeps - INFO - Populating atoms for curve25519-dalek/src/backend/serial/u64/scalar_lemmas.rs and code_id 64634
2025-08-12 10:34:52,027 - PopulateAtomsDeps - INFO - Inserted 49 atoms for file curve25519-dalek/src/backend/serial/u64/scalar_lemmas.rs
2025-08-12 10:34:52,028 - PopulateAtomsDeps - INFO - Populating atoms for curve25519-dalek/src/backend/serial/u64/field_lemmas.rs and code_id 64635
2025-08-12 10:34:52,041 - PopulateAtomsDeps - INFO - Inserted 45 atoms for file curve25519-dalek/src/backend/serial/u64/field_lemmas.rs
2025-08-12 10:34:52,041 - PopulateAtomsDeps - INFO - Populating atoms for curve25519-dalek/src/backend/serial/u64/scalar.rs and code_id 64636
2025-08-12 10:34:52,050 - PopulateAtomsDeps - INFO - Inserted 16 atoms for file curve25519-dalek/src/backend/serial/u64/scalar.rs
2025-08-12 10:34:52,051 - PopulateAtomsDeps - INFO - Populating atoms for curve25519-dalek/src/backend/serial/u64/subtle_assumes.rs and code_id 64637
2025-08-12 10:34:52,058 - PopulateAtomsDeps - INFO - Inserted 1 atoms for file curve25519-dalek/src/backend/serial/u64/subtle_assumes.rs
2025-08-12 10:34:52,059 - PopulateAtomsDeps - INFO - Populating atoms for curve25519-dalek/src/backend/serial/u64/field.rs and code_id 64638
2025-08-12 10:34:52,069 - PopulateAtomsDeps - INFO - Inserted 17 atoms for file curve25519-dalek/src/backend/serial/u64/field.rs
2025-08-12 10:34:52,069 - PopulateAtomsDeps - INFO - Populating atoms for curve25519-dalek/src/backend/serial/u64/scalar_specs.rs and code_id 64641
2025-08-12 10:34:52,075 - PopulateAtomsDeps - INFO - Inserted 5 atoms for file curve25519-dalek/src/backend/serial/u64/scalar_specs.rs
2025-08-12 10:34:52,075 - PopulateAtomsDeps - INFO - Populating atoms for curve25519-dalek/src/montgomery.rs and code_id 64642
2025-08-12 10:34:52,088 - PopulateAtomsDeps - INFO - Inserted 24 atoms for file curve25519-dalek/src/montgomery.rs
2025-08-12 10:34:52,092 - PopulateAtomsDeps - INFO - Populating atoms for curve25519-dalek/src/edwards.rs and code_id 64643
2025-08-12 10:34:52,106 - PopulateAtomsDeps - INFO - Inserted 47 atoms for file curve25519-dalek/src/edwards.rs
2025-08-12 10:34:52,107 - PopulateAtomsDeps - INFO - Populating atoms for curve25519-dalek/src/scalar.rs and code_id 64644
2025-08-12 10:34:52,119 - PopulateAtomsDeps - INFO - Inserted 59 atoms for file curve25519-dalek/src/scalar.rs
2025-08-12 10:34:52,120 - PopulateAtomsDeps - INFO - Populating atoms for curve25519-dalek/src/field.rs and code_id 64646
2025-08-12 10:34:52,128 - PopulateAtomsDeps - INFO - Inserted 23 atoms for file curve25519-dalek/src/field.rs
2025-08-12 10:34:52,130 - PopulateAtomsDeps - INFO - Populating atoms for curve25519-dalek/src/ristretto.rs and code_id 64647
2025-08-12 10:34:52,147 - PopulateAtomsDeps - INFO - Inserted 67 atoms for file curve25519-dalek/src/ristretto.rs
2025-08-12 10:34:52,148 - PopulateAtomsDeps - INFO - Populating atoms for curve25519-dalek/src/traits.rs and code_id 64651
2025-08-12 10:34:52,156 - PopulateAtomsDeps - INFO - Inserted 10 atoms for file curve25519-dalek/src/traits.rs
2025-08-12 10:34:52,156 - PopulateAtomsDeps - INFO - Populating atoms for curve25519-dalek/src/window.rs and code_id 64652
2025-08-12 10:34:52,163 - PopulateAtomsDeps - INFO - Inserted 9 atoms for file curve25519-dalek/src/window.rs
2025-08-12 10:34:52,164 - PopulateAtomsDeps - INFO - Populating atoms for curve25519-dalek/src/edwards/affine.rs and code_id 64653
2025-08-12 10:34:52,170 - PopulateAtomsDeps - INFO - Inserted 8 atoms for file curve25519-dalek/src/edwards/affine.rs
2025-08-12 10:34:52,170 - PopulateAtomsDeps - INFO - Populating atoms for curve25519-dalek/build.rs and code_id 64654
2025-08-12 10:34:52,176 - PopulateAtomsDeps - INFO - Inserted 12 atoms for file curve25519-dalek/build.rs
2025-08-12 10:34:52,177 - PopulateAtomsDeps - INFO - Processing 77 dependencies in batch
2025-08-12 10:34:52,265 - PopulateAtomsDeps - INFO - Inserting 77 new dependencies
2025-08-12 10:34:52,277 - PopulateAtomsDeps - INFO - Processing 7 dependencies in batch
2025-08-12 10:34:52,355 - PopulateAtomsDeps - INFO - Inserting 7 new dependencies
2025-08-12 10:34:52,361 - PopulateAtomsDeps - INFO - Processing 7 dependencies in batch
2025-08-12 10:34:52,436 - PopulateAtomsDeps - INFO - Inserting 7 new dependencies
2025-08-12 10:34:52,442 - PopulateAtomsDeps - INFO - Processing 113 dependencies in batch
2025-08-12 10:34:52,527 - PopulateAtomsDeps - INFO - Inserting 113 new dependencies
2025-08-12 10:34:52,550 - PopulateAtomsDeps - INFO - Processing 81 dependencies in batch
2025-08-12 10:34:52,640 - PopulateAtomsDeps - INFO - Inserting 81 new dependencies
2025-08-12 10:34:52,648 - PopulateAtomsDeps - INFO - Processing 92 dependencies in batch
2025-08-12 10:34:52,742 - PopulateAtomsDeps - INFO - Inserting 92 new dependencies
2025-08-12 10:34:52,752 - PopulateAtomsDeps - INFO - Processing 85 dependencies in batch
2025-08-12 10:34:52,850 - PopulateAtomsDeps - INFO - Inserting 85 new dependencies
2025-08-12 10:34:52,857 - PopulateAtomsDeps - INFO - Processing 21 dependencies in batch
2025-08-12 10:34:52,981 - PopulateAtomsDeps - INFO - Inserting 21 new dependencies
2025-08-12 10:34:52,987 - PopulateAtomsDeps - INFO - Processing 6 dependencies in batch
2025-08-12 10:34:53,100 - PopulateAtomsDeps - INFO - Inserting 6 new dependencies
2025-08-12 10:34:53,105 - PopulateAtomsDeps - INFO - Processing 6 dependencies in batch
2025-08-12 10:34:53,169 - PopulateAtomsDeps - INFO - Inserting 6 new dependencies
2025-08-12 10:34:53,174 - PopulateAtomsDeps - INFO - Processing 40 dependencies in batch
2025-08-12 10:34:53,263 - PopulateAtomsDeps - INFO - Inserting 40 new dependencies
2025-08-12 10:34:53,270 - PopulateAtomsDeps - INFO - Processing 73 dependencies in batch
2025-08-12 10:34:53,381 - PopulateAtomsDeps - INFO - Inserting 73 new dependencies
2025-08-12 10:34:53,388 - PopulateAtomsDeps - INFO - Processing 154 dependencies in batch
2025-08-12 10:34:53,517 - PopulateAtomsDeps - INFO - Inserting 154 new dependencies
2025-08-12 10:34:53,525 - PopulateAtomsDeps - INFO - Processing 34 dependencies in batch
2025-08-12 10:34:53,612 - PopulateAtomsDeps - INFO - Inserting 34 new dependencies
2025-08-12 10:34:53,619 - PopulateAtomsDeps - INFO - Processing 92 dependencies in batch
2025-08-12 10:34:53,715 - PopulateAtomsDeps - INFO - Inserting 92 new dependencies
2025-08-12 10:34:53,722 - PopulateAtomsDeps - INFO - Processing 8 dependencies in batch
2025-08-12 10:34:53,788 - PopulateAtomsDeps - INFO - Inserting 8 new dependencies
2025-08-12 10:34:53,793 - PopulateAtomsDeps - INFO - Processing 12 dependencies in batch
2025-08-12 10:34:53,870 - PopulateAtomsDeps - INFO - Inserting 12 new dependencies
2025-08-12 10:34:53,882 - PopulateAtomsDeps - INFO - Processing 6 dependencies in batch
2025-08-12 10:34:53,995 - PopulateAtomsDeps - INFO - Inserting 6 new dependencies
2025-08-12 10:34:54,000 - PopulateAtomsDeps - INFO - Processing 11 dependencies in batch
2025-08-12 10:34:54,131 - PopulateAtomsDeps - INFO - Inserting 11 new dependencies
2025-08-12 10:34:54,136 - PopulateAtomsDeps - INFO - Setting code_id for file molecules in repo 3205
2025-08-12 10:34:54,141 - PopulateAtomsDeps - INFO - Found 24 file molecules with code_id=0 to update
2025-08-12 10:34:54,141 - PopulateAtomsDeps - INFO - Found 0 file molecules with specific code_ids
2025-08-12 10:34:54,155 - PopulateAtomsDeps - INFO - Found code_id mappings for 24 files
2025-08-12 10:34:54,162 - PopulateAtomsDeps - INFO - Successfully updated code_id for 24 file molecules
2025-08-12 10:34:54,164 - PopulateAtomsDeps - INFO - Reading atomizer log file: logs/atomizer_3205_20250812_103419.log
2025-08-12 10:34:54,165 - PopulateAtomsDeps - INFO - Successfully read 601 characters from atomizer log
2025-08-12 10:34:54,170 - PopulateAtomsDeps - INFO - Inserted combined logs to atomizerlogs table for repo_id 3205
2025-08-12 10:34:54,171 - PopulateAtomsDeps - INFO - Successfully completed populate_atomsdeps_grouped_rust.py for repo_id 3205
2025-08-12 10:34:54,171 - PopulateAtomsDeps - INFO - Processing completed for JSON file: /var/www/html/rust-atomizer/3205.json
