2025-06-23 07:21:48,374 - PopulateAtomsDeps - INFO - Logging to file: logs/populate_atoms_20250623_072148.log
2025-06-23 07:21:48,376 - PopulateAtomsDeps - INFO - Identified 3 folders containing Rust files
2025-06-23 07:21:48,376 - PopulateAtomsDeps - INFO - Populating folder structure with 3 folders as molecules for repo 3053
2025-06-23 07:21:48,384 - PopulateAtomsDeps - INFO - Adding new folder molecules ['src/', 'src/bin/', 'benches/'] in batch
2025-06-23 07:21:48,396 - PopulateAtomsDeps - INFO - Adding 23 new file molecules in batch
2025-06-23 07:21:48,409 - PopulateAtomsDeps - INFO - Successfully populated 26 folder and file molecules for repo 3053
2025-06-23 07:21:48,417 - PopulateAtomsDeps - INFO - Nb of Codes: 24
2025-06-23 07:21:48,419 - PopulateAtomsDeps - INFO - Populating atoms for benches/sort_benchmark.rs and code_id 38784
2025-06-23 07:21:48,426 - PopulateAtomsDeps - INFO - Inserted 3 atoms for file benches/sort_benchmark.rs
2025-06-23 07:21:48,426 - PopulateAtomsDeps - INFO - Populating atoms for src/smooth_sort.rs and code_id 38785
2025-06-23 07:21:48,432 - PopulateAtomsDeps - INFO - Inserted 7 atoms for file src/smooth_sort.rs
2025-06-23 07:21:48,432 - PopulateAtomsDeps - INFO - Populating atoms for src/nheap_sort.rs and code_id 38786
2025-06-23 07:21:48,438 - PopulateAtomsDeps - INFO - Inserted 6 atoms for file src/nheap_sort.rs
2025-06-23 07:21:48,438 - PopulateAtomsDeps - INFO - Populating atoms for src/shell_sort.rs and code_id 38787
2025-06-23 07:21:48,445 - PopulateAtomsDeps - INFO - Inserted 7 atoms for file src/shell_sort.rs
2025-06-23 07:21:48,445 - PopulateAtomsDeps - INFO - Populating atoms for bin/powers_of_two.rs and code_id 38788
2025-06-23 07:21:48,450 - PopulateAtomsDeps - INFO - Inserted 1 atoms for file src/bin/powers_of_two.rs
2025-06-23 07:21:48,450 - PopulateAtomsDeps - INFO - Populating atoms for bin/leonardo_numbers.rs and code_id 38789
2025-06-23 07:21:48,456 - PopulateAtomsDeps - INFO - Inserted 4 atoms for file src/bin/leonardo_numbers.rs
2025-06-23 07:21:48,456 - PopulateAtomsDeps - INFO - Populating atoms for src/insertion_sort.rs and code_id 38790
2025-06-23 07:21:48,461 - PopulateAtomsDeps - INFO - Inserted 4 atoms for file src/insertion_sort.rs
2025-06-23 07:21:48,462 - PopulateAtomsDeps - INFO - Populating atoms for src/cocktail_sort.rs and code_id 38791
2025-06-23 07:21:48,468 - PopulateAtomsDeps - INFO - Inserted 4 atoms for file src/cocktail_sort.rs
2025-06-23 07:21:48,468 - PopulateAtomsDeps - INFO - Populating atoms for src/slow_sort.rs and code_id 38792
2025-06-23 07:21:48,474 - PopulateAtomsDeps - INFO - Inserted 5 atoms for file src/slow_sort.rs
2025-06-23 07:21:48,475 - PopulateAtomsDeps - INFO - Populating atoms for src/quick_sort.rs and code_id 38793
2025-06-23 07:21:48,482 - PopulateAtomsDeps - INFO - Inserted 12 atoms for file src/quick_sort.rs
2025-06-23 07:21:48,482 - PopulateAtomsDeps - INFO - Populating atoms for src/gnome_sort.rs and code_id 38794
2025-06-23 07:21:48,488 - PopulateAtomsDeps - INFO - Inserted 8 atoms for file src/gnome_sort.rs
2025-06-23 07:21:48,489 - PopulateAtomsDeps - INFO - Populating atoms for src/ksort.rs and code_id 38795
2025-06-23 07:21:48,494 - PopulateAtomsDeps - INFO - Inserted 6 atoms for file src/ksort.rs
2025-06-23 07:21:48,495 - PopulateAtomsDeps - INFO - Populating atoms for src/stooge_sort.rs and code_id 38796
2025-06-23 07:21:48,501 - PopulateAtomsDeps - INFO - Inserted 5 atoms for file src/stooge_sort.rs
2025-06-23 07:21:48,501 - PopulateAtomsDeps - INFO - Populating atoms for src/pancake_sort.rs and code_id 38797
2025-06-23 07:21:48,509 - PopulateAtomsDeps - INFO - Inserted 6 atoms for file src/pancake_sort.rs
2025-06-23 07:21:48,510 - PopulateAtomsDeps - INFO - Populating atoms for src/merge_sort.rs and code_id 38798
2025-06-23 07:21:48,516 - PopulateAtomsDeps - INFO - Inserted 9 atoms for file src/merge_sort.rs
2025-06-23 07:21:48,516 - PopulateAtomsDeps - INFO - Populating atoms for src/bitonic_sort.rs and code_id 38799
2025-06-23 07:21:48,523 - PopulateAtomsDeps - INFO - Inserted 10 atoms for file src/bitonic_sort.rs
2025-06-23 07:21:48,523 - PopulateAtomsDeps - INFO - Populating atoms for src/comb_sort.rs and code_id 38800
2025-06-23 07:21:48,530 - PopulateAtomsDeps - INFO - Inserted 4 atoms for file src/comb_sort.rs
2025-06-23 07:21:48,530 - PopulateAtomsDeps - INFO - Populating atoms for src/oddeven_sort.rs and code_id 38801
2025-06-23 07:21:48,538 - PopulateAtomsDeps - INFO - Inserted 10 atoms for file src/oddeven_sort.rs
2025-06-23 07:21:48,538 - PopulateAtomsDeps - INFO - Populating atoms for src/heap_sort.rs and code_id 38802
2025-06-23 07:21:48,546 - PopulateAtomsDeps - INFO - Inserted 19 atoms for file src/heap_sort.rs
2025-06-23 07:21:48,546 - PopulateAtomsDeps - INFO - Populating atoms for src/bubble_sort.rs and code_id 38803
2025-06-23 07:21:48,551 - PopulateAtomsDeps - INFO - Inserted 4 atoms for file src/bubble_sort.rs
2025-06-23 07:21:48,552 - PopulateAtomsDeps - INFO - Populating atoms for src/selection_sort.rs and code_id 38805
2025-06-23 07:21:48,558 - PopulateAtomsDeps - INFO - Inserted 8 atoms for file src/selection_sort.rs
2025-06-23 07:21:48,558 - PopulateAtomsDeps - INFO - Populating atoms for src/bingo_sort.rs and code_id 38806
2025-06-23 07:21:48,563 - PopulateAtomsDeps - INFO - Inserted 5 atoms for file src/bingo_sort.rs
2025-06-23 07:21:48,564 - PopulateAtomsDeps - INFO - Populating atoms for src/cycle_sort.rs and code_id 38807
2025-06-23 07:21:48,569 - PopulateAtomsDeps - INFO - Inserted 4 atoms for file src/cycle_sort.rs
2025-06-23 07:21:48,569 - PopulateAtomsDeps - INFO - Processing 25 dependencies in batch
2025-06-23 07:21:48,600 - PopulateAtomsDeps - INFO - Inserting 25 new dependencies
2025-06-23 07:21:48,606 - PopulateAtomsDeps - INFO - Processing 7 dependencies in batch
2025-06-23 07:21:48,631 - PopulateAtomsDeps - INFO - Inserting 7 new dependencies
2025-06-23 07:21:48,636 - PopulateAtomsDeps - INFO - Processing 5 dependencies in batch
2025-06-23 07:21:48,661 - PopulateAtomsDeps - INFO - Inserting 5 new dependencies
2025-06-23 07:21:48,666 - PopulateAtomsDeps - INFO - Processing 5 dependencies in batch
2025-06-23 07:21:48,691 - PopulateAtomsDeps - INFO - Inserting 5 new dependencies
2025-06-23 07:21:48,695 - PopulateAtomsDeps - INFO - Processing 5 dependencies in batch
2025-06-23 07:21:48,718 - PopulateAtomsDeps - INFO - Inserting 5 new dependencies
2025-06-23 07:21:48,723 - PopulateAtomsDeps - INFO - Processing 3 dependencies in batch
2025-06-23 07:21:48,747 - PopulateAtomsDeps - INFO - Inserting 3 new dependencies
2025-06-23 07:21:48,752 - PopulateAtomsDeps - INFO - Processing 3 dependencies in batch
2025-06-23 07:21:48,775 - PopulateAtomsDeps - INFO - Inserting 3 new dependencies
2025-06-23 07:21:48,781 - PopulateAtomsDeps - INFO - Processing 4 dependencies in batch
2025-06-23 07:21:48,804 - PopulateAtomsDeps - INFO - Inserting 4 new dependencies
2025-06-23 07:21:48,811 - PopulateAtomsDeps - INFO - Processing 10 dependencies in batch
2025-06-23 07:21:48,837 - PopulateAtomsDeps - INFO - Inserting 10 new dependencies
2025-06-23 07:21:48,842 - PopulateAtomsDeps - INFO - Processing 6 dependencies in batch
2025-06-23 07:21:48,866 - PopulateAtomsDeps - INFO - Inserting 6 new dependencies
2025-06-23 07:21:48,871 - PopulateAtomsDeps - INFO - Processing 5 dependencies in batch
2025-06-23 07:21:48,896 - PopulateAtomsDeps - INFO - Inserting 5 new dependencies
2025-06-23 07:21:48,901 - PopulateAtomsDeps - INFO - Processing 4 dependencies in batch
2025-06-23 07:21:48,925 - PopulateAtomsDeps - INFO - Inserting 4 new dependencies
2025-06-23 07:21:48,930 - PopulateAtomsDeps - INFO - Processing 5 dependencies in batch
2025-06-23 07:21:48,954 - PopulateAtomsDeps - INFO - Inserting 5 new dependencies
2025-06-23 07:21:48,959 - PopulateAtomsDeps - INFO - Processing 7 dependencies in batch
2025-06-23 07:21:48,985 - PopulateAtomsDeps - INFO - Inserting 7 new dependencies
2025-06-23 07:21:48,990 - PopulateAtomsDeps - INFO - Processing 9 dependencies in batch
2025-06-23 07:21:49,014 - PopulateAtomsDeps - INFO - Inserting 9 new dependencies
2025-06-23 07:21:49,019 - PopulateAtomsDeps - INFO - Processing 3 dependencies in batch
2025-06-23 07:21:49,042 - PopulateAtomsDeps - INFO - Inserting 3 new dependencies
2025-06-23 07:21:49,048 - PopulateAtomsDeps - INFO - Processing 8 dependencies in batch
2025-06-23 07:21:49,074 - PopulateAtomsDeps - INFO - Inserting 8 new dependencies
2025-06-23 07:21:49,079 - PopulateAtomsDeps - INFO - Processing 16 dependencies in batch
2025-06-23 07:21:49,107 - PopulateAtomsDeps - INFO - Inserting 16 new dependencies
2025-06-23 07:21:49,113 - PopulateAtomsDeps - INFO - Processing 3 dependencies in batch
2025-06-23 07:21:49,137 - PopulateAtomsDeps - INFO - Inserting 3 new dependencies
2025-06-23 07:21:49,142 - PopulateAtomsDeps - INFO - Processing 6 dependencies in batch
2025-06-23 07:21:49,167 - PopulateAtomsDeps - INFO - Inserting 6 new dependencies
2025-06-23 07:21:49,172 - PopulateAtomsDeps - INFO - Processing 4 dependencies in batch
2025-06-23 07:21:49,195 - PopulateAtomsDeps - INFO - Inserting 4 new dependencies
2025-06-23 07:21:49,200 - PopulateAtomsDeps - INFO - Processing 3 dependencies in batch
2025-06-23 07:21:49,223 - PopulateAtomsDeps - INFO - Inserting 3 new dependencies
2025-06-23 07:21:49,228 - PopulateAtomsDeps - INFO - Setting code_id for file molecules in repo 3053
2025-06-23 07:21:49,231 - PopulateAtomsDeps - INFO - Found 23 file molecules to update
2025-06-23 07:21:49,255 - PopulateAtomsDeps - INFO - Found code_id mappings for 23 files
2025-06-23 07:21:49,259 - PopulateAtomsDeps - INFO - Successfully updated code_id for 23 file molecules
2025-06-23 07:21:49,260 - PopulateAtomsDeps - INFO - Reading atomizer log file: logs/atomizer_3053_20250623_072117.log
2025-06-23 07:21:49,261 - PopulateAtomsDeps - INFO - Successfully read 600 characters from atomizer log
2025-06-23 07:21:49,277 - PopulateAtomsDeps - INFO - Inserted combined logs to atomizerlogs table for repo_id 3053
