2025-08-04 08:11:45,572 - PopulateAtomsDeps - INFO - Logging to file: logs/populate_atoms_20250804_081145.log
2025-08-04 08:11:45,573 - PopulateAtomsDeps - INFO - Starting populate_atomsdeps_grouped_rust.py with parameters:
2025-08-04 08:11:45,573 - PopulateAtomsDeps - INFO -   repo_id: 3158
2025-08-04 08:11:45,573 - PopulateAtomsDeps - INFO -   json_path: /var/www/html/rust-atomizer/3158.json
2025-08-04 08:11:45,573 - PopulateAtomsDeps - INFO -   user_id: 460176
2025-08-04 08:11:45,573 - PopulateAtomsDeps - INFO -   JSON file exists: True
2025-08-04 08:11:45,573 - PopulateAtomsDeps - INFO -   JSON file size: 769672 bytes
2025-08-04 08:11:45,573 - PopulateAtomsDeps - INFO -   JSON file modified: 2025-08-04 08:11:44.793827
2025-08-04 08:11:45,584 - PopulateAtomsDeps - INFO - Identified 19 folders containing Rust files
2025-08-04 08:11:45,584 - PopulateAtomsDeps - INFO - Populating folder structure with 19 folders as molecules for repo 3158
2025-08-04 08:11:45,608 - PopulateAtomsDeps - INFO - All folders to create (including parents): ['curve25519-dalek-derive', 'ed25519-dalek', 'curve25519-dalek', 'x25519-dalek', 'curve25519-dalek/src', 'ed25519-dalek/src', 'curve25519-dalek-derive/tests', 'ed25519-dalek/benches', 'x25519-dalek/src', 'x25519-dalek/tests', 'x25519-dalek/benches', 'curve25519-dalek/benches', 'curve25519-dalek-derive/src', 'ed25519-dalek/tests', 'curve25519-dalek/src/edwards', 'curve25519-dalek/src/backend', 'curve25519-dalek/src/backend/vector', 'curve25519-dalek/src/backend/serial', 'curve25519-dalek/src/backend/serial/scalar_mul', 'curve25519-dalek/src/backend/serial/curve_models', 'curve25519-dalek/src/backend/vector/scalar_mul', 'curve25519-dalek/src/backend/vector/avx2', 'curve25519-dalek/src/backend/serial/u64']
2025-08-04 08:11:45,769 - PopulateAtomsDeps - INFO - Adding 46 new file molecules in batch
2025-08-04 08:11:45,791 - PopulateAtomsDeps - INFO - Successfully populated 69 folder and file molecules for repo 3158
2025-08-04 08:11:45,820 - PopulateAtomsDeps - INFO - Nb of Codes: 80
2025-08-04 08:11:45,828 - PopulateAtomsDeps - INFO - Found 16 atoms for curve25519-dalek-derive/tests/tests.rs
2025-08-04 08:11:45,828 - PopulateAtomsDeps - INFO - Found 11 atoms for curve25519-dalek-derive/src/lib.rs
2025-08-04 08:11:45,828 - PopulateAtomsDeps - INFO - Found 7 atoms for x25519-dalek/tests/x25519_tests.rs
2025-08-04 08:11:45,829 - PopulateAtomsDeps - INFO - Found 2 atoms for x25519-dalek/benches/x25519.rs
2025-08-04 08:11:45,829 - PopulateAtomsDeps - WARNING - No atoms found for filename: x25519-dalek/src/lib.rs
2025-08-04 08:11:45,829 - PopulateAtomsDeps - INFO - Found 23 atoms for x25519-dalek/src/x25519.rs
2025-08-04 08:11:45,830 - PopulateAtomsDeps - INFO - Found 25 atoms for curve25519-dalek/benches/dalek_benchmarks.rs
2025-08-04 08:11:45,830 - PopulateAtomsDeps - INFO - Found 19 atoms for curve25519-dalek/src/backend/vector/avx2/edwards.rs
2025-08-04 08:11:45,830 - PopulateAtomsDeps - INFO - Found 22 atoms for curve25519-dalek/src/backend/vector/avx2/field.rs
2025-08-04 08:11:45,830 - PopulateAtomsDeps - WARNING - No atoms found for filename: curve25519-dalek/src/backend/vector/avx2/constants.rs
2025-08-04 08:11:45,831 - PopulateAtomsDeps - WARNING - No atoms found for filename: curve25519-dalek/src/backend/vector/avx2/mod.rs
2025-08-04 08:11:45,831 - PopulateAtomsDeps - WARNING - No atoms found for filename: curve25519-dalek/src/backend/vector/ifma/edwards.rs
2025-08-04 08:11:45,831 - PopulateAtomsDeps - WARNING - No atoms found for filename: curve25519-dalek/src/backend/vector/ifma/field.rs
2025-08-04 08:11:45,832 - PopulateAtomsDeps - WARNING - No atoms found for filename: curve25519-dalek/src/backend/vector/ifma/constants.rs
2025-08-04 08:11:45,832 - PopulateAtomsDeps - WARNING - No atoms found for filename: curve25519-dalek/src/backend/vector/ifma/mod.rs
2025-08-04 08:11:45,832 - PopulateAtomsDeps - INFO - Found 4 atoms for curve25519-dalek/src/backend/vector/scalar_mul/precomputed_straus.rs
2025-08-04 08:11:45,832 - PopulateAtomsDeps - INFO - Found 1 atoms for curve25519-dalek/src/backend/vector/scalar_mul/pippenger.rs
2025-08-04 08:11:45,833 - PopulateAtomsDeps - INFO - Found 2 atoms for curve25519-dalek/src/backend/vector/scalar_mul/straus.rs
2025-08-04 08:11:45,833 - PopulateAtomsDeps - INFO - Found 1 atoms for curve25519-dalek/src/backend/vector/scalar_mul/variable_base.rs
2025-08-04 08:11:45,833 - PopulateAtomsDeps - WARNING - No atoms found for filename: curve25519-dalek/src/backend/vector/scalar_mul/mod.rs
2025-08-04 08:11:45,834 - PopulateAtomsDeps - INFO - Found 1 atoms for curve25519-dalek/src/backend/vector/scalar_mul/vartime_double_base.rs
2025-08-04 08:11:45,834 - PopulateAtomsDeps - INFO - Found 9 atoms for curve25519-dalek/src/backend/vector/packed_simd.rs
2025-08-04 08:11:45,834 - PopulateAtomsDeps - WARNING - No atoms found for filename: curve25519-dalek/src/backend/vector/mod.rs
2025-08-04 08:11:45,834 - PopulateAtomsDeps - INFO - Found 12 atoms for curve25519-dalek/src/backend/mod.rs
2025-08-04 08:11:45,835 - PopulateAtomsDeps - INFO - Found 26 atoms for curve25519-dalek/src/backend/serial/curve_models/mod.rs
2025-08-04 08:11:45,835 - PopulateAtomsDeps - INFO - Found 4 atoms for curve25519-dalek/src/backend/serial/scalar_mul/precomputed_straus.rs
2025-08-04 08:11:45,835 - PopulateAtomsDeps - INFO - Found 2 atoms for curve25519-dalek/src/backend/serial/scalar_mul/pippenger.rs
2025-08-04 08:11:45,835 - PopulateAtomsDeps - INFO - Found 2 atoms for curve25519-dalek/src/backend/serial/scalar_mul/straus.rs
2025-08-04 08:11:45,836 - PopulateAtomsDeps - INFO - Found 1 atoms for curve25519-dalek/src/backend/serial/scalar_mul/variable_base.rs
2025-08-04 08:11:45,836 - PopulateAtomsDeps - WARNING - No atoms found for filename: curve25519-dalek/src/backend/serial/scalar_mul/mod.rs
2025-08-04 08:11:45,836 - PopulateAtomsDeps - INFO - Found 1 atoms for curve25519-dalek/src/backend/serial/scalar_mul/vartime_double_base.rs
2025-08-04 08:11:45,836 - PopulateAtomsDeps - WARNING - No atoms found for filename: curve25519-dalek/src/backend/serial/fiat_u32/field.rs
2025-08-04 08:11:45,837 - PopulateAtomsDeps - WARNING - No atoms found for filename: curve25519-dalek/src/backend/serial/fiat_u32/mod.rs
2025-08-04 08:11:45,837 - PopulateAtomsDeps - WARNING - No atoms found for filename: curve25519-dalek/src/backend/serial/u32/scalar.rs
2025-08-04 08:11:45,837 - PopulateAtomsDeps - WARNING - No atoms found for filename: curve25519-dalek/src/backend/serial/u32/field.rs
2025-08-04 08:11:45,838 - PopulateAtomsDeps - WARNING - No atoms found for filename: curve25519-dalek/src/backend/serial/u32/constants.rs
2025-08-04 08:11:45,838 - PopulateAtomsDeps - WARNING - No atoms found for filename: curve25519-dalek/src/backend/serial/u32/mod.rs
2025-08-04 08:11:45,839 - PopulateAtomsDeps - WARNING - No atoms found for filename: curve25519-dalek/src/backend/serial/fiat_u64/field.rs
2025-08-04 08:11:45,839 - PopulateAtomsDeps - WARNING - No atoms found for filename: curve25519-dalek/src/backend/serial/fiat_u64/mod.rs
2025-08-04 08:11:45,839 - PopulateAtomsDeps - WARNING - No atoms found for filename: curve25519-dalek/src/backend/serial/mod.rs
2025-08-04 08:11:45,840 - PopulateAtomsDeps - INFO - Found 11 atoms for curve25519-dalek/src/backend/serial/u64/field_verus.rs
2025-08-04 08:11:45,840 - PopulateAtomsDeps - INFO - Found 1 atoms for curve25519-dalek/src/backend/serial/u64/common_verus.rs
2025-08-04 08:11:45,840 - PopulateAtomsDeps - WARNING - No atoms found for filename: curve25519-dalek/src/backend/serial/u64/scalar_lemmas.rs
2025-08-04 08:11:45,840 - PopulateAtomsDeps - INFO - Found 1 atoms for curve25519-dalek/src/backend/serial/u64/field_lemmas.rs
2025-08-04 08:11:45,841 - PopulateAtomsDeps - INFO - Found 30 atoms for curve25519-dalek/src/backend/serial/u64/scalar.rs
2025-08-04 08:11:45,841 - PopulateAtomsDeps - INFO - Found 1 atoms for curve25519-dalek/src/backend/serial/u64/subtle_assumes.rs
2025-08-04 08:11:45,841 - PopulateAtomsDeps - INFO - Found 22 atoms for curve25519-dalek/src/backend/serial/u64/field.rs
2025-08-04 08:11:45,841 - PopulateAtomsDeps - WARNING - No atoms found for filename: curve25519-dalek/src/backend/serial/u64/constants.rs
2025-08-04 08:11:45,842 - PopulateAtomsDeps - WARNING - No atoms found for filename: curve25519-dalek/src/backend/serial/u64/mod.rs
2025-08-04 08:11:45,843 - PopulateAtomsDeps - WARNING - No atoms found for filename: curve25519-dalek/src/backend/serial/u64/scalar_specs.rs
2025-08-04 08:11:45,843 - PopulateAtomsDeps - INFO - Found 36 atoms for curve25519-dalek/src/montgomery.rs
2025-08-04 08:11:45,844 - PopulateAtomsDeps - INFO - Found 101 atoms for curve25519-dalek/src/edwards.rs
2025-08-04 08:11:45,844 - PopulateAtomsDeps - INFO - Found 78 atoms for curve25519-dalek/src/scalar.rs
2025-08-04 08:11:45,844 - PopulateAtomsDeps - WARNING - No atoms found for filename: curve25519-dalek/src/macros.rs
2025-08-04 08:11:45,844 - PopulateAtomsDeps - INFO - Found 26 atoms for curve25519-dalek/src/field.rs
2025-08-04 08:11:45,845 - PopulateAtomsDeps - INFO - Found 70 atoms for curve25519-dalek/src/ristretto.rs
2025-08-04 08:11:45,845 - PopulateAtomsDeps - WARNING - No atoms found for filename: curve25519-dalek/src/diagnostics.rs
2025-08-04 08:11:45,845 - PopulateAtomsDeps - WARNING - No atoms found for filename: curve25519-dalek/src/lib.rs
2025-08-04 08:11:45,846 - PopulateAtomsDeps - INFO - Found 8 atoms for curve25519-dalek/src/constants.rs
2025-08-04 08:11:45,846 - PopulateAtomsDeps - INFO - Found 10 atoms for curve25519-dalek/src/traits.rs
2025-08-04 08:11:45,846 - PopulateAtomsDeps - INFO - Found 8 atoms for curve25519-dalek/src/window.rs
2025-08-04 08:11:45,846 - PopulateAtomsDeps - INFO - Found 11 atoms for curve25519-dalek/src/edwards/affine.rs
2025-08-04 08:11:45,847 - PopulateAtomsDeps - INFO - Found 5 atoms for curve25519-dalek/build.rs
2025-08-04 08:11:45,847 - PopulateAtomsDeps - INFO - Found 6 atoms for ed25519-dalek/tests/ed25519.rs
2025-08-04 08:11:45,847 - PopulateAtomsDeps - INFO - Found 5 atoms for ed25519-dalek/tests/validation_criteria.rs
2025-08-04 08:11:45,847 - PopulateAtomsDeps - WARNING - No atoms found for filename: ed25519-dalek/tests/pkcs8.rs
2025-08-04 08:11:45,848 - PopulateAtomsDeps - INFO - Found 1 atoms for ed25519-dalek/tests/x25519.rs
2025-08-04 08:11:45,848 - PopulateAtomsDeps - INFO - Found 6 atoms for ed25519-dalek/benches/ed25519_benchmarks.rs
2025-08-04 08:11:45,848 - PopulateAtomsDeps - INFO - Found 23 atoms for ed25519-dalek/src/verifying.rs
2025-08-04 08:11:45,848 - PopulateAtomsDeps - WARNING - No atoms found for filename: ed25519-dalek/src/batch.rs
2025-08-04 08:11:45,849 - PopulateAtomsDeps - INFO - Found 13 atoms for ed25519-dalek/src/hazmat.rs
2025-08-04 08:11:45,849 - PopulateAtomsDeps - INFO - Found 6 atoms for ed25519-dalek/src/signature.rs
2025-08-04 08:11:45,849 - PopulateAtomsDeps - INFO - Found 2 atoms for ed25519-dalek/src/errors.rs
2025-08-04 08:11:45,849 - PopulateAtomsDeps - WARNING - No atoms found for filename: ed25519-dalek/src/batch/strobe.rs
2025-08-04 08:11:45,850 - PopulateAtomsDeps - WARNING - No atoms found for filename: ed25519-dalek/src/batch/transcript.rs
2025-08-04 08:11:45,850 - PopulateAtomsDeps - WARNING - No atoms found for filename: ed25519-dalek/src/verifying/stream.rs
2025-08-04 08:11:45,850 - PopulateAtomsDeps - INFO - Found 26 atoms for ed25519-dalek/src/signing.rs
2025-08-04 08:11:45,851 - PopulateAtomsDeps - WARNING - No atoms found for filename: ed25519-dalek/src/context.rs
2025-08-04 08:11:45,851 - PopulateAtomsDeps - WARNING - No atoms found for filename: ed25519-dalek/src/lib.rs
2025-08-04 08:11:45,851 - PopulateAtomsDeps - WARNING - No atoms found for filename: ed25519-dalek/src/constants.rs
2025-08-04 08:11:45,852 - PopulateAtomsDeps - INFO - Summary: Found atoms for 46 out of 80 files
2025-08-04 08:11:45,852 - PopulateAtomsDeps - INFO - Populating atoms for curve25519-dalek-derive/tests/tests.rs and code_id 55843
2025-08-04 08:11:45,863 - PopulateAtomsDeps - INFO - Inserted 16 atoms for file curve25519-dalek-derive/tests/tests.rs
2025-08-04 08:11:45,863 - PopulateAtomsDeps - INFO - Populating atoms for curve25519-dalek-derive/src/lib.rs and code_id 55847
2025-08-04 08:11:45,871 - PopulateAtomsDeps - INFO - Inserted 11 atoms for file curve25519-dalek-derive/src/lib.rs
2025-08-04 08:11:45,872 - PopulateAtomsDeps - INFO - Populating atoms for x25519-dalek/tests/x25519_tests.rs and code_id 55855
2025-08-04 08:11:45,879 - PopulateAtomsDeps - INFO - Inserted 7 atoms for file x25519-dalek/tests/x25519_tests.rs
2025-08-04 08:11:45,879 - PopulateAtomsDeps - INFO - Populating atoms for x25519-dalek/benches/x25519.rs and code_id 55856
2025-08-04 08:11:45,885 - PopulateAtomsDeps - INFO - Inserted 2 atoms for file x25519-dalek/benches/x25519.rs
2025-08-04 08:11:45,885 - PopulateAtomsDeps - INFO - Populating atoms for x25519-dalek/src/x25519.rs and code_id 55860
2025-08-04 08:11:45,897 - PopulateAtomsDeps - INFO - Inserted 21 atoms for file x25519-dalek/src/x25519.rs
2025-08-04 08:11:45,897 - PopulateAtomsDeps - INFO - Populating atoms for curve25519-dalek/benches/dalek_benchmarks.rs and code_id 55871
2025-08-04 08:11:45,911 - PopulateAtomsDeps - INFO - Inserted 25 atoms for file curve25519-dalek/benches/dalek_benchmarks.rs
2025-08-04 08:11:45,912 - PopulateAtomsDeps - INFO - Populating atoms for curve25519-dalek/src/backend/vector/avx2/edwards.rs and code_id 55875
2025-08-04 08:11:45,927 - PopulateAtomsDeps - INFO - Inserted 19 atoms for file curve25519-dalek/src/backend/vector/avx2/edwards.rs
2025-08-04 08:11:45,928 - PopulateAtomsDeps - INFO - Populating atoms for curve25519-dalek/src/backend/vector/avx2/field.rs and code_id 55876
2025-08-04 08:11:45,955 - PopulateAtomsDeps - INFO - Inserted 22 atoms for file curve25519-dalek/src/backend/vector/avx2/field.rs
2025-08-04 08:11:45,955 - PopulateAtomsDeps - INFO - Populating atoms for curve25519-dalek/src/backend/vector/scalar_mul/precomputed_straus.rs and code_id 55883
2025-08-04 08:11:45,961 - PopulateAtomsDeps - INFO - Inserted 1 atoms for file curve25519-dalek/src/backend/vector/scalar_mul/precomputed_straus.rs
2025-08-04 08:11:45,961 - PopulateAtomsDeps - INFO - Populating atoms for curve25519-dalek/src/backend/vector/scalar_mul/pippenger.rs and code_id 55884
2025-08-04 08:11:45,968 - PopulateAtomsDeps - INFO - Inserted 1 atoms for file curve25519-dalek/src/backend/vector/scalar_mul/pippenger.rs
2025-08-04 08:11:45,968 - PopulateAtomsDeps - INFO - Populating atoms for curve25519-dalek/src/backend/vector/scalar_mul/straus.rs and code_id 55885
2025-08-04 08:11:45,974 - PopulateAtomsDeps - INFO - Inserted 2 atoms for file curve25519-dalek/src/backend/vector/scalar_mul/straus.rs
2025-08-04 08:11:45,974 - PopulateAtomsDeps - INFO - Populating atoms for curve25519-dalek/src/backend/vector/scalar_mul/variable_base.rs and code_id 55886
2025-08-04 08:11:45,980 - PopulateAtomsDeps - INFO - Inserted 1 atoms for file curve25519-dalek/src/backend/vector/scalar_mul/variable_base.rs
2025-08-04 08:11:45,980 - PopulateAtomsDeps - INFO - Populating atoms for curve25519-dalek/src/backend/vector/scalar_mul/vartime_double_base.rs and code_id 55888
2025-08-04 08:11:45,985 - PopulateAtomsDeps - INFO - Inserted 1 atoms for file curve25519-dalek/src/backend/vector/scalar_mul/vartime_double_base.rs
2025-08-04 08:11:45,985 - PopulateAtomsDeps - INFO - Populating atoms for curve25519-dalek/src/backend/vector/packed_simd.rs and code_id 55889
2025-08-04 08:11:45,995 - PopulateAtomsDeps - INFO - Inserted 9 atoms for file curve25519-dalek/src/backend/vector/packed_simd.rs
2025-08-04 08:11:45,995 - PopulateAtomsDeps - INFO - Populating atoms for curve25519-dalek/src/backend/mod.rs and code_id 55891
2025-08-04 08:11:46,004 - PopulateAtomsDeps - INFO - Inserted 12 atoms for file curve25519-dalek/src/backend/mod.rs
2025-08-04 08:11:46,004 - PopulateAtomsDeps - INFO - Populating atoms for curve25519-dalek/src/backend/serial/curve_models/mod.rs and code_id 55892
2025-08-04 08:11:46,015 - PopulateAtomsDeps - INFO - Inserted 24 atoms for file curve25519-dalek/src/backend/serial/curve_models/mod.rs
2025-08-04 08:11:46,016 - PopulateAtomsDeps - INFO - Populating atoms for curve25519-dalek/src/backend/serial/scalar_mul/precomputed_straus.rs and code_id 55893
2025-08-04 08:11:46,022 - PopulateAtomsDeps - INFO - Inserted 4 atoms for file curve25519-dalek/src/backend/serial/scalar_mul/precomputed_straus.rs
2025-08-04 08:11:46,022 - PopulateAtomsDeps - INFO - Populating atoms for curve25519-dalek/src/backend/serial/scalar_mul/pippenger.rs and code_id 55894
2025-08-04 08:11:46,027 - PopulateAtomsDeps - INFO - Inserted 2 atoms for file curve25519-dalek/src/backend/serial/scalar_mul/pippenger.rs
2025-08-04 08:11:46,028 - PopulateAtomsDeps - INFO - Populating atoms for curve25519-dalek/src/backend/serial/scalar_mul/straus.rs and code_id 55895
2025-08-04 08:11:46,033 - PopulateAtomsDeps - INFO - Inserted 2 atoms for file curve25519-dalek/src/backend/serial/scalar_mul/straus.rs
2025-08-04 08:11:46,033 - PopulateAtomsDeps - INFO - Populating atoms for curve25519-dalek/src/backend/serial/scalar_mul/variable_base.rs and code_id 55896
2025-08-04 08:11:46,038 - PopulateAtomsDeps - INFO - Inserted 1 atoms for file curve25519-dalek/src/backend/serial/scalar_mul/variable_base.rs
2025-08-04 08:11:46,038 - PopulateAtomsDeps - INFO - Populating atoms for curve25519-dalek/src/backend/serial/scalar_mul/vartime_double_base.rs and code_id 55898
2025-08-04 08:11:46,043 - PopulateAtomsDeps - INFO - Inserted 1 atoms for file curve25519-dalek/src/backend/serial/scalar_mul/vartime_double_base.rs
2025-08-04 08:11:46,044 - PopulateAtomsDeps - INFO - Populating atoms for curve25519-dalek/src/backend/serial/u64/field_verus.rs and code_id 55908
2025-08-04 08:11:46,057 - PopulateAtomsDeps - INFO - Inserted 11 atoms for file curve25519-dalek/src/backend/serial/u64/field_verus.rs
2025-08-04 08:11:46,057 - PopulateAtomsDeps - INFO - Populating atoms for curve25519-dalek/src/backend/serial/u64/common_verus.rs and code_id 55909
2025-08-04 08:11:46,067 - PopulateAtomsDeps - INFO - Inserted 1 atoms for file curve25519-dalek/src/backend/serial/u64/common_verus.rs
2025-08-04 08:11:46,068 - PopulateAtomsDeps - INFO - Populating atoms for curve25519-dalek/src/backend/serial/u64/field_lemmas.rs and code_id 55911
2025-08-04 08:11:46,073 - PopulateAtomsDeps - INFO - Inserted 1 atoms for file curve25519-dalek/src/backend/serial/u64/field_lemmas.rs
2025-08-04 08:11:46,073 - PopulateAtomsDeps - INFO - Populating atoms for curve25519-dalek/src/backend/serial/u64/scalar.rs and code_id 55912
2025-08-04 08:11:46,084 - PopulateAtomsDeps - INFO - Inserted 30 atoms for file curve25519-dalek/src/backend/serial/u64/scalar.rs
2025-08-04 08:11:46,084 - PopulateAtomsDeps - INFO - Populating atoms for curve25519-dalek/src/backend/serial/u64/subtle_assumes.rs and code_id 55913
2025-08-04 08:11:46,089 - PopulateAtomsDeps - INFO - Inserted 1 atoms for file curve25519-dalek/src/backend/serial/u64/subtle_assumes.rs
2025-08-04 08:11:46,090 - PopulateAtomsDeps - INFO - Populating atoms for curve25519-dalek/src/backend/serial/u64/field.rs and code_id 55914
2025-08-04 08:11:46,099 - PopulateAtomsDeps - INFO - Inserted 22 atoms for file curve25519-dalek/src/backend/serial/u64/field.rs
2025-08-04 08:11:46,100 - PopulateAtomsDeps - INFO - Populating atoms for curve25519-dalek/src/montgomery.rs and code_id 55918
2025-08-04 08:11:46,113 - PopulateAtomsDeps - INFO - Inserted 36 atoms for file curve25519-dalek/src/montgomery.rs
2025-08-04 08:11:46,115 - PopulateAtomsDeps - INFO - Populating atoms for curve25519-dalek/src/edwards.rs and code_id 55919
2025-08-04 08:11:46,150 - PopulateAtomsDeps - INFO - Inserted 101 atoms for file curve25519-dalek/src/edwards.rs
2025-08-04 08:11:46,152 - PopulateAtomsDeps - INFO - Populating atoms for curve25519-dalek/src/scalar.rs and code_id 55920
2025-08-04 08:11:46,169 - PopulateAtomsDeps - INFO - Inserted 74 atoms for file curve25519-dalek/src/scalar.rs
2025-08-04 08:11:46,170 - PopulateAtomsDeps - INFO - Populating atoms for curve25519-dalek/src/field.rs and code_id 55922
2025-08-04 08:11:46,181 - PopulateAtomsDeps - INFO - Inserted 26 atoms for file curve25519-dalek/src/field.rs
2025-08-04 08:11:46,182 - PopulateAtomsDeps - INFO - Populating atoms for curve25519-dalek/src/ristretto.rs and code_id 55923
2025-08-04 08:11:46,201 - PopulateAtomsDeps - INFO - Inserted 69 atoms for file curve25519-dalek/src/ristretto.rs
2025-08-04 08:11:46,201 - PopulateAtomsDeps - INFO - Populating atoms for curve25519-dalek/src/constants.rs and code_id 55926
2025-08-04 08:11:46,212 - PopulateAtomsDeps - INFO - Inserted 8 atoms for file curve25519-dalek/src/constants.rs
2025-08-04 08:11:46,212 - PopulateAtomsDeps - INFO - Populating atoms for curve25519-dalek/src/traits.rs and code_id 55927
2025-08-04 08:11:46,222 - PopulateAtomsDeps - INFO - Inserted 10 atoms for file curve25519-dalek/src/traits.rs
2025-08-04 08:11:46,222 - PopulateAtomsDeps - INFO - Populating atoms for curve25519-dalek/src/window.rs and code_id 55928
2025-08-04 08:11:46,229 - PopulateAtomsDeps - INFO - Inserted 6 atoms for file curve25519-dalek/src/window.rs
2025-08-04 08:11:46,230 - PopulateAtomsDeps - INFO - Populating atoms for curve25519-dalek/src/edwards/affine.rs and code_id 55929
2025-08-04 08:11:46,236 - PopulateAtomsDeps - INFO - Inserted 10 atoms for file curve25519-dalek/src/edwards/affine.rs
2025-08-04 08:11:46,236 - PopulateAtomsDeps - INFO - Populating atoms for curve25519-dalek/build.rs and code_id 55930
2025-08-04 08:11:46,242 - PopulateAtomsDeps - INFO - Inserted 5 atoms for file curve25519-dalek/build.rs
2025-08-04 08:11:46,243 - PopulateAtomsDeps - INFO - Populating atoms for ed25519-dalek/tests/ed25519.rs and code_id 55937
2025-08-04 08:11:46,250 - PopulateAtomsDeps - INFO - Inserted 6 atoms for file ed25519-dalek/tests/ed25519.rs
2025-08-04 08:11:46,250 - PopulateAtomsDeps - INFO - Populating atoms for ed25519-dalek/tests/validation_criteria.rs and code_id 55938
2025-08-04 08:11:46,256 - PopulateAtomsDeps - INFO - Inserted 5 atoms for file ed25519-dalek/tests/validation_criteria.rs
2025-08-04 08:11:46,256 - PopulateAtomsDeps - INFO - Populating atoms for ed25519-dalek/tests/x25519.rs and code_id 55943
2025-08-04 08:11:46,262 - PopulateAtomsDeps - INFO - Inserted 1 atoms for file ed25519-dalek/tests/x25519.rs
2025-08-04 08:11:46,262 - PopulateAtomsDeps - INFO - Populating atoms for ed25519-dalek/benches/ed25519_benchmarks.rs and code_id 55944
2025-08-04 08:11:46,267 - PopulateAtomsDeps - INFO - Inserted 6 atoms for file ed25519-dalek/benches/ed25519_benchmarks.rs
2025-08-04 08:11:46,268 - PopulateAtomsDeps - INFO - Populating atoms for ed25519-dalek/src/verifying.rs and code_id 55948
2025-08-04 08:11:46,276 - PopulateAtomsDeps - INFO - Inserted 21 atoms for file ed25519-dalek/src/verifying.rs
2025-08-04 08:11:46,276 - PopulateAtomsDeps - INFO - Populating atoms for ed25519-dalek/src/hazmat.rs and code_id 55950
2025-08-04 08:11:46,282 - PopulateAtomsDeps - INFO - Inserted 13 atoms for file ed25519-dalek/src/hazmat.rs
2025-08-04 08:11:46,283 - PopulateAtomsDeps - INFO - Populating atoms for ed25519-dalek/src/signature.rs and code_id 55951
2025-08-04 08:11:46,288 - PopulateAtomsDeps - INFO - Inserted 6 atoms for file ed25519-dalek/src/signature.rs
2025-08-04 08:11:46,288 - PopulateAtomsDeps - INFO - Populating atoms for ed25519-dalek/src/errors.rs and code_id 55952
2025-08-04 08:11:46,294 - PopulateAtomsDeps - INFO - Inserted 2 atoms for file ed25519-dalek/src/errors.rs
2025-08-04 08:11:46,294 - PopulateAtomsDeps - INFO - Populating atoms for ed25519-dalek/src/signing.rs and code_id 55956
2025-08-04 08:11:46,303 - PopulateAtomsDeps - INFO - Inserted 25 atoms for file ed25519-dalek/src/signing.rs
2025-08-04 08:11:46,303 - PopulateAtomsDeps - INFO - Processing 8 dependencies in batch
2025-08-04 08:11:46,355 - PopulateAtomsDeps - INFO - Inserting 8 new dependencies
2025-08-04 08:11:46,363 - PopulateAtomsDeps - INFO - Processing 12 dependencies in batch
2025-08-04 08:11:46,413 - PopulateAtomsDeps - INFO - Inserting 12 new dependencies
2025-08-04 08:11:46,419 - PopulateAtomsDeps - INFO - Processing 9 dependencies in batch
2025-08-04 08:11:46,472 - PopulateAtomsDeps - INFO - Inserting 9 new dependencies
2025-08-04 08:11:46,478 - PopulateAtomsDeps - INFO - Processing 4 dependencies in batch
2025-08-04 08:11:46,538 - PopulateAtomsDeps - INFO - Inserting 4 new dependencies
2025-08-04 08:11:46,544 - PopulateAtomsDeps - INFO - Processing 18 dependencies in batch
2025-08-04 08:11:46,604 - PopulateAtomsDeps - INFO - Inserting 18 new dependencies
2025-08-04 08:11:46,611 - PopulateAtomsDeps - INFO - Processing 66 dependencies in batch
2025-08-04 08:11:46,678 - PopulateAtomsDeps - INFO - Inserting 66 new dependencies
2025-08-04 08:11:46,698 - PopulateAtomsDeps - INFO - Processing 29 dependencies in batch
2025-08-04 08:11:46,756 - PopulateAtomsDeps - INFO - Inserting 29 new dependencies
2025-08-04 08:11:46,770 - PopulateAtomsDeps - INFO - Processing 31 dependencies in batch
2025-08-04 08:11:46,843 - PopulateAtomsDeps - INFO - Inserting 31 new dependencies
2025-08-04 08:11:46,850 - PopulateAtomsDeps - INFO - Processing 4 dependencies in batch
2025-08-04 08:11:46,916 - PopulateAtomsDeps - INFO - Inserting 4 new dependencies
2025-08-04 08:11:46,923 - PopulateAtomsDeps - INFO - Processing 3 dependencies in batch
2025-08-04 08:11:46,972 - PopulateAtomsDeps - INFO - Inserting 3 new dependencies
2025-08-04 08:11:46,977 - PopulateAtomsDeps - INFO - Processing 6 dependencies in batch
2025-08-04 08:11:47,028 - PopulateAtomsDeps - INFO - Inserting 6 new dependencies
2025-08-04 08:11:47,033 - PopulateAtomsDeps - INFO - Processing 4 dependencies in batch
2025-08-04 08:11:47,099 - PopulateAtomsDeps - INFO - Inserting 4 new dependencies
2025-08-04 08:11:47,104 - PopulateAtomsDeps - INFO - Processing 6 dependencies in batch
2025-08-04 08:11:47,155 - PopulateAtomsDeps - INFO - Inserting 6 new dependencies
2025-08-04 08:11:47,161 - PopulateAtomsDeps - INFO - Processing 2 dependencies in batch
2025-08-04 08:11:47,210 - PopulateAtomsDeps - INFO - Inserting 2 new dependencies
2025-08-04 08:11:47,215 - PopulateAtomsDeps - INFO - Processing 26 dependencies in batch
2025-08-04 08:11:47,281 - PopulateAtomsDeps - INFO - Inserting 26 new dependencies
2025-08-04 08:11:47,288 - PopulateAtomsDeps - INFO - Processing 12 dependencies in batch
2025-08-04 08:11:47,347 - PopulateAtomsDeps - INFO - Inserting 12 new dependencies
2025-08-04 08:11:47,353 - PopulateAtomsDeps - INFO - Processing 7 dependencies in batch
2025-08-04 08:11:47,410 - PopulateAtomsDeps - INFO - Inserting 7 new dependencies
2025-08-04 08:11:47,415 - PopulateAtomsDeps - INFO - Processing 7 dependencies in batch
2025-08-04 08:11:47,468 - PopulateAtomsDeps - INFO - Inserting 7 new dependencies
2025-08-04 08:11:47,473 - PopulateAtomsDeps - INFO - Processing 8 dependencies in batch
2025-08-04 08:11:47,527 - PopulateAtomsDeps - INFO - Inserting 8 new dependencies
2025-08-04 08:11:47,532 - PopulateAtomsDeps - INFO - Processing 5 dependencies in batch
2025-08-04 08:11:47,581 - PopulateAtomsDeps - INFO - Inserting 5 new dependencies
2025-08-04 08:11:47,588 - PopulateAtomsDeps - INFO - Processing 9 dependencies in batch
2025-08-04 08:11:47,640 - PopulateAtomsDeps - INFO - Inserting 9 new dependencies
2025-08-04 08:11:47,646 - PopulateAtomsDeps - INFO - Processing 6 dependencies in batch
2025-08-04 08:11:47,697 - PopulateAtomsDeps - INFO - Inserting 6 new dependencies
2025-08-04 08:11:47,703 - PopulateAtomsDeps - INFO - Processing 31 dependencies in batch
2025-08-04 08:11:47,760 - PopulateAtomsDeps - INFO - Inserting 31 new dependencies
2025-08-04 08:11:47,766 - PopulateAtomsDeps - INFO - Processing 6 dependencies in batch
2025-08-04 08:11:47,819 - PopulateAtomsDeps - INFO - Inserting 6 new dependencies
2025-08-04 08:11:47,826 - PopulateAtomsDeps - INFO - Processing 61 dependencies in batch
2025-08-04 08:11:47,892 - PopulateAtomsDeps - INFO - Inserting 61 new dependencies
2025-08-04 08:11:47,900 - PopulateAtomsDeps - INFO - Processing 174 dependencies in batch
2025-08-04 08:11:47,995 - PopulateAtomsDeps - INFO - Inserting 174 new dependencies
2025-08-04 08:11:48,005 - PopulateAtomsDeps - INFO - Processing 101 dependencies in batch
2025-08-04 08:11:48,083 - PopulateAtomsDeps - INFO - Inserting 101 new dependencies
2025-08-04 08:11:48,091 - PopulateAtomsDeps - INFO - Processing 45 dependencies in batch
2025-08-04 08:11:48,175 - PopulateAtomsDeps - INFO - Inserting 45 new dependencies
2025-08-04 08:11:48,184 - PopulateAtomsDeps - INFO - Processing 118 dependencies in batch
2025-08-04 08:11:48,280 - PopulateAtomsDeps - INFO - Inserting 118 new dependencies
2025-08-04 08:11:48,292 - PopulateAtomsDeps - INFO - Processing 14 dependencies in batch
2025-08-04 08:11:48,386 - PopulateAtomsDeps - INFO - Inserting 14 new dependencies
2025-08-04 08:11:48,396 - PopulateAtomsDeps - INFO - Processing 4 dependencies in batch
2025-08-04 08:11:48,524 - PopulateAtomsDeps - INFO - Inserting 4 new dependencies
2025-08-04 08:11:48,529 - PopulateAtomsDeps - INFO - Processing 12 dependencies in batch
2025-08-04 08:11:48,583 - PopulateAtomsDeps - INFO - Inserting 12 new dependencies
2025-08-04 08:11:48,589 - PopulateAtomsDeps - INFO - Processing 12 dependencies in batch
2025-08-04 08:11:48,647 - PopulateAtomsDeps - INFO - Inserting 12 new dependencies
2025-08-04 08:11:48,652 - PopulateAtomsDeps - INFO - Processing 3 dependencies in batch
2025-08-04 08:11:48,715 - PopulateAtomsDeps - INFO - Inserting 3 new dependencies
2025-08-04 08:11:48,720 - PopulateAtomsDeps - INFO - Processing 27 dependencies in batch
2025-08-04 08:11:48,793 - PopulateAtomsDeps - INFO - Inserting 27 new dependencies
2025-08-04 08:11:48,799 - PopulateAtomsDeps - INFO - Processing 8 dependencies in batch
2025-08-04 08:11:48,852 - PopulateAtomsDeps - INFO - Inserting 8 new dependencies
2025-08-04 08:11:48,857 - PopulateAtomsDeps - INFO - Processing 14 dependencies in batch
2025-08-04 08:11:48,926 - PopulateAtomsDeps - INFO - Inserting 14 new dependencies
2025-08-04 08:11:48,936 - PopulateAtomsDeps - INFO - Processing 11 dependencies in batch
2025-08-04 08:11:48,993 - PopulateAtomsDeps - INFO - Inserting 11 new dependencies
2025-08-04 08:11:48,998 - PopulateAtomsDeps - INFO - Processing 28 dependencies in batch
2025-08-04 08:11:49,076 - PopulateAtomsDeps - INFO - Inserting 28 new dependencies
2025-08-04 08:11:49,082 - PopulateAtomsDeps - INFO - Processing 19 dependencies in batch
2025-08-04 08:11:49,144 - PopulateAtomsDeps - INFO - Inserting 19 new dependencies
2025-08-04 08:11:49,149 - PopulateAtomsDeps - INFO - Processing 5 dependencies in batch
2025-08-04 08:11:49,205 - PopulateAtomsDeps - INFO - Inserting 5 new dependencies
2025-08-04 08:11:49,211 - PopulateAtomsDeps - INFO - Processing 25 dependencies in batch
2025-08-04 08:11:49,275 - PopulateAtomsDeps - INFO - Inserting 25 new dependencies
2025-08-04 08:11:49,281 - PopulateAtomsDeps - INFO - Setting code_id for file molecules in repo 3158
2025-08-04 08:11:49,287 - PopulateAtomsDeps - INFO - Found 46 file molecules with code_id=0 to update
2025-08-04 08:11:49,287 - PopulateAtomsDeps - INFO - Found 0 file molecules with specific code_ids
2025-08-04 08:11:49,320 - PopulateAtomsDeps - INFO - Found code_id mappings for 46 files
2025-08-04 08:11:49,327 - PopulateAtomsDeps - INFO - Successfully updated code_id for 46 file molecules
2025-08-04 08:11:49,330 - PopulateAtomsDeps - INFO - Reading atomizer log file: logs/atomizer_3158_20250804_081022.log
2025-08-04 08:11:49,331 - PopulateAtomsDeps - INFO - Successfully read 600 characters from atomizer log
2025-08-04 08:11:49,341 - PopulateAtomsDeps - INFO - Inserted combined logs to atomizerlogs table for repo_id 3158
2025-08-04 08:11:49,341 - PopulateAtomsDeps - INFO - Successfully completed populate_atomsdeps_grouped_rust.py for repo_id 3158
2025-08-04 08:11:49,341 - PopulateAtomsDeps - INFO - Processing completed for JSON file: /var/www/html/rust-atomizer/3158.json
