2025-08-14 06:28:30,073 - PopulateAtomsDeps - INFO - Logging to file: logs/populate_atoms_20250814_062830.log
2025-08-14 06:28:30,073 - PopulateAtomsDeps - INFO - Starting populate_atomsdeps_grouped_rust.py with parameters:
2025-08-14 06:28:30,074 - PopulateAtomsDeps - INFO -   repo_id: 3211
2025-08-14 06:28:30,074 - PopulateAtomsDeps - INFO -   json_path: /var/www/html/rust-atomizer/3211.json
2025-08-14 06:28:30,074 - PopulateAtomsDeps - INFO -   user_id: 460176
2025-08-14 06:28:30,074 - PopulateAtomsDeps - INFO -   JSON file exists: True
2025-08-14 06:28:30,074 - PopulateAtomsDeps - INFO -   JSON file size: 663397 bytes
2025-08-14 06:28:30,074 - PopulateAtomsDeps - INFO -   JSON file modified: 2025-08-14 06:28:29.761094
2025-08-14 06:28:30,082 - PopulateAtomsDeps - INFO - Identified 7 folders containing Rust files
2025-08-14 06:28:30,083 - PopulateAtomsDeps - INFO - Populating folder structure with 7 folders as molecules for repo 3211
2025-08-14 06:28:30,088 - PopulateAtomsDeps - INFO - All folders to create (including parents): ['curve25519-dalek', 'curve25519-dalek/src', 'curve25519-dalek/src/edwards', 'curve25519-dalek/src/backend', 'curve25519-dalek/src/backend/serial', 'curve25519-dalek/src/backend/serial/curve_models', 'curve25519-dalek/src/backend/serial/scalar_mul', 'curve25519-dalek/src/backend/serial/u64']
2025-08-14 06:28:30,103 - PopulateAtomsDeps - INFO - Successfully populated 32 folder and file molecules for repo 3211
2025-08-14 06:28:30,118 - PopulateAtomsDeps - INFO - Nb of Codes: 32
2025-08-14 06:28:30,124 - PopulateAtomsDeps - INFO - Found 15 atoms for curve25519-dalek/src/backend/mod.rs
2025-08-14 06:28:30,125 - PopulateAtomsDeps - INFO - Found 16 atoms for curve25519-dalek/src/backend/serial/curve_models/mod.rs
2025-08-14 06:28:30,125 - PopulateAtomsDeps - INFO - Found 2 atoms for curve25519-dalek/src/backend/serial/scalar_mul/precomputed_straus.rs
2025-08-14 06:28:30,125 - PopulateAtomsDeps - INFO - Found 6 atoms for curve25519-dalek/src/backend/serial/scalar_mul/pippenger.rs
2025-08-14 06:28:30,126 - PopulateAtomsDeps - INFO - Found 6 atoms for curve25519-dalek/src/backend/serial/scalar_mul/straus.rs
2025-08-14 06:28:30,126 - PopulateAtomsDeps - INFO - Found 2 atoms for curve25519-dalek/src/backend/serial/scalar_mul/variable_base.rs
2025-08-14 06:28:30,126 - PopulateAtomsDeps - WARNING - No atoms found for filename: curve25519-dalek/src/backend/serial/scalar_mul/mod.rs
2025-08-14 06:28:30,126 - PopulateAtomsDeps - INFO - Found 1 atoms for curve25519-dalek/src/backend/serial/scalar_mul/vartime_double_base.rs
2025-08-14 06:28:30,126 - PopulateAtomsDeps - WARNING - No atoms found for filename: curve25519-dalek/src/backend/serial/mod.rs
2025-08-14 06:28:30,127 - PopulateAtomsDeps - INFO - Found 24 atoms for curve25519-dalek/src/backend/serial/u64/field_verus.rs
2025-08-14 06:28:30,127 - PopulateAtomsDeps - INFO - Found 42 atoms for curve25519-dalek/src/backend/serial/u64/common_verus.rs
2025-08-14 06:28:30,127 - PopulateAtomsDeps - INFO - Found 49 atoms for curve25519-dalek/src/backend/serial/u64/scalar_lemmas.rs
2025-08-14 06:28:30,127 - PopulateAtomsDeps - INFO - Found 45 atoms for curve25519-dalek/src/backend/serial/u64/field_lemmas.rs
2025-08-14 06:28:30,128 - PopulateAtomsDeps - INFO - Found 16 atoms for curve25519-dalek/src/backend/serial/u64/scalar.rs
2025-08-14 06:28:30,128 - PopulateAtomsDeps - INFO - Found 1 atoms for curve25519-dalek/src/backend/serial/u64/subtle_assumes.rs
2025-08-14 06:28:30,128 - PopulateAtomsDeps - INFO - Found 17 atoms for curve25519-dalek/src/backend/serial/u64/field.rs
2025-08-14 06:28:30,128 - PopulateAtomsDeps - WARNING - No atoms found for filename: curve25519-dalek/src/backend/serial/u64/constants.rs
2025-08-14 06:28:30,129 - PopulateAtomsDeps - WARNING - No atoms found for filename: curve25519-dalek/src/backend/serial/u64/mod.rs
2025-08-14 06:28:30,129 - PopulateAtomsDeps - INFO - Found 5 atoms for curve25519-dalek/src/backend/serial/u64/scalar_specs.rs
2025-08-14 06:28:30,129 - PopulateAtomsDeps - INFO - Found 24 atoms for curve25519-dalek/src/montgomery.rs
2025-08-14 06:28:30,129 - PopulateAtomsDeps - INFO - Found 47 atoms for curve25519-dalek/src/edwards.rs
2025-08-14 06:28:30,130 - PopulateAtomsDeps - INFO - Found 59 atoms for curve25519-dalek/src/scalar.rs
2025-08-14 06:28:30,130 - PopulateAtomsDeps - WARNING - No atoms found for filename: curve25519-dalek/src/macros.rs
2025-08-14 06:28:30,130 - PopulateAtomsDeps - INFO - Found 23 atoms for curve25519-dalek/src/field.rs
2025-08-14 06:28:30,130 - PopulateAtomsDeps - INFO - Found 67 atoms for curve25519-dalek/src/ristretto.rs
2025-08-14 06:28:30,131 - PopulateAtomsDeps - WARNING - No atoms found for filename: curve25519-dalek/src/diagnostics.rs
2025-08-14 06:28:30,131 - PopulateAtomsDeps - WARNING - No atoms found for filename: curve25519-dalek/src/lib.rs
2025-08-14 06:28:30,131 - PopulateAtomsDeps - WARNING - No atoms found for filename: curve25519-dalek/src/constants.rs
2025-08-14 06:28:30,132 - PopulateAtomsDeps - INFO - Found 10 atoms for curve25519-dalek/src/traits.rs
2025-08-14 06:28:30,132 - PopulateAtomsDeps - INFO - Found 9 atoms for curve25519-dalek/src/window.rs
2025-08-14 06:28:30,132 - PopulateAtomsDeps - INFO - Found 8 atoms for curve25519-dalek/src/edwards/affine.rs
2025-08-14 06:28:30,132 - PopulateAtomsDeps - INFO - Found 12 atoms for curve25519-dalek/build.rs
2025-08-14 06:28:30,132 - PopulateAtomsDeps - INFO - Summary: Found atoms for 24 out of 32 files
2025-08-14 06:28:30,133 - PopulateAtomsDeps - INFO - Populating atoms for curve25519-dalek/src/backend/mod.rs and code_id 65235
2025-08-14 06:28:30,134 - PopulateAtomsDeps - INFO - Populating atoms for curve25519-dalek/src/backend/serial/curve_models/mod.rs and code_id 65236
2025-08-14 06:28:30,136 - PopulateAtomsDeps - INFO - Populating atoms for curve25519-dalek/src/backend/serial/scalar_mul/precomputed_straus.rs and code_id 65237
2025-08-14 06:28:30,137 - PopulateAtomsDeps - INFO - Populating atoms for curve25519-dalek/src/backend/serial/scalar_mul/pippenger.rs and code_id 65238
2025-08-14 06:28:30,138 - PopulateAtomsDeps - INFO - Populating atoms for curve25519-dalek/src/backend/serial/scalar_mul/straus.rs and code_id 65239
2025-08-14 06:28:30,139 - PopulateAtomsDeps - INFO - Populating atoms for curve25519-dalek/src/backend/serial/scalar_mul/variable_base.rs and code_id 65240
2025-08-14 06:28:30,139 - PopulateAtomsDeps - INFO - Populating atoms for curve25519-dalek/src/backend/serial/scalar_mul/vartime_double_base.rs and code_id 65242
2025-08-14 06:28:30,140 - PopulateAtomsDeps - INFO - Populating atoms for curve25519-dalek/src/backend/serial/u64/field_verus.rs and code_id 65244
2025-08-14 06:28:30,143 - PopulateAtomsDeps - INFO - Populating atoms for curve25519-dalek/src/backend/serial/u64/common_verus.rs and code_id 65245
2025-08-14 06:28:30,146 - PopulateAtomsDeps - INFO - Populating atoms for curve25519-dalek/src/backend/serial/u64/scalar_lemmas.rs and code_id 65246
2025-08-14 06:28:30,150 - PopulateAtomsDeps - INFO - Populating atoms for curve25519-dalek/src/backend/serial/u64/field_lemmas.rs and code_id 65247
2025-08-14 06:28:30,153 - PopulateAtomsDeps - INFO - Populating atoms for curve25519-dalek/src/backend/serial/u64/scalar.rs and code_id 65248
2025-08-14 06:28:30,154 - PopulateAtomsDeps - INFO - Populating atoms for curve25519-dalek/src/backend/serial/u64/subtle_assumes.rs and code_id 65249
2025-08-14 06:28:30,155 - PopulateAtomsDeps - INFO - Populating atoms for curve25519-dalek/src/backend/serial/u64/field.rs and code_id 65250
2025-08-14 06:28:30,156 - PopulateAtomsDeps - INFO - Populating atoms for curve25519-dalek/src/backend/serial/u64/scalar_specs.rs and code_id 65253
2025-08-14 06:28:30,157 - PopulateAtomsDeps - INFO - Populating atoms for curve25519-dalek/src/montgomery.rs and code_id 65254
2025-08-14 06:28:30,159 - PopulateAtomsDeps - INFO - Populating atoms for curve25519-dalek/src/edwards.rs and code_id 65255
2025-08-14 06:28:30,162 - PopulateAtomsDeps - INFO - Populating atoms for curve25519-dalek/src/scalar.rs and code_id 65256
2025-08-14 06:28:30,165 - PopulateAtomsDeps - INFO - Populating atoms for curve25519-dalek/src/field.rs and code_id 65258
2025-08-14 06:28:30,167 - PopulateAtomsDeps - INFO - Populating atoms for curve25519-dalek/src/ristretto.rs and code_id 65259
2025-08-14 06:28:30,171 - PopulateAtomsDeps - INFO - Populating atoms for curve25519-dalek/src/traits.rs and code_id 65263
2025-08-14 06:28:30,172 - PopulateAtomsDeps - INFO - Populating atoms for curve25519-dalek/src/window.rs and code_id 65264
2025-08-14 06:28:30,173 - PopulateAtomsDeps - INFO - Populating atoms for curve25519-dalek/src/edwards/affine.rs and code_id 65265
2025-08-14 06:28:30,174 - PopulateAtomsDeps - INFO - Populating atoms for curve25519-dalek/build.rs and code_id 65266
2025-08-14 06:28:30,176 - PopulateAtomsDeps - INFO - Processing 77 dependencies in batch
2025-08-14 06:28:30,304 - PopulateAtomsDeps - INFO - All dependencies already exist in the database
2025-08-14 06:28:30,304 - PopulateAtomsDeps - INFO - Processing 7 dependencies in batch
2025-08-14 06:28:30,417 - PopulateAtomsDeps - INFO - All dependencies already exist in the database
2025-08-14 06:28:30,418 - PopulateAtomsDeps - INFO - Processing 7 dependencies in batch
2025-08-14 06:28:30,494 - PopulateAtomsDeps - INFO - All dependencies already exist in the database
2025-08-14 06:28:30,496 - PopulateAtomsDeps - INFO - Processing 113 dependencies in batch
2025-08-14 06:28:30,582 - PopulateAtomsDeps - INFO - All dependencies already exist in the database
2025-08-14 06:28:30,583 - PopulateAtomsDeps - INFO - Processing 81 dependencies in batch
2025-08-14 06:28:30,660 - PopulateAtomsDeps - INFO - All dependencies already exist in the database
2025-08-14 06:28:30,662 - PopulateAtomsDeps - INFO - Processing 92 dependencies in batch
2025-08-14 06:28:30,755 - PopulateAtomsDeps - INFO - All dependencies already exist in the database
2025-08-14 06:28:30,756 - PopulateAtomsDeps - INFO - Processing 85 dependencies in batch
2025-08-14 06:28:30,861 - PopulateAtomsDeps - INFO - All dependencies already exist in the database
2025-08-14 06:28:30,862 - PopulateAtomsDeps - INFO - Processing 21 dependencies in batch
2025-08-14 06:28:30,938 - PopulateAtomsDeps - INFO - All dependencies already exist in the database
2025-08-14 06:28:30,938 - PopulateAtomsDeps - INFO - Processing 6 dependencies in batch
2025-08-14 06:28:31,004 - PopulateAtomsDeps - INFO - All dependencies already exist in the database
2025-08-14 06:28:31,004 - PopulateAtomsDeps - INFO - Processing 6 dependencies in batch
2025-08-14 06:28:31,076 - PopulateAtomsDeps - INFO - All dependencies already exist in the database
2025-08-14 06:28:31,076 - PopulateAtomsDeps - INFO - Processing 40 dependencies in batch
2025-08-14 06:28:31,172 - PopulateAtomsDeps - INFO - All dependencies already exist in the database
2025-08-14 06:28:31,173 - PopulateAtomsDeps - INFO - Processing 73 dependencies in batch
2025-08-14 06:28:31,271 - PopulateAtomsDeps - INFO - All dependencies already exist in the database
2025-08-14 06:28:31,272 - PopulateAtomsDeps - INFO - Processing 154 dependencies in batch
2025-08-14 06:28:31,389 - PopulateAtomsDeps - INFO - All dependencies already exist in the database
2025-08-14 06:28:31,391 - PopulateAtomsDeps - INFO - Processing 34 dependencies in batch
2025-08-14 06:28:31,506 - PopulateAtomsDeps - INFO - All dependencies already exist in the database
2025-08-14 06:28:31,508 - PopulateAtomsDeps - INFO - Processing 92 dependencies in batch
2025-08-14 06:28:31,771 - PopulateAtomsDeps - INFO - All dependencies already exist in the database
2025-08-14 06:28:31,772 - PopulateAtomsDeps - INFO - Processing 8 dependencies in batch
2025-08-14 06:28:31,869 - PopulateAtomsDeps - INFO - All dependencies already exist in the database
2025-08-14 06:28:31,869 - PopulateAtomsDeps - INFO - Processing 12 dependencies in batch
2025-08-14 06:28:31,935 - PopulateAtomsDeps - INFO - All dependencies already exist in the database
2025-08-14 06:28:31,936 - PopulateAtomsDeps - INFO - Processing 6 dependencies in batch
2025-08-14 06:28:32,016 - PopulateAtomsDeps - INFO - All dependencies already exist in the database
2025-08-14 06:28:32,016 - PopulateAtomsDeps - INFO - Processing 11 dependencies in batch
2025-08-14 06:28:32,124 - PopulateAtomsDeps - INFO - All dependencies already exist in the database
2025-08-14 06:28:32,125 - PopulateAtomsDeps - INFO - Setting code_id for file molecules in repo 3211
2025-08-14 06:28:32,133 - PopulateAtomsDeps - INFO - Found 0 file molecules with code_id=0 to update
2025-08-14 06:28:32,133 - PopulateAtomsDeps - INFO - Found 24 file molecules with specific code_ids
2025-08-14 06:28:32,133 - PopulateAtomsDeps - INFO - No file molecules with code_id = 0 found to update
2025-08-14 06:28:32,134 - PopulateAtomsDeps - INFO - Reading atomizer log file: logs/atomizer_3211_20250814_062743.log
2025-08-14 06:28:32,134 - PopulateAtomsDeps - INFO - Successfully read 601 characters from atomizer log
2025-08-14 06:28:32,139 - PopulateAtomsDeps - INFO - Inserted combined logs to atomizerlogs table for repo_id 3211
2025-08-14 06:28:32,139 - PopulateAtomsDeps - INFO - Successfully completed populate_atomsdeps_grouped_rust.py for repo_id 3211
2025-08-14 06:28:32,139 - PopulateAtomsDeps - INFO - Processing completed for JSON file: /var/www/html/rust-atomizer/3211.json
