2025-08-22 18:08:54,375 - PopulateAtomsDeps - INFO - Logging to file: logs/populate_atoms_20250822_180854.log
2025-08-22 18:08:54,376 - PopulateAtomsDeps - INFO - Starting populate_atomsdeps_grouped_rust.py with parameters:
2025-08-22 18:08:54,376 - PopulateAtomsDeps - INFO -   repo_id: 3242
2025-08-22 18:08:54,376 - PopulateAtomsDeps - INFO -   json_path: /var/www/html/rust-atomizer/curve25519-dalek.json
2025-08-22 18:08:54,376 - PopulateAtomsDeps - INFO -   user_id: 460176
2025-08-22 18:08:54,376 - PopulateAtomsDeps - INFO -   JSON file exists: True
2025-08-22 18:08:54,376 - PopulateAtomsDeps - INFO -   JSON file size: 462861 bytes
2025-08-22 18:08:54,376 - PopulateAtomsDeps - INFO -   JSON file modified: 2025-08-22 05:09:57.470157
2025-08-22 18:08:54,382 - PopulateAtomsDeps - INFO - Identified 7 folders containing Rust files
2025-08-22 18:08:54,383 - PopulateAtomsDeps - INFO - Populating folder structure with 7 folders as molecules for repo 3242
2025-08-22 18:08:54,388 - PopulateAtomsDeps - INFO - All folders to create (including parents): ['src', 'src/backend', 'src/edwards', 'src/backend/serial', 'src/backend/serial/u64', 'src/backend/serial/curve_models', 'src/backend/serial/scalar_mul']
2025-08-22 18:08:54,402 - PopulateAtomsDeps - INFO - Successfully populated 31 folder and file molecules for repo 3242
2025-08-22 18:08:54,413 - PopulateAtomsDeps - INFO - Nb of Codes: 32
2025-08-22 18:08:54,417 - PopulateAtomsDeps - WARNING - No atoms found for filename: curve25519-dalek/src/backend/mod.rs
2025-08-22 18:08:54,418 - PopulateAtomsDeps - WARNING - No atoms found for filename: curve25519-dalek/src/backend/serial/curve_models/mod.rs
2025-08-22 18:08:54,418 - PopulateAtomsDeps - WARNING - No atoms found for filename: curve25519-dalek/src/backend/serial/scalar_mul/precomputed_straus.rs
2025-08-22 18:08:54,418 - PopulateAtomsDeps - WARNING - No atoms found for filename: curve25519-dalek/src/backend/serial/scalar_mul/pippenger.rs
2025-08-22 18:08:54,419 - PopulateAtomsDeps - WARNING - No atoms found for filename: curve25519-dalek/src/backend/serial/scalar_mul/straus.rs
2025-08-22 18:08:54,419 - PopulateAtomsDeps - WARNING - No atoms found for filename: curve25519-dalek/src/backend/serial/scalar_mul/variable_base.rs
2025-08-22 18:08:54,419 - PopulateAtomsDeps - WARNING - No atoms found for filename: curve25519-dalek/src/backend/serial/scalar_mul/mod.rs
2025-08-22 18:08:54,420 - PopulateAtomsDeps - WARNING - No atoms found for filename: curve25519-dalek/src/backend/serial/scalar_mul/vartime_double_base.rs
2025-08-22 18:08:54,420 - PopulateAtomsDeps - WARNING - No atoms found for filename: curve25519-dalek/src/backend/serial/mod.rs
2025-08-22 18:08:54,420 - PopulateAtomsDeps - WARNING - No atoms found for filename: curve25519-dalek/src/backend/serial/u64/field_verus.rs
2025-08-22 18:08:54,421 - PopulateAtomsDeps - WARNING - No atoms found for filename: curve25519-dalek/src/backend/serial/u64/common_verus.rs
2025-08-22 18:08:54,421 - PopulateAtomsDeps - WARNING - No atoms found for filename: curve25519-dalek/src/backend/serial/u64/scalar_lemmas.rs
2025-08-22 18:08:54,421 - PopulateAtomsDeps - WARNING - No atoms found for filename: curve25519-dalek/src/backend/serial/u64/field_lemmas.rs
2025-08-22 18:08:54,422 - PopulateAtomsDeps - WARNING - No atoms found for filename: curve25519-dalek/src/backend/serial/u64/scalar.rs
2025-08-22 18:08:54,422 - PopulateAtomsDeps - WARNING - No atoms found for filename: curve25519-dalek/src/backend/serial/u64/subtle_assumes.rs
2025-08-22 18:08:54,422 - PopulateAtomsDeps - WARNING - No atoms found for filename: curve25519-dalek/src/backend/serial/u64/field.rs
2025-08-22 18:08:54,422 - PopulateAtomsDeps - WARNING - No atoms found for filename: curve25519-dalek/src/backend/serial/u64/constants.rs
2025-08-22 18:08:54,423 - PopulateAtomsDeps - WARNING - No atoms found for filename: curve25519-dalek/src/backend/serial/u64/mod.rs
2025-08-22 18:08:54,423 - PopulateAtomsDeps - WARNING - No atoms found for filename: curve25519-dalek/src/backend/serial/u64/scalar_specs.rs
2025-08-22 18:08:54,423 - PopulateAtomsDeps - WARNING - No atoms found for filename: curve25519-dalek/src/montgomery.rs
2025-08-22 18:08:54,424 - PopulateAtomsDeps - WARNING - No atoms found for filename: curve25519-dalek/src/edwards.rs
2025-08-22 18:08:54,424 - PopulateAtomsDeps - WARNING - No atoms found for filename: curve25519-dalek/src/scalar.rs
2025-08-22 18:08:54,424 - PopulateAtomsDeps - WARNING - No atoms found for filename: curve25519-dalek/src/macros.rs
2025-08-22 18:08:54,424 - PopulateAtomsDeps - WARNING - No atoms found for filename: curve25519-dalek/src/field.rs
2025-08-22 18:08:54,425 - PopulateAtomsDeps - WARNING - No atoms found for filename: curve25519-dalek/src/ristretto.rs
2025-08-22 18:08:54,425 - PopulateAtomsDeps - WARNING - No atoms found for filename: curve25519-dalek/src/diagnostics.rs
2025-08-22 18:08:54,425 - PopulateAtomsDeps - WARNING - No atoms found for filename: curve25519-dalek/src/lib.rs
2025-08-22 18:08:54,426 - PopulateAtomsDeps - WARNING - No atoms found for filename: curve25519-dalek/src/constants.rs
2025-08-22 18:08:54,426 - PopulateAtomsDeps - WARNING - No atoms found for filename: curve25519-dalek/src/traits.rs
2025-08-22 18:08:54,426 - PopulateAtomsDeps - WARNING - No atoms found for filename: curve25519-dalek/src/window.rs
2025-08-22 18:08:54,427 - PopulateAtomsDeps - WARNING - No atoms found for filename: curve25519-dalek/src/edwards/affine.rs
2025-08-22 18:08:54,427 - PopulateAtomsDeps - WARNING - No atoms found for filename: curve25519-dalek/build.rs
2025-08-22 18:08:54,427 - PopulateAtomsDeps - INFO - Summary: Found atoms for 0 out of 32 files
2025-08-22 18:08:54,428 - PopulateAtomsDeps - INFO - Setting code_id for file molecules in repo 3242
2025-08-22 18:08:54,434 - PopulateAtomsDeps - INFO - Found 24 file molecules with code_id=0 to update
2025-08-22 18:08:54,434 - PopulateAtomsDeps - INFO - Found 24 file molecules with specific code_ids
2025-08-22 18:08:54,435 - PopulateAtomsDeps - WARNING - No child atoms found for file ID 364379 (file: src/backend/serial/u64/scalar_specs.rs)
2025-08-22 18:08:54,440 - PopulateAtomsDeps - WARNING - No child atoms found for file ID 364380 (file: src/backend/serial/u64/field.rs)
2025-08-22 18:08:54,445 - PopulateAtomsDeps - WARNING - No child atoms found for file ID 364381 (file: src/backend/serial/u64/field_lemmas.rs)
2025-08-22 18:08:54,450 - PopulateAtomsDeps - WARNING - No child atoms found for file ID 364382 (file: src/backend/serial/u64/scalar.rs)
2025-08-22 18:08:54,455 - PopulateAtomsDeps - WARNING - No child atoms found for file ID 364383 (file: src/backend/serial/u64/common_verus.rs)
2025-08-22 18:08:54,460 - PopulateAtomsDeps - WARNING - No child atoms found for file ID 364384 (file: src/backend/serial/u64/scalar_lemmas.rs)
2025-08-22 18:08:54,465 - PopulateAtomsDeps - WARNING - No child atoms found for file ID 364385 (file: src/backend/serial/u64/field_verus.rs)
2025-08-22 18:08:54,470 - PopulateAtomsDeps - WARNING - No child atoms found for file ID 364386 (file: src/backend/serial/u64/subtle_assumes.rs)
2025-08-22 18:08:54,475 - PopulateAtomsDeps - WARNING - No child atoms found for file ID 364387 (file: src/field.rs)
2025-08-22 18:08:54,480 - PopulateAtomsDeps - WARNING - No child atoms found for file ID 364388 (file: src/edwards.rs)
2025-08-22 18:08:54,485 - PopulateAtomsDeps - WARNING - No child atoms found for file ID 364389 (file: src/window.rs)
2025-08-22 18:08:54,489 - PopulateAtomsDeps - WARNING - No child atoms found for file ID 364390 (file: src/scalar.rs)
2025-08-22 18:08:54,494 - PopulateAtomsDeps - WARNING - No child atoms found for file ID 364391 (file: src/montgomery.rs)
2025-08-22 18:08:54,499 - PopulateAtomsDeps - WARNING - No child atoms found for file ID 364392 (file: src/ristretto.rs)
2025-08-22 18:08:54,504 - PopulateAtomsDeps - WARNING - No child atoms found for file ID 364393 (file: src/traits.rs)
2025-08-22 18:08:54,509 - PopulateAtomsDeps - WARNING - No child atoms found for file ID 364394 (file: src/edwards/affine.rs)
2025-08-22 18:08:54,514 - PopulateAtomsDeps - WARNING - No child atoms found for file ID 364395 (file: src/backend/serial/scalar_mul/straus.rs)
2025-08-22 18:08:54,526 - PopulateAtomsDeps - WARNING - No child atoms found for file ID 364396 (file: src/backend/serial/scalar_mul/pippenger.rs)
2025-08-22 18:08:54,535 - PopulateAtomsDeps - WARNING - No child atoms found for file ID 364397 (file: src/backend/serial/scalar_mul/precomputed_straus.rs)
2025-08-22 18:08:54,543 - PopulateAtomsDeps - WARNING - No child atoms found for file ID 364398 (file: src/backend/serial/scalar_mul/vartime_double_base.rs)
2025-08-22 18:08:54,549 - PopulateAtomsDeps - WARNING - No child atoms found for file ID 364399 (file: src/backend/serial/scalar_mul/variable_base.rs)
2025-08-22 18:08:54,554 - PopulateAtomsDeps - WARNING - No child atoms found for file ID 364400 (file: src/backend/mod.rs)
2025-08-22 18:08:54,559 - PopulateAtomsDeps - WARNING - No child atoms found for file ID 364401 (file: src/backend/serial/curve_models/mod.rs)
2025-08-22 18:08:54,564 - PopulateAtomsDeps - WARNING - No child atoms found for file ID 364402 (file: build.rs)
2025-08-22 18:08:54,568 - PopulateAtomsDeps - INFO - No file-to-code_id mappings found
2025-08-22 18:08:54,570 - PopulateAtomsDeps - INFO - Reading atomizer log file: logs/atomizer_3242_20250822_055038.log
2025-08-22 18:08:54,570 - PopulateAtomsDeps - INFO - Successfully read 601 characters from atomizer log
2025-08-22 18:08:54,575 - PopulateAtomsDeps - INFO - Inserted combined logs to atomizerlogs table for repo_id 3242
2025-08-22 18:08:54,575 - PopulateAtomsDeps - INFO - Successfully completed populate_atomsdeps_grouped_rust.py for repo_id 3242
2025-08-22 18:08:54,575 - PopulateAtomsDeps - INFO - Processing completed for JSON file: /var/www/html/rust-atomizer/curve25519-dalek.json
