2025-08-06 06:20:26,242 - PopulateAtomsDeps - INFO - Logging to file: logs/populate_atoms_20250806_062026.log
2025-08-06 06:20:26,242 - PopulateAtomsDeps - INFO - Starting populate_atomsdeps_grouped_rust.py with parameters:
2025-08-06 06:20:26,242 - PopulateAtomsDeps - INFO -   repo_id: 3162
2025-08-06 06:20:26,242 - PopulateAtomsDeps - INFO -   json_path: /var/www/html/rust-atomizer/3162.json
2025-08-06 06:20:26,242 - PopulateAtomsDeps - INFO -   user_id: 460176
2025-08-06 06:20:26,243 - PopulateAtomsDeps - INFO -   JSON file exists: True
2025-08-06 06:20:26,243 - PopulateAtomsDeps - INFO -   JSON file size: 1044678 bytes
2025-08-06 06:20:26,243 - PopulateAtomsDeps - INFO -   JSON file modified: 2025-08-06 06:20:25.656986
2025-08-06 06:20:26,267 - PopulateAtomsDeps - INFO - Identified 19 folders containing Rust files
2025-08-06 06:20:26,268 - PopulateAtomsDeps - INFO - Populating folder structure with 19 folders as molecules for repo 3162
2025-08-06 06:20:26,284 - PopulateAtomsDeps - INFO - All folders to create (including parents): ['curve25519-dalek-derive', 'x25519-dalek', 'curve25519-dalek', 'ed25519-dalek', 'ed25519-dalek/benches', 'x25519-dalek/src', 'curve25519-dalek-derive/src', 'ed25519-dalek/src', 'curve25519-dalek/src', 'x25519-dalek/tests', 'x25519-dalek/benches', 'curve25519-dalek/benches', 'curve25519-dalek-derive/tests', 'ed25519-dalek/tests', 'curve25519-dalek/src/edwards', 'curve25519-dalek/src/backend', 'curve25519-dalek/src/backend/serial', 'curve25519-dalek/src/backend/vector', 'curve25519-dalek/src/backend/serial/scalar_mul', 'curve25519-dalek/src/backend/vector/avx2', 'curve25519-dalek/src/backend/serial/curve_models', 'curve25519-dalek/src/backend/serial/u64', 'curve25519-dalek/src/backend/vector/scalar_mul']
2025-08-06 06:20:26,349 - PopulateAtomsDeps - INFO - Successfully populated 72 folder and file molecules for repo 3162
2025-08-06 06:20:26,375 - PopulateAtomsDeps - INFO - Nb of Codes: 80
2025-08-06 06:20:26,385 - PopulateAtomsDeps - INFO - Found 18 atoms for curve25519-dalek-derive/tests/tests.rs
2025-08-06 06:20:26,386 - PopulateAtomsDeps - INFO - Found 56 atoms for curve25519-dalek-derive/src/lib.rs
2025-08-06 06:20:26,386 - PopulateAtomsDeps - INFO - Found 14 atoms for x25519-dalek/tests/x25519_tests.rs
2025-08-06 06:20:26,387 - PopulateAtomsDeps - INFO - Found 8 atoms for x25519-dalek/benches/x25519.rs
2025-08-06 06:20:26,387 - PopulateAtomsDeps - WARNING - No atoms found for filename: x25519-dalek/src/lib.rs
2025-08-06 06:20:26,388 - PopulateAtomsDeps - INFO - Found 21 atoms for x25519-dalek/src/x25519.rs
2025-08-06 06:20:26,388 - PopulateAtomsDeps - INFO - Found 46 atoms for curve25519-dalek/benches/dalek_benchmarks.rs
2025-08-06 06:20:26,388 - PopulateAtomsDeps - INFO - Found 12 atoms for curve25519-dalek/src/backend/vector/avx2/edwards.rs
2025-08-06 06:20:26,389 - PopulateAtomsDeps - INFO - Found 40 atoms for curve25519-dalek/src/backend/vector/avx2/field.rs
2025-08-06 06:20:26,389 - PopulateAtomsDeps - INFO - Found 1 atoms for curve25519-dalek/src/backend/vector/avx2/constants.rs
2025-08-06 06:20:26,389 - PopulateAtomsDeps - WARNING - No atoms found for filename: curve25519-dalek/src/backend/vector/avx2/mod.rs
2025-08-06 06:20:26,390 - PopulateAtomsDeps - WARNING - No atoms found for filename: curve25519-dalek/src/backend/vector/ifma/edwards.rs
2025-08-06 06:20:26,390 - PopulateAtomsDeps - WARNING - No atoms found for filename: curve25519-dalek/src/backend/vector/ifma/field.rs
2025-08-06 06:20:26,391 - PopulateAtomsDeps - WARNING - No atoms found for filename: curve25519-dalek/src/backend/vector/ifma/constants.rs
2025-08-06 06:20:26,391 - PopulateAtomsDeps - WARNING - No atoms found for filename: curve25519-dalek/src/backend/vector/ifma/mod.rs
2025-08-06 06:20:26,392 - PopulateAtomsDeps - INFO - Found 5 atoms for curve25519-dalek/src/backend/vector/scalar_mul/precomputed_straus.rs
2025-08-06 06:20:26,392 - PopulateAtomsDeps - INFO - Found 3 atoms for curve25519-dalek/src/backend/vector/scalar_mul/pippenger.rs
2025-08-06 06:20:26,392 - PopulateAtomsDeps - INFO - Found 7 atoms for curve25519-dalek/src/backend/vector/scalar_mul/straus.rs
2025-08-06 06:20:26,393 - PopulateAtomsDeps - INFO - Found 2 atoms for curve25519-dalek/src/backend/vector/scalar_mul/variable_base.rs
2025-08-06 06:20:26,393 - PopulateAtomsDeps - WARNING - No atoms found for filename: curve25519-dalek/src/backend/vector/scalar_mul/mod.rs
2025-08-06 06:20:26,394 - PopulateAtomsDeps - INFO - Found 1 atoms for curve25519-dalek/src/backend/vector/scalar_mul/vartime_double_base.rs
2025-08-06 06:20:26,394 - PopulateAtomsDeps - INFO - Found 18 atoms for curve25519-dalek/src/backend/vector/packed_simd.rs
2025-08-06 06:20:26,394 - PopulateAtomsDeps - WARNING - No atoms found for filename: curve25519-dalek/src/backend/vector/mod.rs
2025-08-06 06:20:26,395 - PopulateAtomsDeps - INFO - Found 19 atoms for curve25519-dalek/src/backend/mod.rs
2025-08-06 06:20:26,395 - PopulateAtomsDeps - INFO - Found 18 atoms for curve25519-dalek/src/backend/serial/curve_models/mod.rs
2025-08-06 06:20:26,395 - PopulateAtomsDeps - INFO - Found 1 atoms for curve25519-dalek/src/backend/serial/scalar_mul/precomputed_straus.rs
2025-08-06 06:20:26,396 - PopulateAtomsDeps - INFO - Found 7 atoms for curve25519-dalek/src/backend/serial/scalar_mul/pippenger.rs
2025-08-06 06:20:26,396 - PopulateAtomsDeps - INFO - Found 5 atoms for curve25519-dalek/src/backend/serial/scalar_mul/straus.rs
2025-08-06 06:20:26,396 - PopulateAtomsDeps - INFO - Found 2 atoms for curve25519-dalek/src/backend/serial/scalar_mul/variable_base.rs
2025-08-06 06:20:26,397 - PopulateAtomsDeps - WARNING - No atoms found for filename: curve25519-dalek/src/backend/serial/scalar_mul/mod.rs
2025-08-06 06:20:26,397 - PopulateAtomsDeps - INFO - Found 1 atoms for curve25519-dalek/src/backend/serial/scalar_mul/vartime_double_base.rs
2025-08-06 06:20:26,397 - PopulateAtomsDeps - WARNING - No atoms found for filename: curve25519-dalek/src/backend/serial/fiat_u32/field.rs
2025-08-06 06:20:26,398 - PopulateAtomsDeps - WARNING - No atoms found for filename: curve25519-dalek/src/backend/serial/fiat_u32/mod.rs
2025-08-06 06:20:26,398 - PopulateAtomsDeps - WARNING - No atoms found for filename: curve25519-dalek/src/backend/serial/u32/scalar.rs
2025-08-06 06:20:26,399 - PopulateAtomsDeps - WARNING - No atoms found for filename: curve25519-dalek/src/backend/serial/u32/field.rs
2025-08-06 06:20:26,399 - PopulateAtomsDeps - WARNING - No atoms found for filename: curve25519-dalek/src/backend/serial/u32/constants.rs
2025-08-06 06:20:26,400 - PopulateAtomsDeps - WARNING - No atoms found for filename: curve25519-dalek/src/backend/serial/u32/mod.rs
2025-08-06 06:20:26,400 - PopulateAtomsDeps - WARNING - No atoms found for filename: curve25519-dalek/src/backend/serial/fiat_u64/field.rs
2025-08-06 06:20:26,401 - PopulateAtomsDeps - WARNING - No atoms found for filename: curve25519-dalek/src/backend/serial/fiat_u64/mod.rs
2025-08-06 06:20:26,401 - PopulateAtomsDeps - WARNING - No atoms found for filename: curve25519-dalek/src/backend/serial/mod.rs
2025-08-06 06:20:26,402 - PopulateAtomsDeps - INFO - Found 22 atoms for curve25519-dalek/src/backend/serial/u64/field_verus.rs
2025-08-06 06:20:26,402 - PopulateAtomsDeps - INFO - Found 29 atoms for curve25519-dalek/src/backend/serial/u64/common_verus.rs
2025-08-06 06:20:26,402 - PopulateAtomsDeps - INFO - Found 27 atoms for curve25519-dalek/src/backend/serial/u64/scalar_lemmas.rs
2025-08-06 06:20:26,403 - PopulateAtomsDeps - INFO - Found 18 atoms for curve25519-dalek/src/backend/serial/u64/field_lemmas.rs
2025-08-06 06:20:26,403 - PopulateAtomsDeps - INFO - Found 26 atoms for curve25519-dalek/src/backend/serial/u64/scalar.rs
2025-08-06 06:20:26,403 - PopulateAtomsDeps - INFO - Found 1 atoms for curve25519-dalek/src/backend/serial/u64/subtle_assumes.rs
2025-08-06 06:20:26,404 - PopulateAtomsDeps - INFO - Found 16 atoms for curve25519-dalek/src/backend/serial/u64/field.rs
2025-08-06 06:20:26,404 - PopulateAtomsDeps - WARNING - No atoms found for filename: curve25519-dalek/src/backend/serial/u64/constants.rs
2025-08-06 06:20:26,404 - PopulateAtomsDeps - WARNING - No atoms found for filename: curve25519-dalek/src/backend/serial/u64/mod.rs
2025-08-06 06:20:26,405 - PopulateAtomsDeps - INFO - Found 6 atoms for curve25519-dalek/src/backend/serial/u64/scalar_specs.rs
2025-08-06 06:20:26,405 - PopulateAtomsDeps - INFO - Found 34 atoms for curve25519-dalek/src/montgomery.rs
2025-08-06 06:20:26,406 - PopulateAtomsDeps - INFO - Found 82 atoms for curve25519-dalek/src/edwards.rs
2025-08-06 06:20:26,406 - PopulateAtomsDeps - INFO - Found 88 atoms for curve25519-dalek/src/scalar.rs
2025-08-06 06:20:26,406 - PopulateAtomsDeps - WARNING - No atoms found for filename: curve25519-dalek/src/macros.rs
2025-08-06 06:20:26,407 - PopulateAtomsDeps - INFO - Found 44 atoms for curve25519-dalek/src/field.rs
2025-08-06 06:20:26,407 - PopulateAtomsDeps - INFO - Found 81 atoms for curve25519-dalek/src/ristretto.rs
2025-08-06 06:20:26,408 - PopulateAtomsDeps - WARNING - No atoms found for filename: curve25519-dalek/src/diagnostics.rs
2025-08-06 06:20:26,408 - PopulateAtomsDeps - WARNING - No atoms found for filename: curve25519-dalek/src/lib.rs
2025-08-06 06:20:26,409 - PopulateAtomsDeps - INFO - Found 10 atoms for curve25519-dalek/src/constants.rs
2025-08-06 06:20:26,409 - PopulateAtomsDeps - INFO - Found 6 atoms for curve25519-dalek/src/traits.rs
2025-08-06 06:20:26,409 - PopulateAtomsDeps - INFO - Found 9 atoms for curve25519-dalek/src/window.rs
2025-08-06 06:20:26,410 - PopulateAtomsDeps - INFO - Found 9 atoms for curve25519-dalek/src/edwards/affine.rs
2025-08-06 06:20:26,410 - PopulateAtomsDeps - INFO - Found 10 atoms for curve25519-dalek/build.rs
2025-08-06 06:20:26,410 - PopulateAtomsDeps - INFO - Found 33 atoms for ed25519-dalek/tests/ed25519.rs
2025-08-06 06:20:26,411 - PopulateAtomsDeps - INFO - Found 31 atoms for ed25519-dalek/tests/validation_criteria.rs
2025-08-06 06:20:26,411 - PopulateAtomsDeps - WARNING - No atoms found for filename: ed25519-dalek/tests/pkcs8.rs
2025-08-06 06:20:26,412 - PopulateAtomsDeps - INFO - Found 9 atoms for ed25519-dalek/tests/x25519.rs
2025-08-06 06:20:26,412 - PopulateAtomsDeps - INFO - Found 12 atoms for ed25519-dalek/benches/ed25519_benchmarks.rs
2025-08-06 06:20:26,412 - PopulateAtomsDeps - INFO - Found 19 atoms for ed25519-dalek/src/verifying.rs
2025-08-06 06:20:26,413 - PopulateAtomsDeps - WARNING - No atoms found for filename: ed25519-dalek/src/batch.rs
2025-08-06 06:20:26,413 - PopulateAtomsDeps - INFO - Found 22 atoms for ed25519-dalek/src/hazmat.rs
2025-08-06 06:20:26,413 - PopulateAtomsDeps - INFO - Found 8 atoms for ed25519-dalek/src/signature.rs
2025-08-06 06:20:26,414 - PopulateAtomsDeps - INFO - Found 3 atoms for ed25519-dalek/src/errors.rs
2025-08-06 06:20:26,414 - PopulateAtomsDeps - WARNING - No atoms found for filename: ed25519-dalek/src/batch/strobe.rs
2025-08-06 06:20:26,414 - PopulateAtomsDeps - WARNING - No atoms found for filename: ed25519-dalek/src/batch/transcript.rs
2025-08-06 06:20:26,415 - PopulateAtomsDeps - WARNING - No atoms found for filename: ed25519-dalek/src/verifying/stream.rs
2025-08-06 06:20:26,415 - PopulateAtomsDeps - INFO - Found 30 atoms for ed25519-dalek/src/signing.rs
2025-08-06 06:20:26,416 - PopulateAtomsDeps - WARNING - No atoms found for filename: ed25519-dalek/src/context.rs
2025-08-06 06:20:26,416 - PopulateAtomsDeps - WARNING - No atoms found for filename: ed25519-dalek/src/lib.rs
2025-08-06 06:20:26,417 - PopulateAtomsDeps - WARNING - No atoms found for filename: ed25519-dalek/src/constants.rs
2025-08-06 06:20:26,417 - PopulateAtomsDeps - INFO - Summary: Found atoms for 49 out of 80 files
2025-08-06 06:20:26,417 - PopulateAtomsDeps - INFO - Populating atoms for curve25519-dalek-derive/tests/tests.rs and code_id 61161
2025-08-06 06:20:26,420 - PopulateAtomsDeps - INFO - Populating atoms for curve25519-dalek-derive/src/lib.rs and code_id 61165
2025-08-06 06:20:26,423 - PopulateAtomsDeps - INFO - Populating atoms for x25519-dalek/tests/x25519_tests.rs and code_id 61173
2025-08-06 06:20:26,424 - PopulateAtomsDeps - INFO - Populating atoms for x25519-dalek/benches/x25519.rs and code_id 61174
2025-08-06 06:20:26,426 - PopulateAtomsDeps - INFO - Populating atoms for x25519-dalek/src/x25519.rs and code_id 61178
2025-08-06 06:20:26,428 - PopulateAtomsDeps - INFO - Populating atoms for curve25519-dalek/benches/dalek_benchmarks.rs and code_id 61189
2025-08-06 06:20:26,431 - PopulateAtomsDeps - INFO - Populating atoms for curve25519-dalek/src/backend/vector/avx2/edwards.rs and code_id 61193
2025-08-06 06:20:26,433 - PopulateAtomsDeps - INFO - Populating atoms for curve25519-dalek/src/backend/vector/avx2/field.rs and code_id 61194
2025-08-06 06:20:26,437 - PopulateAtomsDeps - INFO - Populating atoms for curve25519-dalek/src/backend/vector/avx2/constants.rs and code_id 61195
2025-08-06 06:20:26,438 - PopulateAtomsDeps - INFO - Populating atoms for curve25519-dalek/src/backend/vector/scalar_mul/precomputed_straus.rs and code_id 61201
2025-08-06 06:20:26,440 - PopulateAtomsDeps - INFO - Populating atoms for curve25519-dalek/src/backend/vector/scalar_mul/pippenger.rs and code_id 61202
2025-08-06 06:20:26,441 - PopulateAtomsDeps - INFO - Populating atoms for curve25519-dalek/src/backend/vector/scalar_mul/straus.rs and code_id 61203
2025-08-06 06:20:26,442 - PopulateAtomsDeps - INFO - Populating atoms for curve25519-dalek/src/backend/vector/scalar_mul/variable_base.rs and code_id 61204
2025-08-06 06:20:26,443 - PopulateAtomsDeps - INFO - Populating atoms for curve25519-dalek/src/backend/vector/scalar_mul/vartime_double_base.rs and code_id 61206
2025-08-06 06:20:26,444 - PopulateAtomsDeps - INFO - Populating atoms for curve25519-dalek/src/backend/vector/packed_simd.rs and code_id 61207
2025-08-06 06:20:26,446 - PopulateAtomsDeps - INFO - Populating atoms for curve25519-dalek/src/backend/mod.rs and code_id 61209
2025-08-06 06:20:26,448 - PopulateAtomsDeps - INFO - Populating atoms for curve25519-dalek/src/backend/serial/curve_models/mod.rs and code_id 61210
2025-08-06 06:20:26,450 - PopulateAtomsDeps - INFO - Populating atoms for curve25519-dalek/src/backend/serial/scalar_mul/precomputed_straus.rs and code_id 61211
2025-08-06 06:20:26,451 - PopulateAtomsDeps - INFO - Populating atoms for curve25519-dalek/src/backend/serial/scalar_mul/pippenger.rs and code_id 61212
2025-08-06 06:20:26,452 - PopulateAtomsDeps - INFO - Populating atoms for curve25519-dalek/src/backend/serial/scalar_mul/straus.rs and code_id 61213
2025-08-06 06:20:26,453 - PopulateAtomsDeps - INFO - Populating atoms for curve25519-dalek/src/backend/serial/scalar_mul/variable_base.rs and code_id 61214
2025-08-06 06:20:26,454 - PopulateAtomsDeps - INFO - Populating atoms for curve25519-dalek/src/backend/serial/scalar_mul/vartime_double_base.rs and code_id 61216
2025-08-06 06:20:26,455 - PopulateAtomsDeps - INFO - Populating atoms for curve25519-dalek/src/backend/serial/u64/field_verus.rs and code_id 61226
2025-08-06 06:20:26,457 - PopulateAtomsDeps - INFO - Populating atoms for curve25519-dalek/src/backend/serial/u64/common_verus.rs and code_id 61227
2025-08-06 06:20:26,461 - PopulateAtomsDeps - INFO - Populating atoms for curve25519-dalek/src/backend/serial/u64/scalar_lemmas.rs and code_id 61228
2025-08-06 06:20:26,463 - PopulateAtomsDeps - INFO - Populating atoms for curve25519-dalek/src/backend/serial/u64/field_lemmas.rs and code_id 61229
2025-08-06 06:20:26,466 - PopulateAtomsDeps - INFO - Populating atoms for curve25519-dalek/src/backend/serial/u64/scalar.rs and code_id 61230
2025-08-06 06:20:26,470 - PopulateAtomsDeps - INFO - Populating atoms for curve25519-dalek/src/backend/serial/u64/subtle_assumes.rs and code_id 61231
2025-08-06 06:20:26,472 - PopulateAtomsDeps - INFO - Populating atoms for curve25519-dalek/src/backend/serial/u64/field.rs and code_id 61232
2025-08-06 06:20:26,473 - PopulateAtomsDeps - INFO - Populating atoms for curve25519-dalek/src/backend/serial/u64/scalar_specs.rs and code_id 61235
2025-08-06 06:20:26,475 - PopulateAtomsDeps - INFO - Populating atoms for curve25519-dalek/src/montgomery.rs and code_id 61236
2025-08-06 06:20:26,477 - PopulateAtomsDeps - INFO - Populating atoms for curve25519-dalek/src/edwards.rs and code_id 61237
2025-08-06 06:20:26,482 - PopulateAtomsDeps - INFO - Populating atoms for curve25519-dalek/src/scalar.rs and code_id 61238
2025-08-06 06:20:26,487 - PopulateAtomsDeps - INFO - Populating atoms for curve25519-dalek/src/field.rs and code_id 61240
2025-08-06 06:20:26,491 - PopulateAtomsDeps - INFO - Populating atoms for curve25519-dalek/src/ristretto.rs and code_id 61241
2025-08-06 06:20:26,495 - PopulateAtomsDeps - INFO - Populating atoms for curve25519-dalek/src/constants.rs and code_id 61244
2025-08-06 06:20:26,497 - PopulateAtomsDeps - INFO - Populating atoms for curve25519-dalek/src/traits.rs and code_id 61245
2025-08-06 06:20:26,498 - PopulateAtomsDeps - INFO - Populating atoms for curve25519-dalek/src/window.rs and code_id 61246
2025-08-06 06:20:26,499 - PopulateAtomsDeps - INFO - Populating atoms for curve25519-dalek/src/edwards/affine.rs and code_id 61247
2025-08-06 06:20:26,501 - PopulateAtomsDeps - INFO - Populating atoms for curve25519-dalek/build.rs and code_id 61248
2025-08-06 06:20:26,502 - PopulateAtomsDeps - INFO - Populating atoms for ed25519-dalek/tests/ed25519.rs and code_id 61255
2025-08-06 06:20:26,505 - PopulateAtomsDeps - INFO - Populating atoms for ed25519-dalek/tests/validation_criteria.rs and code_id 61256
2025-08-06 06:20:26,508 - PopulateAtomsDeps - INFO - Populating atoms for ed25519-dalek/tests/x25519.rs and code_id 61261
2025-08-06 06:20:26,510 - PopulateAtomsDeps - INFO - Populating atoms for ed25519-dalek/benches/ed25519_benchmarks.rs and code_id 61262
2025-08-06 06:20:26,511 - PopulateAtomsDeps - INFO - Populating atoms for ed25519-dalek/src/verifying.rs and code_id 61266
2025-08-06 06:20:26,513 - PopulateAtomsDeps - INFO - Populating atoms for ed25519-dalek/src/hazmat.rs and code_id 61268
2025-08-06 06:20:26,514 - PopulateAtomsDeps - INFO - Populating atoms for ed25519-dalek/src/signature.rs and code_id 61269
2025-08-06 06:20:26,516 - PopulateAtomsDeps - INFO - Populating atoms for ed25519-dalek/src/errors.rs and code_id 61270
2025-08-06 06:20:26,517 - PopulateAtomsDeps - INFO - Populating atoms for ed25519-dalek/src/signing.rs and code_id 61274
2025-08-06 06:20:26,519 - PopulateAtomsDeps - INFO - Processing 6 dependencies in batch
2025-08-06 06:20:26,589 - PopulateAtomsDeps - INFO - All dependencies already exist in the database
2025-08-06 06:20:26,590 - PopulateAtomsDeps - INFO - Processing 82 dependencies in batch
2025-08-06 06:20:26,663 - PopulateAtomsDeps - INFO - All dependencies already exist in the database
2025-08-06 06:20:26,664 - PopulateAtomsDeps - INFO - Processing 19 dependencies in batch
2025-08-06 06:20:26,727 - PopulateAtomsDeps - INFO - All dependencies already exist in the database
2025-08-06 06:20:26,727 - PopulateAtomsDeps - INFO - Processing 9 dependencies in batch
2025-08-06 06:20:26,783 - PopulateAtomsDeps - INFO - All dependencies already exist in the database
2025-08-06 06:20:26,784 - PopulateAtomsDeps - INFO - Processing 20 dependencies in batch
2025-08-06 06:20:26,865 - PopulateAtomsDeps - INFO - All dependencies already exist in the database
2025-08-06 06:20:26,866 - PopulateAtomsDeps - INFO - Processing 199 dependencies in batch
2025-08-06 06:20:26,957 - PopulateAtomsDeps - INFO - All dependencies already exist in the database
2025-08-06 06:20:26,958 - PopulateAtomsDeps - INFO - Processing 14 dependencies in batch
2025-08-06 06:20:27,017 - PopulateAtomsDeps - INFO - All dependencies already exist in the database
2025-08-06 06:20:27,018 - PopulateAtomsDeps - INFO - Processing 62 dependencies in batch
2025-08-06 06:20:27,086 - PopulateAtomsDeps - INFO - All dependencies already exist in the database
2025-08-06 06:20:27,087 - PopulateAtomsDeps - INFO - Processing 1 dependencies in batch
2025-08-06 06:20:27,148 - PopulateAtomsDeps - INFO - All dependencies already exist in the database
2025-08-06 06:20:27,148 - PopulateAtomsDeps - INFO - Processing 17 dependencies in batch
2025-08-06 06:20:27,216 - PopulateAtomsDeps - INFO - All dependencies already exist in the database
2025-08-06 06:20:27,217 - PopulateAtomsDeps - INFO - Processing 28 dependencies in batch
2025-08-06 06:20:27,316 - PopulateAtomsDeps - INFO - All dependencies already exist in the database
2025-08-06 06:20:27,317 - PopulateAtomsDeps - INFO - Processing 28 dependencies in batch
2025-08-06 06:20:27,404 - PopulateAtomsDeps - INFO - All dependencies already exist in the database
2025-08-06 06:20:27,405 - PopulateAtomsDeps - INFO - Processing 10 dependencies in batch
2025-08-06 06:20:27,461 - PopulateAtomsDeps - INFO - All dependencies already exist in the database
2025-08-06 06:20:27,461 - PopulateAtomsDeps - INFO - Processing 9 dependencies in batch
2025-08-06 06:20:27,519 - PopulateAtomsDeps - INFO - All dependencies already exist in the database
2025-08-06 06:20:27,519 - PopulateAtomsDeps - INFO - Processing 3 dependencies in batch
2025-08-06 06:20:27,573 - PopulateAtomsDeps - INFO - All dependencies already exist in the database
2025-08-06 06:20:27,573 - PopulateAtomsDeps - INFO - Processing 80 dependencies in batch
2025-08-06 06:20:27,751 - PopulateAtomsDeps - INFO - All dependencies already exist in the database
2025-08-06 06:20:27,752 - PopulateAtomsDeps - INFO - Processing 9 dependencies in batch
2025-08-06 06:20:27,841 - PopulateAtomsDeps - INFO - All dependencies already exist in the database
2025-08-06 06:20:27,842 - PopulateAtomsDeps - INFO - Processing 11 dependencies in batch
2025-08-06 06:20:27,899 - PopulateAtomsDeps - INFO - All dependencies already exist in the database
2025-08-06 06:20:27,900 - PopulateAtomsDeps - INFO - Processing 3 dependencies in batch
2025-08-06 06:20:27,951 - PopulateAtomsDeps - INFO - All dependencies already exist in the database
2025-08-06 06:20:27,952 - PopulateAtomsDeps - INFO - Processing 66 dependencies in batch
2025-08-06 06:20:28,031 - PopulateAtomsDeps - INFO - All dependencies already exist in the database
2025-08-06 06:20:28,031 - PopulateAtomsDeps - INFO - Processing 68 dependencies in batch
2025-08-06 06:20:28,095 - PopulateAtomsDeps - INFO - All dependencies already exist in the database
2025-08-06 06:20:28,096 - PopulateAtomsDeps - INFO - Processing 40 dependencies in batch
2025-08-06 06:20:28,157 - PopulateAtomsDeps - INFO - All dependencies already exist in the database
2025-08-06 06:20:28,157 - PopulateAtomsDeps - INFO - Processing 23 dependencies in batch
2025-08-06 06:20:28,217 - PopulateAtomsDeps - INFO - All dependencies already exist in the database
2025-08-06 06:20:28,218 - PopulateAtomsDeps - INFO - Processing 26 dependencies in batch
2025-08-06 06:20:28,292 - PopulateAtomsDeps - INFO - All dependencies already exist in the database
2025-08-06 06:20:28,293 - PopulateAtomsDeps - INFO - Processing 6 dependencies in batch
2025-08-06 06:20:28,356 - PopulateAtomsDeps - INFO - All dependencies already exist in the database
2025-08-06 06:20:28,356 - PopulateAtomsDeps - INFO - Processing 7 dependencies in batch
2025-08-06 06:20:28,416 - PopulateAtomsDeps - INFO - All dependencies already exist in the database
2025-08-06 06:20:28,416 - PopulateAtomsDeps - INFO - Processing 76 dependencies in batch
2025-08-06 06:20:28,495 - PopulateAtomsDeps - INFO - All dependencies already exist in the database
2025-08-06 06:20:28,497 - PopulateAtomsDeps - INFO - Processing 209 dependencies in batch
2025-08-06 06:20:28,602 - PopulateAtomsDeps - INFO - All dependencies already exist in the database
2025-08-06 06:20:28,604 - PopulateAtomsDeps - INFO - Processing 209 dependencies in batch
2025-08-06 06:20:28,693 - PopulateAtomsDeps - INFO - All dependencies already exist in the database
2025-08-06 06:20:28,695 - PopulateAtomsDeps - INFO - Processing 87 dependencies in batch
2025-08-06 06:20:28,769 - PopulateAtomsDeps - INFO - All dependencies already exist in the database
2025-08-06 06:20:28,771 - PopulateAtomsDeps - INFO - Processing 195 dependencies in batch
2025-08-06 06:20:28,873 - PopulateAtomsDeps - INFO - All dependencies already exist in the database
2025-08-06 06:20:28,873 - PopulateAtomsDeps - INFO - Processing 20 dependencies in batch
2025-08-06 06:20:28,934 - PopulateAtomsDeps - INFO - All dependencies already exist in the database
2025-08-06 06:20:28,934 - PopulateAtomsDeps - INFO - Processing 12 dependencies in batch
2025-08-06 06:20:28,990 - PopulateAtomsDeps - INFO - All dependencies already exist in the database
2025-08-06 06:20:28,990 - PopulateAtomsDeps - INFO - Processing 11 dependencies in batch
2025-08-06 06:20:29,047 - PopulateAtomsDeps - INFO - All dependencies already exist in the database
2025-08-06 06:20:29,048 - PopulateAtomsDeps - INFO - Processing 11 dependencies in batch
2025-08-06 06:20:29,121 - PopulateAtomsDeps - INFO - All dependencies already exist in the database
2025-08-06 06:20:29,122 - PopulateAtomsDeps - INFO - Processing 69 dependencies in batch
2025-08-06 06:20:29,194 - PopulateAtomsDeps - INFO - All dependencies already exist in the database
2025-08-06 06:20:29,195 - PopulateAtomsDeps - INFO - Processing 44 dependencies in batch
2025-08-06 06:20:29,260 - PopulateAtomsDeps - INFO - All dependencies already exist in the database
2025-08-06 06:20:29,261 - PopulateAtomsDeps - INFO - Processing 24 dependencies in batch
2025-08-06 06:20:29,322 - PopulateAtomsDeps - INFO - All dependencies already exist in the database
2025-08-06 06:20:29,323 - PopulateAtomsDeps - INFO - Processing 31 dependencies in batch
2025-08-06 06:20:29,446 - PopulateAtomsDeps - INFO - All dependencies already exist in the database
2025-08-06 06:20:29,447 - PopulateAtomsDeps - INFO - Processing 26 dependencies in batch
2025-08-06 06:20:29,527 - PopulateAtomsDeps - INFO - All dependencies already exist in the database
2025-08-06 06:20:29,528 - PopulateAtomsDeps - INFO - Processing 54 dependencies in batch
2025-08-06 06:20:29,597 - PopulateAtomsDeps - INFO - All dependencies already exist in the database
2025-08-06 06:20:29,597 - PopulateAtomsDeps - INFO - Processing 10 dependencies in batch
2025-08-06 06:20:29,654 - PopulateAtomsDeps - INFO - All dependencies already exist in the database
2025-08-06 06:20:29,654 - PopulateAtomsDeps - INFO - Processing 1 dependencies in batch
2025-08-06 06:20:29,717 - PopulateAtomsDeps - INFO - All dependencies already exist in the database
2025-08-06 06:20:29,718 - PopulateAtomsDeps - INFO - Processing 34 dependencies in batch
2025-08-06 06:20:29,781 - PopulateAtomsDeps - INFO - All dependencies already exist in the database
2025-08-06 06:20:29,782 - PopulateAtomsDeps - INFO - Setting code_id for file molecules in repo 3162
2025-08-06 06:20:29,786 - PopulateAtomsDeps - INFO - Found 0 file molecules with code_id=0 to update
2025-08-06 06:20:29,787 - PopulateAtomsDeps - INFO - Found 49 file molecules with specific code_ids
2025-08-06 06:20:29,787 - PopulateAtomsDeps - INFO - No file molecules with code_id = 0 found to update
2025-08-06 06:20:29,788 - PopulateAtomsDeps - INFO - Reading atomizer log file: logs/atomizer_3162_20250806_061921.log
2025-08-06 06:20:29,788 - PopulateAtomsDeps - INFO - Successfully read 601 characters from atomizer log
2025-08-06 06:20:29,792 - PopulateAtomsDeps - INFO - Inserted combined logs to atomizerlogs table for repo_id 3162
2025-08-06 06:20:29,793 - PopulateAtomsDeps - INFO - Successfully completed populate_atomsdeps_grouped_rust.py for repo_id 3162
2025-08-06 06:20:29,793 - PopulateAtomsDeps - INFO - Processing completed for JSON file: /var/www/html/rust-atomizer/3162.json
