2025-08-04 06:17:42,713 - PopulateAtomsDeps - INFO - Logging to file: logs/populate_atoms_20250804_061742.log
2025-08-04 06:17:42,714 - PopulateAtomsDeps - INFO - Starting populate_atomsdeps_grouped_rust.py with parameters:
2025-08-04 06:17:42,714 - PopulateAtomsDeps - INFO -   repo_id: 3158
2025-08-04 06:17:42,714 - PopulateAtomsDeps - INFO -   json_path: /var/www/html/rust-atomizer/3158.json
2025-08-04 06:17:42,714 - PopulateAtomsDeps - INFO -   user_id: 460176
2025-08-04 06:17:42,714 - PopulateAtomsDeps - INFO -   JSON file exists: True
2025-08-04 06:17:42,714 - PopulateAtomsDeps - INFO -   JSON file size: 769672 bytes
2025-08-04 06:17:42,714 - PopulateAtomsDeps - INFO -   JSON file modified: 2025-08-04 06:17:41.930046
2025-08-04 06:17:42,724 - PopulateAtomsDeps - INFO - Identified 19 folders containing Rust files
2025-08-04 06:17:42,724 - PopulateAtomsDeps - INFO - Populating folder structure with 19 folders as molecules for repo 3158
2025-08-04 06:17:42,745 - PopulateAtomsDeps - INFO - All folders to create (including parents): ['curve25519-dalek', 'ed25519-dalek', 'x25519-dalek', 'curve25519-dalek-derive', 'curve25519-dalek/src', 'ed25519-dalek/benches', 'curve25519-dalek-derive/src', 'x25519-dalek/benches', 'curve25519-dalek/benches', 'ed25519-dalek/src', 'x25519-dalek/tests', 'ed25519-dalek/tests', 'x25519-dalek/src', 'curve25519-dalek-derive/tests', 'curve25519-dalek/src/backend', 'curve25519-dalek/src/edwards', 'curve25519-dalek/src/backend/vector', 'curve25519-dalek/src/backend/serial', 'curve25519-dalek/src/backend/vector/scalar_mul', 'curve25519-dalek/src/backend/serial/curve_models', 'curve25519-dalek/src/backend/serial/scalar_mul', 'curve25519-dalek/src/backend/vector/avx2', 'curve25519-dalek/src/backend/serial/u64']
2025-08-04 06:17:42,904 - PopulateAtomsDeps - INFO - Adding 46 new file molecules in batch
2025-08-04 06:17:42,928 - PopulateAtomsDeps - INFO - Successfully populated 69 folder and file molecules for repo 3158
2025-08-04 06:17:42,953 - PopulateAtomsDeps - INFO - Nb of Codes: 80
2025-08-04 06:17:42,960 - PopulateAtomsDeps - INFO - Found 16 atoms for curve25519-dalek-derive/tests/tests.rs
2025-08-04 06:17:42,960 - PopulateAtomsDeps - INFO - Found 11 atoms for curve25519-dalek-derive/src/lib.rs
2025-08-04 06:17:42,960 - PopulateAtomsDeps - INFO - Found 7 atoms for x25519-dalek/tests/x25519_tests.rs
2025-08-04 06:17:42,960 - PopulateAtomsDeps - INFO - Found 2 atoms for x25519-dalek/benches/x25519.rs
2025-08-04 06:17:42,961 - PopulateAtomsDeps - WARNING - No atoms found for filename: x25519-dalek/src/lib.rs
2025-08-04 06:17:42,961 - PopulateAtomsDeps - INFO - Found 23 atoms for x25519-dalek/src/x25519.rs
2025-08-04 06:17:42,961 - PopulateAtomsDeps - INFO - Found 25 atoms for curve25519-dalek/benches/dalek_benchmarks.rs
2025-08-04 06:17:42,961 - PopulateAtomsDeps - INFO - Found 19 atoms for curve25519-dalek/src/backend/vector/avx2/edwards.rs
2025-08-04 06:17:42,962 - PopulateAtomsDeps - INFO - Found 22 atoms for curve25519-dalek/src/backend/vector/avx2/field.rs
2025-08-04 06:17:42,962 - PopulateAtomsDeps - WARNING - No atoms found for filename: curve25519-dalek/src/backend/vector/avx2/constants.rs
2025-08-04 06:17:42,962 - PopulateAtomsDeps - WARNING - No atoms found for filename: curve25519-dalek/src/backend/vector/avx2/mod.rs
2025-08-04 06:17:42,963 - PopulateAtomsDeps - WARNING - No atoms found for filename: curve25519-dalek/src/backend/vector/ifma/edwards.rs
2025-08-04 06:17:42,963 - PopulateAtomsDeps - WARNING - No atoms found for filename: curve25519-dalek/src/backend/vector/ifma/field.rs
2025-08-04 06:17:42,963 - PopulateAtomsDeps - WARNING - No atoms found for filename: curve25519-dalek/src/backend/vector/ifma/constants.rs
2025-08-04 06:17:42,963 - PopulateAtomsDeps - WARNING - No atoms found for filename: curve25519-dalek/src/backend/vector/ifma/mod.rs
2025-08-04 06:17:42,964 - PopulateAtomsDeps - INFO - Found 4 atoms for curve25519-dalek/src/backend/vector/scalar_mul/precomputed_straus.rs
2025-08-04 06:17:42,964 - PopulateAtomsDeps - INFO - Found 1 atoms for curve25519-dalek/src/backend/vector/scalar_mul/pippenger.rs
2025-08-04 06:17:42,964 - PopulateAtomsDeps - INFO - Found 2 atoms for curve25519-dalek/src/backend/vector/scalar_mul/straus.rs
2025-08-04 06:17:42,964 - PopulateAtomsDeps - INFO - Found 1 atoms for curve25519-dalek/src/backend/vector/scalar_mul/variable_base.rs
2025-08-04 06:17:42,965 - PopulateAtomsDeps - WARNING - No atoms found for filename: curve25519-dalek/src/backend/vector/scalar_mul/mod.rs
2025-08-04 06:17:42,965 - PopulateAtomsDeps - INFO - Found 1 atoms for curve25519-dalek/src/backend/vector/scalar_mul/vartime_double_base.rs
2025-08-04 06:17:42,965 - PopulateAtomsDeps - INFO - Found 9 atoms for curve25519-dalek/src/backend/vector/packed_simd.rs
2025-08-04 06:17:42,965 - PopulateAtomsDeps - WARNING - No atoms found for filename: curve25519-dalek/src/backend/vector/mod.rs
2025-08-04 06:17:42,966 - PopulateAtomsDeps - INFO - Found 12 atoms for curve25519-dalek/src/backend/mod.rs
2025-08-04 06:17:42,966 - PopulateAtomsDeps - INFO - Found 26 atoms for curve25519-dalek/src/backend/serial/curve_models/mod.rs
2025-08-04 06:17:42,966 - PopulateAtomsDeps - INFO - Found 4 atoms for curve25519-dalek/src/backend/serial/scalar_mul/precomputed_straus.rs
2025-08-04 06:17:42,966 - PopulateAtomsDeps - INFO - Found 2 atoms for curve25519-dalek/src/backend/serial/scalar_mul/pippenger.rs
2025-08-04 06:17:42,966 - PopulateAtomsDeps - INFO - Found 2 atoms for curve25519-dalek/src/backend/serial/scalar_mul/straus.rs
2025-08-04 06:17:42,967 - PopulateAtomsDeps - INFO - Found 1 atoms for curve25519-dalek/src/backend/serial/scalar_mul/variable_base.rs
2025-08-04 06:17:42,967 - PopulateAtomsDeps - WARNING - No atoms found for filename: curve25519-dalek/src/backend/serial/scalar_mul/mod.rs
2025-08-04 06:17:42,967 - PopulateAtomsDeps - INFO - Found 1 atoms for curve25519-dalek/src/backend/serial/scalar_mul/vartime_double_base.rs
2025-08-04 06:17:42,967 - PopulateAtomsDeps - WARNING - No atoms found for filename: curve25519-dalek/src/backend/serial/fiat_u32/field.rs
2025-08-04 06:17:42,968 - PopulateAtomsDeps - WARNING - No atoms found for filename: curve25519-dalek/src/backend/serial/fiat_u32/mod.rs
2025-08-04 06:17:42,968 - PopulateAtomsDeps - WARNING - No atoms found for filename: curve25519-dalek/src/backend/serial/u32/scalar.rs
2025-08-04 06:17:42,968 - PopulateAtomsDeps - WARNING - No atoms found for filename: curve25519-dalek/src/backend/serial/u32/field.rs
2025-08-04 06:17:42,969 - PopulateAtomsDeps - WARNING - No atoms found for filename: curve25519-dalek/src/backend/serial/u32/constants.rs
2025-08-04 06:17:42,969 - PopulateAtomsDeps - WARNING - No atoms found for filename: curve25519-dalek/src/backend/serial/u32/mod.rs
2025-08-04 06:17:42,969 - PopulateAtomsDeps - WARNING - No atoms found for filename: curve25519-dalek/src/backend/serial/fiat_u64/field.rs
2025-08-04 06:17:42,970 - PopulateAtomsDeps - WARNING - No atoms found for filename: curve25519-dalek/src/backend/serial/fiat_u64/mod.rs
2025-08-04 06:17:42,970 - PopulateAtomsDeps - WARNING - No atoms found for filename: curve25519-dalek/src/backend/serial/mod.rs
2025-08-04 06:17:42,970 - PopulateAtomsDeps - INFO - Found 11 atoms for curve25519-dalek/src/backend/serial/u64/field_verus.rs
2025-08-04 06:17:42,971 - PopulateAtomsDeps - INFO - Found 1 atoms for curve25519-dalek/src/backend/serial/u64/common_verus.rs
2025-08-04 06:17:42,971 - PopulateAtomsDeps - WARNING - No atoms found for filename: curve25519-dalek/src/backend/serial/u64/scalar_lemmas.rs
2025-08-04 06:17:42,971 - PopulateAtomsDeps - INFO - Found 1 atoms for curve25519-dalek/src/backend/serial/u64/field_lemmas.rs
2025-08-04 06:17:42,972 - PopulateAtomsDeps - INFO - Found 30 atoms for curve25519-dalek/src/backend/serial/u64/scalar.rs
2025-08-04 06:17:42,972 - PopulateAtomsDeps - INFO - Found 1 atoms for curve25519-dalek/src/backend/serial/u64/subtle_assumes.rs
2025-08-04 06:17:42,972 - PopulateAtomsDeps - INFO - Found 22 atoms for curve25519-dalek/src/backend/serial/u64/field.rs
2025-08-04 06:17:42,972 - PopulateAtomsDeps - WARNING - No atoms found for filename: curve25519-dalek/src/backend/serial/u64/constants.rs
2025-08-04 06:17:42,973 - PopulateAtomsDeps - WARNING - No atoms found for filename: curve25519-dalek/src/backend/serial/u64/mod.rs
2025-08-04 06:17:42,973 - PopulateAtomsDeps - WARNING - No atoms found for filename: curve25519-dalek/src/backend/serial/u64/scalar_specs.rs
2025-08-04 06:17:42,974 - PopulateAtomsDeps - INFO - Found 36 atoms for curve25519-dalek/src/montgomery.rs
2025-08-04 06:17:42,974 - PopulateAtomsDeps - INFO - Found 101 atoms for curve25519-dalek/src/edwards.rs
2025-08-04 06:17:42,974 - PopulateAtomsDeps - INFO - Found 78 atoms for curve25519-dalek/src/scalar.rs
2025-08-04 06:17:42,974 - PopulateAtomsDeps - WARNING - No atoms found for filename: curve25519-dalek/src/macros.rs
2025-08-04 06:17:42,975 - PopulateAtomsDeps - INFO - Found 26 atoms for curve25519-dalek/src/field.rs
2025-08-04 06:17:42,975 - PopulateAtomsDeps - INFO - Found 70 atoms for curve25519-dalek/src/ristretto.rs
2025-08-04 06:17:42,975 - PopulateAtomsDeps - WARNING - No atoms found for filename: curve25519-dalek/src/diagnostics.rs
2025-08-04 06:17:42,976 - PopulateAtomsDeps - WARNING - No atoms found for filename: curve25519-dalek/src/lib.rs
2025-08-04 06:17:42,976 - PopulateAtomsDeps - INFO - Found 8 atoms for curve25519-dalek/src/constants.rs
2025-08-04 06:17:42,976 - PopulateAtomsDeps - INFO - Found 10 atoms for curve25519-dalek/src/traits.rs
2025-08-04 06:17:42,977 - PopulateAtomsDeps - INFO - Found 8 atoms for curve25519-dalek/src/window.rs
2025-08-04 06:17:42,977 - PopulateAtomsDeps - INFO - Found 11 atoms for curve25519-dalek/src/edwards/affine.rs
2025-08-04 06:17:42,977 - PopulateAtomsDeps - INFO - Found 5 atoms for curve25519-dalek/build.rs
2025-08-04 06:17:42,978 - PopulateAtomsDeps - INFO - Found 6 atoms for ed25519-dalek/tests/ed25519.rs
2025-08-04 06:17:42,978 - PopulateAtomsDeps - INFO - Found 5 atoms for ed25519-dalek/tests/validation_criteria.rs
2025-08-04 06:17:42,978 - PopulateAtomsDeps - WARNING - No atoms found for filename: ed25519-dalek/tests/pkcs8.rs
2025-08-04 06:17:42,978 - PopulateAtomsDeps - INFO - Found 1 atoms for ed25519-dalek/tests/x25519.rs
2025-08-04 06:17:42,979 - PopulateAtomsDeps - INFO - Found 6 atoms for ed25519-dalek/benches/ed25519_benchmarks.rs
2025-08-04 06:17:42,979 - PopulateAtomsDeps - INFO - Found 23 atoms for ed25519-dalek/src/verifying.rs
2025-08-04 06:17:42,979 - PopulateAtomsDeps - WARNING - No atoms found for filename: ed25519-dalek/src/batch.rs
2025-08-04 06:17:42,979 - PopulateAtomsDeps - INFO - Found 13 atoms for ed25519-dalek/src/hazmat.rs
2025-08-04 06:17:42,980 - PopulateAtomsDeps - INFO - Found 6 atoms for ed25519-dalek/src/signature.rs
2025-08-04 06:17:42,980 - PopulateAtomsDeps - INFO - Found 2 atoms for ed25519-dalek/src/errors.rs
2025-08-04 06:17:42,980 - PopulateAtomsDeps - WARNING - No atoms found for filename: ed25519-dalek/src/batch/strobe.rs
2025-08-04 06:17:42,981 - PopulateAtomsDeps - WARNING - No atoms found for filename: ed25519-dalek/src/batch/transcript.rs
2025-08-04 06:17:42,981 - PopulateAtomsDeps - WARNING - No atoms found for filename: ed25519-dalek/src/verifying/stream.rs
2025-08-04 06:17:42,981 - PopulateAtomsDeps - INFO - Found 26 atoms for ed25519-dalek/src/signing.rs
2025-08-04 06:17:42,982 - PopulateAtomsDeps - WARNING - No atoms found for filename: ed25519-dalek/src/context.rs
2025-08-04 06:17:42,982 - PopulateAtomsDeps - WARNING - No atoms found for filename: ed25519-dalek/src/lib.rs
2025-08-04 06:17:42,982 - PopulateAtomsDeps - WARNING - No atoms found for filename: ed25519-dalek/src/constants.rs
2025-08-04 06:17:42,983 - PopulateAtomsDeps - INFO - Summary: Found atoms for 46 out of 80 files
2025-08-04 06:17:42,983 - PopulateAtomsDeps - INFO - Populating atoms for curve25519-dalek-derive/tests/tests.rs and code_id 55843
2025-08-04 06:17:42,997 - PopulateAtomsDeps - INFO - Inserted 16 atoms for file curve25519-dalek-derive/tests/tests.rs
2025-08-04 06:17:42,997 - PopulateAtomsDeps - INFO - Populating atoms for curve25519-dalek-derive/src/lib.rs and code_id 55847
2025-08-04 06:17:43,013 - PopulateAtomsDeps - INFO - Inserted 11 atoms for file curve25519-dalek-derive/src/lib.rs
2025-08-04 06:17:43,014 - PopulateAtomsDeps - INFO - Populating atoms for x25519-dalek/tests/x25519_tests.rs and code_id 55855
2025-08-04 06:17:43,025 - PopulateAtomsDeps - INFO - Inserted 7 atoms for file x25519-dalek/tests/x25519_tests.rs
2025-08-04 06:17:43,025 - PopulateAtomsDeps - INFO - Populating atoms for x25519-dalek/benches/x25519.rs and code_id 55856
2025-08-04 06:17:43,032 - PopulateAtomsDeps - INFO - Inserted 2 atoms for file x25519-dalek/benches/x25519.rs
2025-08-04 06:17:43,032 - PopulateAtomsDeps - INFO - Populating atoms for x25519-dalek/src/x25519.rs and code_id 55860
2025-08-04 06:17:43,057 - PopulateAtomsDeps - INFO - Inserted 21 atoms for file x25519-dalek/src/x25519.rs
2025-08-04 06:17:43,057 - PopulateAtomsDeps - INFO - Populating atoms for curve25519-dalek/benches/dalek_benchmarks.rs and code_id 55871
2025-08-04 06:17:43,092 - PopulateAtomsDeps - INFO - Inserted 25 atoms for file curve25519-dalek/benches/dalek_benchmarks.rs
2025-08-04 06:17:43,093 - PopulateAtomsDeps - INFO - Populating atoms for curve25519-dalek/src/backend/vector/avx2/edwards.rs and code_id 55875
2025-08-04 06:17:43,111 - PopulateAtomsDeps - INFO - Inserted 19 atoms for file curve25519-dalek/src/backend/vector/avx2/edwards.rs
2025-08-04 06:17:43,111 - PopulateAtomsDeps - INFO - Populating atoms for curve25519-dalek/src/backend/vector/avx2/field.rs and code_id 55876
2025-08-04 06:17:43,136 - PopulateAtomsDeps - INFO - Inserted 22 atoms for file curve25519-dalek/src/backend/vector/avx2/field.rs
2025-08-04 06:17:43,136 - PopulateAtomsDeps - INFO - Populating atoms for curve25519-dalek/src/backend/vector/scalar_mul/precomputed_straus.rs and code_id 55883
2025-08-04 06:17:43,144 - PopulateAtomsDeps - INFO - Inserted 1 atoms for file curve25519-dalek/src/backend/vector/scalar_mul/precomputed_straus.rs
2025-08-04 06:17:43,144 - PopulateAtomsDeps - INFO - Populating atoms for curve25519-dalek/src/backend/vector/scalar_mul/pippenger.rs and code_id 55884
2025-08-04 06:17:43,151 - PopulateAtomsDeps - INFO - Inserted 1 atoms for file curve25519-dalek/src/backend/vector/scalar_mul/pippenger.rs
2025-08-04 06:17:43,151 - PopulateAtomsDeps - INFO - Populating atoms for curve25519-dalek/src/backend/vector/scalar_mul/straus.rs and code_id 55885
2025-08-04 06:17:43,159 - PopulateAtomsDeps - INFO - Inserted 2 atoms for file curve25519-dalek/src/backend/vector/scalar_mul/straus.rs
2025-08-04 06:17:43,159 - PopulateAtomsDeps - INFO - Populating atoms for curve25519-dalek/src/backend/vector/scalar_mul/variable_base.rs and code_id 55886
2025-08-04 06:17:43,167 - PopulateAtomsDeps - INFO - Inserted 1 atoms for file curve25519-dalek/src/backend/vector/scalar_mul/variable_base.rs
2025-08-04 06:17:43,167 - PopulateAtomsDeps - INFO - Populating atoms for curve25519-dalek/src/backend/vector/scalar_mul/vartime_double_base.rs and code_id 55888
2025-08-04 06:17:43,173 - PopulateAtomsDeps - INFO - Inserted 1 atoms for file curve25519-dalek/src/backend/vector/scalar_mul/vartime_double_base.rs
2025-08-04 06:17:43,173 - PopulateAtomsDeps - INFO - Populating atoms for curve25519-dalek/src/backend/vector/packed_simd.rs and code_id 55889
2025-08-04 06:17:43,186 - PopulateAtomsDeps - INFO - Inserted 9 atoms for file curve25519-dalek/src/backend/vector/packed_simd.rs
2025-08-04 06:17:43,186 - PopulateAtomsDeps - INFO - Populating atoms for curve25519-dalek/src/backend/mod.rs and code_id 55891
2025-08-04 06:17:43,193 - PopulateAtomsDeps - INFO - Inserted 12 atoms for file curve25519-dalek/src/backend/mod.rs
2025-08-04 06:17:43,193 - PopulateAtomsDeps - INFO - Populating atoms for curve25519-dalek/src/backend/serial/curve_models/mod.rs and code_id 55892
2025-08-04 06:17:43,202 - PopulateAtomsDeps - INFO - Inserted 24 atoms for file curve25519-dalek/src/backend/serial/curve_models/mod.rs
2025-08-04 06:17:43,203 - PopulateAtomsDeps - INFO - Populating atoms for curve25519-dalek/src/backend/serial/scalar_mul/precomputed_straus.rs and code_id 55893
2025-08-04 06:17:43,208 - PopulateAtomsDeps - INFO - Inserted 4 atoms for file curve25519-dalek/src/backend/serial/scalar_mul/precomputed_straus.rs
2025-08-04 06:17:43,209 - PopulateAtomsDeps - INFO - Populating atoms for curve25519-dalek/src/backend/serial/scalar_mul/pippenger.rs and code_id 55894
2025-08-04 06:17:43,214 - PopulateAtomsDeps - INFO - Inserted 2 atoms for file curve25519-dalek/src/backend/serial/scalar_mul/pippenger.rs
2025-08-04 06:17:43,215 - PopulateAtomsDeps - INFO - Populating atoms for curve25519-dalek/src/backend/serial/scalar_mul/straus.rs and code_id 55895
2025-08-04 06:17:43,220 - PopulateAtomsDeps - INFO - Inserted 2 atoms for file curve25519-dalek/src/backend/serial/scalar_mul/straus.rs
2025-08-04 06:17:43,221 - PopulateAtomsDeps - INFO - Populating atoms for curve25519-dalek/src/backend/serial/scalar_mul/variable_base.rs and code_id 55896
2025-08-04 06:17:43,226 - PopulateAtomsDeps - INFO - Inserted 1 atoms for file curve25519-dalek/src/backend/serial/scalar_mul/variable_base.rs
2025-08-04 06:17:43,226 - PopulateAtomsDeps - INFO - Populating atoms for curve25519-dalek/src/backend/serial/scalar_mul/vartime_double_base.rs and code_id 55898
2025-08-04 06:17:43,231 - PopulateAtomsDeps - INFO - Inserted 1 atoms for file curve25519-dalek/src/backend/serial/scalar_mul/vartime_double_base.rs
2025-08-04 06:17:43,232 - PopulateAtomsDeps - INFO - Populating atoms for curve25519-dalek/src/backend/serial/u64/field_verus.rs and code_id 55908
2025-08-04 06:17:43,239 - PopulateAtomsDeps - INFO - Inserted 11 atoms for file curve25519-dalek/src/backend/serial/u64/field_verus.rs
2025-08-04 06:17:43,239 - PopulateAtomsDeps - INFO - Populating atoms for curve25519-dalek/src/backend/serial/u64/common_verus.rs and code_id 55909
2025-08-04 06:17:43,245 - PopulateAtomsDeps - INFO - Inserted 1 atoms for file curve25519-dalek/src/backend/serial/u64/common_verus.rs
2025-08-04 06:17:43,245 - PopulateAtomsDeps - INFO - Populating atoms for curve25519-dalek/src/backend/serial/u64/field_lemmas.rs and code_id 55911
2025-08-04 06:17:43,251 - PopulateAtomsDeps - INFO - Inserted 1 atoms for file curve25519-dalek/src/backend/serial/u64/field_lemmas.rs
2025-08-04 06:17:43,251 - PopulateAtomsDeps - INFO - Populating atoms for curve25519-dalek/src/backend/serial/u64/scalar.rs and code_id 55912
2025-08-04 06:17:43,261 - PopulateAtomsDeps - INFO - Inserted 30 atoms for file curve25519-dalek/src/backend/serial/u64/scalar.rs
2025-08-04 06:17:43,261 - PopulateAtomsDeps - INFO - Populating atoms for curve25519-dalek/src/backend/serial/u64/subtle_assumes.rs and code_id 55913
2025-08-04 06:17:43,268 - PopulateAtomsDeps - INFO - Inserted 1 atoms for file curve25519-dalek/src/backend/serial/u64/subtle_assumes.rs
2025-08-04 06:17:43,268 - PopulateAtomsDeps - INFO - Populating atoms for curve25519-dalek/src/backend/serial/u64/field.rs and code_id 55914
2025-08-04 06:17:43,276 - PopulateAtomsDeps - INFO - Inserted 22 atoms for file curve25519-dalek/src/backend/serial/u64/field.rs
2025-08-04 06:17:43,277 - PopulateAtomsDeps - INFO - Populating atoms for curve25519-dalek/src/montgomery.rs and code_id 55918
2025-08-04 06:17:43,288 - PopulateAtomsDeps - INFO - Inserted 36 atoms for file curve25519-dalek/src/montgomery.rs
2025-08-04 06:17:43,289 - PopulateAtomsDeps - INFO - Populating atoms for curve25519-dalek/src/edwards.rs and code_id 55919
2025-08-04 06:17:43,306 - PopulateAtomsDeps - INFO - Inserted 101 atoms for file curve25519-dalek/src/edwards.rs
2025-08-04 06:17:43,307 - PopulateAtomsDeps - INFO - Populating atoms for curve25519-dalek/src/scalar.rs and code_id 55920
2025-08-04 06:17:43,325 - PopulateAtomsDeps - INFO - Inserted 74 atoms for file curve25519-dalek/src/scalar.rs
2025-08-04 06:17:43,326 - PopulateAtomsDeps - INFO - Populating atoms for curve25519-dalek/src/field.rs and code_id 55922
2025-08-04 06:17:43,336 - PopulateAtomsDeps - INFO - Inserted 26 atoms for file curve25519-dalek/src/field.rs
2025-08-04 06:17:43,337 - PopulateAtomsDeps - INFO - Populating atoms for curve25519-dalek/src/ristretto.rs and code_id 55923
2025-08-04 06:17:43,357 - PopulateAtomsDeps - INFO - Inserted 69 atoms for file curve25519-dalek/src/ristretto.rs
2025-08-04 06:17:43,358 - PopulateAtomsDeps - INFO - Populating atoms for curve25519-dalek/src/constants.rs and code_id 55926
2025-08-04 06:17:43,364 - PopulateAtomsDeps - INFO - Inserted 8 atoms for file curve25519-dalek/src/constants.rs
2025-08-04 06:17:43,365 - PopulateAtomsDeps - INFO - Populating atoms for curve25519-dalek/src/traits.rs and code_id 55927
2025-08-04 06:17:43,371 - PopulateAtomsDeps - INFO - Inserted 10 atoms for file curve25519-dalek/src/traits.rs
2025-08-04 06:17:43,372 - PopulateAtomsDeps - INFO - Populating atoms for curve25519-dalek/src/window.rs and code_id 55928
2025-08-04 06:17:43,377 - PopulateAtomsDeps - INFO - Inserted 6 atoms for file curve25519-dalek/src/window.rs
2025-08-04 06:17:43,378 - PopulateAtomsDeps - INFO - Populating atoms for curve25519-dalek/src/edwards/affine.rs and code_id 55929
2025-08-04 06:17:43,384 - PopulateAtomsDeps - INFO - Inserted 10 atoms for file curve25519-dalek/src/edwards/affine.rs
2025-08-04 06:17:43,384 - PopulateAtomsDeps - INFO - Populating atoms for curve25519-dalek/build.rs and code_id 55930
2025-08-04 06:17:43,389 - PopulateAtomsDeps - INFO - Inserted 5 atoms for file curve25519-dalek/build.rs
2025-08-04 06:17:43,389 - PopulateAtomsDeps - INFO - Populating atoms for ed25519-dalek/tests/ed25519.rs and code_id 55937
2025-08-04 06:17:43,397 - PopulateAtomsDeps - INFO - Inserted 6 atoms for file ed25519-dalek/tests/ed25519.rs
2025-08-04 06:17:43,397 - PopulateAtomsDeps - INFO - Populating atoms for ed25519-dalek/tests/validation_criteria.rs and code_id 55938
2025-08-04 06:17:43,403 - PopulateAtomsDeps - INFO - Inserted 5 atoms for file ed25519-dalek/tests/validation_criteria.rs
2025-08-04 06:17:43,404 - PopulateAtomsDeps - INFO - Populating atoms for ed25519-dalek/tests/x25519.rs and code_id 55943
2025-08-04 06:17:43,409 - PopulateAtomsDeps - INFO - Inserted 1 atoms for file ed25519-dalek/tests/x25519.rs
2025-08-04 06:17:43,409 - PopulateAtomsDeps - INFO - Populating atoms for ed25519-dalek/benches/ed25519_benchmarks.rs and code_id 55944
2025-08-04 06:17:43,417 - PopulateAtomsDeps - INFO - Inserted 6 atoms for file ed25519-dalek/benches/ed25519_benchmarks.rs
2025-08-04 06:17:43,417 - PopulateAtomsDeps - INFO - Populating atoms for ed25519-dalek/src/verifying.rs and code_id 55948
2025-08-04 06:17:43,425 - PopulateAtomsDeps - INFO - Inserted 21 atoms for file ed25519-dalek/src/verifying.rs
2025-08-04 06:17:43,426 - PopulateAtomsDeps - INFO - Populating atoms for ed25519-dalek/src/hazmat.rs and code_id 55950
2025-08-04 06:17:43,433 - PopulateAtomsDeps - INFO - Inserted 13 atoms for file ed25519-dalek/src/hazmat.rs
2025-08-04 06:17:43,433 - PopulateAtomsDeps - INFO - Populating atoms for ed25519-dalek/src/signature.rs and code_id 55951
2025-08-04 06:17:43,440 - PopulateAtomsDeps - INFO - Inserted 6 atoms for file ed25519-dalek/src/signature.rs
2025-08-04 06:17:43,440 - PopulateAtomsDeps - INFO - Populating atoms for ed25519-dalek/src/errors.rs and code_id 55952
2025-08-04 06:17:43,446 - PopulateAtomsDeps - INFO - Inserted 2 atoms for file ed25519-dalek/src/errors.rs
2025-08-04 06:17:43,447 - PopulateAtomsDeps - INFO - Populating atoms for ed25519-dalek/src/signing.rs and code_id 55956
2025-08-04 06:17:43,455 - PopulateAtomsDeps - INFO - Inserted 25 atoms for file ed25519-dalek/src/signing.rs
2025-08-04 06:17:43,455 - PopulateAtomsDeps - INFO - Processing 8 dependencies in batch
2025-08-04 06:17:43,535 - PopulateAtomsDeps - INFO - Inserting 8 new dependencies
2025-08-04 06:17:43,541 - PopulateAtomsDeps - INFO - Processing 12 dependencies in batch
2025-08-04 06:17:43,593 - PopulateAtomsDeps - INFO - Inserting 12 new dependencies
2025-08-04 06:17:43,599 - PopulateAtomsDeps - INFO - Processing 9 dependencies in batch
2025-08-04 06:17:43,653 - PopulateAtomsDeps - INFO - Inserting 9 new dependencies
2025-08-04 06:17:43,659 - PopulateAtomsDeps - INFO - Processing 4 dependencies in batch
2025-08-04 06:17:43,706 - PopulateAtomsDeps - INFO - Inserting 4 new dependencies
2025-08-04 06:17:43,712 - PopulateAtomsDeps - INFO - Processing 18 dependencies in batch
2025-08-04 06:17:43,771 - PopulateAtomsDeps - INFO - Inserting 18 new dependencies
2025-08-04 06:17:43,778 - PopulateAtomsDeps - INFO - Processing 66 dependencies in batch
2025-08-04 06:17:43,855 - PopulateAtomsDeps - INFO - Inserting 66 new dependencies
2025-08-04 06:17:43,875 - PopulateAtomsDeps - INFO - Processing 29 dependencies in batch
2025-08-04 06:17:43,942 - PopulateAtomsDeps - INFO - Inserting 29 new dependencies
2025-08-04 06:17:43,961 - PopulateAtomsDeps - INFO - Processing 31 dependencies in batch
2025-08-04 06:17:44,020 - PopulateAtomsDeps - INFO - Inserting 31 new dependencies
2025-08-04 06:17:44,027 - PopulateAtomsDeps - INFO - Processing 4 dependencies in batch
2025-08-04 06:17:44,093 - PopulateAtomsDeps - INFO - Inserting 4 new dependencies
2025-08-04 06:17:44,098 - PopulateAtomsDeps - INFO - Processing 3 dependencies in batch
2025-08-04 06:17:44,163 - PopulateAtomsDeps - INFO - Inserting 3 new dependencies
2025-08-04 06:17:44,170 - PopulateAtomsDeps - INFO - Processing 6 dependencies in batch
2025-08-04 06:17:44,227 - PopulateAtomsDeps - INFO - Inserting 6 new dependencies
2025-08-04 06:17:44,232 - PopulateAtomsDeps - INFO - Processing 4 dependencies in batch
2025-08-04 06:17:44,284 - PopulateAtomsDeps - INFO - Inserting 4 new dependencies
2025-08-04 06:17:44,291 - PopulateAtomsDeps - INFO - Processing 6 dependencies in batch
2025-08-04 06:17:44,354 - PopulateAtomsDeps - INFO - Inserting 6 new dependencies
2025-08-04 06:17:44,359 - PopulateAtomsDeps - INFO - Processing 2 dependencies in batch
2025-08-04 06:17:44,409 - PopulateAtomsDeps - INFO - Inserting 2 new dependencies
2025-08-04 06:17:44,415 - PopulateAtomsDeps - INFO - Processing 26 dependencies in batch
2025-08-04 06:17:44,490 - PopulateAtomsDeps - INFO - Inserting 26 new dependencies
2025-08-04 06:17:44,499 - PopulateAtomsDeps - INFO - Processing 12 dependencies in batch
2025-08-04 06:17:44,609 - PopulateAtomsDeps - INFO - Inserting 12 new dependencies
2025-08-04 06:17:44,626 - PopulateAtomsDeps - INFO - Processing 7 dependencies in batch
2025-08-04 06:17:44,722 - PopulateAtomsDeps - INFO - Inserting 7 new dependencies
2025-08-04 06:17:44,727 - PopulateAtomsDeps - INFO - Processing 7 dependencies in batch
2025-08-04 06:17:44,780 - PopulateAtomsDeps - INFO - Inserting 7 new dependencies
2025-08-04 06:17:44,785 - PopulateAtomsDeps - INFO - Processing 8 dependencies in batch
2025-08-04 06:17:44,840 - PopulateAtomsDeps - INFO - Inserting 8 new dependencies
2025-08-04 06:17:44,845 - PopulateAtomsDeps - INFO - Processing 5 dependencies in batch
2025-08-04 06:17:44,901 - PopulateAtomsDeps - INFO - Inserting 5 new dependencies
2025-08-04 06:17:44,907 - PopulateAtomsDeps - INFO - Processing 9 dependencies in batch
2025-08-04 06:17:44,974 - PopulateAtomsDeps - INFO - Inserting 9 new dependencies
2025-08-04 06:17:44,980 - PopulateAtomsDeps - INFO - Processing 6 dependencies in batch
2025-08-04 06:17:45,050 - PopulateAtomsDeps - INFO - Inserting 6 new dependencies
2025-08-04 06:17:45,062 - PopulateAtomsDeps - INFO - Processing 31 dependencies in batch
2025-08-04 06:17:45,126 - PopulateAtomsDeps - INFO - Inserting 31 new dependencies
2025-08-04 06:17:45,131 - PopulateAtomsDeps - INFO - Processing 6 dependencies in batch
2025-08-04 06:17:45,186 - PopulateAtomsDeps - INFO - Inserting 6 new dependencies
2025-08-04 06:17:45,192 - PopulateAtomsDeps - INFO - Processing 61 dependencies in batch
2025-08-04 06:17:45,258 - PopulateAtomsDeps - INFO - Inserting 61 new dependencies
2025-08-04 06:17:45,265 - PopulateAtomsDeps - INFO - Processing 174 dependencies in batch
2025-08-04 06:17:45,361 - PopulateAtomsDeps - INFO - Inserting 174 new dependencies
2025-08-04 06:17:45,369 - PopulateAtomsDeps - INFO - Processing 101 dependencies in batch
2025-08-04 06:17:45,440 - PopulateAtomsDeps - INFO - Inserting 101 new dependencies
2025-08-04 06:17:45,449 - PopulateAtomsDeps - INFO - Processing 45 dependencies in batch
2025-08-04 06:17:45,525 - PopulateAtomsDeps - INFO - Inserting 45 new dependencies
2025-08-04 06:17:45,533 - PopulateAtomsDeps - INFO - Processing 118 dependencies in batch
2025-08-04 06:17:45,639 - PopulateAtomsDeps - INFO - Inserting 118 new dependencies
2025-08-04 06:17:45,649 - PopulateAtomsDeps - INFO - Processing 14 dependencies in batch
2025-08-04 06:17:45,706 - PopulateAtomsDeps - INFO - Inserting 14 new dependencies
2025-08-04 06:17:45,711 - PopulateAtomsDeps - INFO - Processing 4 dependencies in batch
2025-08-04 06:17:45,764 - PopulateAtomsDeps - INFO - Inserting 4 new dependencies
2025-08-04 06:17:45,771 - PopulateAtomsDeps - INFO - Processing 12 dependencies in batch
2025-08-04 06:17:45,830 - PopulateAtomsDeps - INFO - Inserting 12 new dependencies
2025-08-04 06:17:45,835 - PopulateAtomsDeps - INFO - Processing 12 dependencies in batch
2025-08-04 06:17:45,892 - PopulateAtomsDeps - INFO - Inserting 12 new dependencies
2025-08-04 06:17:45,898 - PopulateAtomsDeps - INFO - Processing 3 dependencies in batch
2025-08-04 06:17:45,964 - PopulateAtomsDeps - INFO - Inserting 3 new dependencies
2025-08-04 06:17:45,969 - PopulateAtomsDeps - INFO - Processing 27 dependencies in batch
2025-08-04 06:17:46,033 - PopulateAtomsDeps - INFO - Inserting 27 new dependencies
2025-08-04 06:17:46,038 - PopulateAtomsDeps - INFO - Processing 8 dependencies in batch
2025-08-04 06:17:46,092 - PopulateAtomsDeps - INFO - Inserting 8 new dependencies
2025-08-04 06:17:46,096 - PopulateAtomsDeps - INFO - Processing 14 dependencies in batch
2025-08-04 06:17:46,150 - PopulateAtomsDeps - INFO - Inserting 14 new dependencies
2025-08-04 06:17:46,155 - PopulateAtomsDeps - INFO - Processing 11 dependencies in batch
2025-08-04 06:17:46,204 - PopulateAtomsDeps - INFO - Inserting 11 new dependencies
2025-08-04 06:17:46,210 - PopulateAtomsDeps - INFO - Processing 28 dependencies in batch
2025-08-04 06:17:46,269 - PopulateAtomsDeps - INFO - Inserting 28 new dependencies
2025-08-04 06:17:46,274 - PopulateAtomsDeps - INFO - Processing 19 dependencies in batch
2025-08-04 06:17:46,329 - PopulateAtomsDeps - INFO - Inserting 19 new dependencies
2025-08-04 06:17:46,333 - PopulateAtomsDeps - INFO - Processing 5 dependencies in batch
2025-08-04 06:17:46,385 - PopulateAtomsDeps - INFO - Inserting 5 new dependencies
2025-08-04 06:17:46,390 - PopulateAtomsDeps - INFO - Processing 25 dependencies in batch
2025-08-04 06:17:46,449 - PopulateAtomsDeps - INFO - Inserting 25 new dependencies
2025-08-04 06:17:46,456 - PopulateAtomsDeps - INFO - Setting code_id for file molecules in repo 3158
2025-08-04 06:17:46,461 - PopulateAtomsDeps - INFO - Found 46 file molecules with code_id=0 to update
2025-08-04 06:17:46,462 - PopulateAtomsDeps - INFO - Found 0 file molecules with specific code_ids
2025-08-04 06:17:46,500 - PopulateAtomsDeps - INFO - Found code_id mappings for 46 files
2025-08-04 06:17:46,513 - PopulateAtomsDeps - INFO - Successfully updated code_id for 46 file molecules
2025-08-04 06:17:46,514 - PopulateAtomsDeps - INFO - Reading atomizer log file: logs/atomizer_3158_20250804_061649.log
2025-08-04 06:17:46,515 - PopulateAtomsDeps - INFO - Successfully read 600 characters from atomizer log
2025-08-04 06:17:46,526 - PopulateAtomsDeps - INFO - Inserted combined logs to atomizerlogs table for repo_id 3158
2025-08-04 06:17:46,526 - PopulateAtomsDeps - INFO - Successfully completed populate_atomsdeps_grouped_rust.py for repo_id 3158
2025-08-04 06:17:46,526 - PopulateAtomsDeps - INFO - Processing completed for JSON file: /var/www/html/rust-atomizer/3158.json
