2025-07-29 11:17:57,763 - PopulateAtomsDeps - INFO - Logging to file: logs/populate_atoms_20250729_111757.log
2025-07-29 11:17:57,763 - PopulateAtomsDeps - INFO - Starting populate_atomsdeps_grouped_rust.py with parameters:
2025-07-29 11:17:57,763 - PopulateAtomsDeps - INFO -   repo_id: 3150
2025-07-29 11:17:57,763 - PopulateAtomsDeps - INFO -   json_path: /var/www/html/rust-atomizer/3150.json
2025-07-29 11:17:57,763 - PopulateAtomsDeps - INFO -   user_id: 460176
2025-07-29 11:17:57,763 - PopulateAtomsDeps - INFO -   JSON file exists: True
2025-07-29 11:17:57,763 - PopulateAtomsDeps - INFO -   JSON file size: 54078 bytes
2025-07-29 11:17:57,763 - PopulateAtomsDeps - INFO -   JSON file modified: 2025-07-29 11:17:57.091275
2025-07-29 11:17:57,764 - PopulateAtomsDeps - INFO - Identified 1 folders containing Rust files
2025-07-29 11:17:57,764 - PopulateAtomsDeps - INFO - Populating folder structure with 1 folders as molecules for repo 3150
2025-07-29 11:17:57,783 - PopulateAtomsDeps - INFO - All folders to create (including parents): ['src']
2025-07-29 11:17:57,800 - PopulateAtomsDeps - INFO - Adding 2 new file molecules in batch
2025-07-29 11:17:57,805 - PopulateAtomsDeps - INFO - Successfully populated 3 folder and file molecules for repo 3150
2025-07-29 11:17:57,807 - PopulateAtomsDeps - INFO - Nb of Codes: 3
2025-07-29 11:17:57,808 - PopulateAtomsDeps - INFO - Found 20 atoms for src/scalar_verus.rs
2025-07-29 11:17:57,808 - PopulateAtomsDeps - INFO - Found 11 atoms for src/field_verus.rs
2025-07-29 11:17:57,808 - PopulateAtomsDeps - WARNING - No atoms found for filename: src/lib.rs
2025-07-29 11:17:57,808 - PopulateAtomsDeps - INFO - Summary: Found atoms for 2 out of 3 files
2025-07-29 11:17:57,808 - PopulateAtomsDeps - INFO - Populating atoms for src/scalar_verus.rs and code_id 51816
2025-07-29 11:17:57,818 - PopulateAtomsDeps - INFO - Inserted 20 atoms for file src/scalar_verus.rs
2025-07-29 11:17:57,818 - PopulateAtomsDeps - INFO - Populating atoms for src/field_verus.rs and code_id 51817
2025-07-29 11:17:57,828 - PopulateAtomsDeps - INFO - Inserted 11 atoms for file src/field_verus.rs
2025-07-29 11:17:57,829 - PopulateAtomsDeps - INFO - Processing 22 dependencies in batch
2025-07-29 11:17:57,898 - PopulateAtomsDeps - INFO - Inserting 22 new dependencies
2025-07-29 11:17:57,907 - PopulateAtomsDeps - INFO - Processing 6 dependencies in batch
2025-07-29 11:17:57,973 - PopulateAtomsDeps - INFO - Inserting 6 new dependencies
2025-07-29 11:17:57,978 - PopulateAtomsDeps - INFO - Setting code_id for file molecules in repo 3150
2025-07-29 11:17:57,980 - PopulateAtomsDeps - INFO - Found 2 file molecules with code_id=0 to update
2025-07-29 11:17:57,981 - PopulateAtomsDeps - INFO - Found 0 file molecules with specific code_ids
2025-07-29 11:17:57,985 - PopulateAtomsDeps - INFO - Found code_id mappings for 2 files
2025-07-29 11:17:57,991 - PopulateAtomsDeps - INFO - Successfully updated code_id for 2 file molecules
2025-07-29 11:17:57,992 - PopulateAtomsDeps - INFO - Reading atomizer log file: logs/atomizer_3150_20250729_111745.log
2025-07-29 11:17:57,992 - PopulateAtomsDeps - INFO - Successfully read 600 characters from atomizer log
2025-07-29 11:17:58,004 - PopulateAtomsDeps - INFO - Inserted combined logs to atomizerlogs table for repo_id 3150
2025-07-29 11:17:58,004 - PopulateAtomsDeps - INFO - Successfully completed populate_atomsdeps_grouped_rust.py for repo_id 3150
2025-07-29 11:17:58,005 - PopulateAtomsDeps - INFO - Processing completed for JSON file: /var/www/html/rust-atomizer/3150.json
