2025-08-19 07:25:57,463 - PopulateAtomsDeps - INFO - Logging to file: logs/populate_atoms_20250819_072557.log
2025-08-19 07:25:57,464 - PopulateAtomsDeps - INFO - Starting populate_atomsdeps_grouped_rust.py with parameters:
2025-08-19 07:25:57,464 - PopulateAtomsDeps - INFO -   repo_id: 3214
2025-08-19 07:25:57,464 - PopulateAtomsDeps - INFO -   json_path: /var/www/html/rust-atomizer/3214.json
2025-08-19 07:25:57,465 - PopulateAtomsDeps - INFO -   user_id: 460176
2025-08-19 07:25:57,465 - PopulateAtomsDeps - INFO -   JSON file exists: True
2025-08-19 07:25:57,465 - PopulateAtomsDeps - INFO -   JSON file size: 712693 bytes
2025-08-19 07:25:57,465 - PopulateAtomsDeps - INFO -   JSON file modified: 2025-08-19 07:25:57.042355
2025-08-19 07:25:57,477 - PopulateAtomsDeps - INFO - Identified 7 folders containing Rust files
2025-08-19 07:25:57,478 - PopulateAtomsDeps - INFO - Populating folder structure with 7 folders as molecules for repo 3214
2025-08-19 07:25:57,483 - PopulateAtomsDeps - INFO - All folders to create (including parents): ['curve25519-dalek', 'curve25519-dalek/src', 'curve25519-dalek/src/backend', 'curve25519-dalek/src/edwards', 'curve25519-dalek/src/backend/serial', 'curve25519-dalek/src/backend/serial/u64', 'curve25519-dalek/src/backend/serial/scalar_mul', 'curve25519-dalek/src/backend/serial/curve_models']
2025-08-19 07:25:57,498 - PopulateAtomsDeps - INFO - Successfully populated 30 folder and file molecules for repo 3214
2025-08-19 07:25:57,509 - PopulateAtomsDeps - INFO - Nb of Codes: 32
2025-08-19 07:25:57,515 - PopulateAtomsDeps - INFO - Found 15 atoms for curve25519-dalek/src/backend/mod.rs
2025-08-19 07:25:57,516 - PopulateAtomsDeps - INFO - Found 17 atoms for curve25519-dalek/src/backend/serial/curve_models/mod.rs
2025-08-19 07:25:57,516 - PopulateAtomsDeps - INFO - Found 2 atoms for curve25519-dalek/src/backend/serial/scalar_mul/precomputed_straus.rs
2025-08-19 07:25:57,516 - PopulateAtomsDeps - INFO - Found 6 atoms for curve25519-dalek/src/backend/serial/scalar_mul/pippenger.rs
2025-08-19 07:25:57,516 - PopulateAtomsDeps - INFO - Found 6 atoms for curve25519-dalek/src/backend/serial/scalar_mul/straus.rs
2025-08-19 07:25:57,517 - PopulateAtomsDeps - INFO - Found 2 atoms for curve25519-dalek/src/backend/serial/scalar_mul/variable_base.rs
2025-08-19 07:25:57,517 - PopulateAtomsDeps - WARNING - No atoms found for filename: curve25519-dalek/src/backend/serial/scalar_mul/mod.rs
2025-08-19 07:25:57,517 - PopulateAtomsDeps - WARNING - No atoms found for filename: curve25519-dalek/src/backend/serial/scalar_mul/vartime_double_base.rs
2025-08-19 07:25:57,517 - PopulateAtomsDeps - WARNING - No atoms found for filename: curve25519-dalek/src/backend/serial/mod.rs
2025-08-19 07:25:57,518 - PopulateAtomsDeps - INFO - Found 24 atoms for curve25519-dalek/src/backend/serial/u64/field_verus.rs
2025-08-19 07:25:57,518 - PopulateAtomsDeps - INFO - Found 42 atoms for curve25519-dalek/src/backend/serial/u64/common_verus.rs
2025-08-19 07:25:57,518 - PopulateAtomsDeps - INFO - Found 53 atoms for curve25519-dalek/src/backend/serial/u64/scalar_lemmas.rs
2025-08-19 07:25:57,518 - PopulateAtomsDeps - INFO - Found 45 atoms for curve25519-dalek/src/backend/serial/u64/field_lemmas.rs
2025-08-19 07:25:57,519 - PopulateAtomsDeps - INFO - Found 31 atoms for curve25519-dalek/src/backend/serial/u64/scalar.rs
2025-08-19 07:25:57,519 - PopulateAtomsDeps - INFO - Found 1 atoms for curve25519-dalek/src/backend/serial/u64/subtle_assumes.rs
2025-08-19 07:25:57,519 - PopulateAtomsDeps - INFO - Found 17 atoms for curve25519-dalek/src/backend/serial/u64/field.rs
2025-08-19 07:25:57,519 - PopulateAtomsDeps - WARNING - No atoms found for filename: curve25519-dalek/src/backend/serial/u64/constants.rs
2025-08-19 07:25:57,520 - PopulateAtomsDeps - WARNING - No atoms found for filename: curve25519-dalek/src/backend/serial/u64/mod.rs
2025-08-19 07:25:57,520 - PopulateAtomsDeps - INFO - Found 5 atoms for curve25519-dalek/src/backend/serial/u64/scalar_specs.rs
2025-08-19 07:25:57,520 - PopulateAtomsDeps - INFO - Found 25 atoms for curve25519-dalek/src/montgomery.rs
2025-08-19 07:25:57,520 - PopulateAtomsDeps - INFO - Found 49 atoms for curve25519-dalek/src/edwards.rs
2025-08-19 07:25:57,521 - PopulateAtomsDeps - WARNING - No atoms found for filename: curve25519-dalek/src/scalar.rs
2025-08-19 07:25:57,521 - PopulateAtomsDeps - WARNING - No atoms found for filename: curve25519-dalek/src/macros.rs
2025-08-19 07:25:57,521 - PopulateAtomsDeps - INFO - Found 29 atoms for curve25519-dalek/src/field.rs
2025-08-19 07:25:57,522 - PopulateAtomsDeps - INFO - Found 91 atoms for curve25519-dalek/src/ristretto.rs
2025-08-19 07:25:57,522 - PopulateAtomsDeps - WARNING - No atoms found for filename: curve25519-dalek/src/diagnostics.rs
2025-08-19 07:25:57,522 - PopulateAtomsDeps - WARNING - No atoms found for filename: curve25519-dalek/src/lib.rs
2025-08-19 07:25:57,522 - PopulateAtomsDeps - WARNING - No atoms found for filename: curve25519-dalek/src/constants.rs
2025-08-19 07:25:57,523 - PopulateAtomsDeps - INFO - Found 11 atoms for curve25519-dalek/src/traits.rs
2025-08-19 07:25:57,523 - PopulateAtomsDeps - INFO - Found 10 atoms for curve25519-dalek/src/window.rs
2025-08-19 07:25:57,523 - PopulateAtomsDeps - INFO - Found 8 atoms for curve25519-dalek/src/edwards/affine.rs
2025-08-19 07:25:57,524 - PopulateAtomsDeps - INFO - Found 13 atoms for curve25519-dalek/build.rs
2025-08-19 07:25:57,524 - PopulateAtomsDeps - INFO - Summary: Found atoms for 22 out of 32 files
2025-08-19 07:25:57,524 - PopulateAtomsDeps - INFO - Populating atoms for curve25519-dalek/src/backend/mod.rs and code_id 65394
2025-08-19 07:25:57,526 - PopulateAtomsDeps - INFO - Populating atoms for curve25519-dalek/src/backend/serial/curve_models/mod.rs and code_id 65395
2025-08-19 07:25:57,527 - PopulateAtomsDeps - INFO - Populating atoms for curve25519-dalek/src/backend/serial/scalar_mul/precomputed_straus.rs and code_id 65396
2025-08-19 07:25:57,528 - PopulateAtomsDeps - INFO - Populating atoms for curve25519-dalek/src/backend/serial/scalar_mul/pippenger.rs and code_id 65397
2025-08-19 07:25:57,529 - PopulateAtomsDeps - INFO - Populating atoms for curve25519-dalek/src/backend/serial/scalar_mul/straus.rs and code_id 65398
2025-08-19 07:25:57,530 - PopulateAtomsDeps - INFO - Populating atoms for curve25519-dalek/src/backend/serial/scalar_mul/variable_base.rs and code_id 65399
2025-08-19 07:25:57,532 - PopulateAtomsDeps - INFO - Populating atoms for curve25519-dalek/src/backend/serial/u64/field_verus.rs and code_id 65403
2025-08-19 07:25:57,534 - PopulateAtomsDeps - INFO - Populating atoms for curve25519-dalek/src/backend/serial/u64/common_verus.rs and code_id 65404
2025-08-19 07:25:57,538 - PopulateAtomsDeps - INFO - Populating atoms for curve25519-dalek/src/backend/serial/u64/scalar_lemmas.rs and code_id 65405
2025-08-19 07:25:57,542 - PopulateAtomsDeps - INFO - Populating atoms for curve25519-dalek/src/backend/serial/u64/field_lemmas.rs and code_id 65406
2025-08-19 07:25:57,545 - PopulateAtomsDeps - INFO - Populating atoms for curve25519-dalek/src/backend/serial/u64/scalar.rs and code_id 65407
2025-08-19 07:25:57,557 - PopulateAtomsDeps - INFO - Inserted 13 atoms for file curve25519-dalek/src/backend/serial/u64/scalar.rs
2025-08-19 07:25:57,557 - PopulateAtomsDeps - INFO - Populating atoms for curve25519-dalek/src/backend/serial/u64/subtle_assumes.rs and code_id 65408
2025-08-19 07:25:57,558 - PopulateAtomsDeps - INFO - Populating atoms for curve25519-dalek/src/backend/serial/u64/field.rs and code_id 65409
2025-08-19 07:25:57,560 - PopulateAtomsDeps - INFO - Populating atoms for curve25519-dalek/src/backend/serial/u64/scalar_specs.rs and code_id 65412
2025-08-19 07:25:57,562 - PopulateAtomsDeps - INFO - Populating atoms for curve25519-dalek/src/montgomery.rs and code_id 65413
2025-08-19 07:25:57,564 - PopulateAtomsDeps - INFO - Populating atoms for curve25519-dalek/src/edwards.rs and code_id 65414
2025-08-19 07:25:57,566 - PopulateAtomsDeps - INFO - Populating atoms for curve25519-dalek/src/field.rs and code_id 65417
2025-08-19 07:25:57,573 - PopulateAtomsDeps - INFO - Inserted 1 atoms for file curve25519-dalek/src/field.rs
2025-08-19 07:25:57,574 - PopulateAtomsDeps - INFO - Populating atoms for curve25519-dalek/src/ristretto.rs and code_id 65418
2025-08-19 07:25:57,578 - PopulateAtomsDeps - INFO - Populating atoms for curve25519-dalek/src/traits.rs and code_id 65422
2025-08-19 07:25:57,580 - PopulateAtomsDeps - INFO - Populating atoms for curve25519-dalek/src/window.rs and code_id 65423
2025-08-19 07:25:57,581 - PopulateAtomsDeps - INFO - Populating atoms for curve25519-dalek/src/edwards/affine.rs and code_id 65424
2025-08-19 07:25:57,586 - PopulateAtomsDeps - INFO - Inserted 1 atoms for file curve25519-dalek/src/edwards/affine.rs
2025-08-19 07:25:57,586 - PopulateAtomsDeps - INFO - Populating atoms for curve25519-dalek/build.rs and code_id 65425
2025-08-19 07:25:57,588 - PopulateAtomsDeps - INFO - Processing 96 dependencies in batch
2025-08-19 07:25:57,758 - PopulateAtomsDeps - INFO - All dependencies already exist in the database
2025-08-19 07:25:57,759 - PopulateAtomsDeps - INFO - Processing 21 dependencies in batch
2025-08-19 07:25:57,836 - PopulateAtomsDeps - INFO - All dependencies already exist in the database
2025-08-19 07:25:57,836 - PopulateAtomsDeps - INFO - Processing 9 dependencies in batch
2025-08-19 07:25:57,905 - PopulateAtomsDeps - INFO - All dependencies already exist in the database
2025-08-19 07:25:57,906 - PopulateAtomsDeps - INFO - Processing 113 dependencies in batch
2025-08-19 07:25:58,009 - PopulateAtomsDeps - INFO - All dependencies already exist in the database
2025-08-19 07:25:58,010 - PopulateAtomsDeps - INFO - Processing 81 dependencies in batch
2025-08-19 07:25:58,108 - PopulateAtomsDeps - INFO - All dependencies already exist in the database
2025-08-19 07:25:58,111 - PopulateAtomsDeps - INFO - Processing 111 dependencies in batch
2025-08-19 07:25:58,208 - PopulateAtomsDeps - INFO - All dependencies already exist in the database
2025-08-19 07:25:58,210 - PopulateAtomsDeps - INFO - Processing 85 dependencies in batch
2025-08-19 07:25:58,411 - PopulateAtomsDeps - INFO - All dependencies already exist in the database
2025-08-19 07:25:58,412 - PopulateAtomsDeps - INFO - Processing 106 dependencies in batch
2025-08-19 07:25:58,525 - PopulateAtomsDeps - INFO - Inserting 86 new dependencies
2025-08-19 07:25:58,543 - PopulateAtomsDeps - INFO - Processing 14 dependencies in batch
2025-08-19 07:25:58,631 - PopulateAtomsDeps - INFO - All dependencies already exist in the database
2025-08-19 07:25:58,632 - PopulateAtomsDeps - INFO - Processing 6 dependencies in batch
2025-08-19 07:25:58,708 - PopulateAtomsDeps - INFO - All dependencies already exist in the database
2025-08-19 07:25:58,709 - PopulateAtomsDeps - INFO - Processing 48 dependencies in batch
2025-08-19 07:25:58,802 - PopulateAtomsDeps - INFO - All dependencies already exist in the database
2025-08-19 07:25:58,803 - PopulateAtomsDeps - INFO - Processing 121 dependencies in batch
2025-08-19 07:25:58,917 - PopulateAtomsDeps - INFO - Inserting 2 new dependencies
2025-08-19 07:25:58,923 - PopulateAtomsDeps - INFO - Processing 35 dependencies in batch
2025-08-19 07:25:59,010 - PopulateAtomsDeps - INFO - Inserting 2 new dependencies
2025-08-19 07:25:59,016 - PopulateAtomsDeps - INFO - Processing 154 dependencies in batch
2025-08-19 07:25:59,134 - PopulateAtomsDeps - INFO - Inserting 2 new dependencies
2025-08-19 07:25:59,140 - PopulateAtomsDeps - INFO - Processing 20 dependencies in batch
2025-08-19 07:25:59,209 - PopulateAtomsDeps - INFO - All dependencies already exist in the database
2025-08-19 07:25:59,209 - PopulateAtomsDeps - INFO - Processing 20 dependencies in batch
2025-08-19 07:25:59,305 - PopulateAtomsDeps - INFO - All dependencies already exist in the database
2025-08-19 07:25:59,305 - PopulateAtomsDeps - INFO - Processing 12 dependencies in batch
2025-08-19 07:25:59,373 - PopulateAtomsDeps - INFO - Inserting 2 new dependencies
2025-08-19 07:25:59,380 - PopulateAtomsDeps - INFO - Processing 11 dependencies in batch
2025-08-19 07:25:59,452 - PopulateAtomsDeps - INFO - All dependencies already exist in the database
2025-08-19 07:25:59,453 - PopulateAtomsDeps - INFO - Setting code_id for file molecules in repo 3214
2025-08-19 07:25:59,462 - PopulateAtomsDeps - INFO - Found 24 file molecules with code_id=0 to update
2025-08-19 07:25:59,463 - PopulateAtomsDeps - INFO - Found 24 file molecules with specific code_ids
2025-08-19 07:25:59,464 - PopulateAtomsDeps - WARNING - No child atoms found for file ID 359374 (file: src/montgomery.rs)
2025-08-19 07:25:59,472 - PopulateAtomsDeps - WARNING - No child atoms found for file ID 359375 (file: src/ristretto.rs)
2025-08-19 07:25:59,480 - PopulateAtomsDeps - WARNING - No child atoms found for file ID 359376 (file: src/edwards.rs)
2025-08-19 07:25:59,487 - PopulateAtomsDeps - WARNING - No child atoms found for file ID 359377 (file: src/scalar.rs)
2025-08-19 07:25:59,492 - PopulateAtomsDeps - WARNING - No child atoms found for file ID 359378 (file: src/field.rs)
2025-08-19 07:25:59,497 - PopulateAtomsDeps - WARNING - No child atoms found for file ID 359379 (file: src/traits.rs)
2025-08-19 07:25:59,502 - PopulateAtomsDeps - WARNING - No child atoms found for file ID 359380 (file: src/window.rs)
2025-08-19 07:25:59,507 - PopulateAtomsDeps - WARNING - No child atoms found for file ID 359381 (file: src/backend/serial/u64/scalar_lemmas.rs)
2025-08-19 07:25:59,511 - PopulateAtomsDeps - WARNING - No child atoms found for file ID 359382 (file: src/backend/serial/u64/field.rs)
2025-08-19 07:25:59,516 - PopulateAtomsDeps - WARNING - No child atoms found for file ID 359383 (file: src/backend/serial/u64/field_lemmas.rs)
2025-08-19 07:25:59,521 - PopulateAtomsDeps - WARNING - No child atoms found for file ID 359384 (file: src/backend/serial/u64/scalar.rs)
2025-08-19 07:25:59,525 - PopulateAtomsDeps - WARNING - No child atoms found for file ID 359385 (file: src/backend/serial/u64/common_verus.rs)
2025-08-19 07:25:59,530 - PopulateAtomsDeps - WARNING - No child atoms found for file ID 359386 (file: src/backend/serial/u64/scalar_specs.rs)
2025-08-19 07:25:59,535 - PopulateAtomsDeps - WARNING - No child atoms found for file ID 359387 (file: src/backend/serial/u64/field_verus.rs)
2025-08-19 07:25:59,540 - PopulateAtomsDeps - WARNING - No child atoms found for file ID 359388 (file: src/backend/serial/u64/subtle_assumes.rs)
2025-08-19 07:25:59,545 - PopulateAtomsDeps - WARNING - No child atoms found for file ID 359389 (file: build.rs)
2025-08-19 07:25:59,550 - PopulateAtomsDeps - WARNING - No child atoms found for file ID 359390 (file: src/backend/serial/curve_models/mod.rs)
2025-08-19 07:25:59,555 - PopulateAtomsDeps - WARNING - No child atoms found for file ID 359391 (file: src/backend/serial/scalar_mul/straus.rs)
2025-08-19 07:25:59,561 - PopulateAtomsDeps - WARNING - No child atoms found for file ID 359392 (file: src/backend/serial/scalar_mul/pippenger.rs)
2025-08-19 07:25:59,566 - PopulateAtomsDeps - WARNING - No child atoms found for file ID 359393 (file: src/backend/serial/scalar_mul/vartime_double_base.rs)
2025-08-19 07:25:59,571 - PopulateAtomsDeps - WARNING - No child atoms found for file ID 359394 (file: src/backend/serial/scalar_mul/precomputed_straus.rs)
2025-08-19 07:25:59,576 - PopulateAtomsDeps - WARNING - No child atoms found for file ID 359395 (file: src/backend/serial/scalar_mul/variable_base.rs)
2025-08-19 07:25:59,581 - PopulateAtomsDeps - WARNING - No child atoms found for file ID 359396 (file: src/edwards/affine.rs)
2025-08-19 07:25:59,586 - PopulateAtomsDeps - WARNING - No child atoms found for file ID 359397 (file: src/backend/mod.rs)
2025-08-19 07:25:59,590 - PopulateAtomsDeps - INFO - No file-to-code_id mappings found
2025-08-19 07:25:59,591 - PopulateAtomsDeps - INFO - Reading atomizer log file: logs/atomizer_3214_20250819_072520.log
2025-08-19 07:25:59,592 - PopulateAtomsDeps - INFO - Successfully read 601 characters from atomizer log
2025-08-19 07:25:59,597 - PopulateAtomsDeps - INFO - Inserted combined logs to atomizerlogs table for repo_id 3214
2025-08-19 07:25:59,597 - PopulateAtomsDeps - INFO - Successfully completed populate_atomsdeps_grouped_rust.py for repo_id 3214
2025-08-19 07:25:59,597 - PopulateAtomsDeps - INFO - Processing completed for JSON file: /var/www/html/rust-atomizer/3214.json
