2025-08-19 07:27:10,615 - PopulateAtomsDeps - INFO - Logging to file: logs/populate_atoms_20250819_072710.log
2025-08-19 07:27:10,615 - PopulateAtomsDeps - INFO - Starting populate_atomsdeps_grouped_rust.py with parameters:
2025-08-19 07:27:10,615 - PopulateAtomsDeps - INFO -   repo_id: 3214
2025-08-19 07:27:10,616 - PopulateAtomsDeps - INFO -   json_path: /var/www/html/rust-atomizer/3214.json
2025-08-19 07:27:10,616 - PopulateAtomsDeps - INFO -   user_id: 460176
2025-08-19 07:27:10,616 - PopulateAtomsDeps - INFO -   JSON file exists: True
2025-08-19 07:27:10,616 - PopulateAtomsDeps - INFO -   JSON file size: 712693 bytes
2025-08-19 07:27:10,616 - PopulateAtomsDeps - INFO -   JSON file modified: 2025-08-19 07:27:10.287849
2025-08-19 07:27:10,624 - PopulateAtomsDeps - INFO - Identified 7 folders containing Rust files
2025-08-19 07:27:10,625 - PopulateAtomsDeps - INFO - Populating folder structure with 7 folders as molecules for repo 3214
2025-08-19 07:27:10,631 - PopulateAtomsDeps - INFO - All folders to create (including parents): ['curve25519-dalek', 'curve25519-dalek/src', 'curve25519-dalek/src/edwards', 'curve25519-dalek/src/backend', 'curve25519-dalek/src/backend/serial', 'curve25519-dalek/src/backend/serial/scalar_mul', 'curve25519-dalek/src/backend/serial/u64', 'curve25519-dalek/src/backend/serial/curve_models']
2025-08-19 07:27:10,646 - PopulateAtomsDeps - INFO - Successfully populated 30 folder and file molecules for repo 3214
2025-08-19 07:27:10,658 - PopulateAtomsDeps - INFO - Nb of Codes: 32
2025-08-19 07:27:10,664 - PopulateAtomsDeps - INFO - Found 15 atoms for curve25519-dalek/src/backend/mod.rs
2025-08-19 07:27:10,664 - PopulateAtomsDeps - INFO - Found 17 atoms for curve25519-dalek/src/backend/serial/curve_models/mod.rs
2025-08-19 07:27:10,665 - PopulateAtomsDeps - INFO - Found 2 atoms for curve25519-dalek/src/backend/serial/scalar_mul/precomputed_straus.rs
2025-08-19 07:27:10,665 - PopulateAtomsDeps - INFO - Found 6 atoms for curve25519-dalek/src/backend/serial/scalar_mul/pippenger.rs
2025-08-19 07:27:10,665 - PopulateAtomsDeps - INFO - Found 6 atoms for curve25519-dalek/src/backend/serial/scalar_mul/straus.rs
2025-08-19 07:27:10,665 - PopulateAtomsDeps - INFO - Found 2 atoms for curve25519-dalek/src/backend/serial/scalar_mul/variable_base.rs
2025-08-19 07:27:10,666 - PopulateAtomsDeps - WARNING - No atoms found for filename: curve25519-dalek/src/backend/serial/scalar_mul/mod.rs
2025-08-19 07:27:10,666 - PopulateAtomsDeps - WARNING - No atoms found for filename: curve25519-dalek/src/backend/serial/scalar_mul/vartime_double_base.rs
2025-08-19 07:27:10,666 - PopulateAtomsDeps - WARNING - No atoms found for filename: curve25519-dalek/src/backend/serial/mod.rs
2025-08-19 07:27:10,666 - PopulateAtomsDeps - INFO - Found 24 atoms for curve25519-dalek/src/backend/serial/u64/field_verus.rs
2025-08-19 07:27:10,667 - PopulateAtomsDeps - INFO - Found 42 atoms for curve25519-dalek/src/backend/serial/u64/common_verus.rs
2025-08-19 07:27:10,667 - PopulateAtomsDeps - INFO - Found 53 atoms for curve25519-dalek/src/backend/serial/u64/scalar_lemmas.rs
2025-08-19 07:27:10,667 - PopulateAtomsDeps - INFO - Found 45 atoms for curve25519-dalek/src/backend/serial/u64/field_lemmas.rs
2025-08-19 07:27:10,667 - PopulateAtomsDeps - INFO - Found 31 atoms for curve25519-dalek/src/backend/serial/u64/scalar.rs
2025-08-19 07:27:10,667 - PopulateAtomsDeps - INFO - Found 1 atoms for curve25519-dalek/src/backend/serial/u64/subtle_assumes.rs
2025-08-19 07:27:10,668 - PopulateAtomsDeps - INFO - Found 17 atoms for curve25519-dalek/src/backend/serial/u64/field.rs
2025-08-19 07:27:10,668 - PopulateAtomsDeps - WARNING - No atoms found for filename: curve25519-dalek/src/backend/serial/u64/constants.rs
2025-08-19 07:27:10,668 - PopulateAtomsDeps - WARNING - No atoms found for filename: curve25519-dalek/src/backend/serial/u64/mod.rs
2025-08-19 07:27:10,668 - PopulateAtomsDeps - INFO - Found 5 atoms for curve25519-dalek/src/backend/serial/u64/scalar_specs.rs
2025-08-19 07:27:10,669 - PopulateAtomsDeps - INFO - Found 25 atoms for curve25519-dalek/src/montgomery.rs
2025-08-19 07:27:10,669 - PopulateAtomsDeps - INFO - Found 49 atoms for curve25519-dalek/src/edwards.rs
2025-08-19 07:27:10,669 - PopulateAtomsDeps - WARNING - No atoms found for filename: curve25519-dalek/src/scalar.rs
2025-08-19 07:27:10,669 - PopulateAtomsDeps - WARNING - No atoms found for filename: curve25519-dalek/src/macros.rs
2025-08-19 07:27:10,670 - PopulateAtomsDeps - INFO - Found 29 atoms for curve25519-dalek/src/field.rs
2025-08-19 07:27:10,670 - PopulateAtomsDeps - INFO - Found 91 atoms for curve25519-dalek/src/ristretto.rs
2025-08-19 07:27:10,670 - PopulateAtomsDeps - WARNING - No atoms found for filename: curve25519-dalek/src/diagnostics.rs
2025-08-19 07:27:10,670 - PopulateAtomsDeps - WARNING - No atoms found for filename: curve25519-dalek/src/lib.rs
2025-08-19 07:27:10,671 - PopulateAtomsDeps - WARNING - No atoms found for filename: curve25519-dalek/src/constants.rs
2025-08-19 07:27:10,671 - PopulateAtomsDeps - INFO - Found 11 atoms for curve25519-dalek/src/traits.rs
2025-08-19 07:27:10,671 - PopulateAtomsDeps - INFO - Found 10 atoms for curve25519-dalek/src/window.rs
2025-08-19 07:27:10,671 - PopulateAtomsDeps - INFO - Found 8 atoms for curve25519-dalek/src/edwards/affine.rs
2025-08-19 07:27:10,672 - PopulateAtomsDeps - INFO - Found 13 atoms for curve25519-dalek/build.rs
2025-08-19 07:27:10,672 - PopulateAtomsDeps - INFO - Summary: Found atoms for 22 out of 32 files
2025-08-19 07:27:10,672 - PopulateAtomsDeps - INFO - Populating atoms for curve25519-dalek/src/backend/mod.rs and code_id 65394
2025-08-19 07:27:10,674 - PopulateAtomsDeps - INFO - Populating atoms for curve25519-dalek/src/backend/serial/curve_models/mod.rs and code_id 65395
2025-08-19 07:27:10,675 - PopulateAtomsDeps - INFO - Populating atoms for curve25519-dalek/src/backend/serial/scalar_mul/precomputed_straus.rs and code_id 65396
2025-08-19 07:27:10,676 - PopulateAtomsDeps - INFO - Populating atoms for curve25519-dalek/src/backend/serial/scalar_mul/pippenger.rs and code_id 65397
2025-08-19 07:27:10,677 - PopulateAtomsDeps - INFO - Populating atoms for curve25519-dalek/src/backend/serial/scalar_mul/straus.rs and code_id 65398
2025-08-19 07:27:10,678 - PopulateAtomsDeps - INFO - Populating atoms for curve25519-dalek/src/backend/serial/scalar_mul/variable_base.rs and code_id 65399
2025-08-19 07:27:10,679 - PopulateAtomsDeps - INFO - Populating atoms for curve25519-dalek/src/backend/serial/u64/field_verus.rs and code_id 65403
2025-08-19 07:27:10,681 - PopulateAtomsDeps - INFO - Populating atoms for curve25519-dalek/src/backend/serial/u64/common_verus.rs and code_id 65404
2025-08-19 07:27:10,685 - PopulateAtomsDeps - INFO - Populating atoms for curve25519-dalek/src/backend/serial/u64/scalar_lemmas.rs and code_id 65405
2025-08-19 07:27:10,689 - PopulateAtomsDeps - INFO - Populating atoms for curve25519-dalek/src/backend/serial/u64/field_lemmas.rs and code_id 65406
2025-08-19 07:27:10,692 - PopulateAtomsDeps - INFO - Populating atoms for curve25519-dalek/src/backend/serial/u64/scalar.rs and code_id 65407
2025-08-19 07:27:10,694 - PopulateAtomsDeps - INFO - Populating atoms for curve25519-dalek/src/backend/serial/u64/subtle_assumes.rs and code_id 65408
2025-08-19 07:27:10,695 - PopulateAtomsDeps - INFO - Populating atoms for curve25519-dalek/src/backend/serial/u64/field.rs and code_id 65409
2025-08-19 07:27:10,697 - PopulateAtomsDeps - INFO - Populating atoms for curve25519-dalek/src/backend/serial/u64/scalar_specs.rs and code_id 65412
2025-08-19 07:27:10,698 - PopulateAtomsDeps - INFO - Populating atoms for curve25519-dalek/src/montgomery.rs and code_id 65413
2025-08-19 07:27:10,700 - PopulateAtomsDeps - INFO - Populating atoms for curve25519-dalek/src/edwards.rs and code_id 65414
2025-08-19 07:27:10,702 - PopulateAtomsDeps - INFO - Populating atoms for curve25519-dalek/src/field.rs and code_id 65417
2025-08-19 07:27:10,705 - PopulateAtomsDeps - INFO - Populating atoms for curve25519-dalek/src/ristretto.rs and code_id 65418
2025-08-19 07:27:10,709 - PopulateAtomsDeps - INFO - Populating atoms for curve25519-dalek/src/traits.rs and code_id 65422
2025-08-19 07:27:10,710 - PopulateAtomsDeps - INFO - Populating atoms for curve25519-dalek/src/window.rs and code_id 65423
2025-08-19 07:27:10,712 - PopulateAtomsDeps - INFO - Populating atoms for curve25519-dalek/src/edwards/affine.rs and code_id 65424
2025-08-19 07:27:10,723 - PopulateAtomsDeps - INFO - Populating atoms for curve25519-dalek/build.rs and code_id 65425
2025-08-19 07:27:10,725 - PopulateAtomsDeps - INFO - Processing 96 dependencies in batch
2025-08-19 07:27:10,823 - PopulateAtomsDeps - INFO - All dependencies already exist in the database
2025-08-19 07:27:10,824 - PopulateAtomsDeps - INFO - Processing 21 dependencies in batch
2025-08-19 07:27:10,932 - PopulateAtomsDeps - INFO - All dependencies already exist in the database
2025-08-19 07:27:10,932 - PopulateAtomsDeps - INFO - Processing 9 dependencies in batch
2025-08-19 07:27:10,998 - PopulateAtomsDeps - INFO - All dependencies already exist in the database
2025-08-19 07:27:10,999 - PopulateAtomsDeps - INFO - Processing 113 dependencies in batch
2025-08-19 07:27:11,093 - PopulateAtomsDeps - INFO - All dependencies already exist in the database
2025-08-19 07:27:11,094 - PopulateAtomsDeps - INFO - Processing 81 dependencies in batch
2025-08-19 07:27:11,190 - PopulateAtomsDeps - INFO - All dependencies already exist in the database
2025-08-19 07:27:11,193 - PopulateAtomsDeps - INFO - Processing 111 dependencies in batch
2025-08-19 07:27:11,280 - PopulateAtomsDeps - INFO - All dependencies already exist in the database
2025-08-19 07:27:11,281 - PopulateAtomsDeps - INFO - Processing 85 dependencies in batch
2025-08-19 07:27:11,368 - PopulateAtomsDeps - INFO - All dependencies already exist in the database
2025-08-19 07:27:11,369 - PopulateAtomsDeps - INFO - Processing 106 dependencies in batch
2025-08-19 07:27:11,474 - PopulateAtomsDeps - INFO - All dependencies already exist in the database
2025-08-19 07:27:11,474 - PopulateAtomsDeps - INFO - Processing 14 dependencies in batch
2025-08-19 07:27:11,542 - PopulateAtomsDeps - INFO - All dependencies already exist in the database
2025-08-19 07:27:11,543 - PopulateAtomsDeps - INFO - Processing 6 dependencies in batch
2025-08-19 07:27:11,607 - PopulateAtomsDeps - INFO - All dependencies already exist in the database
2025-08-19 07:27:11,607 - PopulateAtomsDeps - INFO - Processing 48 dependencies in batch
2025-08-19 07:27:11,693 - PopulateAtomsDeps - INFO - All dependencies already exist in the database
2025-08-19 07:27:11,694 - PopulateAtomsDeps - INFO - Processing 121 dependencies in batch
2025-08-19 07:27:11,887 - PopulateAtomsDeps - INFO - All dependencies already exist in the database
2025-08-19 07:27:11,889 - PopulateAtomsDeps - INFO - Processing 35 dependencies in batch
2025-08-19 07:27:12,031 - PopulateAtomsDeps - INFO - All dependencies already exist in the database
2025-08-19 07:27:12,033 - PopulateAtomsDeps - INFO - Processing 154 dependencies in batch
2025-08-19 07:27:12,147 - PopulateAtomsDeps - INFO - All dependencies already exist in the database
2025-08-19 07:27:12,148 - PopulateAtomsDeps - INFO - Processing 20 dependencies in batch
2025-08-19 07:27:12,215 - PopulateAtomsDeps - INFO - All dependencies already exist in the database
2025-08-19 07:27:12,215 - PopulateAtomsDeps - INFO - Processing 20 dependencies in batch
2025-08-19 07:27:12,301 - PopulateAtomsDeps - INFO - All dependencies already exist in the database
2025-08-19 07:27:12,301 - PopulateAtomsDeps - INFO - Processing 12 dependencies in batch
2025-08-19 07:27:12,368 - PopulateAtomsDeps - INFO - All dependencies already exist in the database
2025-08-19 07:27:12,368 - PopulateAtomsDeps - INFO - Processing 11 dependencies in batch
2025-08-19 07:27:12,434 - PopulateAtomsDeps - INFO - All dependencies already exist in the database
2025-08-19 07:27:12,435 - PopulateAtomsDeps - INFO - Setting code_id for file molecules in repo 3214
2025-08-19 07:27:12,440 - PopulateAtomsDeps - INFO - Found 24 file molecules with code_id=0 to update
2025-08-19 07:27:12,440 - PopulateAtomsDeps - INFO - Found 24 file molecules with specific code_ids
2025-08-19 07:27:12,441 - PopulateAtomsDeps - WARNING - No child atoms found for file ID 359374 (file: src/montgomery.rs)
2025-08-19 07:27:12,446 - PopulateAtomsDeps - WARNING - No child atoms found for file ID 359375 (file: src/ristretto.rs)
2025-08-19 07:27:12,451 - PopulateAtomsDeps - WARNING - No child atoms found for file ID 359376 (file: src/edwards.rs)
2025-08-19 07:27:12,456 - PopulateAtomsDeps - WARNING - No child atoms found for file ID 359377 (file: src/scalar.rs)
2025-08-19 07:27:12,460 - PopulateAtomsDeps - WARNING - No child atoms found for file ID 359378 (file: src/field.rs)
2025-08-19 07:27:12,465 - PopulateAtomsDeps - WARNING - No child atoms found for file ID 359379 (file: src/traits.rs)
2025-08-19 07:27:12,469 - PopulateAtomsDeps - WARNING - No child atoms found for file ID 359380 (file: src/window.rs)
2025-08-19 07:27:12,474 - PopulateAtomsDeps - WARNING - No child atoms found for file ID 359381 (file: src/backend/serial/u64/scalar_lemmas.rs)
2025-08-19 07:27:12,479 - PopulateAtomsDeps - WARNING - No child atoms found for file ID 359382 (file: src/backend/serial/u64/field.rs)
2025-08-19 07:27:12,483 - PopulateAtomsDeps - WARNING - No child atoms found for file ID 359383 (file: src/backend/serial/u64/field_lemmas.rs)
2025-08-19 07:27:12,488 - PopulateAtomsDeps - WARNING - No child atoms found for file ID 359384 (file: src/backend/serial/u64/scalar.rs)
2025-08-19 07:27:12,492 - PopulateAtomsDeps - WARNING - No child atoms found for file ID 359385 (file: src/backend/serial/u64/common_verus.rs)
2025-08-19 07:27:12,497 - PopulateAtomsDeps - WARNING - No child atoms found for file ID 359386 (file: src/backend/serial/u64/scalar_specs.rs)
2025-08-19 07:27:12,501 - PopulateAtomsDeps - WARNING - No child atoms found for file ID 359387 (file: src/backend/serial/u64/field_verus.rs)
2025-08-19 07:27:12,506 - PopulateAtomsDeps - WARNING - No child atoms found for file ID 359388 (file: src/backend/serial/u64/subtle_assumes.rs)
2025-08-19 07:27:12,510 - PopulateAtomsDeps - WARNING - No child atoms found for file ID 359389 (file: build.rs)
2025-08-19 07:27:12,515 - PopulateAtomsDeps - WARNING - No child atoms found for file ID 359390 (file: src/backend/serial/curve_models/mod.rs)
2025-08-19 07:27:12,519 - PopulateAtomsDeps - WARNING - No child atoms found for file ID 359391 (file: src/backend/serial/scalar_mul/straus.rs)
2025-08-19 07:27:12,524 - PopulateAtomsDeps - WARNING - No child atoms found for file ID 359392 (file: src/backend/serial/scalar_mul/pippenger.rs)
2025-08-19 07:27:12,528 - PopulateAtomsDeps - WARNING - No child atoms found for file ID 359393 (file: src/backend/serial/scalar_mul/vartime_double_base.rs)
2025-08-19 07:27:12,533 - PopulateAtomsDeps - WARNING - No child atoms found for file ID 359394 (file: src/backend/serial/scalar_mul/precomputed_straus.rs)
2025-08-19 07:27:12,538 - PopulateAtomsDeps - WARNING - No child atoms found for file ID 359395 (file: src/backend/serial/scalar_mul/variable_base.rs)
2025-08-19 07:27:12,542 - PopulateAtomsDeps - WARNING - No child atoms found for file ID 359396 (file: src/edwards/affine.rs)
2025-08-19 07:27:12,549 - PopulateAtomsDeps - WARNING - No child atoms found for file ID 359397 (file: src/backend/mod.rs)
2025-08-19 07:27:12,557 - PopulateAtomsDeps - INFO - No file-to-code_id mappings found
2025-08-19 07:27:12,558 - PopulateAtomsDeps - INFO - Reading atomizer log file: logs/atomizer_3214_20250819_072623.log
2025-08-19 07:27:12,558 - PopulateAtomsDeps - INFO - Successfully read 601 characters from atomizer log
2025-08-19 07:27:12,563 - PopulateAtomsDeps - INFO - Inserted combined logs to atomizerlogs table for repo_id 3214
2025-08-19 07:27:12,563 - PopulateAtomsDeps - INFO - Successfully completed populate_atomsdeps_grouped_rust.py for repo_id 3214
2025-08-19 07:27:12,563 - PopulateAtomsDeps - INFO - Processing completed for JSON file: /var/www/html/rust-atomizer/3214.json
