2025-08-04 07:36:44,339 - PopulateAtomsDeps - INFO - Logging to file: logs/populate_atoms_20250804_073644.log
2025-08-04 07:36:44,339 - PopulateAtomsDeps - INFO - Starting populate_atomsdeps_grouped_rust.py with parameters:
2025-08-04 07:36:44,339 - PopulateAtomsDeps - INFO -   repo_id: 3158
2025-08-04 07:36:44,339 - PopulateAtomsDeps - INFO -   json_path: /var/www/html/rust-atomizer/3158.json
2025-08-04 07:36:44,339 - PopulateAtomsDeps - INFO -   user_id: 460176
2025-08-04 07:36:44,339 - PopulateAtomsDeps - INFO -   JSON file exists: True
2025-08-04 07:36:44,339 - PopulateAtomsDeps - INFO -   JSON file size: 769672 bytes
2025-08-04 07:36:44,340 - PopulateAtomsDeps - INFO -   JSON file modified: 2025-08-04 07:36:43.870637
2025-08-04 07:36:44,357 - PopulateAtomsDeps - INFO - Identified 19 folders containing Rust files
2025-08-04 07:36:44,358 - PopulateAtomsDeps - INFO - Populating folder structure with 19 folders as molecules for repo 3158
2025-08-04 07:36:44,366 - PopulateAtomsDeps - INFO - All folders to create (including parents): ['x25519-dalek', 'curve25519-dalek', 'curve25519-dalek-derive', 'ed25519-dalek', 'curve25519-dalek/benches', 'curve25519-dalek-derive/src', 'x25519-dalek/tests', 'ed25519-dalek/tests', 'ed25519-dalek/src', 'x25519-dalek/benches', 'curve25519-dalek/src', 'curve25519-dalek-derive/tests', 'x25519-dalek/src', 'ed25519-dalek/benches', 'curve25519-dalek/src/edwards', 'curve25519-dalek/src/backend', 'curve25519-dalek/src/backend/vector', 'curve25519-dalek/src/backend/serial', 'curve25519-dalek/src/backend/vector/scalar_mul', 'curve25519-dalek/src/backend/vector/avx2', 'curve25519-dalek/src/backend/serial/scalar_mul', 'curve25519-dalek/src/backend/serial/curve_models', 'curve25519-dalek/src/backend/serial/u64']
2025-08-04 07:36:44,409 - PopulateAtomsDeps - INFO - Successfully populated 69 folder and file molecules for repo 3158
2025-08-04 07:36:44,432 - PopulateAtomsDeps - INFO - Nb of Codes: 80
2025-08-04 07:36:44,439 - PopulateAtomsDeps - INFO - Found 16 atoms for curve25519-dalek-derive/tests/tests.rs
2025-08-04 07:36:44,439 - PopulateAtomsDeps - INFO - Found 11 atoms for curve25519-dalek-derive/src/lib.rs
2025-08-04 07:36:44,440 - PopulateAtomsDeps - INFO - Found 7 atoms for x25519-dalek/tests/x25519_tests.rs
2025-08-04 07:36:44,440 - PopulateAtomsDeps - INFO - Found 2 atoms for x25519-dalek/benches/x25519.rs
2025-08-04 07:36:44,441 - PopulateAtomsDeps - WARNING - No atoms found for filename: x25519-dalek/src/lib.rs
2025-08-04 07:36:44,441 - PopulateAtomsDeps - INFO - Found 23 atoms for x25519-dalek/src/x25519.rs
2025-08-04 07:36:44,442 - PopulateAtomsDeps - INFO - Found 25 atoms for curve25519-dalek/benches/dalek_benchmarks.rs
2025-08-04 07:36:44,442 - PopulateAtomsDeps - INFO - Found 19 atoms for curve25519-dalek/src/backend/vector/avx2/edwards.rs
2025-08-04 07:36:44,442 - PopulateAtomsDeps - INFO - Found 22 atoms for curve25519-dalek/src/backend/vector/avx2/field.rs
2025-08-04 07:36:44,442 - PopulateAtomsDeps - WARNING - No atoms found for filename: curve25519-dalek/src/backend/vector/avx2/constants.rs
2025-08-04 07:36:44,443 - PopulateAtomsDeps - WARNING - No atoms found for filename: curve25519-dalek/src/backend/vector/avx2/mod.rs
2025-08-04 07:36:44,443 - PopulateAtomsDeps - WARNING - No atoms found for filename: curve25519-dalek/src/backend/vector/ifma/edwards.rs
2025-08-04 07:36:44,444 - PopulateAtomsDeps - WARNING - No atoms found for filename: curve25519-dalek/src/backend/vector/ifma/field.rs
2025-08-04 07:36:44,444 - PopulateAtomsDeps - WARNING - No atoms found for filename: curve25519-dalek/src/backend/vector/ifma/constants.rs
2025-08-04 07:36:44,445 - PopulateAtomsDeps - WARNING - No atoms found for filename: curve25519-dalek/src/backend/vector/ifma/mod.rs
2025-08-04 07:36:44,446 - PopulateAtomsDeps - INFO - Found 4 atoms for curve25519-dalek/src/backend/vector/scalar_mul/precomputed_straus.rs
2025-08-04 07:36:44,446 - PopulateAtomsDeps - INFO - Found 1 atoms for curve25519-dalek/src/backend/vector/scalar_mul/pippenger.rs
2025-08-04 07:36:44,446 - PopulateAtomsDeps - INFO - Found 2 atoms for curve25519-dalek/src/backend/vector/scalar_mul/straus.rs
2025-08-04 07:36:44,446 - PopulateAtomsDeps - INFO - Found 1 atoms for curve25519-dalek/src/backend/vector/scalar_mul/variable_base.rs
2025-08-04 07:36:44,447 - PopulateAtomsDeps - WARNING - No atoms found for filename: curve25519-dalek/src/backend/vector/scalar_mul/mod.rs
2025-08-04 07:36:44,447 - PopulateAtomsDeps - INFO - Found 1 atoms for curve25519-dalek/src/backend/vector/scalar_mul/vartime_double_base.rs
2025-08-04 07:36:44,448 - PopulateAtomsDeps - INFO - Found 9 atoms for curve25519-dalek/src/backend/vector/packed_simd.rs
2025-08-04 07:36:44,448 - PopulateAtomsDeps - WARNING - No atoms found for filename: curve25519-dalek/src/backend/vector/mod.rs
2025-08-04 07:36:44,448 - PopulateAtomsDeps - INFO - Found 12 atoms for curve25519-dalek/src/backend/mod.rs
2025-08-04 07:36:44,448 - PopulateAtomsDeps - INFO - Found 26 atoms for curve25519-dalek/src/backend/serial/curve_models/mod.rs
2025-08-04 07:36:44,449 - PopulateAtomsDeps - INFO - Found 4 atoms for curve25519-dalek/src/backend/serial/scalar_mul/precomputed_straus.rs
2025-08-04 07:36:44,449 - PopulateAtomsDeps - INFO - Found 2 atoms for curve25519-dalek/src/backend/serial/scalar_mul/pippenger.rs
2025-08-04 07:36:44,449 - PopulateAtomsDeps - INFO - Found 2 atoms for curve25519-dalek/src/backend/serial/scalar_mul/straus.rs
2025-08-04 07:36:44,449 - PopulateAtomsDeps - INFO - Found 1 atoms for curve25519-dalek/src/backend/serial/scalar_mul/variable_base.rs
2025-08-04 07:36:44,450 - PopulateAtomsDeps - WARNING - No atoms found for filename: curve25519-dalek/src/backend/serial/scalar_mul/mod.rs
2025-08-04 07:36:44,451 - PopulateAtomsDeps - INFO - Found 1 atoms for curve25519-dalek/src/backend/serial/scalar_mul/vartime_double_base.rs
2025-08-04 07:36:44,451 - PopulateAtomsDeps - WARNING - No atoms found for filename: curve25519-dalek/src/backend/serial/fiat_u32/field.rs
2025-08-04 07:36:44,451 - PopulateAtomsDeps - WARNING - No atoms found for filename: curve25519-dalek/src/backend/serial/fiat_u32/mod.rs
2025-08-04 07:36:44,452 - PopulateAtomsDeps - WARNING - No atoms found for filename: curve25519-dalek/src/backend/serial/u32/scalar.rs
2025-08-04 07:36:44,452 - PopulateAtomsDeps - WARNING - No atoms found for filename: curve25519-dalek/src/backend/serial/u32/field.rs
2025-08-04 07:36:44,452 - PopulateAtomsDeps - WARNING - No atoms found for filename: curve25519-dalek/src/backend/serial/u32/constants.rs
2025-08-04 07:36:44,453 - PopulateAtomsDeps - WARNING - No atoms found for filename: curve25519-dalek/src/backend/serial/u32/mod.rs
2025-08-04 07:36:44,453 - PopulateAtomsDeps - WARNING - No atoms found for filename: curve25519-dalek/src/backend/serial/fiat_u64/field.rs
2025-08-04 07:36:44,454 - PopulateAtomsDeps - WARNING - No atoms found for filename: curve25519-dalek/src/backend/serial/fiat_u64/mod.rs
2025-08-04 07:36:44,454 - PopulateAtomsDeps - WARNING - No atoms found for filename: curve25519-dalek/src/backend/serial/mod.rs
2025-08-04 07:36:44,455 - PopulateAtomsDeps - INFO - Found 11 atoms for curve25519-dalek/src/backend/serial/u64/field_verus.rs
2025-08-04 07:36:44,455 - PopulateAtomsDeps - INFO - Found 1 atoms for curve25519-dalek/src/backend/serial/u64/common_verus.rs
2025-08-04 07:36:44,455 - PopulateAtomsDeps - WARNING - No atoms found for filename: curve25519-dalek/src/backend/serial/u64/scalar_lemmas.rs
2025-08-04 07:36:44,456 - PopulateAtomsDeps - INFO - Found 1 atoms for curve25519-dalek/src/backend/serial/u64/field_lemmas.rs
2025-08-04 07:36:44,456 - PopulateAtomsDeps - INFO - Found 30 atoms for curve25519-dalek/src/backend/serial/u64/scalar.rs
2025-08-04 07:36:44,457 - PopulateAtomsDeps - INFO - Found 1 atoms for curve25519-dalek/src/backend/serial/u64/subtle_assumes.rs
2025-08-04 07:36:44,457 - PopulateAtomsDeps - INFO - Found 22 atoms for curve25519-dalek/src/backend/serial/u64/field.rs
2025-08-04 07:36:44,457 - PopulateAtomsDeps - WARNING - No atoms found for filename: curve25519-dalek/src/backend/serial/u64/constants.rs
2025-08-04 07:36:44,457 - PopulateAtomsDeps - WARNING - No atoms found for filename: curve25519-dalek/src/backend/serial/u64/mod.rs
2025-08-04 07:36:44,458 - PopulateAtomsDeps - WARNING - No atoms found for filename: curve25519-dalek/src/backend/serial/u64/scalar_specs.rs
2025-08-04 07:36:44,459 - PopulateAtomsDeps - INFO - Found 36 atoms for curve25519-dalek/src/montgomery.rs
2025-08-04 07:36:44,459 - PopulateAtomsDeps - INFO - Found 101 atoms for curve25519-dalek/src/edwards.rs
2025-08-04 07:36:44,459 - PopulateAtomsDeps - INFO - Found 78 atoms for curve25519-dalek/src/scalar.rs
2025-08-04 07:36:44,460 - PopulateAtomsDeps - WARNING - No atoms found for filename: curve25519-dalek/src/macros.rs
2025-08-04 07:36:44,460 - PopulateAtomsDeps - INFO - Found 26 atoms for curve25519-dalek/src/field.rs
2025-08-04 07:36:44,461 - PopulateAtomsDeps - INFO - Found 70 atoms for curve25519-dalek/src/ristretto.rs
2025-08-04 07:36:44,461 - PopulateAtomsDeps - WARNING - No atoms found for filename: curve25519-dalek/src/diagnostics.rs
2025-08-04 07:36:44,461 - PopulateAtomsDeps - WARNING - No atoms found for filename: curve25519-dalek/src/lib.rs
2025-08-04 07:36:44,464 - PopulateAtomsDeps - INFO - Found 8 atoms for curve25519-dalek/src/constants.rs
2025-08-04 07:36:44,464 - PopulateAtomsDeps - INFO - Found 10 atoms for curve25519-dalek/src/traits.rs
2025-08-04 07:36:44,464 - PopulateAtomsDeps - INFO - Found 8 atoms for curve25519-dalek/src/window.rs
2025-08-04 07:36:44,465 - PopulateAtomsDeps - INFO - Found 11 atoms for curve25519-dalek/src/edwards/affine.rs
2025-08-04 07:36:44,465 - PopulateAtomsDeps - INFO - Found 5 atoms for curve25519-dalek/build.rs
2025-08-04 07:36:44,465 - PopulateAtomsDeps - INFO - Found 6 atoms for ed25519-dalek/tests/ed25519.rs
2025-08-04 07:36:44,466 - PopulateAtomsDeps - INFO - Found 5 atoms for ed25519-dalek/tests/validation_criteria.rs
2025-08-04 07:36:44,466 - PopulateAtomsDeps - WARNING - No atoms found for filename: ed25519-dalek/tests/pkcs8.rs
2025-08-04 07:36:44,466 - PopulateAtomsDeps - INFO - Found 1 atoms for ed25519-dalek/tests/x25519.rs
2025-08-04 07:36:44,467 - PopulateAtomsDeps - INFO - Found 6 atoms for ed25519-dalek/benches/ed25519_benchmarks.rs
2025-08-04 07:36:44,467 - PopulateAtomsDeps - INFO - Found 23 atoms for ed25519-dalek/src/verifying.rs
2025-08-04 07:36:44,467 - PopulateAtomsDeps - WARNING - No atoms found for filename: ed25519-dalek/src/batch.rs
2025-08-04 07:36:44,468 - PopulateAtomsDeps - INFO - Found 13 atoms for ed25519-dalek/src/hazmat.rs
2025-08-04 07:36:44,468 - PopulateAtomsDeps - INFO - Found 6 atoms for ed25519-dalek/src/signature.rs
2025-08-04 07:36:44,468 - PopulateAtomsDeps - INFO - Found 2 atoms for ed25519-dalek/src/errors.rs
2025-08-04 07:36:44,469 - PopulateAtomsDeps - WARNING - No atoms found for filename: ed25519-dalek/src/batch/strobe.rs
2025-08-04 07:36:44,469 - PopulateAtomsDeps - WARNING - No atoms found for filename: ed25519-dalek/src/batch/transcript.rs
2025-08-04 07:36:44,470 - PopulateAtomsDeps - WARNING - No atoms found for filename: ed25519-dalek/src/verifying/stream.rs
2025-08-04 07:36:44,470 - PopulateAtomsDeps - INFO - Found 26 atoms for ed25519-dalek/src/signing.rs
2025-08-04 07:36:44,470 - PopulateAtomsDeps - WARNING - No atoms found for filename: ed25519-dalek/src/context.rs
2025-08-04 07:36:44,471 - PopulateAtomsDeps - WARNING - No atoms found for filename: ed25519-dalek/src/lib.rs
2025-08-04 07:36:44,472 - PopulateAtomsDeps - WARNING - No atoms found for filename: ed25519-dalek/src/constants.rs
2025-08-04 07:36:44,472 - PopulateAtomsDeps - INFO - Summary: Found atoms for 46 out of 80 files
2025-08-04 07:36:44,472 - PopulateAtomsDeps - INFO - Populating atoms for curve25519-dalek-derive/tests/tests.rs and code_id 55843
2025-08-04 07:36:44,474 - PopulateAtomsDeps - INFO - Populating atoms for curve25519-dalek-derive/src/lib.rs and code_id 55847
2025-08-04 07:36:44,476 - PopulateAtomsDeps - INFO - Populating atoms for x25519-dalek/tests/x25519_tests.rs and code_id 55855
2025-08-04 07:36:44,477 - PopulateAtomsDeps - INFO - Populating atoms for x25519-dalek/benches/x25519.rs and code_id 55856
2025-08-04 07:36:44,479 - PopulateAtomsDeps - INFO - Populating atoms for x25519-dalek/src/x25519.rs and code_id 55860
2025-08-04 07:36:44,482 - PopulateAtomsDeps - INFO - Populating atoms for curve25519-dalek/benches/dalek_benchmarks.rs and code_id 55871
2025-08-04 07:36:44,484 - PopulateAtomsDeps - INFO - Populating atoms for curve25519-dalek/src/backend/vector/avx2/edwards.rs and code_id 55875
2025-08-04 07:36:44,487 - PopulateAtomsDeps - INFO - Populating atoms for curve25519-dalek/src/backend/vector/avx2/field.rs and code_id 55876
2025-08-04 07:36:44,489 - PopulateAtomsDeps - INFO - Populating atoms for curve25519-dalek/src/backend/vector/scalar_mul/precomputed_straus.rs and code_id 55883
2025-08-04 07:36:44,490 - PopulateAtomsDeps - INFO - Populating atoms for curve25519-dalek/src/backend/vector/scalar_mul/pippenger.rs and code_id 55884
2025-08-04 07:36:44,491 - PopulateAtomsDeps - INFO - Populating atoms for curve25519-dalek/src/backend/vector/scalar_mul/straus.rs and code_id 55885
2025-08-04 07:36:44,492 - PopulateAtomsDeps - INFO - Populating atoms for curve25519-dalek/src/backend/vector/scalar_mul/variable_base.rs and code_id 55886
2025-08-04 07:36:44,492 - PopulateAtomsDeps - INFO - Populating atoms for curve25519-dalek/src/backend/vector/scalar_mul/vartime_double_base.rs and code_id 55888
2025-08-04 07:36:44,496 - PopulateAtomsDeps - INFO - Populating atoms for curve25519-dalek/src/backend/vector/packed_simd.rs and code_id 55889
2025-08-04 07:36:44,499 - PopulateAtomsDeps - INFO - Populating atoms for curve25519-dalek/src/backend/mod.rs and code_id 55891
2025-08-04 07:36:44,506 - PopulateAtomsDeps - INFO - Populating atoms for curve25519-dalek/src/backend/serial/curve_models/mod.rs and code_id 55892
2025-08-04 07:36:44,508 - PopulateAtomsDeps - INFO - Populating atoms for curve25519-dalek/src/backend/serial/scalar_mul/precomputed_straus.rs and code_id 55893
2025-08-04 07:36:44,510 - PopulateAtomsDeps - INFO - Populating atoms for curve25519-dalek/src/backend/serial/scalar_mul/pippenger.rs and code_id 55894
2025-08-04 07:36:44,511 - PopulateAtomsDeps - INFO - Populating atoms for curve25519-dalek/src/backend/serial/scalar_mul/straus.rs and code_id 55895
2025-08-04 07:36:44,512 - PopulateAtomsDeps - INFO - Populating atoms for curve25519-dalek/src/backend/serial/scalar_mul/variable_base.rs and code_id 55896
2025-08-04 07:36:44,513 - PopulateAtomsDeps - INFO - Populating atoms for curve25519-dalek/src/backend/serial/scalar_mul/vartime_double_base.rs and code_id 55898
2025-08-04 07:36:44,514 - PopulateAtomsDeps - INFO - Populating atoms for curve25519-dalek/src/backend/serial/u64/field_verus.rs and code_id 55908
2025-08-04 07:36:44,515 - PopulateAtomsDeps - INFO - Populating atoms for curve25519-dalek/src/backend/serial/u64/common_verus.rs and code_id 55909
2025-08-04 07:36:44,516 - PopulateAtomsDeps - INFO - Populating atoms for curve25519-dalek/src/backend/serial/u64/field_lemmas.rs and code_id 55911
2025-08-04 07:36:44,517 - PopulateAtomsDeps - INFO - Populating atoms for curve25519-dalek/src/backend/serial/u64/scalar.rs and code_id 55912
2025-08-04 07:36:44,519 - PopulateAtomsDeps - INFO - Populating atoms for curve25519-dalek/src/backend/serial/u64/subtle_assumes.rs and code_id 55913
2025-08-04 07:36:44,520 - PopulateAtomsDeps - INFO - Populating atoms for curve25519-dalek/src/backend/serial/u64/field.rs and code_id 55914
2025-08-04 07:36:44,522 - PopulateAtomsDeps - INFO - Populating atoms for curve25519-dalek/src/montgomery.rs and code_id 55918
2025-08-04 07:36:44,525 - PopulateAtomsDeps - INFO - Populating atoms for curve25519-dalek/src/edwards.rs and code_id 55919
2025-08-04 07:36:44,534 - PopulateAtomsDeps - INFO - Populating atoms for curve25519-dalek/src/scalar.rs and code_id 55920
2025-08-04 07:36:44,543 - PopulateAtomsDeps - INFO - Populating atoms for curve25519-dalek/src/field.rs and code_id 55922
2025-08-04 07:36:44,548 - PopulateAtomsDeps - INFO - Populating atoms for curve25519-dalek/src/ristretto.rs and code_id 55923
2025-08-04 07:36:44,554 - PopulateAtomsDeps - INFO - Populating atoms for curve25519-dalek/src/constants.rs and code_id 55926
2025-08-04 07:36:44,556 - PopulateAtomsDeps - INFO - Populating atoms for curve25519-dalek/src/traits.rs and code_id 55927
2025-08-04 07:36:44,557 - PopulateAtomsDeps - INFO - Populating atoms for curve25519-dalek/src/window.rs and code_id 55928
2025-08-04 07:36:44,558 - PopulateAtomsDeps - INFO - Populating atoms for curve25519-dalek/src/edwards/affine.rs and code_id 55929
2025-08-04 07:36:44,560 - PopulateAtomsDeps - INFO - Populating atoms for curve25519-dalek/build.rs and code_id 55930
2025-08-04 07:36:44,563 - PopulateAtomsDeps - INFO - Populating atoms for ed25519-dalek/tests/ed25519.rs and code_id 55937
2025-08-04 07:36:44,564 - PopulateAtomsDeps - INFO - Populating atoms for ed25519-dalek/tests/validation_criteria.rs and code_id 55938
2025-08-04 07:36:44,567 - PopulateAtomsDeps - INFO - Populating atoms for ed25519-dalek/tests/x25519.rs and code_id 55943
2025-08-04 07:36:44,568 - PopulateAtomsDeps - INFO - Populating atoms for ed25519-dalek/benches/ed25519_benchmarks.rs and code_id 55944
2025-08-04 07:36:44,569 - PopulateAtomsDeps - INFO - Populating atoms for ed25519-dalek/src/verifying.rs and code_id 55948
2025-08-04 07:36:44,572 - PopulateAtomsDeps - INFO - Populating atoms for ed25519-dalek/src/hazmat.rs and code_id 55950
2025-08-04 07:36:44,573 - PopulateAtomsDeps - INFO - Populating atoms for ed25519-dalek/src/signature.rs and code_id 55951
2025-08-04 07:36:44,574 - PopulateAtomsDeps - INFO - Populating atoms for ed25519-dalek/src/errors.rs and code_id 55952
2025-08-04 07:36:44,575 - PopulateAtomsDeps - INFO - Populating atoms for ed25519-dalek/src/signing.rs and code_id 55956
2025-08-04 07:36:44,577 - PopulateAtomsDeps - INFO - Processing 8 dependencies in batch
2025-08-04 07:36:44,642 - PopulateAtomsDeps - INFO - All dependencies already exist in the database
2025-08-04 07:36:44,643 - PopulateAtomsDeps - INFO - Processing 12 dependencies in batch
2025-08-04 07:36:44,712 - PopulateAtomsDeps - INFO - All dependencies already exist in the database
2025-08-04 07:36:44,712 - PopulateAtomsDeps - INFO - Processing 9 dependencies in batch
2025-08-04 07:36:44,787 - PopulateAtomsDeps - INFO - All dependencies already exist in the database
2025-08-04 07:36:44,787 - PopulateAtomsDeps - INFO - Processing 4 dependencies in batch
2025-08-04 07:36:44,887 - PopulateAtomsDeps - INFO - All dependencies already exist in the database
2025-08-04 07:36:44,888 - PopulateAtomsDeps - INFO - Processing 18 dependencies in batch
2025-08-04 07:36:45,009 - PopulateAtomsDeps - INFO - All dependencies already exist in the database
2025-08-04 07:36:45,010 - PopulateAtomsDeps - INFO - Processing 66 dependencies in batch
2025-08-04 07:36:45,130 - PopulateAtomsDeps - INFO - All dependencies already exist in the database
2025-08-04 07:36:45,131 - PopulateAtomsDeps - INFO - Processing 29 dependencies in batch
2025-08-04 07:36:45,217 - PopulateAtomsDeps - INFO - All dependencies already exist in the database
2025-08-04 07:36:45,219 - PopulateAtomsDeps - INFO - Processing 31 dependencies in batch
2025-08-04 07:36:45,308 - PopulateAtomsDeps - INFO - All dependencies already exist in the database
2025-08-04 07:36:45,308 - PopulateAtomsDeps - INFO - Processing 4 dependencies in batch
2025-08-04 07:36:45,374 - PopulateAtomsDeps - INFO - All dependencies already exist in the database
2025-08-04 07:36:45,374 - PopulateAtomsDeps - INFO - Processing 3 dependencies in batch
2025-08-04 07:36:45,427 - PopulateAtomsDeps - INFO - All dependencies already exist in the database
2025-08-04 07:36:45,427 - PopulateAtomsDeps - INFO - Processing 6 dependencies in batch
2025-08-04 07:36:45,488 - PopulateAtomsDeps - INFO - All dependencies already exist in the database
2025-08-04 07:36:45,489 - PopulateAtomsDeps - INFO - Processing 4 dependencies in batch
2025-08-04 07:36:45,545 - PopulateAtomsDeps - INFO - All dependencies already exist in the database
2025-08-04 07:36:45,545 - PopulateAtomsDeps - INFO - Processing 6 dependencies in batch
2025-08-04 07:36:45,604 - PopulateAtomsDeps - INFO - All dependencies already exist in the database
2025-08-04 07:36:45,604 - PopulateAtomsDeps - INFO - Processing 2 dependencies in batch
2025-08-04 07:36:45,654 - PopulateAtomsDeps - INFO - All dependencies already exist in the database
2025-08-04 07:36:45,654 - PopulateAtomsDeps - INFO - Processing 26 dependencies in batch
2025-08-04 07:36:45,723 - PopulateAtomsDeps - INFO - All dependencies already exist in the database
2025-08-04 07:36:45,724 - PopulateAtomsDeps - INFO - Processing 12 dependencies in batch
2025-08-04 07:36:45,798 - PopulateAtomsDeps - INFO - All dependencies already exist in the database
2025-08-04 07:36:45,799 - PopulateAtomsDeps - INFO - Processing 7 dependencies in batch
2025-08-04 07:36:45,856 - PopulateAtomsDeps - INFO - All dependencies already exist in the database
2025-08-04 07:36:45,857 - PopulateAtomsDeps - INFO - Processing 7 dependencies in batch
2025-08-04 07:36:45,913 - PopulateAtomsDeps - INFO - All dependencies already exist in the database
2025-08-04 07:36:45,913 - PopulateAtomsDeps - INFO - Processing 8 dependencies in batch
2025-08-04 07:36:45,977 - PopulateAtomsDeps - INFO - All dependencies already exist in the database
2025-08-04 07:36:45,978 - PopulateAtomsDeps - INFO - Processing 5 dependencies in batch
2025-08-04 07:36:46,035 - PopulateAtomsDeps - INFO - All dependencies already exist in the database
2025-08-04 07:36:46,035 - PopulateAtomsDeps - INFO - Processing 9 dependencies in batch
2025-08-04 07:36:46,109 - PopulateAtomsDeps - INFO - All dependencies already exist in the database
2025-08-04 07:36:46,110 - PopulateAtomsDeps - INFO - Processing 6 dependencies in batch
2025-08-04 07:36:46,161 - PopulateAtomsDeps - INFO - All dependencies already exist in the database
2025-08-04 07:36:46,162 - PopulateAtomsDeps - INFO - Processing 31 dependencies in batch
2025-08-04 07:36:46,219 - PopulateAtomsDeps - INFO - All dependencies already exist in the database
2025-08-04 07:36:46,220 - PopulateAtomsDeps - INFO - Processing 6 dependencies in batch
2025-08-04 07:36:46,277 - PopulateAtomsDeps - INFO - All dependencies already exist in the database
2025-08-04 07:36:46,278 - PopulateAtomsDeps - INFO - Processing 61 dependencies in batch
2025-08-04 07:36:46,378 - PopulateAtomsDeps - INFO - All dependencies already exist in the database
2025-08-04 07:36:46,380 - PopulateAtomsDeps - INFO - Processing 174 dependencies in batch
2025-08-04 07:36:46,468 - PopulateAtomsDeps - INFO - All dependencies already exist in the database
2025-08-04 07:36:46,470 - PopulateAtomsDeps - INFO - Processing 101 dependencies in batch
2025-08-04 07:36:46,540 - PopulateAtomsDeps - INFO - All dependencies already exist in the database
2025-08-04 07:36:46,541 - PopulateAtomsDeps - INFO - Processing 45 dependencies in batch
2025-08-04 07:36:46,601 - PopulateAtomsDeps - INFO - All dependencies already exist in the database
2025-08-04 07:36:46,603 - PopulateAtomsDeps - INFO - Processing 118 dependencies in batch
2025-08-04 07:36:46,697 - PopulateAtomsDeps - INFO - All dependencies already exist in the database
2025-08-04 07:36:46,698 - PopulateAtomsDeps - INFO - Processing 14 dependencies in batch
2025-08-04 07:36:46,756 - PopulateAtomsDeps - INFO - All dependencies already exist in the database
2025-08-04 07:36:46,757 - PopulateAtomsDeps - INFO - Processing 4 dependencies in batch
2025-08-04 07:36:46,812 - PopulateAtomsDeps - INFO - All dependencies already exist in the database
2025-08-04 07:36:46,813 - PopulateAtomsDeps - INFO - Processing 12 dependencies in batch
2025-08-04 07:36:46,864 - PopulateAtomsDeps - INFO - All dependencies already exist in the database
2025-08-04 07:36:46,864 - PopulateAtomsDeps - INFO - Processing 12 dependencies in batch
2025-08-04 07:36:46,934 - PopulateAtomsDeps - INFO - All dependencies already exist in the database
2025-08-04 07:36:46,934 - PopulateAtomsDeps - INFO - Processing 3 dependencies in batch
2025-08-04 07:36:46,982 - PopulateAtomsDeps - INFO - All dependencies already exist in the database
2025-08-04 07:36:46,983 - PopulateAtomsDeps - INFO - Processing 27 dependencies in batch
2025-08-04 07:36:47,040 - PopulateAtomsDeps - INFO - All dependencies already exist in the database
2025-08-04 07:36:47,041 - PopulateAtomsDeps - INFO - Processing 8 dependencies in batch
2025-08-04 07:36:47,090 - PopulateAtomsDeps - INFO - All dependencies already exist in the database
2025-08-04 07:36:47,090 - PopulateAtomsDeps - INFO - Processing 14 dependencies in batch
2025-08-04 07:36:47,143 - PopulateAtomsDeps - INFO - All dependencies already exist in the database
2025-08-04 07:36:47,144 - PopulateAtomsDeps - INFO - Processing 11 dependencies in batch
2025-08-04 07:36:47,224 - PopulateAtomsDeps - INFO - All dependencies already exist in the database
2025-08-04 07:36:47,225 - PopulateAtomsDeps - INFO - Processing 28 dependencies in batch
2025-08-04 07:36:47,330 - PopulateAtomsDeps - INFO - All dependencies already exist in the database
2025-08-04 07:36:47,331 - PopulateAtomsDeps - INFO - Processing 19 dependencies in batch
2025-08-04 07:36:47,439 - PopulateAtomsDeps - INFO - All dependencies already exist in the database
2025-08-04 07:36:47,440 - PopulateAtomsDeps - INFO - Processing 5 dependencies in batch
2025-08-04 07:36:47,489 - PopulateAtomsDeps - INFO - All dependencies already exist in the database
2025-08-04 07:36:47,490 - PopulateAtomsDeps - INFO - Processing 25 dependencies in batch
2025-08-04 07:36:47,562 - PopulateAtomsDeps - INFO - All dependencies already exist in the database
2025-08-04 07:36:47,563 - PopulateAtomsDeps - INFO - Setting code_id for file molecules in repo 3158
2025-08-04 07:36:47,568 - PopulateAtomsDeps - INFO - Found 0 file molecules with code_id=0 to update
2025-08-04 07:36:47,568 - PopulateAtomsDeps - INFO - Found 46 file molecules with specific code_ids
2025-08-04 07:36:47,568 - PopulateAtomsDeps - INFO - No file molecules with code_id = 0 found to update
2025-08-04 07:36:47,569 - PopulateAtomsDeps - INFO - Reading atomizer log file: logs/atomizer_3158_20250804_073551.log
2025-08-04 07:36:47,569 - PopulateAtomsDeps - INFO - Successfully read 600 characters from atomizer log
2025-08-04 07:36:47,575 - PopulateAtomsDeps - INFO - Inserted combined logs to atomizerlogs table for repo_id 3158
2025-08-04 07:36:47,575 - PopulateAtomsDeps - INFO - Successfully completed populate_atomsdeps_grouped_rust.py for repo_id 3158
2025-08-04 07:36:47,575 - PopulateAtomsDeps - INFO - Processing completed for JSON file: /var/www/html/rust-atomizer/3158.json
