2025-07-25 11:00:30,402 - PopulateAtomsDeps - INFO - Logging to file: logs/populate_atoms_20250725_110030.log
2025-07-25 11:00:30,402 - PopulateAtomsDeps - INFO - Starting populate_atomsdeps_grouped_rust.py with parameters:
2025-07-25 11:00:30,402 - PopulateAtomsDeps - INFO -   repo_id: 3127
2025-07-25 11:00:30,402 - PopulateAtomsDeps - INFO -   json_path: /var/www/html/rust-atomizer/3127.json
2025-07-25 11:00:30,402 - PopulateAtomsDeps - INFO -   user_id: 460176
2025-07-25 11:00:30,402 - PopulateAtomsDeps - INFO -   JSON file exists: True
2025-07-25 11:00:30,402 - PopulateAtomsDeps - INFO -   JSON file size: 2 bytes
2025-07-25 11:00:30,402 - PopulateAtomsDeps - INFO -   JSON file modified: 2025-07-25 11:00:29.824952
2025-07-25 11:00:30,402 - PopulateAtomsDeps - INFO - Identified 0 folders containing Rust files
2025-07-25 11:00:30,403 - PopulateAtomsDeps - INFO - Populating folder structure with 0 folders as molecules for repo 3127
2025-07-25 11:00:30,403 - PopulateAtomsDeps - INFO - All folders to create (including parents): []
2025-07-25 11:00:30,403 - PopulateAtomsDeps - INFO - Successfully populated 0 folder and file molecules for repo 3127
2025-07-25 11:00:30,405 - PopulateAtomsDeps - INFO - !!!!!Code ID 51593: filename='test.rs', folder_id=None, folder_path='None'
2025-07-25 11:00:30,406 - PopulateAtomsDeps - INFO - Retrieved 1 codes from database
2025-07-25 11:00:30,407 - PopulateAtomsDeps - INFO - Nb of Codes: 1
2025-07-25 11:00:30,407 - PopulateAtomsDeps - WARNING - No atoms found for filename: test.rs
2025-07-25 11:00:30,407 - PopulateAtomsDeps - INFO - Summary: Found atoms for 0 out of 1 files
2025-07-25 11:00:30,407 - PopulateAtomsDeps - INFO - Setting code_id for file molecules in repo 3127
2025-07-25 11:00:30,423 - PopulateAtomsDeps - INFO - No file molecules found
2025-07-25 11:00:30,423 - PopulateAtomsDeps - INFO - Reading atomizer log file: logs/atomizer_3127_20250725_110021.log
2025-07-25 11:00:30,423 - PopulateAtomsDeps - INFO - Successfully read 774 characters from atomizer log
2025-07-25 11:00:30,438 - PopulateAtomsDeps - INFO - Inserted combined logs to atomizerlogs table for repo_id 3127
2025-07-25 11:00:30,438 - PopulateAtomsDeps - INFO - Successfully completed populate_atomsdeps_grouped_rust.py for repo_id 3127
2025-07-25 11:00:30,438 - PopulateAtomsDeps - INFO - Processing completed for JSON file: /var/www/html/rust-atomizer/3127.json
