2025-06-23 07:22:21,229 - PopulateAtomsDeps - INFO - Logging to file: logs/populate_atoms_20250623_072221.log
2025-06-23 07:22:21,231 - PopulateAtomsDeps - INFO - Identified 3 folders containing Rust files
2025-06-23 07:22:21,231 - PopulateAtomsDeps - INFO - Populating folder structure with 3 folders as molecules for repo 3053
2025-06-23 07:22:21,239 - PopulateAtomsDeps - INFO - Successfully populated 26 folder and file molecules for repo 3053
2025-06-23 07:22:21,241 - PopulateAtomsDeps - INFO - Nb of Codes: 24
2025-06-23 07:22:21,245 - PopulateAtomsDeps - INFO - Populating atoms for benches/sort_benchmark.rs and code_id 38784
2025-06-23 07:22:21,247 - PopulateAtomsDeps - INFO - Populating atoms for src/smooth_sort.rs and code_id 38785
2025-06-23 07:22:21,248 - PopulateAtomsDeps - INFO - Populating atoms for src/nheap_sort.rs and code_id 38786
2025-06-23 07:22:21,249 - PopulateAtomsDeps - INFO - Populating atoms for src/shell_sort.rs and code_id 38787
2025-06-23 07:22:21,251 - PopulateAtomsDeps - INFO - Populating atoms for bin/powers_of_two.rs and code_id 38788
2025-06-23 07:22:21,251 - PopulateAtomsDeps - INFO - Populating atoms for bin/leonardo_numbers.rs and code_id 38789
2025-06-23 07:22:21,252 - PopulateAtomsDeps - INFO - Populating atoms for src/insertion_sort.rs and code_id 38790
2025-06-23 07:22:21,254 - PopulateAtomsDeps - INFO - Populating atoms for src/cocktail_sort.rs and code_id 38791
2025-06-23 07:22:21,255 - PopulateAtomsDeps - INFO - Populating atoms for src/slow_sort.rs and code_id 38792
2025-06-23 07:22:21,256 - PopulateAtomsDeps - INFO - Populating atoms for src/quick_sort.rs and code_id 38793
2025-06-23 07:22:21,257 - PopulateAtomsDeps - INFO - Populating atoms for src/gnome_sort.rs and code_id 38794
2025-06-23 07:22:21,258 - PopulateAtomsDeps - INFO - Populating atoms for src/ksort.rs and code_id 38795
2025-06-23 07:22:21,259 - PopulateAtomsDeps - INFO - Populating atoms for src/stooge_sort.rs and code_id 38796
2025-06-23 07:22:21,259 - PopulateAtomsDeps - INFO - Populating atoms for src/pancake_sort.rs and code_id 38797
2025-06-23 07:22:21,260 - PopulateAtomsDeps - INFO - Populating atoms for src/merge_sort.rs and code_id 38798
2025-06-23 07:22:21,261 - PopulateAtomsDeps - INFO - Populating atoms for src/bitonic_sort.rs and code_id 38799
2025-06-23 07:22:21,262 - PopulateAtomsDeps - INFO - Populating atoms for src/comb_sort.rs and code_id 38800
2025-06-23 07:22:21,263 - PopulateAtomsDeps - INFO - Populating atoms for src/oddeven_sort.rs and code_id 38801
2025-06-23 07:22:21,264 - PopulateAtomsDeps - INFO - Populating atoms for src/heap_sort.rs and code_id 38802
2025-06-23 07:22:21,265 - PopulateAtomsDeps - INFO - Populating atoms for src/bubble_sort.rs and code_id 38803
2025-06-23 07:22:21,266 - PopulateAtomsDeps - INFO - Populating atoms for src/selection_sort.rs and code_id 38805
2025-06-23 07:22:21,267 - PopulateAtomsDeps - INFO - Populating atoms for src/bingo_sort.rs and code_id 38806
2025-06-23 07:22:21,268 - PopulateAtomsDeps - INFO - Populating atoms for src/cycle_sort.rs and code_id 38807
2025-06-23 07:22:21,269 - PopulateAtomsDeps - INFO - Processing 25 dependencies in batch
2025-06-23 07:22:21,299 - PopulateAtomsDeps - INFO - All dependencies already exist in the database
2025-06-23 07:22:21,299 - PopulateAtomsDeps - INFO - Processing 7 dependencies in batch
2025-06-23 07:22:21,324 - PopulateAtomsDeps - INFO - All dependencies already exist in the database
2025-06-23 07:22:21,324 - PopulateAtomsDeps - INFO - Processing 5 dependencies in batch
2025-06-23 07:22:21,348 - PopulateAtomsDeps - INFO - All dependencies already exist in the database
2025-06-23 07:22:21,348 - PopulateAtomsDeps - INFO - Processing 5 dependencies in batch
2025-06-23 07:22:21,371 - PopulateAtomsDeps - INFO - All dependencies already exist in the database
2025-06-23 07:22:21,372 - PopulateAtomsDeps - INFO - Processing 5 dependencies in batch
2025-06-23 07:22:21,395 - PopulateAtomsDeps - INFO - All dependencies already exist in the database
2025-06-23 07:22:21,395 - PopulateAtomsDeps - INFO - Processing 3 dependencies in batch
2025-06-23 07:22:21,418 - PopulateAtomsDeps - INFO - All dependencies already exist in the database
2025-06-23 07:22:21,418 - PopulateAtomsDeps - INFO - Processing 3 dependencies in batch
2025-06-23 07:22:21,441 - PopulateAtomsDeps - INFO - All dependencies already exist in the database
2025-06-23 07:22:21,441 - PopulateAtomsDeps - INFO - Processing 4 dependencies in batch
2025-06-23 07:22:21,464 - PopulateAtomsDeps - INFO - All dependencies already exist in the database
2025-06-23 07:22:21,465 - PopulateAtomsDeps - INFO - Processing 10 dependencies in batch
2025-06-23 07:22:21,491 - PopulateAtomsDeps - INFO - All dependencies already exist in the database
2025-06-23 07:22:21,491 - PopulateAtomsDeps - INFO - Processing 6 dependencies in batch
2025-06-23 07:22:21,532 - PopulateAtomsDeps - INFO - All dependencies already exist in the database
2025-06-23 07:22:21,533 - PopulateAtomsDeps - INFO - Processing 5 dependencies in batch
2025-06-23 07:22:21,558 - PopulateAtomsDeps - INFO - All dependencies already exist in the database
2025-06-23 07:22:21,558 - PopulateAtomsDeps - INFO - Processing 4 dependencies in batch
2025-06-23 07:22:21,581 - PopulateAtomsDeps - INFO - All dependencies already exist in the database
2025-06-23 07:22:21,581 - PopulateAtomsDeps - INFO - Processing 5 dependencies in batch
2025-06-23 07:22:21,605 - PopulateAtomsDeps - INFO - All dependencies already exist in the database
2025-06-23 07:22:21,605 - PopulateAtomsDeps - INFO - Processing 7 dependencies in batch
2025-06-23 07:22:21,630 - PopulateAtomsDeps - INFO - All dependencies already exist in the database
2025-06-23 07:22:21,630 - PopulateAtomsDeps - INFO - Processing 9 dependencies in batch
2025-06-23 07:22:21,664 - PopulateAtomsDeps - INFO - All dependencies already exist in the database
2025-06-23 07:22:21,664 - PopulateAtomsDeps - INFO - Processing 3 dependencies in batch
2025-06-23 07:22:21,701 - PopulateAtomsDeps - INFO - All dependencies already exist in the database
2025-06-23 07:22:21,701 - PopulateAtomsDeps - INFO - Processing 8 dependencies in batch
2025-06-23 07:22:21,744 - PopulateAtomsDeps - INFO - All dependencies already exist in the database
2025-06-23 07:22:21,745 - PopulateAtomsDeps - INFO - Processing 16 dependencies in batch
2025-06-23 07:22:21,793 - PopulateAtomsDeps - INFO - All dependencies already exist in the database
2025-06-23 07:22:21,793 - PopulateAtomsDeps - INFO - Processing 3 dependencies in batch
2025-06-23 07:22:21,833 - PopulateAtomsDeps - INFO - All dependencies already exist in the database
2025-06-23 07:22:21,833 - PopulateAtomsDeps - INFO - Processing 6 dependencies in batch
2025-06-23 07:22:21,876 - PopulateAtomsDeps - INFO - All dependencies already exist in the database
2025-06-23 07:22:21,877 - PopulateAtomsDeps - INFO - Processing 4 dependencies in batch
2025-06-23 07:22:21,916 - PopulateAtomsDeps - INFO - All dependencies already exist in the database
2025-06-23 07:22:21,916 - PopulateAtomsDeps - INFO - Processing 3 dependencies in batch
2025-06-23 07:22:21,943 - PopulateAtomsDeps - INFO - All dependencies already exist in the database
2025-06-23 07:22:21,944 - PopulateAtomsDeps - INFO - Setting code_id for file molecules in repo 3053
2025-06-23 07:22:21,945 - PopulateAtomsDeps - INFO - No file molecules found with code_id = 0
2025-06-23 07:22:21,946 - PopulateAtomsDeps - INFO - Reading atomizer log file: logs/atomizer_3053_20250623_072203.log
2025-06-23 07:22:21,946 - PopulateAtomsDeps - INFO - Successfully read 600 characters from atomizer log
2025-06-23 07:22:21,957 - PopulateAtomsDeps - INFO - Inserted combined logs to atomizerlogs table for repo_id 3053
