2025-08-19 07:29:06,600 - PopulateAtomsDeps - INFO - Logging to file: logs/populate_atoms_20250819_072906.log
2025-08-19 07:29:06,601 - PopulateAtomsDeps - INFO - Starting populate_atomsdeps_grouped_rust.py with parameters:
2025-08-19 07:29:06,601 - PopulateAtomsDeps - INFO -   repo_id: 3214
2025-08-19 07:29:06,601 - PopulateAtomsDeps - INFO -   json_path: /var/www/html/rust-atomizer/3214.json
2025-08-19 07:29:06,601 - PopulateAtomsDeps - INFO -   user_id: 460176
2025-08-19 07:29:06,601 - PopulateAtomsDeps - INFO -   JSON file exists: True
2025-08-19 07:29:06,601 - PopulateAtomsDeps - INFO -   JSON file size: 712693 bytes
2025-08-19 07:29:06,601 - PopulateAtomsDeps - INFO -   JSON file modified: 2025-08-19 07:29:06.274218
2025-08-19 07:29:06,611 - PopulateAtomsDeps - INFO - Identified 7 folders containing Rust files
2025-08-19 07:29:06,612 - PopulateAtomsDeps - INFO - Populating folder structure with 7 folders as molecules for repo 3214
2025-08-19 07:29:06,617 - PopulateAtomsDeps - INFO - All folders to create (including parents): ['curve25519-dalek', 'curve25519-dalek/src', 'curve25519-dalek/src/edwards', 'curve25519-dalek/src/backend', 'curve25519-dalek/src/backend/serial', 'curve25519-dalek/src/backend/serial/scalar_mul', 'curve25519-dalek/src/backend/serial/curve_models', 'curve25519-dalek/src/backend/serial/u64']
2025-08-19 07:29:06,632 - PopulateAtomsDeps - INFO - Successfully populated 30 folder and file molecules for repo 3214
2025-08-19 07:29:06,644 - PopulateAtomsDeps - INFO - Nb of Codes: 32
2025-08-19 07:29:06,650 - PopulateAtomsDeps - INFO - Found 15 atoms for curve25519-dalek/src/backend/mod.rs
2025-08-19 07:29:06,650 - PopulateAtomsDeps - INFO - Found 17 atoms for curve25519-dalek/src/backend/serial/curve_models/mod.rs
2025-08-19 07:29:06,650 - PopulateAtomsDeps - INFO - Found 2 atoms for curve25519-dalek/src/backend/serial/scalar_mul/precomputed_straus.rs
2025-08-19 07:29:06,650 - PopulateAtomsDeps - INFO - Found 6 atoms for curve25519-dalek/src/backend/serial/scalar_mul/pippenger.rs
2025-08-19 07:29:06,651 - PopulateAtomsDeps - INFO - Found 6 atoms for curve25519-dalek/src/backend/serial/scalar_mul/straus.rs
2025-08-19 07:29:06,651 - PopulateAtomsDeps - INFO - Found 2 atoms for curve25519-dalek/src/backend/serial/scalar_mul/variable_base.rs
2025-08-19 07:29:06,651 - PopulateAtomsDeps - WARNING - No atoms found for filename: curve25519-dalek/src/backend/serial/scalar_mul/mod.rs
2025-08-19 07:29:06,651 - PopulateAtomsDeps - WARNING - No atoms found for filename: curve25519-dalek/src/backend/serial/scalar_mul/vartime_double_base.rs
2025-08-19 07:29:06,652 - PopulateAtomsDeps - WARNING - No atoms found for filename: curve25519-dalek/src/backend/serial/mod.rs
2025-08-19 07:29:06,652 - PopulateAtomsDeps - INFO - Found 24 atoms for curve25519-dalek/src/backend/serial/u64/field_verus.rs
2025-08-19 07:29:06,652 - PopulateAtomsDeps - INFO - Found 42 atoms for curve25519-dalek/src/backend/serial/u64/common_verus.rs
2025-08-19 07:29:06,653 - PopulateAtomsDeps - INFO - Found 53 atoms for curve25519-dalek/src/backend/serial/u64/scalar_lemmas.rs
2025-08-19 07:29:06,653 - PopulateAtomsDeps - INFO - Found 45 atoms for curve25519-dalek/src/backend/serial/u64/field_lemmas.rs
2025-08-19 07:29:06,653 - PopulateAtomsDeps - INFO - Found 31 atoms for curve25519-dalek/src/backend/serial/u64/scalar.rs
2025-08-19 07:29:06,653 - PopulateAtomsDeps - INFO - Found 1 atoms for curve25519-dalek/src/backend/serial/u64/subtle_assumes.rs
2025-08-19 07:29:06,654 - PopulateAtomsDeps - INFO - Found 17 atoms for curve25519-dalek/src/backend/serial/u64/field.rs
2025-08-19 07:29:06,654 - PopulateAtomsDeps - WARNING - No atoms found for filename: curve25519-dalek/src/backend/serial/u64/constants.rs
2025-08-19 07:29:06,654 - PopulateAtomsDeps - WARNING - No atoms found for filename: curve25519-dalek/src/backend/serial/u64/mod.rs
2025-08-19 07:29:06,655 - PopulateAtomsDeps - INFO - Found 5 atoms for curve25519-dalek/src/backend/serial/u64/scalar_specs.rs
2025-08-19 07:29:06,655 - PopulateAtomsDeps - INFO - Found 25 atoms for curve25519-dalek/src/montgomery.rs
2025-08-19 07:29:06,655 - PopulateAtomsDeps - INFO - Found 49 atoms for curve25519-dalek/src/edwards.rs
2025-08-19 07:29:06,655 - PopulateAtomsDeps - WARNING - No atoms found for filename: curve25519-dalek/src/scalar.rs
2025-08-19 07:29:06,656 - PopulateAtomsDeps - WARNING - No atoms found for filename: curve25519-dalek/src/macros.rs
2025-08-19 07:29:06,656 - PopulateAtomsDeps - INFO - Found 29 atoms for curve25519-dalek/src/field.rs
2025-08-19 07:29:06,656 - PopulateAtomsDeps - INFO - Found 91 atoms for curve25519-dalek/src/ristretto.rs
2025-08-19 07:29:06,657 - PopulateAtomsDeps - WARNING - No atoms found for filename: curve25519-dalek/src/diagnostics.rs
2025-08-19 07:29:06,657 - PopulateAtomsDeps - WARNING - No atoms found for filename: curve25519-dalek/src/lib.rs
2025-08-19 07:29:06,657 - PopulateAtomsDeps - WARNING - No atoms found for filename: curve25519-dalek/src/constants.rs
2025-08-19 07:29:06,658 - PopulateAtomsDeps - INFO - Found 11 atoms for curve25519-dalek/src/traits.rs
2025-08-19 07:29:06,658 - PopulateAtomsDeps - INFO - Found 10 atoms for curve25519-dalek/src/window.rs
2025-08-19 07:29:06,658 - PopulateAtomsDeps - INFO - Found 8 atoms for curve25519-dalek/src/edwards/affine.rs
2025-08-19 07:29:06,658 - PopulateAtomsDeps - INFO - Found 13 atoms for curve25519-dalek/build.rs
2025-08-19 07:29:06,658 - PopulateAtomsDeps - INFO - Summary: Found atoms for 22 out of 32 files
2025-08-19 07:29:06,659 - PopulateAtomsDeps - INFO - Populating atoms for curve25519-dalek/src/backend/mod.rs and code_id 65394
2025-08-19 07:29:06,661 - PopulateAtomsDeps - INFO - Populating atoms for curve25519-dalek/src/backend/serial/curve_models/mod.rs and code_id 65395
2025-08-19 07:29:06,662 - PopulateAtomsDeps - INFO - Populating atoms for curve25519-dalek/src/backend/serial/scalar_mul/precomputed_straus.rs and code_id 65396
2025-08-19 07:29:06,663 - PopulateAtomsDeps - INFO - Populating atoms for curve25519-dalek/src/backend/serial/scalar_mul/pippenger.rs and code_id 65397
2025-08-19 07:29:06,664 - PopulateAtomsDeps - INFO - Populating atoms for curve25519-dalek/src/backend/serial/scalar_mul/straus.rs and code_id 65398
2025-08-19 07:29:06,665 - PopulateAtomsDeps - INFO - Populating atoms for curve25519-dalek/src/backend/serial/scalar_mul/variable_base.rs and code_id 65399
2025-08-19 07:29:06,666 - PopulateAtomsDeps - INFO - Populating atoms for curve25519-dalek/src/backend/serial/u64/field_verus.rs and code_id 65403
2025-08-19 07:29:06,668 - PopulateAtomsDeps - INFO - Populating atoms for curve25519-dalek/src/backend/serial/u64/common_verus.rs and code_id 65404
2025-08-19 07:29:06,672 - PopulateAtomsDeps - INFO - Populating atoms for curve25519-dalek/src/backend/serial/u64/scalar_lemmas.rs and code_id 65405
2025-08-19 07:29:06,676 - PopulateAtomsDeps - INFO - Populating atoms for curve25519-dalek/src/backend/serial/u64/field_lemmas.rs and code_id 65406
2025-08-19 07:29:06,679 - PopulateAtomsDeps - INFO - Populating atoms for curve25519-dalek/src/backend/serial/u64/scalar.rs and code_id 65407
2025-08-19 07:29:06,681 - PopulateAtomsDeps - INFO - Populating atoms for curve25519-dalek/src/backend/serial/u64/subtle_assumes.rs and code_id 65408
2025-08-19 07:29:06,682 - PopulateAtomsDeps - INFO - Populating atoms for curve25519-dalek/src/backend/serial/u64/field.rs and code_id 65409
2025-08-19 07:29:06,684 - PopulateAtomsDeps - INFO - Populating atoms for curve25519-dalek/src/backend/serial/u64/scalar_specs.rs and code_id 65412
2025-08-19 07:29:06,685 - PopulateAtomsDeps - INFO - Populating atoms for curve25519-dalek/src/montgomery.rs and code_id 65413
2025-08-19 07:29:06,687 - PopulateAtomsDeps - INFO - Populating atoms for curve25519-dalek/src/edwards.rs and code_id 65414
2025-08-19 07:29:06,689 - PopulateAtomsDeps - INFO - Populating atoms for curve25519-dalek/src/field.rs and code_id 65417
2025-08-19 07:29:06,692 - PopulateAtomsDeps - INFO - Populating atoms for curve25519-dalek/src/ristretto.rs and code_id 65418
2025-08-19 07:29:06,696 - PopulateAtomsDeps - INFO - Populating atoms for curve25519-dalek/src/traits.rs and code_id 65422
2025-08-19 07:29:06,698 - PopulateAtomsDeps - INFO - Populating atoms for curve25519-dalek/src/window.rs and code_id 65423
2025-08-19 07:29:06,699 - PopulateAtomsDeps - INFO - Populating atoms for curve25519-dalek/src/edwards/affine.rs and code_id 65424
2025-08-19 07:29:06,700 - PopulateAtomsDeps - INFO - Populating atoms for curve25519-dalek/build.rs and code_id 65425
2025-08-19 07:29:06,702 - PopulateAtomsDeps - INFO - Processing 96 dependencies in batch
2025-08-19 07:29:06,797 - PopulateAtomsDeps - INFO - All dependencies already exist in the database
2025-08-19 07:29:06,798 - PopulateAtomsDeps - INFO - Processing 21 dependencies in batch
2025-08-19 07:29:06,886 - PopulateAtomsDeps - INFO - All dependencies already exist in the database
2025-08-19 07:29:06,886 - PopulateAtomsDeps - INFO - Processing 9 dependencies in batch
2025-08-19 07:29:06,963 - PopulateAtomsDeps - INFO - All dependencies already exist in the database
2025-08-19 07:29:06,964 - PopulateAtomsDeps - INFO - Processing 113 dependencies in batch
2025-08-19 07:29:07,061 - PopulateAtomsDeps - INFO - All dependencies already exist in the database
2025-08-19 07:29:07,062 - PopulateAtomsDeps - INFO - Processing 81 dependencies in batch
2025-08-19 07:29:07,151 - PopulateAtomsDeps - INFO - All dependencies already exist in the database
2025-08-19 07:29:07,156 - PopulateAtomsDeps - INFO - Processing 111 dependencies in batch
2025-08-19 07:29:07,247 - PopulateAtomsDeps - INFO - All dependencies already exist in the database
2025-08-19 07:29:07,248 - PopulateAtomsDeps - INFO - Processing 85 dependencies in batch
2025-08-19 07:29:07,336 - PopulateAtomsDeps - INFO - All dependencies already exist in the database
2025-08-19 07:29:07,337 - PopulateAtomsDeps - INFO - Processing 106 dependencies in batch
2025-08-19 07:29:07,440 - PopulateAtomsDeps - INFO - All dependencies already exist in the database
2025-08-19 07:29:07,441 - PopulateAtomsDeps - INFO - Processing 14 dependencies in batch
2025-08-19 07:29:07,517 - PopulateAtomsDeps - INFO - All dependencies already exist in the database
2025-08-19 07:29:07,518 - PopulateAtomsDeps - INFO - Processing 6 dependencies in batch
2025-08-19 07:29:07,583 - PopulateAtomsDeps - INFO - All dependencies already exist in the database
2025-08-19 07:29:07,584 - PopulateAtomsDeps - INFO - Processing 48 dependencies in batch
2025-08-19 07:29:07,670 - PopulateAtomsDeps - INFO - All dependencies already exist in the database
2025-08-19 07:29:07,671 - PopulateAtomsDeps - INFO - Processing 121 dependencies in batch
2025-08-19 07:29:07,801 - PopulateAtomsDeps - INFO - All dependencies already exist in the database
2025-08-19 07:29:07,802 - PopulateAtomsDeps - INFO - Processing 35 dependencies in batch
2025-08-19 07:29:07,929 - PopulateAtomsDeps - INFO - All dependencies already exist in the database
2025-08-19 07:29:07,931 - PopulateAtomsDeps - INFO - Processing 154 dependencies in batch
2025-08-19 07:29:08,069 - PopulateAtomsDeps - INFO - All dependencies already exist in the database
2025-08-19 07:29:08,070 - PopulateAtomsDeps - INFO - Processing 20 dependencies in batch
2025-08-19 07:29:08,138 - PopulateAtomsDeps - INFO - All dependencies already exist in the database
2025-08-19 07:29:08,138 - PopulateAtomsDeps - INFO - Processing 20 dependencies in batch
2025-08-19 07:29:08,209 - PopulateAtomsDeps - INFO - All dependencies already exist in the database
2025-08-19 07:29:08,210 - PopulateAtomsDeps - INFO - Processing 12 dependencies in batch
2025-08-19 07:29:08,285 - PopulateAtomsDeps - INFO - All dependencies already exist in the database
2025-08-19 07:29:08,286 - PopulateAtomsDeps - INFO - Processing 11 dependencies in batch
2025-08-19 07:29:08,390 - PopulateAtomsDeps - INFO - All dependencies already exist in the database
2025-08-19 07:29:08,391 - PopulateAtomsDeps - INFO - Setting code_id for file molecules in repo 3214
2025-08-19 07:29:08,401 - PopulateAtomsDeps - INFO - Found 24 file molecules with code_id=0 to update
2025-08-19 07:29:08,401 - PopulateAtomsDeps - INFO - Found 24 file molecules with specific code_ids
2025-08-19 07:29:08,410 - PopulateAtomsDeps - WARNING - No child atoms found for file ID 359374 (file: src/montgomery.rs)
2025-08-19 07:29:08,418 - PopulateAtomsDeps - WARNING - No child atoms found for file ID 359375 (file: src/ristretto.rs)
2025-08-19 07:29:08,434 - PopulateAtomsDeps - WARNING - No child atoms found for file ID 359376 (file: src/edwards.rs)
2025-08-19 07:29:08,454 - PopulateAtomsDeps - WARNING - No child atoms found for file ID 359377 (file: src/scalar.rs)
2025-08-19 07:29:08,464 - PopulateAtomsDeps - WARNING - No child atoms found for file ID 359378 (file: src/field.rs)
2025-08-19 07:29:08,472 - PopulateAtomsDeps - WARNING - No child atoms found for file ID 359379 (file: src/traits.rs)
2025-08-19 07:29:08,483 - PopulateAtomsDeps - WARNING - No child atoms found for file ID 359380 (file: src/window.rs)
2025-08-19 07:29:08,491 - PopulateAtomsDeps - WARNING - No child atoms found for file ID 359381 (file: src/backend/serial/u64/scalar_lemmas.rs)
2025-08-19 07:29:08,499 - PopulateAtomsDeps - WARNING - No child atoms found for file ID 359382 (file: src/backend/serial/u64/field.rs)
2025-08-19 07:29:08,507 - PopulateAtomsDeps - WARNING - No child atoms found for file ID 359383 (file: src/backend/serial/u64/field_lemmas.rs)
2025-08-19 07:29:08,516 - PopulateAtomsDeps - WARNING - No child atoms found for file ID 359384 (file: src/backend/serial/u64/scalar.rs)
2025-08-19 07:29:08,523 - PopulateAtomsDeps - WARNING - No child atoms found for file ID 359385 (file: src/backend/serial/u64/common_verus.rs)
2025-08-19 07:29:08,532 - PopulateAtomsDeps - WARNING - No child atoms found for file ID 359386 (file: src/backend/serial/u64/scalar_specs.rs)
2025-08-19 07:29:08,540 - PopulateAtomsDeps - WARNING - No child atoms found for file ID 359387 (file: src/backend/serial/u64/field_verus.rs)
2025-08-19 07:29:08,547 - PopulateAtomsDeps - WARNING - No child atoms found for file ID 359388 (file: src/backend/serial/u64/subtle_assumes.rs)
2025-08-19 07:29:08,556 - PopulateAtomsDeps - WARNING - No child atoms found for file ID 359389 (file: build.rs)
2025-08-19 07:29:08,563 - PopulateAtomsDeps - WARNING - No child atoms found for file ID 359390 (file: src/backend/serial/curve_models/mod.rs)
2025-08-19 07:29:08,570 - PopulateAtomsDeps - WARNING - No child atoms found for file ID 359391 (file: src/backend/serial/scalar_mul/straus.rs)
2025-08-19 07:29:08,578 - PopulateAtomsDeps - WARNING - No child atoms found for file ID 359392 (file: src/backend/serial/scalar_mul/pippenger.rs)
2025-08-19 07:29:08,586 - PopulateAtomsDeps - WARNING - No child atoms found for file ID 359393 (file: src/backend/serial/scalar_mul/vartime_double_base.rs)
2025-08-19 07:29:08,593 - PopulateAtomsDeps - WARNING - No child atoms found for file ID 359394 (file: src/backend/serial/scalar_mul/precomputed_straus.rs)
2025-08-19 07:29:08,598 - PopulateAtomsDeps - WARNING - No child atoms found for file ID 359395 (file: src/backend/serial/scalar_mul/variable_base.rs)
2025-08-19 07:29:08,603 - PopulateAtomsDeps - WARNING - No child atoms found for file ID 359396 (file: src/edwards/affine.rs)
2025-08-19 07:29:08,608 - PopulateAtomsDeps - WARNING - No child atoms found for file ID 359397 (file: src/backend/mod.rs)
2025-08-19 07:29:08,612 - PopulateAtomsDeps - INFO - No file-to-code_id mappings found
2025-08-19 07:29:08,613 - PopulateAtomsDeps - INFO - Reading atomizer log file: logs/atomizer_3214_20250819_072834.log
2025-08-19 07:29:08,613 - PopulateAtomsDeps - INFO - Successfully read 601 characters from atomizer log
2025-08-19 07:29:08,618 - PopulateAtomsDeps - INFO - Inserted combined logs to atomizerlogs table for repo_id 3214
2025-08-19 07:29:08,618 - PopulateAtomsDeps - INFO - Successfully completed populate_atomsdeps_grouped_rust.py for repo_id 3214
2025-08-19 07:29:08,618 - PopulateAtomsDeps - INFO - Processing completed for JSON file: /var/www/html/rust-atomizer/3214.json
