2025-07-25 12:12:52,906 - PopulateAtomsDeps - INFO - Logging to file: logs/populate_atoms_20250725_121252.log
2025-07-25 12:12:52,907 - PopulateAtomsDeps - INFO - Starting populate_atomsdeps_grouped_rust.py with parameters:
2025-07-25 12:12:52,907 - PopulateAtomsDeps - INFO -   repo_id: 3137
2025-07-25 12:12:52,907 - PopulateAtomsDeps - INFO -   json_path: /var/www/html/rust-atomizer/3137.json
2025-07-25 12:12:52,907 - PopulateAtomsDeps - INFO -   user_id: 460176
2025-07-25 12:12:52,907 - PopulateAtomsDeps - INFO -   JSON file exists: True
2025-07-25 12:12:52,907 - PopulateAtomsDeps - INFO -   JSON file size: 54078 bytes
2025-07-25 12:12:52,907 - PopulateAtomsDeps - INFO -   JSON file modified: 2025-07-25 12:12:52.258868
2025-07-25 12:12:52,908 - PopulateAtomsDeps - INFO - Identified 1 folders containing Rust files
2025-07-25 12:12:52,908 - PopulateAtomsDeps - INFO - Populating folder structure with 1 folders as molecules for repo 3137
2025-07-25 12:12:52,930 - PopulateAtomsDeps - INFO - All folders to create (including parents): ['src']
2025-07-25 12:12:52,948 - PopulateAtomsDeps - INFO - Adding 2 new file molecules in batch
2025-07-25 12:12:52,956 - PopulateAtomsDeps - INFO - Successfully populated 3 folder and file molecules for repo 3137
2025-07-25 12:12:53,207 - PopulateAtomsDeps - INFO - !!!!!Code ID 51745: filename='src/scalar_verus.rs', folder_id=12252, folder_path='src'
2025-07-25 12:12:53,208 - PopulateAtomsDeps - INFO - !!!!!Code ID 51746: filename='src/field_verus.rs', folder_id=12252, folder_path='src'
2025-07-25 12:12:53,208 - PopulateAtomsDeps - INFO - !!!!!Code ID 51747: filename='src/lib.rs', folder_id=12252, folder_path='src'
2025-07-25 12:12:53,208 - PopulateAtomsDeps - INFO - !!!!!Code ID 51748: filename='Cargo.toml', folder_id=None, folder_path='None'
2025-07-25 12:12:53,208 - PopulateAtomsDeps - INFO - Retrieved 4 codes from database
2025-07-25 12:12:53,209 - PopulateAtomsDeps - WARNING - Failed to load/create codes cache: [Errno 13] Permission denied: '.cache_populate_atomsdeps/codes_3137.json'
2025-07-25 12:12:53,457 - PopulateAtomsDeps - INFO - !!!!!Code ID 51745: filename='src/scalar_verus.rs', folder_id=12252, folder_path='src'
2025-07-25 12:12:53,457 - PopulateAtomsDeps - INFO - !!!!!Code ID 51746: filename='src/field_verus.rs', folder_id=12252, folder_path='src'
2025-07-25 12:12:53,457 - PopulateAtomsDeps - INFO - !!!!!Code ID 51747: filename='src/lib.rs', folder_id=12252, folder_path='src'
2025-07-25 12:12:53,457 - PopulateAtomsDeps - INFO - !!!!!Code ID 51748: filename='Cargo.toml', folder_id=None, folder_path='None'
2025-07-25 12:12:53,457 - PopulateAtomsDeps - INFO - Retrieved 4 codes from database
2025-07-25 12:12:53,458 - PopulateAtomsDeps - INFO - Nb of Codes: 3
2025-07-25 12:12:53,459 - PopulateAtomsDeps - INFO - Found 20 atoms for src/scalar_verus.rs
2025-07-25 12:12:53,459 - PopulateAtomsDeps - INFO - Found 11 atoms for src/field_verus.rs
2025-07-25 12:12:53,459 - PopulateAtomsDeps - WARNING - No atoms found for filename: src/lib.rs
2025-07-25 12:12:53,459 - PopulateAtomsDeps - INFO - Summary: Found atoms for 2 out of 3 files
2025-07-25 12:12:53,460 - PopulateAtomsDeps - INFO - Populating atoms for src/scalar_verus.rs and code_id 51745
2025-07-25 12:12:53,479 - PopulateAtomsDeps - INFO - Inserted 20 atoms for file src/scalar_verus.rs
2025-07-25 12:12:53,479 - PopulateAtomsDeps - INFO - Populating atoms for src/field_verus.rs and code_id 51746
2025-07-25 12:12:53,493 - PopulateAtomsDeps - INFO - Inserted 11 atoms for file src/field_verus.rs
2025-07-25 12:12:53,494 - PopulateAtomsDeps - INFO - Processing 22 dependencies in batch
2025-07-25 12:12:53,567 - PopulateAtomsDeps - INFO - Inserting 22 new dependencies
2025-07-25 12:12:53,575 - PopulateAtomsDeps - INFO - Processing 6 dependencies in batch
2025-07-25 12:12:53,635 - PopulateAtomsDeps - INFO - Inserting 6 new dependencies
2025-07-25 12:12:53,640 - PopulateAtomsDeps - INFO - Setting code_id for file molecules in repo 3137
2025-07-25 12:12:53,642 - PopulateAtomsDeps - INFO - Found 2 file molecules with code_id=0 to update
2025-07-25 12:12:53,642 - PopulateAtomsDeps - INFO - Found 0 file molecules with specific code_ids
2025-07-25 12:12:53,650 - PopulateAtomsDeps - INFO - Found code_id mappings for 2 files
2025-07-25 12:12:53,655 - PopulateAtomsDeps - INFO - Successfully updated code_id for 2 file molecules
2025-07-25 12:12:53,656 - PopulateAtomsDeps - INFO - Reading atomizer log file: logs/atomizer_3137_20250725_121206.log
2025-07-25 12:12:53,656 - PopulateAtomsDeps - INFO - Successfully read 600 characters from atomizer log
2025-07-25 12:12:53,668 - PopulateAtomsDeps - INFO - Inserted combined logs to atomizerlogs table for repo_id 3137
2025-07-25 12:12:53,668 - PopulateAtomsDeps - INFO - Successfully completed populate_atomsdeps_grouped_rust.py for repo_id 3137
2025-07-25 12:12:53,668 - PopulateAtomsDeps - INFO - Processing completed for JSON file: /var/www/html/rust-atomizer/3137.json
