2025-08-04 12:04:33,032 - PopulateAtomsDeps - INFO - Logging to file: logs/populate_atoms_20250804_120433.log
2025-08-04 12:04:33,032 - PopulateAtomsDeps - INFO - Starting populate_atomsdeps_grouped_rust.py with parameters:
2025-08-04 12:04:33,032 - PopulateAtomsDeps - INFO -   repo_id: 3053
2025-08-04 12:04:33,032 - PopulateAtomsDeps - INFO -   json_path: /var/www/html/rust-atomizer/3053.json
2025-08-04 12:04:33,033 - PopulateAtomsDeps - INFO -   user_id: 460176
2025-08-04 12:04:33,033 - PopulateAtomsDeps - INFO -   JSON file exists: True
2025-08-04 12:04:33,033 - PopulateAtomsDeps - INFO -   JSON file size: 95902 bytes
2025-08-04 12:04:33,033 - PopulateAtomsDeps - INFO -   JSON file modified: 2025-08-04 12:04:32.477132
2025-08-04 12:04:33,035 - PopulateAtomsDeps - INFO - Identified 3 folders containing Rust files
2025-08-04 12:04:33,035 - PopulateAtomsDeps - INFO - Populating folder structure with 3 folders as molecules for repo 3053
2025-08-04 12:04:33,037 - PopulateAtomsDeps - INFO - All folders to create (including parents): ['src', 'benches', 'src/bin']
2025-08-04 12:04:33,060 - PopulateAtomsDeps - INFO - Adding 23 new file molecules in batch
2025-08-04 12:04:33,071 - PopulateAtomsDeps - INFO - Successfully populated 26 folder and file molecules for repo 3053
2025-08-04 12:04:33,310 - PopulateAtomsDeps - INFO - !!!!!Code ID 57336: filename='LICENSE', folder_id=None, folder_path='None'
2025-08-04 12:04:33,310 - PopulateAtomsDeps - INFO - !!!!!Code ID 57337: filename='benches/sort_benchmark.rs', folder_id=13901, folder_path='benches'
2025-08-04 12:04:33,310 - PopulateAtomsDeps - INFO - !!!!!Code ID 57338: filename='README.md', folder_id=None, folder_path='None'
2025-08-04 12:04:33,311 - PopulateAtomsDeps - INFO - !!!!!Code ID 57339: filename='src/smooth_sort.rs', folder_id=13902, folder_path='src'
2025-08-04 12:04:33,311 - PopulateAtomsDeps - INFO - !!!!!Code ID 57340: filename='src/nheap_sort.rs', folder_id=13902, folder_path='src'
2025-08-04 12:04:33,311 - PopulateAtomsDeps - INFO - !!!!!Code ID 57341: filename='src/shell_sort.rs', folder_id=13902, folder_path='src'
2025-08-04 12:04:33,311 - PopulateAtomsDeps - INFO - !!!!!Code ID 57342: filename='src/bin/powers_of_two.rs', folder_id=13903, folder_path='src/bin'
2025-08-04 12:04:33,311 - PopulateAtomsDeps - INFO - !!!!!Code ID 57343: filename='src/bin/leonardo_numbers.rs', folder_id=13903, folder_path='src/bin'
2025-08-04 12:04:33,311 - PopulateAtomsDeps - INFO - !!!!!Code ID 57344: filename='src/insertion_sort.rs', folder_id=13902, folder_path='src'
2025-08-04 12:04:33,311 - PopulateAtomsDeps - INFO - !!!!!Code ID 57345: filename='src/cocktail_sort.rs', folder_id=13902, folder_path='src'
2025-08-04 12:04:33,311 - PopulateAtomsDeps - INFO - !!!!!Code ID 57346: filename='src/slow_sort.rs', folder_id=13902, folder_path='src'
2025-08-04 12:04:33,311 - PopulateAtomsDeps - INFO - !!!!!Code ID 57347: filename='src/quick_sort.rs', folder_id=13902, folder_path='src'
2025-08-04 12:04:33,311 - PopulateAtomsDeps - INFO - !!!!!Code ID 57348: filename='src/gnome_sort.rs', folder_id=13902, folder_path='src'
2025-08-04 12:04:33,311 - PopulateAtomsDeps - INFO - !!!!!Code ID 57349: filename='src/ksort.rs', folder_id=13902, folder_path='src'
2025-08-04 12:04:33,311 - PopulateAtomsDeps - INFO - !!!!!Code ID 57350: filename='src/stooge_sort.rs', folder_id=13902, folder_path='src'
2025-08-04 12:04:33,312 - PopulateAtomsDeps - INFO - !!!!!Code ID 57351: filename='src/pancake_sort.rs', folder_id=13902, folder_path='src'
2025-08-04 12:04:33,312 - PopulateAtomsDeps - INFO - !!!!!Code ID 57352: filename='src/merge_sort.rs', folder_id=13902, folder_path='src'
2025-08-04 12:04:33,312 - PopulateAtomsDeps - INFO - !!!!!Code ID 57353: filename='src/bitonic_sort.rs', folder_id=13902, folder_path='src'
2025-08-04 12:04:33,312 - PopulateAtomsDeps - INFO - !!!!!Code ID 57354: filename='src/comb_sort.rs', folder_id=13902, folder_path='src'
2025-08-04 12:04:33,312 - PopulateAtomsDeps - INFO - !!!!!Code ID 57355: filename='src/oddeven_sort.rs', folder_id=13902, folder_path='src'
2025-08-04 12:04:33,312 - PopulateAtomsDeps - INFO - !!!!!Code ID 57356: filename='src/heap_sort.rs', folder_id=13902, folder_path='src'
2025-08-04 12:04:33,312 - PopulateAtomsDeps - INFO - !!!!!Code ID 57357: filename='src/bubble_sort.rs', folder_id=13902, folder_path='src'
2025-08-04 12:04:33,312 - PopulateAtomsDeps - INFO - !!!!!Code ID 57358: filename='src/lib.rs', folder_id=13902, folder_path='src'
2025-08-04 12:04:33,312 - PopulateAtomsDeps - INFO - !!!!!Code ID 57359: filename='src/selection_sort.rs', folder_id=13902, folder_path='src'
2025-08-04 12:04:33,312 - PopulateAtomsDeps - INFO - !!!!!Code ID 57360: filename='src/bingo_sort.rs', folder_id=13902, folder_path='src'
2025-08-04 12:04:33,312 - PopulateAtomsDeps - INFO - !!!!!Code ID 57361: filename='src/cycle_sort.rs', folder_id=13902, folder_path='src'
2025-08-04 12:04:33,312 - PopulateAtomsDeps - INFO - !!!!!Code ID 57362: filename='Cargo.toml', folder_id=None, folder_path='None'
2025-08-04 12:04:33,313 - PopulateAtomsDeps - INFO - Retrieved 27 codes from database
2025-08-04 12:04:33,314 - PopulateAtomsDeps - WARNING - Failed to load/create codes cache: name 'codes_cache_path' is not defined
2025-08-04 12:04:33,556 - PopulateAtomsDeps - INFO - !!!!!Code ID 57336: filename='LICENSE', folder_id=None, folder_path='None'
2025-08-04 12:04:33,556 - PopulateAtomsDeps - INFO - !!!!!Code ID 57337: filename='benches/sort_benchmark.rs', folder_id=13901, folder_path='benches'
2025-08-04 12:04:33,557 - PopulateAtomsDeps - INFO - !!!!!Code ID 57338: filename='README.md', folder_id=None, folder_path='None'
2025-08-04 12:04:33,557 - PopulateAtomsDeps - INFO - !!!!!Code ID 57339: filename='src/smooth_sort.rs', folder_id=13902, folder_path='src'
2025-08-04 12:04:33,557 - PopulateAtomsDeps - INFO - !!!!!Code ID 57340: filename='src/nheap_sort.rs', folder_id=13902, folder_path='src'
2025-08-04 12:04:33,557 - PopulateAtomsDeps - INFO - !!!!!Code ID 57341: filename='src/shell_sort.rs', folder_id=13902, folder_path='src'
2025-08-04 12:04:33,557 - PopulateAtomsDeps - INFO - !!!!!Code ID 57342: filename='src/bin/powers_of_two.rs', folder_id=13903, folder_path='src/bin'
2025-08-04 12:04:33,557 - PopulateAtomsDeps - INFO - !!!!!Code ID 57343: filename='src/bin/leonardo_numbers.rs', folder_id=13903, folder_path='src/bin'
2025-08-04 12:04:33,557 - PopulateAtomsDeps - INFO - !!!!!Code ID 57344: filename='src/insertion_sort.rs', folder_id=13902, folder_path='src'
2025-08-04 12:04:33,557 - PopulateAtomsDeps - INFO - !!!!!Code ID 57345: filename='src/cocktail_sort.rs', folder_id=13902, folder_path='src'
2025-08-04 12:04:33,557 - PopulateAtomsDeps - INFO - !!!!!Code ID 57346: filename='src/slow_sort.rs', folder_id=13902, folder_path='src'
2025-08-04 12:04:33,558 - PopulateAtomsDeps - INFO - !!!!!Code ID 57347: filename='src/quick_sort.rs', folder_id=13902, folder_path='src'
2025-08-04 12:04:33,558 - PopulateAtomsDeps - INFO - !!!!!Code ID 57348: filename='src/gnome_sort.rs', folder_id=13902, folder_path='src'
2025-08-04 12:04:33,558 - PopulateAtomsDeps - INFO - !!!!!Code ID 57349: filename='src/ksort.rs', folder_id=13902, folder_path='src'
2025-08-04 12:04:33,558 - PopulateAtomsDeps - INFO - !!!!!Code ID 57350: filename='src/stooge_sort.rs', folder_id=13902, folder_path='src'
2025-08-04 12:04:33,558 - PopulateAtomsDeps - INFO - !!!!!Code ID 57351: filename='src/pancake_sort.rs', folder_id=13902, folder_path='src'
2025-08-04 12:04:33,558 - PopulateAtomsDeps - INFO - !!!!!Code ID 57352: filename='src/merge_sort.rs', folder_id=13902, folder_path='src'
2025-08-04 12:04:33,558 - PopulateAtomsDeps - INFO - !!!!!Code ID 57353: filename='src/bitonic_sort.rs', folder_id=13902, folder_path='src'
2025-08-04 12:04:33,558 - PopulateAtomsDeps - INFO - !!!!!Code ID 57354: filename='src/comb_sort.rs', folder_id=13902, folder_path='src'
2025-08-04 12:04:33,558 - PopulateAtomsDeps - INFO - !!!!!Code ID 57355: filename='src/oddeven_sort.rs', folder_id=13902, folder_path='src'
2025-08-04 12:04:33,558 - PopulateAtomsDeps - INFO - !!!!!Code ID 57356: filename='src/heap_sort.rs', folder_id=13902, folder_path='src'
2025-08-04 12:04:33,558 - PopulateAtomsDeps - INFO - !!!!!Code ID 57357: filename='src/bubble_sort.rs', folder_id=13902, folder_path='src'
2025-08-04 12:04:33,558 - PopulateAtomsDeps - INFO - !!!!!Code ID 57358: filename='src/lib.rs', folder_id=13902, folder_path='src'
2025-08-04 12:04:33,559 - PopulateAtomsDeps - INFO - !!!!!Code ID 57359: filename='src/selection_sort.rs', folder_id=13902, folder_path='src'
2025-08-04 12:04:33,559 - PopulateAtomsDeps - INFO - !!!!!Code ID 57360: filename='src/bingo_sort.rs', folder_id=13902, folder_path='src'
2025-08-04 12:04:33,559 - PopulateAtomsDeps - INFO - !!!!!Code ID 57361: filename='src/cycle_sort.rs', folder_id=13902, folder_path='src'
2025-08-04 12:04:33,559 - PopulateAtomsDeps - INFO - !!!!!Code ID 57362: filename='Cargo.toml', folder_id=None, folder_path='None'
2025-08-04 12:04:33,559 - PopulateAtomsDeps - INFO - Retrieved 27 codes from database
2025-08-04 12:04:33,560 - PopulateAtomsDeps - INFO - Nb of Codes: 24
2025-08-04 12:04:33,561 - PopulateAtomsDeps - INFO - Found 3 atoms for benches/sort_benchmark.rs
2025-08-04 12:04:33,562 - PopulateAtomsDeps - INFO - Found 7 atoms for src/smooth_sort.rs
2025-08-04 12:04:33,562 - PopulateAtomsDeps - INFO - Found 6 atoms for src/nheap_sort.rs
2025-08-04 12:04:33,562 - PopulateAtomsDeps - INFO - Found 7 atoms for src/shell_sort.rs
2025-08-04 12:04:33,562 - PopulateAtomsDeps - INFO - Found 1 atoms for src/bin/powers_of_two.rs
2025-08-04 12:04:33,562 - PopulateAtomsDeps - INFO - Found 4 atoms for src/bin/leonardo_numbers.rs
2025-08-04 12:04:33,562 - PopulateAtomsDeps - INFO - Found 4 atoms for src/insertion_sort.rs
2025-08-04 12:04:33,562 - PopulateAtomsDeps - INFO - Found 4 atoms for src/cocktail_sort.rs
2025-08-04 12:04:33,562 - PopulateAtomsDeps - INFO - Found 5 atoms for src/slow_sort.rs
2025-08-04 12:04:33,563 - PopulateAtomsDeps - INFO - Found 12 atoms for src/quick_sort.rs
2025-08-04 12:04:33,563 - PopulateAtomsDeps - INFO - Found 8 atoms for src/gnome_sort.rs
2025-08-04 12:04:33,563 - PopulateAtomsDeps - INFO - Found 6 atoms for src/ksort.rs
2025-08-04 12:04:33,563 - PopulateAtomsDeps - INFO - Found 5 atoms for src/stooge_sort.rs
2025-08-04 12:04:33,563 - PopulateAtomsDeps - INFO - Found 6 atoms for src/pancake_sort.rs
2025-08-04 12:04:33,563 - PopulateAtomsDeps - INFO - Found 9 atoms for src/merge_sort.rs
2025-08-04 12:04:33,563 - PopulateAtomsDeps - INFO - Found 10 atoms for src/bitonic_sort.rs
2025-08-04 12:04:33,563 - PopulateAtomsDeps - INFO - Found 4 atoms for src/comb_sort.rs
2025-08-04 12:04:33,564 - PopulateAtomsDeps - INFO - Found 10 atoms for src/oddeven_sort.rs
2025-08-04 12:04:33,564 - PopulateAtomsDeps - INFO - Found 19 atoms for src/heap_sort.rs
2025-08-04 12:04:33,564 - PopulateAtomsDeps - INFO - Found 4 atoms for src/bubble_sort.rs
2025-08-04 12:04:33,564 - PopulateAtomsDeps - WARNING - No atoms found for filename: src/lib.rs
2025-08-04 12:04:33,564 - PopulateAtomsDeps - INFO - Found 8 atoms for src/selection_sort.rs
2025-08-04 12:04:33,564 - PopulateAtomsDeps - INFO - Found 5 atoms for src/bingo_sort.rs
2025-08-04 12:04:33,564 - PopulateAtomsDeps - INFO - Found 4 atoms for src/cycle_sort.rs
2025-08-04 12:04:33,564 - PopulateAtomsDeps - INFO - Summary: Found atoms for 23 out of 24 files
2025-08-04 12:04:33,565 - PopulateAtomsDeps - INFO - Populating atoms for benches/sort_benchmark.rs and code_id 57337
2025-08-04 12:04:33,572 - PopulateAtomsDeps - INFO - Inserted 3 atoms for file benches/sort_benchmark.rs
2025-08-04 12:04:33,572 - PopulateAtomsDeps - INFO - Populating atoms for src/smooth_sort.rs and code_id 57339
2025-08-04 12:04:33,580 - PopulateAtomsDeps - INFO - Inserted 7 atoms for file src/smooth_sort.rs
2025-08-04 12:04:33,580 - PopulateAtomsDeps - INFO - Populating atoms for src/nheap_sort.rs and code_id 57340
2025-08-04 12:04:33,597 - PopulateAtomsDeps - INFO - Inserted 6 atoms for file src/nheap_sort.rs
2025-08-04 12:04:33,597 - PopulateAtomsDeps - INFO - Populating atoms for src/shell_sort.rs and code_id 57341
2025-08-04 12:04:33,604 - PopulateAtomsDeps - INFO - Inserted 7 atoms for file src/shell_sort.rs
2025-08-04 12:04:33,605 - PopulateAtomsDeps - INFO - Populating atoms for src/bin/powers_of_two.rs and code_id 57342
2025-08-04 12:04:33,610 - PopulateAtomsDeps - INFO - Inserted 1 atoms for file src/bin/powers_of_two.rs
2025-08-04 12:04:33,611 - PopulateAtomsDeps - INFO - Populating atoms for src/bin/leonardo_numbers.rs and code_id 57343
2025-08-04 12:04:33,617 - PopulateAtomsDeps - INFO - Inserted 4 atoms for file src/bin/leonardo_numbers.rs
2025-08-04 12:04:33,618 - PopulateAtomsDeps - INFO - Populating atoms for src/insertion_sort.rs and code_id 57344
2025-08-04 12:04:33,624 - PopulateAtomsDeps - INFO - Inserted 4 atoms for file src/insertion_sort.rs
2025-08-04 12:04:33,624 - PopulateAtomsDeps - INFO - Populating atoms for src/cocktail_sort.rs and code_id 57345
2025-08-04 12:04:33,633 - PopulateAtomsDeps - INFO - Inserted 4 atoms for file src/cocktail_sort.rs
2025-08-04 12:04:33,633 - PopulateAtomsDeps - INFO - Populating atoms for src/slow_sort.rs and code_id 57346
2025-08-04 12:04:33,640 - PopulateAtomsDeps - INFO - Inserted 5 atoms for file src/slow_sort.rs
2025-08-04 12:04:33,641 - PopulateAtomsDeps - INFO - Populating atoms for src/quick_sort.rs and code_id 57347
2025-08-04 12:04:33,655 - PopulateAtomsDeps - INFO - Inserted 12 atoms for file src/quick_sort.rs
2025-08-04 12:04:33,655 - PopulateAtomsDeps - INFO - Populating atoms for src/gnome_sort.rs and code_id 57348
2025-08-04 12:04:33,669 - PopulateAtomsDeps - INFO - Inserted 8 atoms for file src/gnome_sort.rs
2025-08-04 12:04:33,670 - PopulateAtomsDeps - INFO - Populating atoms for src/ksort.rs and code_id 57349
2025-08-04 12:04:33,679 - PopulateAtomsDeps - INFO - Inserted 6 atoms for file src/ksort.rs
2025-08-04 12:04:33,679 - PopulateAtomsDeps - INFO - Populating atoms for src/stooge_sort.rs and code_id 57350
2025-08-04 12:04:33,693 - PopulateAtomsDeps - INFO - Inserted 5 atoms for file src/stooge_sort.rs
2025-08-04 12:04:33,693 - PopulateAtomsDeps - INFO - Populating atoms for src/pancake_sort.rs and code_id 57351
2025-08-04 12:04:33,706 - PopulateAtomsDeps - INFO - Inserted 6 atoms for file src/pancake_sort.rs
2025-08-04 12:04:33,707 - PopulateAtomsDeps - INFO - Populating atoms for src/merge_sort.rs and code_id 57352
2025-08-04 12:04:33,726 - PopulateAtomsDeps - INFO - Inserted 9 atoms for file src/merge_sort.rs
2025-08-04 12:04:33,726 - PopulateAtomsDeps - INFO - Populating atoms for src/bitonic_sort.rs and code_id 57353
2025-08-04 12:04:33,755 - PopulateAtomsDeps - INFO - Inserted 10 atoms for file src/bitonic_sort.rs
2025-08-04 12:04:33,755 - PopulateAtomsDeps - INFO - Populating atoms for src/comb_sort.rs and code_id 57354
2025-08-04 12:04:33,765 - PopulateAtomsDeps - INFO - Inserted 4 atoms for file src/comb_sort.rs
2025-08-04 12:04:33,766 - PopulateAtomsDeps - INFO - Populating atoms for src/oddeven_sort.rs and code_id 57355
2025-08-04 12:04:33,786 - PopulateAtomsDeps - INFO - Inserted 10 atoms for file src/oddeven_sort.rs
2025-08-04 12:04:33,787 - PopulateAtomsDeps - INFO - Populating atoms for src/heap_sort.rs and code_id 57356
2025-08-04 12:04:33,826 - PopulateAtomsDeps - INFO - Inserted 19 atoms for file src/heap_sort.rs
2025-08-04 12:04:33,827 - PopulateAtomsDeps - INFO - Populating atoms for src/bubble_sort.rs and code_id 57357
2025-08-04 12:04:33,834 - PopulateAtomsDeps - INFO - Inserted 4 atoms for file src/bubble_sort.rs
2025-08-04 12:04:33,834 - PopulateAtomsDeps - INFO - Populating atoms for src/selection_sort.rs and code_id 57359
2025-08-04 12:04:33,843 - PopulateAtomsDeps - INFO - Inserted 8 atoms for file src/selection_sort.rs
2025-08-04 12:04:33,844 - PopulateAtomsDeps - INFO - Populating atoms for src/bingo_sort.rs and code_id 57360
2025-08-04 12:04:33,850 - PopulateAtomsDeps - INFO - Inserted 5 atoms for file src/bingo_sort.rs
2025-08-04 12:04:33,850 - PopulateAtomsDeps - INFO - Populating atoms for src/cycle_sort.rs and code_id 57361
2025-08-04 12:04:33,856 - PopulateAtomsDeps - INFO - Inserted 4 atoms for file src/cycle_sort.rs
2025-08-04 12:04:33,857 - PopulateAtomsDeps - INFO - Processing 25 dependencies in batch
2025-08-04 12:04:33,968 - PopulateAtomsDeps - INFO - Inserting 25 new dependencies
2025-08-04 12:04:33,974 - PopulateAtomsDeps - INFO - Processing 7 dependencies in batch
2025-08-04 12:04:34,042 - PopulateAtomsDeps - INFO - Inserting 7 new dependencies
2025-08-04 12:04:34,047 - PopulateAtomsDeps - INFO - Processing 5 dependencies in batch
2025-08-04 12:04:34,103 - PopulateAtomsDeps - INFO - Inserting 5 new dependencies
2025-08-04 12:04:34,108 - PopulateAtomsDeps - INFO - Processing 5 dependencies in batch
2025-08-04 12:04:34,179 - PopulateAtomsDeps - INFO - Inserting 5 new dependencies
2025-08-04 12:04:34,189 - PopulateAtomsDeps - INFO - Processing 5 dependencies in batch
2025-08-04 12:04:34,251 - PopulateAtomsDeps - INFO - Inserting 5 new dependencies
2025-08-04 12:04:34,257 - PopulateAtomsDeps - INFO - Processing 3 dependencies in batch
2025-08-04 12:04:34,328 - PopulateAtomsDeps - INFO - Inserting 3 new dependencies
2025-08-04 12:04:34,339 - PopulateAtomsDeps - INFO - Processing 3 dependencies in batch
2025-08-04 12:04:34,398 - PopulateAtomsDeps - INFO - Inserting 3 new dependencies
2025-08-04 12:04:34,403 - PopulateAtomsDeps - INFO - Processing 4 dependencies in batch
2025-08-04 12:04:34,456 - PopulateAtomsDeps - INFO - Inserting 4 new dependencies
2025-08-04 12:04:34,461 - PopulateAtomsDeps - INFO - Processing 10 dependencies in batch
2025-08-04 12:04:34,520 - PopulateAtomsDeps - INFO - Inserting 10 new dependencies
2025-08-04 12:04:34,526 - PopulateAtomsDeps - INFO - Processing 6 dependencies in batch
2025-08-04 12:04:34,598 - PopulateAtomsDeps - INFO - Inserting 6 new dependencies
2025-08-04 12:04:34,603 - PopulateAtomsDeps - INFO - Processing 5 dependencies in batch
2025-08-04 12:04:34,666 - PopulateAtomsDeps - INFO - Inserting 5 new dependencies
2025-08-04 12:04:34,672 - PopulateAtomsDeps - INFO - Processing 4 dependencies in batch
2025-08-04 12:04:34,724 - PopulateAtomsDeps - INFO - Inserting 4 new dependencies
2025-08-04 12:04:34,730 - PopulateAtomsDeps - INFO - Processing 5 dependencies in batch
2025-08-04 12:04:34,789 - PopulateAtomsDeps - INFO - Inserting 5 new dependencies
2025-08-04 12:04:34,795 - PopulateAtomsDeps - INFO - Processing 7 dependencies in batch
2025-08-04 12:04:34,876 - PopulateAtomsDeps - INFO - Inserting 7 new dependencies
2025-08-04 12:04:34,882 - PopulateAtomsDeps - INFO - Processing 9 dependencies in batch
2025-08-04 12:04:34,940 - PopulateAtomsDeps - INFO - Inserting 9 new dependencies
2025-08-04 12:04:34,946 - PopulateAtomsDeps - INFO - Processing 3 dependencies in batch
2025-08-04 12:04:34,997 - PopulateAtomsDeps - INFO - Inserting 3 new dependencies
2025-08-04 12:04:35,004 - PopulateAtomsDeps - INFO - Processing 8 dependencies in batch
2025-08-04 12:04:35,090 - PopulateAtomsDeps - INFO - Inserting 8 new dependencies
2025-08-04 12:04:35,102 - PopulateAtomsDeps - INFO - Processing 16 dependencies in batch
2025-08-04 12:04:35,189 - PopulateAtomsDeps - INFO - Inserting 16 new dependencies
2025-08-04 12:04:35,194 - PopulateAtomsDeps - INFO - Processing 3 dependencies in batch
2025-08-04 12:04:35,251 - PopulateAtomsDeps - INFO - Inserting 3 new dependencies
2025-08-04 12:04:35,256 - PopulateAtomsDeps - INFO - Processing 6 dependencies in batch
2025-08-04 12:04:35,309 - PopulateAtomsDeps - INFO - Inserting 6 new dependencies
2025-08-04 12:04:35,313 - PopulateAtomsDeps - INFO - Processing 4 dependencies in batch
2025-08-04 12:04:35,365 - PopulateAtomsDeps - INFO - Inserting 4 new dependencies
2025-08-04 12:04:35,370 - PopulateAtomsDeps - INFO - Processing 3 dependencies in batch
2025-08-04 12:04:35,418 - PopulateAtomsDeps - INFO - Inserting 3 new dependencies
2025-08-04 12:04:35,422 - PopulateAtomsDeps - INFO - Setting code_id for file molecules in repo 3053
2025-08-04 12:04:35,424 - PopulateAtomsDeps - INFO - Found 23 file molecules with code_id=0 to update
2025-08-04 12:04:35,424 - PopulateAtomsDeps - INFO - Found 0 file molecules with specific code_ids
2025-08-04 12:04:35,434 - PopulateAtomsDeps - INFO - Found code_id mappings for 23 files
2025-08-04 12:04:35,439 - PopulateAtomsDeps - INFO - Successfully updated code_id for 23 file molecules
2025-08-04 12:04:35,440 - PopulateAtomsDeps - INFO - Reading atomizer log file: logs/atomizer_3053_20250804_120414.log
2025-08-04 12:04:35,440 - PopulateAtomsDeps - INFO - Successfully read 600 characters from atomizer log
2025-08-04 12:04:35,450 - PopulateAtomsDeps - INFO - Inserted combined logs to atomizerlogs table for repo_id 3053
2025-08-04 12:04:35,450 - PopulateAtomsDeps - INFO - Successfully completed populate_atomsdeps_grouped_rust.py for repo_id 3053
2025-08-04 12:04:35,450 - PopulateAtomsDeps - INFO - Processing completed for JSON file: /var/www/html/rust-atomizer/3053.json
