2025-07-29 13:54:59,453 - PopulateAtomsDeps - INFO - Logging to file: logs/populate_atoms_20250729_135459.log
2025-07-29 13:54:59,453 - PopulateAtomsDeps - INFO - Starting populate_atomsdeps_grouped_rust.py with parameters:
2025-07-29 13:54:59,453 - PopulateAtomsDeps - INFO -   repo_id: 3150
2025-07-29 13:54:59,453 - PopulateAtomsDeps - INFO -   json_path: /var/www/html/rust-atomizer/3150.json
2025-07-29 13:54:59,453 - PopulateAtomsDeps - INFO -   user_id: 460176
2025-07-29 13:54:59,454 - PopulateAtomsDeps - INFO -   JSON file exists: True
2025-07-29 13:54:59,454 - PopulateAtomsDeps - INFO -   JSON file size: 54078 bytes
2025-07-29 13:54:59,454 - PopulateAtomsDeps - INFO -   JSON file modified: 2025-07-29 13:54:58.849779
2025-07-29 13:54:59,454 - PopulateAtomsDeps - INFO - Identified 1 folders containing Rust files
2025-07-29 13:54:59,455 - PopulateAtomsDeps - INFO - Populating folder structure with 1 folders as molecules for repo 3150
2025-07-29 13:54:59,479 - PopulateAtomsDeps - INFO - All folders to create (including parents): ['src']
2025-07-29 13:54:59,494 - PopulateAtomsDeps - INFO - Successfully populated 3 folder and file molecules for repo 3150
2025-07-29 13:54:59,499 - PopulateAtomsDeps - INFO - Nb of Codes: 3
2025-07-29 13:54:59,499 - PopulateAtomsDeps - INFO - Found 20 atoms for src/scalar_verus.rs
2025-07-29 13:54:59,499 - PopulateAtomsDeps - INFO - Found 11 atoms for src/field_verus.rs
2025-07-29 13:54:59,499 - PopulateAtomsDeps - WARNING - No atoms found for filename: src/lib.rs
2025-07-29 13:54:59,499 - PopulateAtomsDeps - INFO - Summary: Found atoms for 2 out of 3 files
2025-07-29 13:54:59,500 - PopulateAtomsDeps - INFO - Populating atoms for src/scalar_verus.rs and code_id 51816
2025-07-29 13:54:59,503 - PopulateAtomsDeps - INFO - Populating atoms for src/field_verus.rs and code_id 51817
2025-07-29 13:54:59,505 - PopulateAtomsDeps - INFO - Processing 22 dependencies in batch
2025-07-29 13:54:59,570 - PopulateAtomsDeps - INFO - All dependencies already exist in the database
2025-07-29 13:54:59,571 - PopulateAtomsDeps - INFO - Processing 6 dependencies in batch
2025-07-29 13:54:59,624 - PopulateAtomsDeps - INFO - All dependencies already exist in the database
2025-07-29 13:54:59,624 - PopulateAtomsDeps - INFO - Setting code_id for file molecules in repo 3150
2025-07-29 13:54:59,625 - PopulateAtomsDeps - INFO - Found 0 file molecules with code_id=0 to update
2025-07-29 13:54:59,625 - PopulateAtomsDeps - INFO - Found 2 file molecules with specific code_ids
2025-07-29 13:54:59,625 - PopulateAtomsDeps - INFO - No file molecules with code_id = 0 found to update
2025-07-29 13:54:59,626 - PopulateAtomsDeps - INFO - Reading atomizer log file: logs/atomizer_3150_20250729_135440.log
2025-07-29 13:54:59,626 - PopulateAtomsDeps - INFO - Successfully read 600 characters from atomizer log
2025-07-29 13:54:59,634 - PopulateAtomsDeps - INFO - Inserted combined logs to atomizerlogs table for repo_id 3150
2025-07-29 13:54:59,634 - PopulateAtomsDeps - INFO - Successfully completed populate_atomsdeps_grouped_rust.py for repo_id 3150
2025-07-29 13:54:59,634 - PopulateAtomsDeps - INFO - Processing completed for JSON file: /var/www/html/rust-atomizer/3150.json
