2025-08-21 06:25:49,505 - PopulateAtomsDeps - INFO - Logging to file: logs/populate_atoms_20250821_062549.log
2025-08-21 06:25:49,505 - PopulateAtomsDeps - INFO - Starting populate_atomsdeps_grouped_rust.py with parameters:
2025-08-21 06:25:49,505 - PopulateAtomsDeps - INFO -   repo_id: 3214
2025-08-21 06:25:49,505 - PopulateAtomsDeps - INFO -   json_path: /var/www/html/rust-atomizer/curve25519-dalek.json
2025-08-21 06:25:49,505 - PopulateAtomsDeps - INFO -   user_id: 460176
2025-08-21 06:25:49,505 - PopulateAtomsDeps - INFO -   JSON file exists: True
2025-08-21 06:25:49,506 - PopulateAtomsDeps - INFO -   JSON file size: 496056 bytes
2025-08-21 06:25:49,506 - PopulateAtomsDeps - INFO -   JSON file modified: 2025-08-21 04:55:47.273555
2025-08-21 06:25:49,512 - PopulateAtomsDeps - INFO - Identified 7 folders containing Rust files
2025-08-21 06:25:49,513 - PopulateAtomsDeps - INFO - Populating folder structure with 7 folders as molecules for repo 3214
2025-08-21 06:25:49,518 - PopulateAtomsDeps - INFO - All folders to create (including parents): ['src', 'src/edwards', 'src/backend', 'src/backend/serial', 'src/backend/serial/scalar_mul', 'src/backend/serial/curve_models', 'src/backend/serial/u64']
2025-08-21 06:25:49,532 - PopulateAtomsDeps - INFO - Successfully populated 31 folder and file molecules for repo 3214
2025-08-21 06:25:49,543 - PopulateAtomsDeps - INFO - Nb of Codes: 32
2025-08-21 06:25:49,548 - PopulateAtomsDeps - WARNING - No atoms found for filename: curve25519-dalek/src/backend/mod.rs
2025-08-21 06:25:49,548 - PopulateAtomsDeps - WARNING - No atoms found for filename: curve25519-dalek/src/backend/serial/curve_models/mod.rs
2025-08-21 06:25:49,549 - PopulateAtomsDeps - WARNING - No atoms found for filename: curve25519-dalek/src/backend/serial/scalar_mul/precomputed_straus.rs
2025-08-21 06:25:49,549 - PopulateAtomsDeps - WARNING - No atoms found for filename: curve25519-dalek/src/backend/serial/scalar_mul/pippenger.rs
2025-08-21 06:25:49,550 - PopulateAtomsDeps - WARNING - No atoms found for filename: curve25519-dalek/src/backend/serial/scalar_mul/straus.rs
2025-08-21 06:25:49,550 - PopulateAtomsDeps - WARNING - No atoms found for filename: curve25519-dalek/src/backend/serial/scalar_mul/variable_base.rs
2025-08-21 06:25:49,551 - PopulateAtomsDeps - WARNING - No atoms found for filename: curve25519-dalek/src/backend/serial/scalar_mul/mod.rs
2025-08-21 06:25:49,551 - PopulateAtomsDeps - WARNING - No atoms found for filename: curve25519-dalek/src/backend/serial/scalar_mul/vartime_double_base.rs
2025-08-21 06:25:49,552 - PopulateAtomsDeps - WARNING - No atoms found for filename: curve25519-dalek/src/backend/serial/mod.rs
2025-08-21 06:25:49,552 - PopulateAtomsDeps - WARNING - No atoms found for filename: curve25519-dalek/src/backend/serial/u64/field_verus.rs
2025-08-21 06:25:49,553 - PopulateAtomsDeps - WARNING - No atoms found for filename: curve25519-dalek/src/backend/serial/u64/common_verus.rs
2025-08-21 06:25:49,554 - PopulateAtomsDeps - WARNING - No atoms found for filename: curve25519-dalek/src/backend/serial/u64/scalar_lemmas.rs
2025-08-21 06:25:49,554 - PopulateAtomsDeps - WARNING - No atoms found for filename: curve25519-dalek/src/backend/serial/u64/field_lemmas.rs
2025-08-21 06:25:49,555 - PopulateAtomsDeps - WARNING - No atoms found for filename: curve25519-dalek/src/backend/serial/u64/scalar.rs
2025-08-21 06:25:49,555 - PopulateAtomsDeps - WARNING - No atoms found for filename: curve25519-dalek/src/backend/serial/u64/subtle_assumes.rs
2025-08-21 06:25:49,556 - PopulateAtomsDeps - WARNING - No atoms found for filename: curve25519-dalek/src/backend/serial/u64/field.rs
2025-08-21 06:25:49,557 - PopulateAtomsDeps - WARNING - No atoms found for filename: curve25519-dalek/src/backend/serial/u64/constants.rs
2025-08-21 06:25:49,557 - PopulateAtomsDeps - WARNING - No atoms found for filename: curve25519-dalek/src/backend/serial/u64/mod.rs
2025-08-21 06:25:49,558 - PopulateAtomsDeps - WARNING - No atoms found for filename: curve25519-dalek/src/backend/serial/u64/scalar_specs.rs
2025-08-21 06:25:49,558 - PopulateAtomsDeps - WARNING - No atoms found for filename: curve25519-dalek/src/montgomery.rs
2025-08-21 06:25:49,559 - PopulateAtomsDeps - WARNING - No atoms found for filename: curve25519-dalek/src/edwards.rs
2025-08-21 06:25:49,560 - PopulateAtomsDeps - WARNING - No atoms found for filename: curve25519-dalek/src/scalar.rs
2025-08-21 06:25:49,560 - PopulateAtomsDeps - WARNING - No atoms found for filename: curve25519-dalek/src/macros.rs
2025-08-21 06:25:49,561 - PopulateAtomsDeps - WARNING - No atoms found for filename: curve25519-dalek/src/field.rs
2025-08-21 06:25:49,561 - PopulateAtomsDeps - WARNING - No atoms found for filename: curve25519-dalek/src/ristretto.rs
2025-08-21 06:25:49,562 - PopulateAtomsDeps - WARNING - No atoms found for filename: curve25519-dalek/src/diagnostics.rs
2025-08-21 06:25:49,563 - PopulateAtomsDeps - WARNING - No atoms found for filename: curve25519-dalek/src/lib.rs
2025-08-21 06:25:49,563 - PopulateAtomsDeps - WARNING - No atoms found for filename: curve25519-dalek/src/constants.rs
2025-08-21 06:25:49,564 - PopulateAtomsDeps - WARNING - No atoms found for filename: curve25519-dalek/src/traits.rs
2025-08-21 06:25:49,564 - PopulateAtomsDeps - WARNING - No atoms found for filename: curve25519-dalek/src/window.rs
2025-08-21 06:25:49,565 - PopulateAtomsDeps - WARNING - No atoms found for filename: curve25519-dalek/src/edwards/affine.rs
2025-08-21 06:25:49,566 - PopulateAtomsDeps - WARNING - No atoms found for filename: curve25519-dalek/build.rs
2025-08-21 06:25:49,566 - PopulateAtomsDeps - INFO - Summary: Found atoms for 0 out of 32 files
2025-08-21 06:25:49,566 - PopulateAtomsDeps - INFO - Setting code_id for file molecules in repo 3214
2025-08-21 06:25:49,575 - PopulateAtomsDeps - INFO - Found 24 file molecules with code_id=0 to update
2025-08-21 06:25:49,575 - PopulateAtomsDeps - INFO - Found 24 file molecules with specific code_ids
2025-08-21 06:25:49,576 - PopulateAtomsDeps - WARNING - No child atoms found for file ID 359374 (file: src/montgomery.rs)
2025-08-21 06:25:49,584 - PopulateAtomsDeps - WARNING - No child atoms found for file ID 359375 (file: src/ristretto.rs)
2025-08-21 06:25:49,589 - PopulateAtomsDeps - WARNING - No child atoms found for file ID 359376 (file: src/edwards.rs)
2025-08-21 06:25:49,594 - PopulateAtomsDeps - WARNING - No child atoms found for file ID 359377 (file: src/scalar.rs)
2025-08-21 06:25:49,599 - PopulateAtomsDeps - WARNING - No child atoms found for file ID 359378 (file: src/field.rs)
2025-08-21 06:25:49,604 - PopulateAtomsDeps - WARNING - No child atoms found for file ID 359379 (file: src/traits.rs)
2025-08-21 06:25:49,609 - PopulateAtomsDeps - WARNING - No child atoms found for file ID 359380 (file: src/window.rs)
2025-08-21 06:25:49,614 - PopulateAtomsDeps - WARNING - No child atoms found for file ID 359381 (file: src/backend/serial/u64/scalar_lemmas.rs)
2025-08-21 06:25:49,619 - PopulateAtomsDeps - WARNING - No child atoms found for file ID 359382 (file: src/backend/serial/u64/field.rs)
2025-08-21 06:25:49,624 - PopulateAtomsDeps - WARNING - No child atoms found for file ID 359383 (file: src/backend/serial/u64/field_lemmas.rs)
2025-08-21 06:25:49,630 - PopulateAtomsDeps - WARNING - No child atoms found for file ID 359384 (file: src/backend/serial/u64/scalar.rs)
2025-08-21 06:25:49,635 - PopulateAtomsDeps - WARNING - No child atoms found for file ID 359385 (file: src/backend/serial/u64/common_verus.rs)
2025-08-21 06:25:49,640 - PopulateAtomsDeps - WARNING - No child atoms found for file ID 359386 (file: src/backend/serial/u64/scalar_specs.rs)
2025-08-21 06:25:49,645 - PopulateAtomsDeps - WARNING - No child atoms found for file ID 359387 (file: src/backend/serial/u64/field_verus.rs)
2025-08-21 06:25:49,650 - PopulateAtomsDeps - WARNING - No child atoms found for file ID 359388 (file: src/backend/serial/u64/subtle_assumes.rs)
2025-08-21 06:25:49,655 - PopulateAtomsDeps - WARNING - No child atoms found for file ID 359389 (file: build.rs)
2025-08-21 06:25:49,659 - PopulateAtomsDeps - WARNING - No child atoms found for file ID 359390 (file: src/backend/serial/curve_models/mod.rs)
2025-08-21 06:25:49,664 - PopulateAtomsDeps - WARNING - No child atoms found for file ID 359391 (file: src/backend/serial/scalar_mul/straus.rs)
2025-08-21 06:25:49,669 - PopulateAtomsDeps - WARNING - No child atoms found for file ID 359392 (file: src/backend/serial/scalar_mul/pippenger.rs)
2025-08-21 06:25:49,674 - PopulateAtomsDeps - WARNING - No child atoms found for file ID 359393 (file: src/backend/serial/scalar_mul/vartime_double_base.rs)
2025-08-21 06:25:49,679 - PopulateAtomsDeps - WARNING - No child atoms found for file ID 359394 (file: src/backend/serial/scalar_mul/precomputed_straus.rs)
2025-08-21 06:25:49,684 - PopulateAtomsDeps - WARNING - No child atoms found for file ID 359395 (file: src/backend/serial/scalar_mul/variable_base.rs)
2025-08-21 06:25:49,689 - PopulateAtomsDeps - WARNING - No child atoms found for file ID 359396 (file: src/edwards/affine.rs)
2025-08-21 06:25:49,694 - PopulateAtomsDeps - WARNING - No child atoms found for file ID 359397 (file: src/backend/mod.rs)
2025-08-21 06:25:49,698 - PopulateAtomsDeps - INFO - No file-to-code_id mappings found
2025-08-21 06:25:49,699 - PopulateAtomsDeps - INFO - Reading atomizer log file: logs/atomizer_3214_20250821_062510.log
2025-08-21 06:25:49,699 - PopulateAtomsDeps - INFO - Successfully read 625 characters from atomizer log
2025-08-21 06:25:49,704 - PopulateAtomsDeps - INFO - Inserted combined logs to atomizerlogs table for repo_id 3214
2025-08-21 06:25:49,704 - PopulateAtomsDeps - INFO - Successfully completed populate_atomsdeps_grouped_rust.py for repo_id 3214
2025-08-21 06:25:49,704 - PopulateAtomsDeps - INFO - Processing completed for JSON file: /var/www/html/rust-atomizer/curve25519-dalek.json
