2025-08-04 08:22:57,403 - PopulateAtomsDeps - INFO - Logging to file: logs/populate_atoms_20250804_082257.log
2025-08-04 08:22:57,403 - PopulateAtomsDeps - INFO - Starting populate_atomsdeps_grouped_rust.py with parameters:
2025-08-04 08:22:57,403 - PopulateAtomsDeps - INFO -   repo_id: 3053
2025-08-04 08:22:57,403 - PopulateAtomsDeps - INFO -   json_path: /var/www/html/rust-atomizer/3053.json
2025-08-04 08:22:57,403 - PopulateAtomsDeps - INFO -   user_id: 460176
2025-08-04 08:22:57,404 - PopulateAtomsDeps - INFO -   JSON file exists: True
2025-08-04 08:22:57,404 - PopulateAtomsDeps - INFO -   JSON file size: 95902 bytes
2025-08-04 08:22:57,404 - PopulateAtomsDeps - INFO -   JSON file modified: 2025-08-04 08:22:57.050359
2025-08-04 08:22:57,406 - PopulateAtomsDeps - INFO - Identified 3 folders containing Rust files
2025-08-04 08:22:57,406 - PopulateAtomsDeps - INFO - Populating folder structure with 3 folders as molecules for repo 3053
2025-08-04 08:22:57,407 - PopulateAtomsDeps - INFO - All folders to create (including parents): ['benches', 'src', 'src/bin']
2025-08-04 08:22:57,433 - PopulateAtomsDeps - INFO - Adding 23 new file molecules in batch
2025-08-04 08:22:57,444 - PopulateAtomsDeps - INFO - Successfully populated 26 folder and file molecules for repo 3053
2025-08-04 08:22:57,446 - PopulateAtomsDeps - INFO - Nb of Codes: 24
2025-08-04 08:22:57,450 - PopulateAtomsDeps - INFO - Found 3 atoms for benches/sort_benchmark.rs
2025-08-04 08:22:57,451 - PopulateAtomsDeps - INFO - Found 7 atoms for src/smooth_sort.rs
2025-08-04 08:22:57,452 - PopulateAtomsDeps - INFO - Found 6 atoms for src/nheap_sort.rs
2025-08-04 08:22:57,452 - PopulateAtomsDeps - INFO - Found 7 atoms for src/shell_sort.rs
2025-08-04 08:22:57,452 - PopulateAtomsDeps - WARNING - No atoms found for filename: bin/powers_of_two.rs
2025-08-04 08:22:57,452 - PopulateAtomsDeps - WARNING - No atoms found for filename: bin/leonardo_numbers.rs
2025-08-04 08:22:57,456 - PopulateAtomsDeps - INFO - Found 4 atoms for src/insertion_sort.rs
2025-08-04 08:22:57,456 - PopulateAtomsDeps - INFO - Found 4 atoms for src/cocktail_sort.rs
2025-08-04 08:22:57,456 - PopulateAtomsDeps - INFO - Found 5 atoms for src/slow_sort.rs
2025-08-04 08:22:57,457 - PopulateAtomsDeps - INFO - Found 12 atoms for src/quick_sort.rs
2025-08-04 08:22:57,457 - PopulateAtomsDeps - INFO - Found 8 atoms for src/gnome_sort.rs
2025-08-04 08:22:57,457 - PopulateAtomsDeps - INFO - Found 6 atoms for src/ksort.rs
2025-08-04 08:22:57,457 - PopulateAtomsDeps - INFO - Found 5 atoms for src/stooge_sort.rs
2025-08-04 08:22:57,457 - PopulateAtomsDeps - INFO - Found 6 atoms for src/pancake_sort.rs
2025-08-04 08:22:57,457 - PopulateAtomsDeps - INFO - Found 9 atoms for src/merge_sort.rs
2025-08-04 08:22:57,458 - PopulateAtomsDeps - INFO - Found 10 atoms for src/bitonic_sort.rs
2025-08-04 08:22:57,458 - PopulateAtomsDeps - INFO - Found 4 atoms for src/comb_sort.rs
2025-08-04 08:22:57,458 - PopulateAtomsDeps - INFO - Found 10 atoms for src/oddeven_sort.rs
2025-08-04 08:22:57,458 - PopulateAtomsDeps - INFO - Found 19 atoms for src/heap_sort.rs
2025-08-04 08:22:57,458 - PopulateAtomsDeps - INFO - Found 4 atoms for src/bubble_sort.rs
2025-08-04 08:22:57,458 - PopulateAtomsDeps - WARNING - No atoms found for filename: src/lib.rs
2025-08-04 08:22:57,459 - PopulateAtomsDeps - INFO - Found 8 atoms for src/selection_sort.rs
2025-08-04 08:22:57,459 - PopulateAtomsDeps - INFO - Found 5 atoms for src/bingo_sort.rs
2025-08-04 08:22:57,459 - PopulateAtomsDeps - INFO - Found 4 atoms for src/cycle_sort.rs
2025-08-04 08:22:57,459 - PopulateAtomsDeps - INFO - Summary: Found atoms for 21 out of 24 files
2025-08-04 08:22:57,459 - PopulateAtomsDeps - INFO - Populating atoms for benches/sort_benchmark.rs and code_id 38784
2025-08-04 08:22:57,465 - PopulateAtomsDeps - INFO - Inserted 3 atoms for file benches/sort_benchmark.rs
2025-08-04 08:22:57,465 - PopulateAtomsDeps - INFO - Populating atoms for src/smooth_sort.rs and code_id 38785
2025-08-04 08:22:57,471 - PopulateAtomsDeps - INFO - Inserted 7 atoms for file src/smooth_sort.rs
2025-08-04 08:22:57,471 - PopulateAtomsDeps - INFO - Populating atoms for src/nheap_sort.rs and code_id 38786
2025-08-04 08:22:57,478 - PopulateAtomsDeps - INFO - Inserted 6 atoms for file src/nheap_sort.rs
2025-08-04 08:22:57,478 - PopulateAtomsDeps - INFO - Populating atoms for src/shell_sort.rs and code_id 38787
2025-08-04 08:22:57,485 - PopulateAtomsDeps - INFO - Inserted 7 atoms for file src/shell_sort.rs
2025-08-04 08:22:57,485 - PopulateAtomsDeps - INFO - Populating atoms for src/insertion_sort.rs and code_id 38790
2025-08-04 08:22:57,490 - PopulateAtomsDeps - INFO - Inserted 4 atoms for file src/insertion_sort.rs
2025-08-04 08:22:57,490 - PopulateAtomsDeps - INFO - Populating atoms for src/cocktail_sort.rs and code_id 38791
2025-08-04 08:22:57,495 - PopulateAtomsDeps - INFO - Inserted 4 atoms for file src/cocktail_sort.rs
2025-08-04 08:22:57,495 - PopulateAtomsDeps - INFO - Populating atoms for src/slow_sort.rs and code_id 38792
2025-08-04 08:22:57,501 - PopulateAtomsDeps - INFO - Inserted 5 atoms for file src/slow_sort.rs
2025-08-04 08:22:57,501 - PopulateAtomsDeps - INFO - Populating atoms for src/quick_sort.rs and code_id 38793
2025-08-04 08:22:57,508 - PopulateAtomsDeps - INFO - Inserted 12 atoms for file src/quick_sort.rs
2025-08-04 08:22:57,508 - PopulateAtomsDeps - INFO - Populating atoms for src/gnome_sort.rs and code_id 38794
2025-08-04 08:22:57,513 - PopulateAtomsDeps - INFO - Inserted 8 atoms for file src/gnome_sort.rs
2025-08-04 08:22:57,514 - PopulateAtomsDeps - INFO - Populating atoms for src/ksort.rs and code_id 38795
2025-08-04 08:22:57,520 - PopulateAtomsDeps - INFO - Inserted 6 atoms for file src/ksort.rs
2025-08-04 08:22:57,520 - PopulateAtomsDeps - INFO - Populating atoms for src/stooge_sort.rs and code_id 38796
2025-08-04 08:22:57,525 - PopulateAtomsDeps - INFO - Inserted 5 atoms for file src/stooge_sort.rs
2025-08-04 08:22:57,525 - PopulateAtomsDeps - INFO - Populating atoms for src/pancake_sort.rs and code_id 38797
2025-08-04 08:22:57,531 - PopulateAtomsDeps - INFO - Inserted 6 atoms for file src/pancake_sort.rs
2025-08-04 08:22:57,532 - PopulateAtomsDeps - INFO - Populating atoms for src/merge_sort.rs and code_id 38798
2025-08-04 08:22:57,537 - PopulateAtomsDeps - INFO - Inserted 9 atoms for file src/merge_sort.rs
2025-08-04 08:22:57,538 - PopulateAtomsDeps - INFO - Populating atoms for src/bitonic_sort.rs and code_id 38799
2025-08-04 08:22:57,544 - PopulateAtomsDeps - INFO - Inserted 10 atoms for file src/bitonic_sort.rs
2025-08-04 08:22:57,545 - PopulateAtomsDeps - INFO - Populating atoms for src/comb_sort.rs and code_id 38800
2025-08-04 08:22:57,551 - PopulateAtomsDeps - INFO - Inserted 4 atoms for file src/comb_sort.rs
2025-08-04 08:22:57,552 - PopulateAtomsDeps - INFO - Populating atoms for src/oddeven_sort.rs and code_id 38801
2025-08-04 08:22:57,559 - PopulateAtomsDeps - INFO - Inserted 10 atoms for file src/oddeven_sort.rs
2025-08-04 08:22:57,559 - PopulateAtomsDeps - INFO - Populating atoms for src/heap_sort.rs and code_id 38802
2025-08-04 08:22:57,566 - PopulateAtomsDeps - INFO - Inserted 19 atoms for file src/heap_sort.rs
2025-08-04 08:22:57,566 - PopulateAtomsDeps - INFO - Populating atoms for src/bubble_sort.rs and code_id 38803
2025-08-04 08:22:57,572 - PopulateAtomsDeps - INFO - Inserted 4 atoms for file src/bubble_sort.rs
2025-08-04 08:22:57,572 - PopulateAtomsDeps - INFO - Populating atoms for src/selection_sort.rs and code_id 38805
2025-08-04 08:22:57,578 - PopulateAtomsDeps - INFO - Inserted 8 atoms for file src/selection_sort.rs
2025-08-04 08:22:57,578 - PopulateAtomsDeps - INFO - Populating atoms for src/bingo_sort.rs and code_id 38806
2025-08-04 08:22:57,583 - PopulateAtomsDeps - INFO - Inserted 5 atoms for file src/bingo_sort.rs
2025-08-04 08:22:57,584 - PopulateAtomsDeps - INFO - Populating atoms for src/cycle_sort.rs and code_id 38807
2025-08-04 08:22:57,589 - PopulateAtomsDeps - INFO - Inserted 4 atoms for file src/cycle_sort.rs
2025-08-04 08:22:57,589 - PopulateAtomsDeps - INFO - Processing 25 dependencies in batch
2025-08-04 08:22:57,651 - PopulateAtomsDeps - INFO - Inserting 25 new dependencies
2025-08-04 08:22:57,657 - PopulateAtomsDeps - INFO - Processing 7 dependencies in batch
2025-08-04 08:22:57,713 - PopulateAtomsDeps - INFO - Inserting 7 new dependencies
2025-08-04 08:22:57,718 - PopulateAtomsDeps - INFO - Processing 5 dependencies in batch
2025-08-04 08:22:57,780 - PopulateAtomsDeps - INFO - Inserting 5 new dependencies
2025-08-04 08:22:57,785 - PopulateAtomsDeps - INFO - Processing 5 dependencies in batch
2025-08-04 08:22:57,833 - PopulateAtomsDeps - INFO - Inserting 5 new dependencies
2025-08-04 08:22:57,837 - PopulateAtomsDeps - INFO - Processing 3 dependencies in batch
2025-08-04 08:22:57,886 - PopulateAtomsDeps - INFO - Inserting 3 new dependencies
2025-08-04 08:22:57,891 - PopulateAtomsDeps - INFO - Processing 3 dependencies in batch
2025-08-04 08:22:57,938 - PopulateAtomsDeps - INFO - Inserting 3 new dependencies
2025-08-04 08:22:57,943 - PopulateAtomsDeps - INFO - Processing 4 dependencies in batch
2025-08-04 08:22:57,996 - PopulateAtomsDeps - INFO - Inserting 4 new dependencies
2025-08-04 08:22:58,001 - PopulateAtomsDeps - INFO - Processing 10 dependencies in batch
2025-08-04 08:22:58,068 - PopulateAtomsDeps - INFO - Inserting 10 new dependencies
2025-08-04 08:22:58,072 - PopulateAtomsDeps - INFO - Processing 6 dependencies in batch
2025-08-04 08:22:58,122 - PopulateAtomsDeps - INFO - Inserting 6 new dependencies
2025-08-04 08:22:58,127 - PopulateAtomsDeps - INFO - Processing 5 dependencies in batch
2025-08-04 08:22:58,182 - PopulateAtomsDeps - INFO - Inserting 5 new dependencies
2025-08-04 08:22:58,186 - PopulateAtomsDeps - INFO - Processing 4 dependencies in batch
2025-08-04 08:22:58,236 - PopulateAtomsDeps - INFO - Inserting 4 new dependencies
2025-08-04 08:22:58,241 - PopulateAtomsDeps - INFO - Processing 5 dependencies in batch
2025-08-04 08:22:58,300 - PopulateAtomsDeps - INFO - Inserting 5 new dependencies
2025-08-04 08:22:58,305 - PopulateAtomsDeps - INFO - Processing 7 dependencies in batch
2025-08-04 08:22:58,363 - PopulateAtomsDeps - INFO - Inserting 7 new dependencies
2025-08-04 08:22:58,369 - PopulateAtomsDeps - INFO - Processing 9 dependencies in batch
2025-08-04 08:22:58,427 - PopulateAtomsDeps - INFO - Inserting 9 new dependencies
2025-08-04 08:22:58,432 - PopulateAtomsDeps - INFO - Processing 3 dependencies in batch
2025-08-04 08:22:58,501 - PopulateAtomsDeps - INFO - Inserting 3 new dependencies
2025-08-04 08:22:58,507 - PopulateAtomsDeps - INFO - Processing 8 dependencies in batch
2025-08-04 08:22:58,564 - PopulateAtomsDeps - INFO - Inserting 8 new dependencies
2025-08-04 08:22:58,576 - PopulateAtomsDeps - INFO - Processing 16 dependencies in batch
2025-08-04 08:22:58,646 - PopulateAtomsDeps - INFO - Inserting 16 new dependencies
2025-08-04 08:22:58,651 - PopulateAtomsDeps - INFO - Processing 3 dependencies in batch
2025-08-04 08:22:58,700 - PopulateAtomsDeps - INFO - Inserting 3 new dependencies
2025-08-04 08:22:58,705 - PopulateAtomsDeps - INFO - Processing 6 dependencies in batch
2025-08-04 08:22:58,757 - PopulateAtomsDeps - INFO - Inserting 6 new dependencies
2025-08-04 08:22:58,764 - PopulateAtomsDeps - INFO - Processing 4 dependencies in batch
2025-08-04 08:22:58,815 - PopulateAtomsDeps - INFO - Inserting 4 new dependencies
2025-08-04 08:22:58,820 - PopulateAtomsDeps - INFO - Processing 3 dependencies in batch
2025-08-04 08:22:58,903 - PopulateAtomsDeps - INFO - Inserting 3 new dependencies
2025-08-04 08:22:58,908 - PopulateAtomsDeps - INFO - Setting code_id for file molecules in repo 3053
2025-08-04 08:22:58,911 - PopulateAtomsDeps - INFO - Found 23 file molecules with code_id=0 to update
2025-08-04 08:22:58,911 - PopulateAtomsDeps - INFO - Found 0 file molecules with specific code_ids
2025-08-04 08:22:58,923 - PopulateAtomsDeps - WARNING - No child atoms found for file ID 313741 (file: src/bin/leonardo_numbers.rs)
2025-08-04 08:22:58,925 - PopulateAtomsDeps - WARNING - No child atoms found for file ID 313742 (file: src/bin/powers_of_two.rs)
2025-08-04 08:22:58,926 - PopulateAtomsDeps - INFO - Found code_id mappings for 21 files
2025-08-04 08:22:58,931 - PopulateAtomsDeps - INFO - Successfully updated code_id for 21 file molecules
2025-08-04 08:22:58,932 - PopulateAtomsDeps - INFO - Reading atomizer log file: logs/atomizer_3053_20250804_082242.log
2025-08-04 08:22:58,932 - PopulateAtomsDeps - INFO - Successfully read 600 characters from atomizer log
2025-08-04 08:22:58,939 - PopulateAtomsDeps - INFO - Inserted combined logs to atomizerlogs table for repo_id 3053
2025-08-04 08:22:58,939 - PopulateAtomsDeps - INFO - Successfully completed populate_atomsdeps_grouped_rust.py for repo_id 3053
2025-08-04 08:22:58,939 - PopulateAtomsDeps - INFO - Processing completed for JSON file: /var/www/html/rust-atomizer/3053.json
