2025-07-25 16:49:45,959 - PopulateAtomsDeps - INFO - Logging to file: logs/populate_atoms_20250725_164945.log
2025-07-25 16:49:45,960 - PopulateAtomsDeps - INFO - Starting populate_atomsdeps_grouped_rust.py with parameters:
2025-07-25 16:49:45,960 - PopulateAtomsDeps - INFO -   repo_id: 3147
2025-07-25 16:49:45,960 - PopulateAtomsDeps - INFO -   json_path: /var/www/html/rust-atomizer/3147.json
2025-07-25 16:49:45,960 - PopulateAtomsDeps - INFO -   user_id: 460176
2025-07-25 16:49:45,960 - PopulateAtomsDeps - INFO -   JSON file exists: True
2025-07-25 16:49:45,960 - PopulateAtomsDeps - INFO -   JSON file size: 54078 bytes
2025-07-25 16:49:45,960 - PopulateAtomsDeps - INFO -   JSON file modified: 2025-07-25 16:49:45.462208
2025-07-25 16:49:45,961 - PopulateAtomsDeps - INFO - Identified 1 folders containing Rust files
2025-07-25 16:49:45,961 - PopulateAtomsDeps - INFO - Populating folder structure with 1 folders as molecules for repo 3147
2025-07-25 16:49:45,962 - PopulateAtomsDeps - INFO - All folders to create (including parents): ['src']
2025-07-25 16:49:45,970 - PopulateAtomsDeps - INFO - Adding 2 new file molecules in batch
2025-07-25 16:49:45,975 - PopulateAtomsDeps - INFO - Successfully populated 3 folder and file molecules for repo 3147
2025-07-25 16:49:46,202 - PopulateAtomsDeps - INFO - !!!!!Code ID 51782: filename='src/scalar_verus.rs', folder_id=12261, folder_path='src'
2025-07-25 16:49:46,202 - PopulateAtomsDeps - INFO - !!!!!Code ID 51783: filename='src/field_verus.rs', folder_id=12261, folder_path='src'
2025-07-25 16:49:46,202 - PopulateAtomsDeps - INFO - !!!!!Code ID 51784: filename='src/lib.rs', folder_id=12261, folder_path='src'
2025-07-25 16:49:46,202 - PopulateAtomsDeps - INFO - !!!!!Code ID 51785: filename='Cargo.toml', folder_id=None, folder_path='None'
2025-07-25 16:49:46,202 - PopulateAtomsDeps - INFO - Retrieved 4 codes from database
2025-07-25 16:49:46,204 - PopulateAtomsDeps - INFO - Nb of Codes: 3
2025-07-25 16:49:46,205 - PopulateAtomsDeps - INFO - Found 20 atoms for src/scalar_verus.rs
2025-07-25 16:49:46,205 - PopulateAtomsDeps - INFO - Found 11 atoms for src/field_verus.rs
2025-07-25 16:49:46,205 - PopulateAtomsDeps - WARNING - No atoms found for filename: src/lib.rs
2025-07-25 16:49:46,205 - PopulateAtomsDeps - INFO - Summary: Found atoms for 2 out of 3 files
2025-07-25 16:49:46,205 - PopulateAtomsDeps - INFO - Populating atoms for src/scalar_verus.rs and code_id 51782
2025-07-25 16:49:46,215 - PopulateAtomsDeps - INFO - Inserted 20 atoms for file src/scalar_verus.rs
2025-07-25 16:49:46,215 - PopulateAtomsDeps - INFO - Populating atoms for src/field_verus.rs and code_id 51783
2025-07-25 16:49:46,224 - PopulateAtomsDeps - INFO - Inserted 11 atoms for file src/field_verus.rs
2025-07-25 16:49:46,225 - PopulateAtomsDeps - INFO - Processing 22 dependencies in batch
2025-07-25 16:49:46,281 - PopulateAtomsDeps - INFO - Inserting 22 new dependencies
2025-07-25 16:49:46,286 - PopulateAtomsDeps - INFO - Processing 6 dependencies in batch
2025-07-25 16:49:46,338 - PopulateAtomsDeps - INFO - Inserting 6 new dependencies
2025-07-25 16:49:46,343 - PopulateAtomsDeps - INFO - Setting code_id for file molecules in repo 3147
2025-07-25 16:49:46,344 - PopulateAtomsDeps - INFO - Found 2 file molecules with code_id=0 to update
2025-07-25 16:49:46,345 - PopulateAtomsDeps - INFO - Found 0 file molecules with specific code_ids
2025-07-25 16:49:46,346 - PopulateAtomsDeps - INFO - Found code_id mappings for 2 files
2025-07-25 16:49:46,350 - PopulateAtomsDeps - INFO - Successfully updated code_id for 2 file molecules
2025-07-25 16:49:46,351 - PopulateAtomsDeps - INFO - Reading atomizer log file: logs/atomizer_3147_20250725_164859.log
2025-07-25 16:49:46,351 - PopulateAtomsDeps - INFO - Successfully read 600 characters from atomizer log
2025-07-25 16:49:46,356 - PopulateAtomsDeps - INFO - Inserted combined logs to atomizerlogs table for repo_id 3147
2025-07-25 16:49:46,357 - PopulateAtomsDeps - INFO - Successfully completed populate_atomsdeps_grouped_rust.py for repo_id 3147
2025-07-25 16:49:46,357 - PopulateAtomsDeps - INFO - Processing completed for JSON file: /var/www/html/rust-atomizer/3147.json
