2025-06-23 07:35:27,846 - PopulateAtomsDeps - INFO - Logging to file: logs/populate_atoms_20250623_073527.log
2025-06-23 07:35:27,848 - PopulateAtomsDeps - INFO - Identified 3 folders containing Rust files
2025-06-23 07:35:27,848 - PopulateAtomsDeps - INFO - Populating folder structure with 3 folders as molecules for repo 3053
2025-06-23 07:35:27,856 - PopulateAtomsDeps - INFO - Successfully populated 26 folder and file molecules for repo 3053
2025-06-23 07:35:27,859 - PopulateAtomsDeps - INFO - Nb of Codes: 24
2025-06-23 07:35:27,861 - PopulateAtomsDeps - INFO - Populating atoms for benches/sort_benchmark.rs and code_id 38784
2025-06-23 07:35:27,862 - PopulateAtomsDeps - INFO - Populating atoms for src/smooth_sort.rs and code_id 38785
2025-06-23 07:35:27,863 - PopulateAtomsDeps - INFO - Populating atoms for src/nheap_sort.rs and code_id 38786
2025-06-23 07:35:27,864 - PopulateAtomsDeps - INFO - Populating atoms for src/shell_sort.rs and code_id 38787
2025-06-23 07:35:27,865 - PopulateAtomsDeps - INFO - Populating atoms for bin/powers_of_two.rs and code_id 38788
2025-06-23 07:35:27,866 - PopulateAtomsDeps - INFO - Populating atoms for bin/leonardo_numbers.rs and code_id 38789
2025-06-23 07:35:27,867 - PopulateAtomsDeps - INFO - Populating atoms for src/insertion_sort.rs and code_id 38790
2025-06-23 07:35:27,867 - PopulateAtomsDeps - INFO - Populating atoms for src/cocktail_sort.rs and code_id 38791
2025-06-23 07:35:27,868 - PopulateAtomsDeps - INFO - Populating atoms for src/slow_sort.rs and code_id 38792
2025-06-23 07:35:27,869 - PopulateAtomsDeps - INFO - Populating atoms for src/quick_sort.rs and code_id 38793
2025-06-23 07:35:27,870 - PopulateAtomsDeps - INFO - Populating atoms for src/gnome_sort.rs and code_id 38794
2025-06-23 07:35:27,871 - PopulateAtomsDeps - INFO - Populating atoms for src/ksort.rs and code_id 38795
2025-06-23 07:35:27,872 - PopulateAtomsDeps - INFO - Populating atoms for src/stooge_sort.rs and code_id 38796
2025-06-23 07:35:27,873 - PopulateAtomsDeps - INFO - Populating atoms for src/pancake_sort.rs and code_id 38797
2025-06-23 07:35:27,873 - PopulateAtomsDeps - INFO - Populating atoms for src/merge_sort.rs and code_id 38798
2025-06-23 07:35:27,874 - PopulateAtomsDeps - INFO - Populating atoms for src/bitonic_sort.rs and code_id 38799
2025-06-23 07:35:27,875 - PopulateAtomsDeps - INFO - Populating atoms for src/comb_sort.rs and code_id 38800
2025-06-23 07:35:27,876 - PopulateAtomsDeps - INFO - Populating atoms for src/oddeven_sort.rs and code_id 38801
2025-06-23 07:35:27,877 - PopulateAtomsDeps - INFO - Populating atoms for src/heap_sort.rs and code_id 38802
2025-06-23 07:35:27,878 - PopulateAtomsDeps - INFO - Populating atoms for src/bubble_sort.rs and code_id 38803
2025-06-23 07:35:27,879 - PopulateAtomsDeps - INFO - Populating atoms for src/selection_sort.rs and code_id 38805
2025-06-23 07:35:27,880 - PopulateAtomsDeps - INFO - Populating atoms for src/bingo_sort.rs and code_id 38806
2025-06-23 07:35:27,881 - PopulateAtomsDeps - INFO - Populating atoms for src/cycle_sort.rs and code_id 38807
2025-06-23 07:35:27,882 - PopulateAtomsDeps - INFO - Processing 25 dependencies in batch
2025-06-23 07:35:27,928 - PopulateAtomsDeps - INFO - All dependencies already exist in the database
2025-06-23 07:35:27,930 - PopulateAtomsDeps - INFO - Processing 7 dependencies in batch
2025-06-23 07:35:27,980 - PopulateAtomsDeps - INFO - All dependencies already exist in the database
2025-06-23 07:35:27,981 - PopulateAtomsDeps - INFO - Processing 5 dependencies in batch
2025-06-23 07:35:28,017 - PopulateAtomsDeps - INFO - All dependencies already exist in the database
2025-06-23 07:35:28,017 - PopulateAtomsDeps - INFO - Processing 5 dependencies in batch
2025-06-23 07:35:28,041 - PopulateAtomsDeps - INFO - All dependencies already exist in the database
2025-06-23 07:35:28,042 - PopulateAtomsDeps - INFO - Processing 5 dependencies in batch
2025-06-23 07:35:28,069 - PopulateAtomsDeps - INFO - All dependencies already exist in the database
2025-06-23 07:35:28,070 - PopulateAtomsDeps - INFO - Processing 3 dependencies in batch
2025-06-23 07:35:28,102 - PopulateAtomsDeps - INFO - All dependencies already exist in the database
2025-06-23 07:35:28,102 - PopulateAtomsDeps - INFO - Processing 3 dependencies in batch
2025-06-23 07:35:28,124 - PopulateAtomsDeps - INFO - All dependencies already exist in the database
2025-06-23 07:35:28,125 - PopulateAtomsDeps - INFO - Processing 4 dependencies in batch
2025-06-23 07:35:28,148 - PopulateAtomsDeps - INFO - All dependencies already exist in the database
2025-06-23 07:35:28,148 - PopulateAtomsDeps - INFO - Processing 10 dependencies in batch
2025-06-23 07:35:28,174 - PopulateAtomsDeps - INFO - All dependencies already exist in the database
2025-06-23 07:35:28,174 - PopulateAtomsDeps - INFO - Processing 6 dependencies in batch
2025-06-23 07:35:28,198 - PopulateAtomsDeps - INFO - All dependencies already exist in the database
2025-06-23 07:35:28,199 - PopulateAtomsDeps - INFO - Processing 5 dependencies in batch
2025-06-23 07:35:28,223 - PopulateAtomsDeps - INFO - All dependencies already exist in the database
2025-06-23 07:35:28,223 - PopulateAtomsDeps - INFO - Processing 4 dependencies in batch
2025-06-23 07:35:28,246 - PopulateAtomsDeps - INFO - All dependencies already exist in the database
2025-06-23 07:35:28,247 - PopulateAtomsDeps - INFO - Processing 5 dependencies in batch
2025-06-23 07:35:28,270 - PopulateAtomsDeps - INFO - All dependencies already exist in the database
2025-06-23 07:35:28,271 - PopulateAtomsDeps - INFO - Processing 7 dependencies in batch
2025-06-23 07:35:28,305 - PopulateAtomsDeps - INFO - All dependencies already exist in the database
2025-06-23 07:35:28,306 - PopulateAtomsDeps - INFO - Processing 9 dependencies in batch
2025-06-23 07:35:28,354 - PopulateAtomsDeps - INFO - All dependencies already exist in the database
2025-06-23 07:35:28,355 - PopulateAtomsDeps - INFO - Processing 3 dependencies in batch
2025-06-23 07:35:28,399 - PopulateAtomsDeps - INFO - All dependencies already exist in the database
2025-06-23 07:35:28,399 - PopulateAtomsDeps - INFO - Processing 8 dependencies in batch
2025-06-23 07:35:28,424 - PopulateAtomsDeps - INFO - All dependencies already exist in the database
2025-06-23 07:35:28,424 - PopulateAtomsDeps - INFO - Processing 16 dependencies in batch
2025-06-23 07:35:28,451 - PopulateAtomsDeps - INFO - All dependencies already exist in the database
2025-06-23 07:35:28,451 - PopulateAtomsDeps - INFO - Processing 3 dependencies in batch
2025-06-23 07:35:28,474 - PopulateAtomsDeps - INFO - All dependencies already exist in the database
2025-06-23 07:35:28,474 - PopulateAtomsDeps - INFO - Processing 6 dependencies in batch
2025-06-23 07:35:28,499 - PopulateAtomsDeps - INFO - All dependencies already exist in the database
2025-06-23 07:35:28,500 - PopulateAtomsDeps - INFO - Processing 4 dependencies in batch
2025-06-23 07:35:28,522 - PopulateAtomsDeps - INFO - All dependencies already exist in the database
2025-06-23 07:35:28,522 - PopulateAtomsDeps - INFO - Processing 3 dependencies in batch
2025-06-23 07:35:28,544 - PopulateAtomsDeps - INFO - All dependencies already exist in the database
2025-06-23 07:35:28,545 - PopulateAtomsDeps - INFO - Setting code_id for file molecules in repo 3053
2025-06-23 07:35:28,546 - PopulateAtomsDeps - INFO - No file molecules found with code_id = 0
2025-06-23 07:35:28,547 - PopulateAtomsDeps - INFO - Reading atomizer log file: logs/atomizer_3053_20250623_073509.log
2025-06-23 07:35:28,547 - PopulateAtomsDeps - INFO - Successfully read 600 characters from atomizer log
2025-06-23 07:35:28,561 - PopulateAtomsDeps - INFO - Inserted combined logs to atomizerlogs table for repo_id 3053
