2025-08-16 16:23:46,272 [INFO] Found 50 atoms in temp.json
2025-08-16 16:23:46,272 [DEBUG] Atom: None | File: None | Span: None | Deps: ['core https:/github.com/rust_lang/rust/library/core num/from_le_bytes', 'core https:/github.com/rust_lang/rust/library/core iterator/traits/iter/Iterator/zip', 'core https:/github.com/rust_lang/rust/library/core result/Result/expect', 'core https:/github.com/rust_lang/rust/library/core convert/TryInto/try_into', 'core https:/github.com/rust_lang/rust/library/core slice/chunks', 'core https:/github.com/rust_lang/rust/library/core slice/iter_mut', 'core https:/github.com/rust_lang/rust/library/core slice/len']
2025-08-16 16:23:46,272 [DEBUG] Atom: None | File: None | Span: None | Deps: ['Scalar/from_bytes_mod_order_wide']
2025-08-16 16:23:46,272 [DEBUG] Atom: None | File: None | Span: None | Deps: []
2025-08-16 16:23:46,273 [DEBUG] Atom: None | File: None | Span: None | Deps: []
2025-08-16 16:23:46,273 [DEBUG] Atom: None | File: None | Span: None | Deps: []
2025-08-16 16:23:46,273 [DEBUG] Atom: None | File: None | Span: None | Deps: ['Scalar/unpack']
2025-08-16 16:23:46,273 [DEBUG] Atom: None | File: None | Span: None | Deps: ['Scalar/reduce']
2025-08-16 16:23:46,273 [DEBUG] Atom: None | File: None | Span: None | Deps: ['read_le_u64_into', 'core https:/github.com/rust_lang/rust/library/core num/wrapping_sub']
2025-08-16 16:23:46,273 [DEBUG] Atom: None | File: None | Span: None | Deps: []
2025-08-16 16:23:46,273 [DEBUG] Atom: None | File: None | Span: None | Deps: ['Scalar/unpack']
2025-08-16 16:23:46,273 [DEBUG] Atom: None | File: None | Span: None | Deps: []
2025-08-16 16:23:46,273 [DEBUG] Atom: None | File: None | Span: None | Deps: []
2025-08-16 16:23:46,273 [DEBUG] Atom: None | File: None | Span: None | Deps: ['Scalar/unpack']
2025-08-16 16:23:46,273 [DEBUG] Atom: None | File: None | Span: None | Deps: []
2025-08-16 16:23:46,274 [DEBUG] Atom: None | File: None | Span: None | Deps: []
2025-08-16 16:23:46,274 [DEBUG] Atom: None | File: None | Span: None | Deps: []
2025-08-16 16:23:46,274 [DEBUG] Atom: None | File: None | Span: None | Deps: []
2025-08-16 16:23:46,274 [DEBUG] Atom: None | File: None | Span: None | Deps: []
2025-08-16 16:23:46,274 [DEBUG] Atom: None | File: None | Span: None | Deps: []
2025-08-16 16:23:46,274 [DEBUG] Atom: None | File: None | Span: None | Deps: []
2025-08-16 16:23:46,274 [DEBUG] Atom: None | File: None | Span: None | Deps: []
2025-08-16 16:23:46,274 [DEBUG] Atom: None | File: None | Span: None | Deps: ['core https:/github.com/rust_lang/rust/library/core iterator/traits/iter/Iterator/fold']
2025-08-16 16:23:46,274 [DEBUG] Atom: None | File: None | Span: None | Deps: ['Scalar/unpack']
2025-08-16 16:23:46,274 [DEBUG] Atom: None | File: None | Span: None | Deps: []
2025-08-16 16:23:46,274 [DEBUG] Atom: None | File: None | Span: None | Deps: []
2025-08-16 16:23:46,274 [DEBUG] Atom: None | File: None | Span: None | Deps: []
2025-08-16 16:23:46,274 [DEBUG] Atom: None | File: None | Span: None | Deps: ['Scalar/reduce']
2025-08-16 16:23:46,275 [DEBUG] Atom: None | File: None | Span: None | Deps: []
2025-08-16 16:23:46,275 [DEBUG] Atom: None | File: None | Span: None | Deps: ['Scalar/unpack']
2025-08-16 16:23:46,275 [DEBUG] Atom: None | File: None | Span: None | Deps: []
2025-08-16 16:23:46,275 [DEBUG] Atom: None | File: None | Span: None | Deps: []
2025-08-16 16:23:46,275 [DEBUG] Atom: None | File: None | Span: None | Deps: []
2025-08-16 16:23:46,275 [DEBUG] Atom: None | File: None | Span: None | Deps: []
2025-08-16 16:23:46,275 [DEBUG] Atom: None | File: None | Span: None | Deps: []
2025-08-16 16:23:46,275 [DEBUG] Atom: None | File: None | Span: None | Deps: []
2025-08-16 16:23:46,275 [DEBUG] Atom: None | File: None | Span: None | Deps: []
2025-08-16 16:23:46,275 [DEBUG] Atom: None | File: None | Span: None | Deps: []
2025-08-16 16:23:46,275 [DEBUG] Atom: None | File: None | Span: None | Deps: []
2025-08-16 16:23:46,275 [DEBUG] Atom: None | File: None | Span: None | Deps: ['core https:/github.com/rust_lang/rust/library/core iterator/traits/iter/Iterator/map']
2025-08-16 16:23:46,275 [DEBUG] Atom: None | File: None | Span: None | Deps: ['read_le_u64_into', 'bot_half']
2025-08-16 16:23:46,276 [DEBUG] Atom: None | File: None | Span: None | Deps: []
2025-08-16 16:23:46,276 [DEBUG] Atom: None | File: None | Span: None | Deps: ['core https:/github.com/rust_lang/rust/library/core iterator/traits/iter/Iterator/fold']
2025-08-16 16:23:46,276 [DEBUG] Atom: None | File: None | Span: None | Deps: []
2025-08-16 16:23:46,276 [DEBUG] Atom: None | File: None | Span: None | Deps: ['Scalar/unpack']
2025-08-16 16:23:46,276 [DEBUG] Atom: None | File: None | Span: None | Deps: []
2025-08-16 16:23:46,276 [DEBUG] Atom: None | File: None | Span: None | Deps: []
2025-08-16 16:23:46,276 [DEBUG] Atom: None | File: None | Span: None | Deps: ['Scalar/is_canonical']
2025-08-16 16:23:46,276 [DEBUG] Atom: None | File: None | Span: None | Deps: ['Scalar/unpack']
2025-08-16 16:23:46,276 [DEBUG] Atom: None | File: None | Span: None | Deps: []
2025-08-16 16:23:46,276 [DEBUG] Atom: None | File: None | Span: None | Deps: ['core https:/github.com/rust_lang/rust/library/core slice/len', 'core https:/github.com/rust_lang/rust/library/core num/to_le_bytes', 'core https:/github.com/rust_lang/rust/library/core slice/copy_from_slice']
2025-08-16 16:26:08,643 [INFO] Found 50 atoms in temp.json
2025-08-16 16:26:08,644 [DEBUG] Atom: read_le_u64_into | Name: read_le_u64_into | File: scalar.rs | Deps: ['core https:/github.com/rust_lang/rust/library/core num/from_le_bytes', 'core https:/github.com/rust_lang/rust/library/core iterator/traits/iter/Iterator/zip', 'core https:/github.com/rust_lang/rust/library/core result/Result/expect', 'core https:/github.com/rust_lang/rust/library/core convert/TryInto/try_into', 'core https:/github.com/rust_lang/rust/library/core slice/chunks', 'core https:/github.com/rust_lang/rust/library/core slice/iter_mut', 'core https:/github.com/rust_lang/rust/library/core slice/len']
2025-08-16 16:26:08,644 [DEBUG] Atom: Scalar/random | Name: random | File: scalar.rs | Deps: ['Scalar/from_bytes_mod_order_wide']
2025-08-16 16:26:08,644 [DEBUG] Atom: Scalar/from_bytes_mod_order_wide | Name: from_bytes_mod_order_wide | File: scalar.rs | Deps: []
2025-08-16 16:26:08,644 [DEBUG] Atom: Scalar/Default/default | Name: default | File: scalar.rs | Deps: []
2025-08-16 16:26:08,644 [DEBUG] Atom: core https:/github.com/rust_lang/rust/library/core num/to_le_bytes | Name: to_le_bytes | File: scalar.rs | Deps: []
2025-08-16 16:26:08,644 [DEBUG] Atom: Scalar/invert | Name: invert | File: scalar.rs | Deps: ['Scalar/unpack']
2025-08-16 16:26:08,645 [DEBUG] Atom: Scalar/is_canonical | Name: is_canonical | File: scalar.rs | Deps: ['Scalar/reduce']
2025-08-16 16:26:08,645 [DEBUG] Atom: Scalar/non_adjacent_form | Name: non_adjacent_form | File: scalar.rs | Deps: ['read_le_u64_into', 'core https:/github.com/rust_lang/rust/library/core num/wrapping_sub']
2025-08-16 16:26:08,653 [DEBUG] Atom: Scalar/AddAssign/add_assign | Name: add_assign | File: scalar.rs | Deps: []
2025-08-16 16:26:08,654 [DEBUG] Atom: Mul/mul | Name: mul | File: scalar.rs | Deps: ['Scalar/unpack']
2025-08-16 16:26:08,654 [DEBUG] Atom: Scalar/as_radix_16 | Name: as_radix_16 | File: scalar.rs | Deps: []
2025-08-16 16:26:08,654 [DEBUG] Atom: square_multiply | Name: square_multiply | File: scalar.rs | Deps: []
2025-08-16 16:26:08,654 [DEBUG] Atom: Neg/neg | Name: neg | File: scalar.rs | Deps: ['Scalar/unpack']
2025-08-16 16:26:08,654 [DEBUG] Atom: core https:/github.com/rust_lang/rust/library/core num/from_le_bytes | Name: from_le_bytes | File: scalar.rs | Deps: []
2025-08-16 16:26:08,654 [DEBUG] Atom: Scalar/as_bytes | Name: as_bytes | File: scalar.rs | Deps: []
2025-08-16 16:26:08,654 [DEBUG] Atom: Scalar/Index/index | Name: index | File: scalar.rs | Deps: []
2025-08-16 16:26:08,654 [DEBUG] Atom: Scalar/conditional_select | Name: conditional_select | File: scalar.rs | Deps: []
2025-08-16 16:26:08,655 [DEBUG] Atom: clamp_integer | Name: clamp_integer | File: scalar.rs | Deps: []
2025-08-16 16:26:08,655 [DEBUG] Atom: Scalar/SubAssign/sub_assign | Name: sub_assign | File: scalar.rs | Deps: []
2025-08-16 16:26:08,655 [DEBUG] Atom: core https:/github.com/rust_lang/rust/library/core iterator/traits/iter/Iterator/map | Name: map | File: scalar.rs | Deps: []
2025-08-16 16:26:08,655 [DEBUG] Atom: invert | Name: invert | File: scalar.rs | Deps: []
2025-08-16 16:26:08,655 [DEBUG] Atom: Scalar/Product/product | Name: product | File: scalar.rs | Deps: ['core https:/github.com/rust_lang/rust/library/core iterator/traits/iter/Iterator/fold']
2025-08-16 16:26:08,655 [DEBUG] Atom: Scalar/reduce | Name: reduce | File: scalar.rs | Deps: ['Scalar/unpack']
2025-08-16 16:26:08,655 [DEBUG] Atom: core https:/github.com/rust_lang/rust/library/core num/wrapping_sub | Name: wrapping_sub | File: scalar.rs | Deps: []
2025-08-16 16:26:08,655 [DEBUG] Atom: Scalar/ct_eq | Name: ct_eq | File: scalar.rs | Deps: []
2025-08-16 16:26:08,655 [DEBUG] Atom: montgomery_invert | Name: montgomery_invert | File: scalar.rs | Deps: []
2025-08-16 16:26:08,656 [DEBUG] Atom: Scalar/from_bytes_mod_order | Name: from_bytes_mod_order | File: scalar.rs | Deps: ['Scalar/reduce']
2025-08-16 16:26:08,656 [DEBUG] Atom: core https:/github.com/rust_lang/rust/library/core iterator/traits/iter/Iterator/zip | Name: zip | File: scalar.rs | Deps: []
2025-08-16 16:26:08,656 [DEBUG] Atom: Add/add | Name: add | File: scalar.rs | Deps: ['Scalar/unpack']
2025-08-16 16:26:08,656 [DEBUG] Atom: core https:/github.com/rust_lang/rust/library/core slice/len | Name: len | File: scalar.rs | Deps: []
2025-08-16 16:26:08,656 [DEBUG] Atom: core https:/github.com/rust_lang/rust/library/core iterator/traits/iter/Iterator/fold | Name: fold | File: scalar.rs | Deps: []
2025-08-16 16:26:08,656 [DEBUG] Atom: core https:/github.com/rust_lang/rust/library/core slice/chunks | Name: chunks | File: scalar.rs | Deps: []
2025-08-16 16:26:08,656 [DEBUG] Atom: core https:/github.com/rust_lang/rust/library/core slice/iter_mut | Name: iter_mut | File: scalar.rs | Deps: []
2025-08-16 16:26:08,656 [DEBUG] Atom: core https:/github.com/rust_lang/rust/library/core convert/TryInto/try_into | Name: try_into | File: scalar.rs | Deps: []
2025-08-16 16:26:08,656 [DEBUG] Atom: pack | Name: pack | File: scalar.rs | Deps: []
2025-08-16 16:26:08,656 [DEBUG] Atom: bot_half | Name: bot_half | File: scalar.rs | Deps: []
2025-08-16 16:26:08,657 [DEBUG] Atom: Scalar/unpack | Name: unpack | File: scalar.rs | Deps: []
2025-08-16 16:26:08,657 [DEBUG] Atom: Scalar/to_bytes | Name: to_bytes | File: scalar.rs | Deps: []
2025-08-16 16:26:08,657 [DEBUG] Atom: Scalar/bits_le | Name: bits_le | File: scalar.rs | Deps: ['core https:/github.com/rust_lang/rust/library/core iterator/traits/iter/Iterator/map']
2025-08-16 16:26:08,657 [DEBUG] Atom: top_half | Name: top_half | File: scalar.rs | Deps: ['read_le_u64_into', 'bot_half']
2025-08-16 16:26:08,657 [DEBUG] Atom: core https:/github.com/rust_lang/rust/library/core result/Result/expect | Name: expect | File: scalar.rs | Deps: []
2025-08-16 16:26:08,657 [DEBUG] Atom: Scalar/Sum/sum | Name: sum | File: scalar.rs | Deps: ['core https:/github.com/rust_lang/rust/library/core iterator/traits/iter/Iterator/fold']
2025-08-16 16:26:08,657 [DEBUG] Atom: core https:/github.com/rust_lang/rust/library/core slice/copy_from_slice | Name: copy_from_slice | File: scalar.rs | Deps: []
2025-08-16 16:26:08,657 [DEBUG] Atom: Scalar/MulAssign/mul_assign | Name: mul_assign | File: scalar.rs | Deps: ['Scalar/unpack']
2025-08-16 16:26:08,657 [DEBUG] Atom: Scalar/Debug/fmt | Name: fmt | File: scalar.rs | Deps: []
2025-08-16 16:26:08,658 [DEBUG] Atom: Scalar/PartialEq/eq | Name: eq | File: scalar.rs | Deps: []
2025-08-16 16:26:08,658 [DEBUG] Atom: Scalar/from_canonical_bytes | Name: from_canonical_bytes | File: scalar.rs | Deps: ['Scalar/is_canonical']
2025-08-16 16:26:08,658 [DEBUG] Atom: Sub/sub | Name: sub | File: scalar.rs | Deps: ['Scalar/unpack']
2025-08-16 16:26:08,658 [DEBUG] Atom: Scalar/Neg/neg | Name: neg | File: scalar.rs | Deps: []
2025-08-16 16:26:08,658 [DEBUG] Atom: Scalar/From/from | Name: from | File: scalar.rs | Deps: ['core https:/github.com/rust_lang/rust/library/core slice/len', 'core https:/github.com/rust_lang/rust/library/core num/to_le_bytes', 'core https:/github.com/rust_lang/rust/library/core slice/copy_from_slice']
2025-08-16 16:28:12,181 [INFO] Found 50 atoms in temp.json
2025-08-16 16:29:28,117 [INFO] Found 50 atoms in temp.json
2025-08-17 16:53:12,907 [INFO] Found 69 atoms in temp.json
2025-08-17 17:09:30,677 [INFO] Found 69 atoms in ../temp.json
2025-08-18 05:05:03,325 [INFO] Found 69 atoms in ../temp.json
2025-08-18 06:40:50,342 [INFO] Found 25 atoms in ../temp.json
2025-08-18 07:34:15,573 [INFO] Found 506 atoms in ../3212.json
2025-08-18 09:10:37,729 [INFO] Found 547 atoms in ../curve25519-dalek.json
